#-----------------------------------------------------------
# Vivado v2017.4 (64-bit)
# SW Build 2086221 on Fri Dec 15 20:55:39 MST 2017
# IP Build 2085800 on Fri Dec 15 22:25:07 MST 2017
# Start of session at: Fri May 22 11:27:49 2020
# Process ID: 10392
# Current directory: E:/1PD/FPGA/My/WaveWidthPhase2constrain
# Command line: vivado.exe -gui_launcher_event rodinguilauncherevent8064 E:\1PD\FPGA\My\WaveWidthPhase2constrain\PLToPS1.xpr
# Log file: E:/1PD/FPGA/My/WaveWidthPhase2constrain/vivado.log
# Journal file: E:/1PD/FPGA/My/WaveWidthPhase2constrain\vivado.jou
#-----------------------------------------------------------
start_gui
open_project E:/1PD/FPGA/My/WaveWidthPhase2constrain/PLToPS1.xpr
Scanning sources...
Finished scanning sources
INFO: [IP_Flow 19-234] Refreshing IP repositories
INFO: [IP_Flow 19-1704] No user IP repositories specified
INFO: [IP_Flow 19-2313] Loaded Vivado IP repository 'D:/Software/Xilinx17.4/Vivado/2017.4/data/ip'.
open_project: Time (s): cpu = 00:00:25 ; elapsed = 00:00:28 . Memory (MB): peak = 987.797 ; gain = 336.648
update_compile_order -fileset sources_1
WARNING: [IP_Flow 19-4067] Ignoring invalid widget type specified checkbox.Providing a default widget
create_ip -name ila -vendor xilinx.com -library ip -version 6.2 -module_name ila_1 -dir e:/1PD/FPGA/My/WaveWidthPhase2constrain/PLToPS1.srcs/sources_1/ip
set_property -dict [list CONFIG.C_PROBE0_WIDTH {16}] [get_ips ila_1]
generate_target {instantiation_template} [get_files e:/1PD/FPGA/My/WaveWidthPhase2constrain/PLToPS1.srcs/sources_1/ip/ila_1/ila_1.xci]
INFO: [IP_Flow 19-1686] Generating 'Instantiation Template' target for IP 'ila_1'...
generate_target all [get_files  e:/1PD/FPGA/My/WaveWidthPhase2constrain/PLToPS1.srcs/sources_1/ip/ila_1/ila_1.xci]
INFO: [IP_Flow 19-1686] Generating 'Synthesis' target for IP 'ila_1'...
WARNING: [IP_Flow 19-4994] Overwriting existing constraint file 'e:/1PD/FPGA/My/WaveWidthPhase2constrain/PLToPS1.srcs/sources_1/ip/ila_1/ila_1_ooc.xdc'
INFO: [IP_Flow 19-1686] Generating 'Simulation' target for IP 'ila_1'...
INFO: [IP_Flow 19-1686] Generating 'Implementation' target for IP 'ila_1'...
INFO: [IP_Flow 19-1686] Generating 'Change Log' target for IP 'ila_1'...
catch { config_ip_cache -export [get_ips -all ila_1] }
export_ip_user_files -of_objects [get_files e:/1PD/FPGA/My/WaveWidthPhase2constrain/PLToPS1.srcs/sources_1/ip/ila_1/ila_1.xci] -no_script -sync -force -quiet
create_ip_run [get_files -of_objects [get_fileset sources_1] e:/1PD/FPGA/My/WaveWidthPhase2constrain/PLToPS1.srcs/sources_1/ip/ila_1/ila_1.xci]
launch_runs -jobs 3 ila_1_synth_1
[Fri May 22 11:30:44 2020] Launched ila_1_synth_1...
Run output will be captured here: E:/1PD/FPGA/My/WaveWidthPhase2constrain/PLToPS1.runs/ila_1_synth_1/runme.log
export_simulation -of_objects [get_files e:/1PD/FPGA/My/WaveWidthPhase2constrain/PLToPS1.srcs/sources_1/ip/ila_1/ila_1.xci] -directory E:/1PD/FPGA/My/WaveWidthPhase2constrain/PLToPS1.ip_user_files/sim_scripts -ip_user_files_dir E:/1PD/FPGA/My/WaveWidthPhase2constrain/PLToPS1.ip_user_files -ipstatic_source_dir E:/1PD/FPGA/My/WaveWidthPhase2constrain/PLToPS1.ip_user_files/ipstatic -lib_map_path [list {modelsim=E:/1PD/FPGA/My/WaveWidthPhase2constrain/PLToPS1.cache/compile_simlib/modelsim} {questa=E:/1PD/FPGA/My/WaveWidthPhase2constrain/PLToPS1.cache/compile_simlib/questa} {riviera=E:/1PD/FPGA/My/WaveWidthPhase2constrain/PLToPS1.cache/compile_simlib/riviera} {activehdl=E:/1PD/FPGA/My/WaveWidthPhase2constrain/PLToPS1.cache/compile_simlib/activehdl}] -use_ip_compiled_libs -force -quiet
update_compile_order -fileset sources_1
WARNING: [IP_Flow 19-4067] Ignoring invalid widget type specified checkbox.Providing a default widget
update_compile_order -fileset sources_1
open_run synth_1 -name synth_1
Design is defaulting to impl run constrset: constrs_1
Design is defaulting to synth run part: xc7z035ffg676-2
INFO: [Project 1-454] Reading design checkpoint 'E:/1PD/FPGA/My/WaveWidthPhase2constrain/PLToPS1.runs/AD9481_synth_1/AD9481.dcp' for cell 'AD9481_1'
INFO: [Project 1-454] Reading design checkpoint 'e:/1PD/FPGA/My/WaveWidthPhase2constrain/PLToPS1.srcs/sources_1/ip/clk_wiz_0/clk_wiz_0.dcp' for cell 'example_top/CLK_WIZ_DDR'
INFO: [Project 1-454] Reading design checkpoint 'e:/1PD/FPGA/My/WaveWidthPhase2constrain/PLToPS1.srcs/sources_1/ip/fifo_generator_0/fifo_generator_0.dcp' for cell 'example_top/FIFO_INST'
INFO: [Project 1-454] Reading design checkpoint 'e:/1PD/FPGA/My/WaveWidthPhase2constrain/PLToPS1.srcs/sources_1/ip/fifo_generator_1/fifo_generator_1.dcp' for cell 'example_top/READ_FIFO_INST'
INFO: [Project 1-454] Reading design checkpoint 'e:/1PD/FPGA/My/WaveWidthPhase2constrain/PLToPS1.srcs/sources_1/ip/mig_7series_0/mig_7series_0.dcp' for cell 'example_top/u_mig_7series_0'
INFO: [Netlist 29-17] Analyzing 1588 Unisim elements for replacement
INFO: [Netlist 29-28] Unisim Transformation completed in 0 CPU seconds
INFO: [Project 1-479] Netlist was created with Vivado 2017.4
INFO: [Device 21-403] Loading part xc7z035ffg676-2
INFO: [Project 1-570] Preparing netlist for logic optimization
Parsing XDC File [e:/1PD/FPGA/My/WaveWidthPhase2constrain/PLToPS1.srcs/sources_1/bd/system/ip/system_processing_system7_0_0/system_processing_system7_0_0.xdc] for cell 'system_i/processing_system7_0/inst'
Finished Parsing XDC File [e:/1PD/FPGA/My/WaveWidthPhase2constrain/PLToPS1.srcs/sources_1/bd/system/ip/system_processing_system7_0_0/system_processing_system7_0_0.xdc] for cell 'system_i/processing_system7_0/inst'
Parsing XDC File [e:/1PD/FPGA/My/WaveWidthPhase2constrain/PLToPS1.srcs/sources_1/bd/system/ip/system_axi_emc_0_0/system_axi_emc_0_0_board.xdc] for cell 'system_i/axi_emc_0'
Finished Parsing XDC File [e:/1PD/FPGA/My/WaveWidthPhase2constrain/PLToPS1.srcs/sources_1/bd/system/ip/system_axi_emc_0_0/system_axi_emc_0_0_board.xdc] for cell 'system_i/axi_emc_0'
Parsing XDC File [e:/1PD/FPGA/My/WaveWidthPhase2constrain/PLToPS1.srcs/sources_1/bd/system/ip/system_axi_emc_0_0/system_axi_emc_0_0.xdc] for cell 'system_i/axi_emc_0'
Finished Parsing XDC File [e:/1PD/FPGA/My/WaveWidthPhase2constrain/PLToPS1.srcs/sources_1/bd/system/ip/system_axi_emc_0_0/system_axi_emc_0_0.xdc] for cell 'system_i/axi_emc_0'
Parsing XDC File [e:/1PD/FPGA/My/WaveWidthPhase2constrain/PLToPS1.srcs/sources_1/bd/system/ip/system_axi_smc_0/bd_0/ip/ip_1/bd_44e3_psr_aclk_0_board.xdc] for cell 'system_i/axi_smc/inst/clk_map/psr_aclk/U0'
Finished Parsing XDC File [e:/1PD/FPGA/My/WaveWidthPhase2constrain/PLToPS1.srcs/sources_1/bd/system/ip/system_axi_smc_0/bd_0/ip/ip_1/bd_44e3_psr_aclk_0_board.xdc] for cell 'system_i/axi_smc/inst/clk_map/psr_aclk/U0'
Parsing XDC File [e:/1PD/FPGA/My/WaveWidthPhase2constrain/PLToPS1.srcs/sources_1/bd/system/ip/system_axi_smc_0/bd_0/ip/ip_1/bd_44e3_psr_aclk_0.xdc] for cell 'system_i/axi_smc/inst/clk_map/psr_aclk/U0'
Finished Parsing XDC File [e:/1PD/FPGA/My/WaveWidthPhase2constrain/PLToPS1.srcs/sources_1/bd/system/ip/system_axi_smc_0/bd_0/ip/ip_1/bd_44e3_psr_aclk_0.xdc] for cell 'system_i/axi_smc/inst/clk_map/psr_aclk/U0'
Parsing XDC File [e:/1PD/FPGA/My/WaveWidthPhase2constrain/PLToPS1.srcs/sources_1/bd/system/ip/system_rst_ps7_0_100M_0/system_rst_ps7_0_100M_0_board.xdc] for cell 'system_i/rst_ps7_0_100M/U0'
Finished Parsing XDC File [e:/1PD/FPGA/My/WaveWidthPhase2constrain/PLToPS1.srcs/sources_1/bd/system/ip/system_rst_ps7_0_100M_0/system_rst_ps7_0_100M_0_board.xdc] for cell 'system_i/rst_ps7_0_100M/U0'
Parsing XDC File [e:/1PD/FPGA/My/WaveWidthPhase2constrain/PLToPS1.srcs/sources_1/bd/system/ip/system_rst_ps7_0_100M_0/system_rst_ps7_0_100M_0.xdc] for cell 'system_i/rst_ps7_0_100M/U0'
Finished Parsing XDC File [e:/1PD/FPGA/My/WaveWidthPhase2constrain/PLToPS1.srcs/sources_1/bd/system/ip/system_rst_ps7_0_100M_0/system_rst_ps7_0_100M_0.xdc] for cell 'system_i/rst_ps7_0_100M/U0'
Parsing XDC File [e:/1PD/FPGA/My/WaveWidthPhase2constrain/PLToPS1.srcs/sources_1/bd/system/ip/system_axi_gpio_0_0/system_axi_gpio_0_0_board.xdc] for cell 'system_i/axi_gpio_0/U0'
Finished Parsing XDC File [e:/1PD/FPGA/My/WaveWidthPhase2constrain/PLToPS1.srcs/sources_1/bd/system/ip/system_axi_gpio_0_0/system_axi_gpio_0_0_board.xdc] for cell 'system_i/axi_gpio_0/U0'
Parsing XDC File [e:/1PD/FPGA/My/WaveWidthPhase2constrain/PLToPS1.srcs/sources_1/bd/system/ip/system_axi_gpio_0_0/system_axi_gpio_0_0.xdc] for cell 'system_i/axi_gpio_0/U0'
Finished Parsing XDC File [e:/1PD/FPGA/My/WaveWidthPhase2constrain/PLToPS1.srcs/sources_1/bd/system/ip/system_axi_gpio_0_0/system_axi_gpio_0_0.xdc] for cell 'system_i/axi_gpio_0/U0'
Parsing XDC File [e:/1PD/FPGA/My/WaveWidthPhase2constrain/PLToPS1.srcs/sources_1/ip/clk_wiz_0/clk_wiz_0_board.xdc] for cell 'example_top/CLK_WIZ_DDR/inst'
Finished Parsing XDC File [e:/1PD/FPGA/My/WaveWidthPhase2constrain/PLToPS1.srcs/sources_1/ip/clk_wiz_0/clk_wiz_0_board.xdc] for cell 'example_top/CLK_WIZ_DDR/inst'
Parsing XDC File [e:/1PD/FPGA/My/WaveWidthPhase2constrain/PLToPS1.srcs/sources_1/ip/clk_wiz_0/clk_wiz_0.xdc] for cell 'example_top/CLK_WIZ_DDR/inst'
Finished Parsing XDC File [e:/1PD/FPGA/My/WaveWidthPhase2constrain/PLToPS1.srcs/sources_1/ip/clk_wiz_0/clk_wiz_0.xdc] for cell 'example_top/CLK_WIZ_DDR/inst'
Parsing XDC File [e:/1PD/FPGA/My/WaveWidthPhase2constrain/PLToPS1.srcs/sources_1/ip/mig_7series_0/mig_7series_0/user_design/constraints/mig_7series_0.xdc] for cell 'example_top/u_mig_7series_0'
Finished Parsing XDC File [e:/1PD/FPGA/My/WaveWidthPhase2constrain/PLToPS1.srcs/sources_1/ip/mig_7series_0/mig_7series_0/user_design/constraints/mig_7series_0.xdc] for cell 'example_top/u_mig_7series_0'
Parsing XDC File [e:/1PD/FPGA/My/WaveWidthPhase2constrain/PLToPS1.srcs/sources_1/ip/fifo_generator_0/fifo_generator_0.xdc] for cell 'example_top/FIFO_INST/U0'
Finished Parsing XDC File [e:/1PD/FPGA/My/WaveWidthPhase2constrain/PLToPS1.srcs/sources_1/ip/fifo_generator_0/fifo_generator_0.xdc] for cell 'example_top/FIFO_INST/U0'
Parsing XDC File [e:/1PD/FPGA/My/WaveWidthPhase2constrain/PLToPS1.srcs/sources_1/ip/fifo_generator_1/fifo_generator_1.xdc] for cell 'example_top/READ_FIFO_INST/U0'
Finished Parsing XDC File [e:/1PD/FPGA/My/WaveWidthPhase2constrain/PLToPS1.srcs/sources_1/ip/fifo_generator_1/fifo_generator_1.xdc] for cell 'example_top/READ_FIFO_INST/U0'
Parsing XDC File [E:/1PD/FPGA/My/WaveWidthPhase2constrain/PLToPS1.srcs/constrs_1/imports/imports/example_top.xdc]
WARNING: [Vivado 12-507] No nets matched 'u_ila_0_CLK'. [E:/1PD/FPGA/My/WaveWidthPhase2constrain/PLToPS1.srcs/constrs_1/imports/imports/example_top.xdc:166]
CRITICAL WARNING: [Vivado 12-1419] Debug core 'u_ila_0' was not found. [E:/1PD/FPGA/My/WaveWidthPhase2constrain/PLToPS1.srcs/constrs_1/imports/imports/example_top.xdc:166]
WARNING: [Vivado 12-507] No nets matched 'u_ila_1_clk_out2'. [E:/1PD/FPGA/My/WaveWidthPhase2constrain/PLToPS1.srcs/constrs_1/imports/imports/example_top.xdc:167]
CRITICAL WARNING: [Vivado 12-1419] Debug core 'u_ila_1' was not found. [E:/1PD/FPGA/My/WaveWidthPhase2constrain/PLToPS1.srcs/constrs_1/imports/imports/example_top.xdc:167]
WARNING: [Vivado 12-507] No nets matched 'u_ila_0_CLK'. [E:/1PD/FPGA/My/WaveWidthPhase2constrain/PLToPS1.srcs/constrs_1/imports/imports/example_top.xdc:169]
CRITICAL WARNING: [Vivado 12-1419] Debug core 'u_ila_0' was not found. [E:/1PD/FPGA/My/WaveWidthPhase2constrain/PLToPS1.srcs/constrs_1/imports/imports/example_top.xdc:169]
WARNING: [Vivado 12-507] No nets matched 'u_ila_1_clk_out2'. [E:/1PD/FPGA/My/WaveWidthPhase2constrain/PLToPS1.srcs/constrs_1/imports/imports/example_top.xdc:170]
CRITICAL WARNING: [Vivado 12-1419] Debug core 'u_ila_1' was not found. [E:/1PD/FPGA/My/WaveWidthPhase2constrain/PLToPS1.srcs/constrs_1/imports/imports/example_top.xdc:170]
INFO: [Timing 38-35] Done setting XDC timing constraints. [E:/1PD/FPGA/My/WaveWidthPhase2constrain/PLToPS1.srcs/constrs_1/imports/imports/example_top.xdc:181]
INFO: [Timing 38-2] Deriving generated clocks [E:/1PD/FPGA/My/WaveWidthPhase2constrain/PLToPS1.srcs/constrs_1/imports/imports/example_top.xdc:181]
get_clocks: Time (s): cpu = 00:00:14 ; elapsed = 00:00:13 . Memory (MB): peak = 2379.230 ; gain = 578.520
WARNING: [Vivado 12-507] No nets matched 'example_top/app_addr_begin[0]'. [E:/1PD/FPGA/My/WaveWidthPhase2constrain/PLToPS1.srcs/constrs_1/imports/imports/example_top.xdc:186]
WARNING: [Vivado 12-507] No nets matched 'example_top/app_addr_begin[1]'. [E:/1PD/FPGA/My/WaveWidthPhase2constrain/PLToPS1.srcs/constrs_1/imports/imports/example_top.xdc:186]
WARNING: [Vivado 12-507] No nets matched 'example_top/app_addr_begin[2]'. [E:/1PD/FPGA/My/WaveWidthPhase2constrain/PLToPS1.srcs/constrs_1/imports/imports/example_top.xdc:186]
WARNING: [Vivado 12-507] No nets matched 'example_top/app_addr_begin[3]'. [E:/1PD/FPGA/My/WaveWidthPhase2constrain/PLToPS1.srcs/constrs_1/imports/imports/example_top.xdc:186]
WARNING: [Vivado 12-507] No nets matched 'example_top/app_addr_begin[4]'. [E:/1PD/FPGA/My/WaveWidthPhase2constrain/PLToPS1.srcs/constrs_1/imports/imports/example_top.xdc:186]
WARNING: [Vivado 12-507] No nets matched 'example_top/app_addr_begin[5]'. [E:/1PD/FPGA/My/WaveWidthPhase2constrain/PLToPS1.srcs/constrs_1/imports/imports/example_top.xdc:186]
WARNING: [Vivado 12-507] No nets matched 'example_top/app_addr_begin[6]'. [E:/1PD/FPGA/My/WaveWidthPhase2constrain/PLToPS1.srcs/constrs_1/imports/imports/example_top.xdc:186]
WARNING: [Vivado 12-507] No nets matched 'example_top/app_addr_begin[7]'. [E:/1PD/FPGA/My/WaveWidthPhase2constrain/PLToPS1.srcs/constrs_1/imports/imports/example_top.xdc:186]
WARNING: [Vivado 12-507] No nets matched 'example_top/app_addr_begin[8]'. [E:/1PD/FPGA/My/WaveWidthPhase2constrain/PLToPS1.srcs/constrs_1/imports/imports/example_top.xdc:186]
WARNING: [Vivado 12-507] No nets matched 'example_top/app_addr_begin[9]'. [E:/1PD/FPGA/My/WaveWidthPhase2constrain/PLToPS1.srcs/constrs_1/imports/imports/example_top.xdc:186]
WARNING: [Vivado 12-507] No nets matched 'example_top/app_addr_begin[10]'. [E:/1PD/FPGA/My/WaveWidthPhase2constrain/PLToPS1.srcs/constrs_1/imports/imports/example_top.xdc:186]
WARNING: [Vivado 12-507] No nets matched 'example_top/app_addr_begin[11]'. [E:/1PD/FPGA/My/WaveWidthPhase2constrain/PLToPS1.srcs/constrs_1/imports/imports/example_top.xdc:186]
WARNING: [Vivado 12-507] No nets matched 'example_top/app_addr_begin[12]'. [E:/1PD/FPGA/My/WaveWidthPhase2constrain/PLToPS1.srcs/constrs_1/imports/imports/example_top.xdc:186]
WARNING: [Vivado 12-507] No nets matched 'example_top/app_addr_begin[13]'. [E:/1PD/FPGA/My/WaveWidthPhase2constrain/PLToPS1.srcs/constrs_1/imports/imports/example_top.xdc:186]
WARNING: [Vivado 12-507] No nets matched 'example_top/app_addr_begin[14]'. [E:/1PD/FPGA/My/WaveWidthPhase2constrain/PLToPS1.srcs/constrs_1/imports/imports/example_top.xdc:186]
WARNING: [Vivado 12-507] No nets matched 'example_top/app_addr_begin[15]'. [E:/1PD/FPGA/My/WaveWidthPhase2constrain/PLToPS1.srcs/constrs_1/imports/imports/example_top.xdc:186]
WARNING: [Vivado 12-507] No nets matched 'example_top/app_addr_begin[16]'. [E:/1PD/FPGA/My/WaveWidthPhase2constrain/PLToPS1.srcs/constrs_1/imports/imports/example_top.xdc:186]
WARNING: [Vivado 12-507] No nets matched 'example_top/app_addr_begin[17]'. [E:/1PD/FPGA/My/WaveWidthPhase2constrain/PLToPS1.srcs/constrs_1/imports/imports/example_top.xdc:186]
WARNING: [Vivado 12-507] No nets matched 'example_top/app_addr_begin[18]'. [E:/1PD/FPGA/My/WaveWidthPhase2constrain/PLToPS1.srcs/constrs_1/imports/imports/example_top.xdc:186]
WARNING: [Vivado 12-507] No nets matched 'example_top/app_addr_begin[19]'. [E:/1PD/FPGA/My/WaveWidthPhase2constrain/PLToPS1.srcs/constrs_1/imports/imports/example_top.xdc:186]
WARNING: [Vivado 12-507] No nets matched 'example_top/app_addr_begin[20]'. [E:/1PD/FPGA/My/WaveWidthPhase2constrain/PLToPS1.srcs/constrs_1/imports/imports/example_top.xdc:186]
WARNING: [Vivado 12-507] No nets matched 'example_top/app_addr_begin[21]'. [E:/1PD/FPGA/My/WaveWidthPhase2constrain/PLToPS1.srcs/constrs_1/imports/imports/example_top.xdc:186]
WARNING: [Vivado 12-507] No nets matched 'example_top/app_addr_begin[22]'. [E:/1PD/FPGA/My/WaveWidthPhase2constrain/PLToPS1.srcs/constrs_1/imports/imports/example_top.xdc:186]
WARNING: [Vivado 12-507] No nets matched 'example_top/app_addr_begin[23]'. [E:/1PD/FPGA/My/WaveWidthPhase2constrain/PLToPS1.srcs/constrs_1/imports/imports/example_top.xdc:186]
WARNING: [Vivado 12-507] No nets matched 'example_top/app_addr_begin[24]'. [E:/1PD/FPGA/My/WaveWidthPhase2constrain/PLToPS1.srcs/constrs_1/imports/imports/example_top.xdc:186]
WARNING: [Vivado 12-507] No nets matched 'example_top/app_addr_begin[25]'. [E:/1PD/FPGA/My/WaveWidthPhase2constrain/PLToPS1.srcs/constrs_1/imports/imports/example_top.xdc:186]
WARNING: [Vivado 12-507] No nets matched 'example_top/app_addr_begin[26]'. [E:/1PD/FPGA/My/WaveWidthPhase2constrain/PLToPS1.srcs/constrs_1/imports/imports/example_top.xdc:186]
WARNING: [Vivado 12-507] No nets matched 'example_top/app_addr_begin[27]'. [E:/1PD/FPGA/My/WaveWidthPhase2constrain/PLToPS1.srcs/constrs_1/imports/imports/example_top.xdc:186]
WARNING: [Vivado 12-507] No nets matched 'example_top/app_addr_begin[28]'. [E:/1PD/FPGA/My/WaveWidthPhase2constrain/PLToPS1.srcs/constrs_1/imports/imports/example_top.xdc:186]
CRITICAL WARNING: [Vivado 12-1419] Debug core 'u_ila_0' was not found. [E:/1PD/FPGA/My/WaveWidthPhase2constrain/PLToPS1.srcs/constrs_1/imports/imports/example_top.xdc:186]
WARNING: [Vivado 12-507] No nets matched 'example_top/Period_count[0]'. [E:/1PD/FPGA/My/WaveWidthPhase2constrain/PLToPS1.srcs/constrs_1/imports/imports/example_top.xdc:187]
WARNING: [Vivado 12-507] No nets matched 'example_top/Period_count[1]'. [E:/1PD/FPGA/My/WaveWidthPhase2constrain/PLToPS1.srcs/constrs_1/imports/imports/example_top.xdc:187]
WARNING: [Vivado 12-507] No nets matched 'example_top/Period_count[2]'. [E:/1PD/FPGA/My/WaveWidthPhase2constrain/PLToPS1.srcs/constrs_1/imports/imports/example_top.xdc:187]
WARNING: [Vivado 12-507] No nets matched 'example_top/Period_count[3]'. [E:/1PD/FPGA/My/WaveWidthPhase2constrain/PLToPS1.srcs/constrs_1/imports/imports/example_top.xdc:187]
WARNING: [Vivado 12-507] No nets matched 'example_top/Period_count[4]'. [E:/1PD/FPGA/My/WaveWidthPhase2constrain/PLToPS1.srcs/constrs_1/imports/imports/example_top.xdc:187]
WARNING: [Vivado 12-507] No nets matched 'example_top/Period_count[5]'. [E:/1PD/FPGA/My/WaveWidthPhase2constrain/PLToPS1.srcs/constrs_1/imports/imports/example_top.xdc:187]
CRITICAL WARNING: [Vivado 12-1419] Debug core 'u_ila_0' was not found. [E:/1PD/FPGA/My/WaveWidthPhase2constrain/PLToPS1.srcs/constrs_1/imports/imports/example_top.xdc:187]
WARNING: [Vivado 12-507] No nets matched 'example_top/app_wdf_data[0]'. [E:/1PD/FPGA/My/WaveWidthPhase2constrain/PLToPS1.srcs/constrs_1/imports/imports/example_top.xdc:188]
WARNING: [Vivado 12-507] No nets matched 'example_top/app_wdf_data[1]'. [E:/1PD/FPGA/My/WaveWidthPhase2constrain/PLToPS1.srcs/constrs_1/imports/imports/example_top.xdc:188]
WARNING: [Vivado 12-507] No nets matched 'example_top/app_wdf_data[2]'. [E:/1PD/FPGA/My/WaveWidthPhase2constrain/PLToPS1.srcs/constrs_1/imports/imports/example_top.xdc:188]
WARNING: [Vivado 12-507] No nets matched 'example_top/app_wdf_data[3]'. [E:/1PD/FPGA/My/WaveWidthPhase2constrain/PLToPS1.srcs/constrs_1/imports/imports/example_top.xdc:188]
WARNING: [Vivado 12-507] No nets matched 'example_top/app_wdf_data[4]'. [E:/1PD/FPGA/My/WaveWidthPhase2constrain/PLToPS1.srcs/constrs_1/imports/imports/example_top.xdc:188]
WARNING: [Vivado 12-507] No nets matched 'example_top/app_wdf_data[5]'. [E:/1PD/FPGA/My/WaveWidthPhase2constrain/PLToPS1.srcs/constrs_1/imports/imports/example_top.xdc:188]
WARNING: [Vivado 12-507] No nets matched 'example_top/app_wdf_data[6]'. [E:/1PD/FPGA/My/WaveWidthPhase2constrain/PLToPS1.srcs/constrs_1/imports/imports/example_top.xdc:188]
WARNING: [Vivado 12-507] No nets matched 'example_top/app_wdf_data[7]'. [E:/1PD/FPGA/My/WaveWidthPhase2constrain/PLToPS1.srcs/constrs_1/imports/imports/example_top.xdc:188]
WARNING: [Vivado 12-507] No nets matched 'example_top/app_wdf_data[8]'. [E:/1PD/FPGA/My/WaveWidthPhase2constrain/PLToPS1.srcs/constrs_1/imports/imports/example_top.xdc:188]
WARNING: [Vivado 12-507] No nets matched 'example_top/app_wdf_data[9]'. [E:/1PD/FPGA/My/WaveWidthPhase2constrain/PLToPS1.srcs/constrs_1/imports/imports/example_top.xdc:188]
WARNING: [Vivado 12-507] No nets matched 'example_top/app_wdf_data[10]'. [E:/1PD/FPGA/My/WaveWidthPhase2constrain/PLToPS1.srcs/constrs_1/imports/imports/example_top.xdc:188]
WARNING: [Vivado 12-507] No nets matched 'example_top/app_wdf_data[11]'. [E:/1PD/FPGA/My/WaveWidthPhase2constrain/PLToPS1.srcs/constrs_1/imports/imports/example_top.xdc:188]
WARNING: [Vivado 12-507] No nets matched 'example_top/app_wdf_data[12]'. [E:/1PD/FPGA/My/WaveWidthPhase2constrain/PLToPS1.srcs/constrs_1/imports/imports/example_top.xdc:188]
WARNING: [Vivado 12-507] No nets matched 'example_top/app_wdf_data[13]'. [E:/1PD/FPGA/My/WaveWidthPhase2constrain/PLToPS1.srcs/constrs_1/imports/imports/example_top.xdc:188]
WARNING: [Vivado 12-507] No nets matched 'example_top/app_wdf_data[14]'. [E:/1PD/FPGA/My/WaveWidthPhase2constrain/PLToPS1.srcs/constrs_1/imports/imports/example_top.xdc:188]
WARNING: [Vivado 12-507] No nets matched 'example_top/app_wdf_data[15]'. [E:/1PD/FPGA/My/WaveWidthPhase2constrain/PLToPS1.srcs/constrs_1/imports/imports/example_top.xdc:188]
WARNING: [Vivado 12-507] No nets matched 'example_top/app_wdf_data[16]'. [E:/1PD/FPGA/My/WaveWidthPhase2constrain/PLToPS1.srcs/constrs_1/imports/imports/example_top.xdc:188]
WARNING: [Vivado 12-507] No nets matched 'example_top/app_wdf_data[17]'. [E:/1PD/FPGA/My/WaveWidthPhase2constrain/PLToPS1.srcs/constrs_1/imports/imports/example_top.xdc:188]
WARNING: [Vivado 12-507] No nets matched 'example_top/app_wdf_data[18]'. [E:/1PD/FPGA/My/WaveWidthPhase2constrain/PLToPS1.srcs/constrs_1/imports/imports/example_top.xdc:188]
WARNING: [Vivado 12-507] No nets matched 'example_top/app_wdf_data[19]'. [E:/1PD/FPGA/My/WaveWidthPhase2constrain/PLToPS1.srcs/constrs_1/imports/imports/example_top.xdc:188]
WARNING: [Vivado 12-507] No nets matched 'example_top/app_wdf_data[20]'. [E:/1PD/FPGA/My/WaveWidthPhase2constrain/PLToPS1.srcs/constrs_1/imports/imports/example_top.xdc:188]
WARNING: [Vivado 12-507] No nets matched 'example_top/app_wdf_data[21]'. [E:/1PD/FPGA/My/WaveWidthPhase2constrain/PLToPS1.srcs/constrs_1/imports/imports/example_top.xdc:188]
WARNING: [Vivado 12-507] No nets matched 'example_top/app_wdf_data[22]'. [E:/1PD/FPGA/My/WaveWidthPhase2constrain/PLToPS1.srcs/constrs_1/imports/imports/example_top.xdc:188]
WARNING: [Vivado 12-507] No nets matched 'example_top/app_wdf_data[23]'. [E:/1PD/FPGA/My/WaveWidthPhase2constrain/PLToPS1.srcs/constrs_1/imports/imports/example_top.xdc:188]
WARNING: [Vivado 12-507] No nets matched 'example_top/app_wdf_data[24]'. [E:/1PD/FPGA/My/WaveWidthPhase2constrain/PLToPS1.srcs/constrs_1/imports/imports/example_top.xdc:188]
WARNING: [Vivado 12-507] No nets matched 'example_top/app_wdf_data[25]'. [E:/1PD/FPGA/My/WaveWidthPhase2constrain/PLToPS1.srcs/constrs_1/imports/imports/example_top.xdc:188]
WARNING: [Vivado 12-507] No nets matched 'example_top/app_wdf_data[26]'. [E:/1PD/FPGA/My/WaveWidthPhase2constrain/PLToPS1.srcs/constrs_1/imports/imports/example_top.xdc:188]
WARNING: [Vivado 12-507] No nets matched 'example_top/app_wdf_data[27]'. [E:/1PD/FPGA/My/WaveWidthPhase2constrain/PLToPS1.srcs/constrs_1/imports/imports/example_top.xdc:188]
WARNING: [Vivado 12-507] No nets matched 'example_top/app_wdf_data[28]'. [E:/1PD/FPGA/My/WaveWidthPhase2constrain/PLToPS1.srcs/constrs_1/imports/imports/example_top.xdc:188]
WARNING: [Vivado 12-507] No nets matched 'example_top/app_wdf_data[29]'. [E:/1PD/FPGA/My/WaveWidthPhase2constrain/PLToPS1.srcs/constrs_1/imports/imports/example_top.xdc:188]
WARNING: [Vivado 12-507] No nets matched 'example_top/app_wdf_data[30]'. [E:/1PD/FPGA/My/WaveWidthPhase2constrain/PLToPS1.srcs/constrs_1/imports/imports/example_top.xdc:188]
WARNING: [Vivado 12-507] No nets matched 'example_top/app_wdf_data[31]'. [E:/1PD/FPGA/My/WaveWidthPhase2constrain/PLToPS1.srcs/constrs_1/imports/imports/example_top.xdc:188]
WARNING: [Vivado 12-507] No nets matched 'example_top/app_wdf_data[32]'. [E:/1PD/FPGA/My/WaveWidthPhase2constrain/PLToPS1.srcs/constrs_1/imports/imports/example_top.xdc:188]
WARNING: [Vivado 12-507] No nets matched 'example_top/app_wdf_data[33]'. [E:/1PD/FPGA/My/WaveWidthPhase2constrain/PLToPS1.srcs/constrs_1/imports/imports/example_top.xdc:188]
WARNING: [Vivado 12-507] No nets matched 'example_top/app_wdf_data[34]'. [E:/1PD/FPGA/My/WaveWidthPhase2constrain/PLToPS1.srcs/constrs_1/imports/imports/example_top.xdc:188]
WARNING: [Vivado 12-507] No nets matched 'example_top/app_wdf_data[35]'. [E:/1PD/FPGA/My/WaveWidthPhase2constrain/PLToPS1.srcs/constrs_1/imports/imports/example_top.xdc:188]
WARNING: [Vivado 12-507] No nets matched 'example_top/app_wdf_data[36]'. [E:/1PD/FPGA/My/WaveWidthPhase2constrain/PLToPS1.srcs/constrs_1/imports/imports/example_top.xdc:188]
WARNING: [Vivado 12-507] No nets matched 'example_top/app_wdf_data[37]'. [E:/1PD/FPGA/My/WaveWidthPhase2constrain/PLToPS1.srcs/constrs_1/imports/imports/example_top.xdc:188]
WARNING: [Vivado 12-507] No nets matched 'example_top/app_wdf_data[38]'. [E:/1PD/FPGA/My/WaveWidthPhase2constrain/PLToPS1.srcs/constrs_1/imports/imports/example_top.xdc:188]
WARNING: [Vivado 12-507] No nets matched 'example_top/app_wdf_data[39]'. [E:/1PD/FPGA/My/WaveWidthPhase2constrain/PLToPS1.srcs/constrs_1/imports/imports/example_top.xdc:188]
WARNING: [Vivado 12-507] No nets matched 'example_top/app_wdf_data[40]'. [E:/1PD/FPGA/My/WaveWidthPhase2constrain/PLToPS1.srcs/constrs_1/imports/imports/example_top.xdc:188]
WARNING: [Vivado 12-507] No nets matched 'example_top/app_wdf_data[41]'. [E:/1PD/FPGA/My/WaveWidthPhase2constrain/PLToPS1.srcs/constrs_1/imports/imports/example_top.xdc:188]
WARNING: [Vivado 12-507] No nets matched 'example_top/app_wdf_data[42]'. [E:/1PD/FPGA/My/WaveWidthPhase2constrain/PLToPS1.srcs/constrs_1/imports/imports/example_top.xdc:188]
WARNING: [Vivado 12-507] No nets matched 'example_top/app_wdf_data[43]'. [E:/1PD/FPGA/My/WaveWidthPhase2constrain/PLToPS1.srcs/constrs_1/imports/imports/example_top.xdc:188]
WARNING: [Vivado 12-507] No nets matched 'example_top/app_wdf_data[44]'. [E:/1PD/FPGA/My/WaveWidthPhase2constrain/PLToPS1.srcs/constrs_1/imports/imports/example_top.xdc:188]
WARNING: [Vivado 12-507] No nets matched 'example_top/app_wdf_data[45]'. [E:/1PD/FPGA/My/WaveWidthPhase2constrain/PLToPS1.srcs/constrs_1/imports/imports/example_top.xdc:188]
WARNING: [Vivado 12-507] No nets matched 'example_top/app_wdf_data[46]'. [E:/1PD/FPGA/My/WaveWidthPhase2constrain/PLToPS1.srcs/constrs_1/imports/imports/example_top.xdc:188]
WARNING: [Vivado 12-507] No nets matched 'example_top/app_wdf_data[47]'. [E:/1PD/FPGA/My/WaveWidthPhase2constrain/PLToPS1.srcs/constrs_1/imports/imports/example_top.xdc:188]
WARNING: [Vivado 12-507] No nets matched 'example_top/app_wdf_data[48]'. [E:/1PD/FPGA/My/WaveWidthPhase2constrain/PLToPS1.srcs/constrs_1/imports/imports/example_top.xdc:188]
WARNING: [Vivado 12-507] No nets matched 'example_top/app_wdf_data[49]'. [E:/1PD/FPGA/My/WaveWidthPhase2constrain/PLToPS1.srcs/constrs_1/imports/imports/example_top.xdc:188]
WARNING: [Vivado 12-507] No nets matched 'example_top/app_wdf_data[50]'. [E:/1PD/FPGA/My/WaveWidthPhase2constrain/PLToPS1.srcs/constrs_1/imports/imports/example_top.xdc:188]
WARNING: [Vivado 12-507] No nets matched 'example_top/app_wdf_data[51]'. [E:/1PD/FPGA/My/WaveWidthPhase2constrain/PLToPS1.srcs/constrs_1/imports/imports/example_top.xdc:188]
WARNING: [Vivado 12-507] No nets matched 'example_top/app_wdf_data[52]'. [E:/1PD/FPGA/My/WaveWidthPhase2constrain/PLToPS1.srcs/constrs_1/imports/imports/example_top.xdc:188]
WARNING: [Vivado 12-507] No nets matched 'example_top/app_wdf_data[53]'. [E:/1PD/FPGA/My/WaveWidthPhase2constrain/PLToPS1.srcs/constrs_1/imports/imports/example_top.xdc:188]
WARNING: [Vivado 12-507] No nets matched 'example_top/app_wdf_data[54]'. [E:/1PD/FPGA/My/WaveWidthPhase2constrain/PLToPS1.srcs/constrs_1/imports/imports/example_top.xdc:188]
WARNING: [Vivado 12-507] No nets matched 'example_top/app_wdf_data[55]'. [E:/1PD/FPGA/My/WaveWidthPhase2constrain/PLToPS1.srcs/constrs_1/imports/imports/example_top.xdc:188]
WARNING: [Vivado 12-507] No nets matched 'example_top/app_wdf_data[56]'. [E:/1PD/FPGA/My/WaveWidthPhase2constrain/PLToPS1.srcs/constrs_1/imports/imports/example_top.xdc:188]
WARNING: [Vivado 12-507] No nets matched 'example_top/app_wdf_data[57]'. [E:/1PD/FPGA/My/WaveWidthPhase2constrain/PLToPS1.srcs/constrs_1/imports/imports/example_top.xdc:188]
WARNING: [Vivado 12-507] No nets matched 'example_top/app_wdf_data[58]'. [E:/1PD/FPGA/My/WaveWidthPhase2constrain/PLToPS1.srcs/constrs_1/imports/imports/example_top.xdc:188]
WARNING: [Vivado 12-507] No nets matched 'example_top/app_wdf_data[59]'. [E:/1PD/FPGA/My/WaveWidthPhase2constrain/PLToPS1.srcs/constrs_1/imports/imports/example_top.xdc:188]
WARNING: [Vivado 12-507] No nets matched 'example_top/app_wdf_data[60]'. [E:/1PD/FPGA/My/WaveWidthPhase2constrain/PLToPS1.srcs/constrs_1/imports/imports/example_top.xdc:188]
INFO: [Common 17-14] Message 'Vivado 12-507' appears 100 times and further instances of the messages will be disabled. Use the Tcl command set_msg_config to change the current settings. [E:/1PD/FPGA/My/WaveWidthPhase2constrain/PLToPS1.srcs/constrs_1/imports/imports/example_top.xdc:188]
CRITICAL WARNING: [Vivado 12-1419] Debug core 'u_ila_0' was not found. [E:/1PD/FPGA/My/WaveWidthPhase2constrain/PLToPS1.srcs/constrs_1/imports/imports/example_top.xdc:188]
CRITICAL WARNING: [Vivado 12-1419] Debug core 'u_ila_0' was not found. [E:/1PD/FPGA/My/WaveWidthPhase2constrain/PLToPS1.srcs/constrs_1/imports/imports/example_top.xdc:189]
CRITICAL WARNING: [Vivado 12-1419] Debug core 'u_ila_0' was not found. [E:/1PD/FPGA/My/WaveWidthPhase2constrain/PLToPS1.srcs/constrs_1/imports/imports/example_top.xdc:190]
CRITICAL WARNING: [Vivado 12-1419] Debug core 'u_ila_0' was not found. [E:/1PD/FPGA/My/WaveWidthPhase2constrain/PLToPS1.srcs/constrs_1/imports/imports/example_top.xdc:191]
CRITICAL WARNING: [Vivado 12-1419] Debug core 'u_ila_0' was not found. [E:/1PD/FPGA/My/WaveWidthPhase2constrain/PLToPS1.srcs/constrs_1/imports/imports/example_top.xdc:192]
CRITICAL WARNING: [Vivado 12-1419] Debug core 'u_ila_0' was not found. [E:/1PD/FPGA/My/WaveWidthPhase2constrain/PLToPS1.srcs/constrs_1/imports/imports/example_top.xdc:193]
CRITICAL WARNING: [Vivado 12-1419] Debug core 'u_ila_0' was not found. [E:/1PD/FPGA/My/WaveWidthPhase2constrain/PLToPS1.srcs/constrs_1/imports/imports/example_top.xdc:194]
CRITICAL WARNING: [Vivado 12-1419] Debug core 'u_ila_1' was not found. [E:/1PD/FPGA/My/WaveWidthPhase2constrain/PLToPS1.srcs/constrs_1/imports/imports/example_top.xdc:195]
CRITICAL WARNING: [Vivado 12-1419] Debug core 'u_ila_1' was not found. [E:/1PD/FPGA/My/WaveWidthPhase2constrain/PLToPS1.srcs/constrs_1/imports/imports/example_top.xdc:196]
CRITICAL WARNING: [Vivado 12-1419] Debug core 'u_ila_1' was not found. [E:/1PD/FPGA/My/WaveWidthPhase2constrain/PLToPS1.srcs/constrs_1/imports/imports/example_top.xdc:197]
CRITICAL WARNING: [Vivado 12-1419] Debug core 'u_ila_1' was not found. [E:/1PD/FPGA/My/WaveWidthPhase2constrain/PLToPS1.srcs/constrs_1/imports/imports/example_top.xdc:198]
CRITICAL WARNING: [Vivado 12-1419] Debug core 'u_ila_1' was not found. [E:/1PD/FPGA/My/WaveWidthPhase2constrain/PLToPS1.srcs/constrs_1/imports/imports/example_top.xdc:199]
CRITICAL WARNING: [Vivado 12-1419] Debug core 'u_ila_1' was not found. [E:/1PD/FPGA/My/WaveWidthPhase2constrain/PLToPS1.srcs/constrs_1/imports/imports/example_top.xdc:200]
CRITICAL WARNING: [Vivado 12-1419] Debug core 'u_ila_1' was not found. [E:/1PD/FPGA/My/WaveWidthPhase2constrain/PLToPS1.srcs/constrs_1/imports/imports/example_top.xdc:201]
CRITICAL WARNING: [Vivado 12-1419] Debug core 'u_ila_1' was not found. [E:/1PD/FPGA/My/WaveWidthPhase2constrain/PLToPS1.srcs/constrs_1/imports/imports/example_top.xdc:202]
CRITICAL WARNING: [Vivado 12-1419] Debug core 'u_ila_1' was not found. [E:/1PD/FPGA/My/WaveWidthPhase2constrain/PLToPS1.srcs/constrs_1/imports/imports/example_top.xdc:203]
CRITICAL WARNING: [Vivado 12-1419] Debug core 'u_ila_1' was not found. [E:/1PD/FPGA/My/WaveWidthPhase2constrain/PLToPS1.srcs/constrs_1/imports/imports/example_top.xdc:204]
CRITICAL WARNING: [Vivado 12-1419] Debug core 'u_ila_1' was not found. [E:/1PD/FPGA/My/WaveWidthPhase2constrain/PLToPS1.srcs/constrs_1/imports/imports/example_top.xdc:205]
CRITICAL WARNING: [Vivado 12-1419] Debug core 'u_ila_1' was not found. [E:/1PD/FPGA/My/WaveWidthPhase2constrain/PLToPS1.srcs/constrs_1/imports/imports/example_top.xdc:206]
CRITICAL WARNING: [Vivado 12-1419] Debug core 'u_ila_1' was not found. [E:/1PD/FPGA/My/WaveWidthPhase2constrain/PLToPS1.srcs/constrs_1/imports/imports/example_top.xdc:207]
CRITICAL WARNING: [Vivado 12-1419] Debug core 'u_ila_1' was not found. [E:/1PD/FPGA/My/WaveWidthPhase2constrain/PLToPS1.srcs/constrs_1/imports/imports/example_top.xdc:208]
CRITICAL WARNING: [Vivado 12-1419] Debug core 'u_ila_2' was not found. [E:/1PD/FPGA/My/WaveWidthPhase2constrain/PLToPS1.srcs/constrs_1/imports/imports/example_top.xdc:209]
CRITICAL WARNING: [Vivado 12-1419] Debug core 'u_ila_2' was not found. [E:/1PD/FPGA/My/WaveWidthPhase2constrain/PLToPS1.srcs/constrs_1/imports/imports/example_top.xdc:210]
CRITICAL WARNING: [Vivado 12-1419] Debug core 'u_ila_2' was not found. [E:/1PD/FPGA/My/WaveWidthPhase2constrain/PLToPS1.srcs/constrs_1/imports/imports/example_top.xdc:211]
CRITICAL WARNING: [Vivado 12-1419] Debug core 'u_ila_2' was not found. [E:/1PD/FPGA/My/WaveWidthPhase2constrain/PLToPS1.srcs/constrs_1/imports/imports/example_top.xdc:212]
CRITICAL WARNING: [Vivado 12-1419] Debug core 'u_ila_1' was not found. [E:/1PD/FPGA/My/WaveWidthPhase2constrain/PLToPS1.srcs/constrs_1/imports/imports/example_top.xdc:214]
CRITICAL WARNING: [Vivado 12-1419] Debug core 'u_ila_0' was not found. [E:/1PD/FPGA/My/WaveWidthPhase2constrain/PLToPS1.srcs/constrs_1/imports/imports/example_top.xdc:215]
CRITICAL WARNING: [Vivado 12-1419] Debug core 'u_ila_0' was not found. [E:/1PD/FPGA/My/WaveWidthPhase2constrain/PLToPS1.srcs/constrs_1/imports/imports/example_top.xdc:216]
CRITICAL WARNING: [Vivado 12-1419] Debug core 'u_ila_1' was not found. [E:/1PD/FPGA/My/WaveWidthPhase2constrain/PLToPS1.srcs/constrs_1/imports/imports/example_top.xdc:217]
CRITICAL WARNING: [Vivado 12-1419] Debug core 'u_ila_1' was not found. [E:/1PD/FPGA/My/WaveWidthPhase2constrain/PLToPS1.srcs/constrs_1/imports/imports/example_top.xdc:218]
CRITICAL WARNING: [Vivado 12-1419] Debug core 'u_ila_1' was not found. [E:/1PD/FPGA/My/WaveWidthPhase2constrain/PLToPS1.srcs/constrs_1/imports/imports/example_top.xdc:219]
CRITICAL WARNING: [Vivado 12-1419] Debug core 'u_ila_1' was not found. [E:/1PD/FPGA/My/WaveWidthPhase2constrain/PLToPS1.srcs/constrs_1/imports/imports/example_top.xdc:220]
CRITICAL WARNING: [Vivado 12-1419] Debug core 'u_ila_1' was not found. [E:/1PD/FPGA/My/WaveWidthPhase2constrain/PLToPS1.srcs/constrs_1/imports/imports/example_top.xdc:221]
CRITICAL WARNING: [Vivado 12-1419] Debug core 'u_ila_2' was not found. [E:/1PD/FPGA/My/WaveWidthPhase2constrain/PLToPS1.srcs/constrs_1/imports/imports/example_top.xdc:222]
CRITICAL WARNING: [Common 17-162] Invalid option value specified for '-nets'. [E:/1PD/FPGA/My/WaveWidthPhase2constrain/PLToPS1.srcs/constrs_1/imports/imports/example_top.xdc:249]
Finished Parsing XDC File [E:/1PD/FPGA/My/WaveWidthPhase2constrain/PLToPS1.srcs/constrs_1/imports/imports/example_top.xdc]
INFO: [Project 1-538] Using original IP XDC constraints instead of the XDC constraints in dcp 'e:/1PD/FPGA/My/WaveWidthPhase2constrain/PLToPS1.srcs/sources_1/ip/fifo_generator_0/fifo_generator_0.dcp'
INFO: [Project 1-538] Using original IP XDC constraints instead of the XDC constraints in dcp 'e:/1PD/FPGA/My/WaveWidthPhase2constrain/PLToPS1.srcs/sources_1/ip/fifo_generator_1/fifo_generator_1.dcp'
Parsing XDC File [e:/1PD/FPGA/My/WaveWidthPhase2constrain/PLToPS1.srcs/sources_1/ip/fifo_generator_0/fifo_generator_0_clocks.xdc] for cell 'example_top/FIFO_INST/U0'
Finished Parsing XDC File [e:/1PD/FPGA/My/WaveWidthPhase2constrain/PLToPS1.srcs/sources_1/ip/fifo_generator_0/fifo_generator_0_clocks.xdc] for cell 'example_top/FIFO_INST/U0'
Parsing XDC File [e:/1PD/FPGA/My/WaveWidthPhase2constrain/PLToPS1.srcs/sources_1/ip/fifo_generator_1/fifo_generator_1_clocks.xdc] for cell 'example_top/READ_FIFO_INST/U0'
Finished Parsing XDC File [e:/1PD/FPGA/My/WaveWidthPhase2constrain/PLToPS1.srcs/sources_1/ip/fifo_generator_1/fifo_generator_1_clocks.xdc] for cell 'example_top/READ_FIFO_INST/U0'
Sourcing Tcl File [D:/Software/Xilinx17.4/Vivado/2017.4/data/ip/xpm/xpm_cdc/tcl/xpm_cdc_async_rst.tcl] for cell 'example_top/FIFO_INST/U0/inst_fifo_gen/gconvfifo.rf/grf.rf/rstblk/ngwrdrst.grst.g7serrst.gnsckt_wrst.gic_rst.rst_rd_reg2_inst'
Finished Sourcing Tcl File [D:/Software/Xilinx17.4/Vivado/2017.4/data/ip/xpm/xpm_cdc/tcl/xpm_cdc_async_rst.tcl] for cell 'example_top/FIFO_INST/U0/inst_fifo_gen/gconvfifo.rf/grf.rf/rstblk/ngwrdrst.grst.g7serrst.gnsckt_wrst.gic_rst.rst_rd_reg2_inst'
Sourcing Tcl File [D:/Software/Xilinx17.4/Vivado/2017.4/data/ip/xpm/xpm_cdc/tcl/xpm_cdc_async_rst.tcl] for cell 'example_top/FIFO_INST/U0/inst_fifo_gen/gconvfifo.rf/grf.rf/rstblk/ngwrdrst.grst.g7serrst.gnsckt_wrst.rst_wr_reg2_inst'
Finished Sourcing Tcl File [D:/Software/Xilinx17.4/Vivado/2017.4/data/ip/xpm/xpm_cdc/tcl/xpm_cdc_async_rst.tcl] for cell 'example_top/FIFO_INST/U0/inst_fifo_gen/gconvfifo.rf/grf.rf/rstblk/ngwrdrst.grst.g7serrst.gnsckt_wrst.rst_wr_reg2_inst'
Sourcing Tcl File [D:/Software/Xilinx17.4/Vivado/2017.4/data/ip/xpm/xpm_cdc/tcl/xpm_cdc_async_rst.tcl] for cell 'example_top/READ_FIFO_INST/U0/inst_fifo_gen/gconvfifo.rf/grf.rf/rstblk/ngwrdrst.grst.g7serrst.gnsckt_wrst.gic_rst.rst_rd_reg2_inst'
Finished Sourcing Tcl File [D:/Software/Xilinx17.4/Vivado/2017.4/data/ip/xpm/xpm_cdc/tcl/xpm_cdc_async_rst.tcl] for cell 'example_top/READ_FIFO_INST/U0/inst_fifo_gen/gconvfifo.rf/grf.rf/rstblk/ngwrdrst.grst.g7serrst.gnsckt_wrst.gic_rst.rst_rd_reg2_inst'
Sourcing Tcl File [D:/Software/Xilinx17.4/Vivado/2017.4/data/ip/xpm/xpm_cdc/tcl/xpm_cdc_async_rst.tcl] for cell 'example_top/READ_FIFO_INST/U0/inst_fifo_gen/gconvfifo.rf/grf.rf/rstblk/ngwrdrst.grst.g7serrst.gnsckt_wrst.rst_wr_reg2_inst'
Finished Sourcing Tcl File [D:/Software/Xilinx17.4/Vivado/2017.4/data/ip/xpm/xpm_cdc/tcl/xpm_cdc_async_rst.tcl] for cell 'example_top/READ_FIFO_INST/U0/inst_fifo_gen/gconvfifo.rf/grf.rf/rstblk/ngwrdrst.grst.g7serrst.gnsckt_wrst.rst_wr_reg2_inst'
Sourcing Tcl File [D:/Software/Xilinx17.4/Vivado/2017.4/data/ip/xpm/xpm_cdc/tcl/xpm_cdc_gray.tcl] for cell 'example_top/FIFO_INST/U0/inst_fifo_gen/gconvfifo.rf/grf.rf/gntv_or_sync_fifo.gcx.clkx/wr_pntr_cdc_inst'
Finished Sourcing Tcl File [D:/Software/Xilinx17.4/Vivado/2017.4/data/ip/xpm/xpm_cdc/tcl/xpm_cdc_gray.tcl] for cell 'example_top/FIFO_INST/U0/inst_fifo_gen/gconvfifo.rf/grf.rf/gntv_or_sync_fifo.gcx.clkx/wr_pntr_cdc_inst'
Sourcing Tcl File [D:/Software/Xilinx17.4/Vivado/2017.4/data/ip/xpm/xpm_cdc/tcl/xpm_cdc_gray.tcl] for cell 'example_top/FIFO_INST/U0/inst_fifo_gen/gconvfifo.rf/grf.rf/gntv_or_sync_fifo.gcx.clkx/rd_pntr_cdc_inst'
Finished Sourcing Tcl File [D:/Software/Xilinx17.4/Vivado/2017.4/data/ip/xpm/xpm_cdc/tcl/xpm_cdc_gray.tcl] for cell 'example_top/FIFO_INST/U0/inst_fifo_gen/gconvfifo.rf/grf.rf/gntv_or_sync_fifo.gcx.clkx/rd_pntr_cdc_inst'
Sourcing Tcl File [D:/Software/Xilinx17.4/Vivado/2017.4/data/ip/xpm/xpm_cdc/tcl/xpm_cdc_gray.tcl] for cell 'example_top/READ_FIFO_INST/U0/inst_fifo_gen/gconvfifo.rf/grf.rf/gntv_or_sync_fifo.gcx.clkx/wr_pntr_cdc_inst'
Finished Sourcing Tcl File [D:/Software/Xilinx17.4/Vivado/2017.4/data/ip/xpm/xpm_cdc/tcl/xpm_cdc_gray.tcl] for cell 'example_top/READ_FIFO_INST/U0/inst_fifo_gen/gconvfifo.rf/grf.rf/gntv_or_sync_fifo.gcx.clkx/wr_pntr_cdc_inst'
Sourcing Tcl File [D:/Software/Xilinx17.4/Vivado/2017.4/data/ip/xpm/xpm_cdc/tcl/xpm_cdc_gray.tcl] for cell 'example_top/READ_FIFO_INST/U0/inst_fifo_gen/gconvfifo.rf/grf.rf/gntv_or_sync_fifo.gcx.clkx/rd_pntr_cdc_inst'
Finished Sourcing Tcl File [D:/Software/Xilinx17.4/Vivado/2017.4/data/ip/xpm/xpm_cdc/tcl/xpm_cdc_gray.tcl] for cell 'example_top/READ_FIFO_INST/U0/inst_fifo_gen/gconvfifo.rf/grf.rf/gntv_or_sync_fifo.gcx.clkx/rd_pntr_cdc_inst'
Sourcing Tcl File [D:/Software/Xilinx17.4/Vivado/2017.4/data/ip/xpm/xpm_cdc/tcl/xpm_cdc_single.tcl] for cell 'example_top/FIFO_INST/U0/inst_fifo_gen/gconvfifo.rf/grf.rf/rstblk/ngwrdrst.grst.g7serrst.gnsckt_wrst.gic_rst.xpm_cdc_single_inst_rrst_wr'
Finished Sourcing Tcl File [D:/Software/Xilinx17.4/Vivado/2017.4/data/ip/xpm/xpm_cdc/tcl/xpm_cdc_single.tcl] for cell 'example_top/FIFO_INST/U0/inst_fifo_gen/gconvfifo.rf/grf.rf/rstblk/ngwrdrst.grst.g7serrst.gnsckt_wrst.gic_rst.xpm_cdc_single_inst_rrst_wr'
Sourcing Tcl File [D:/Software/Xilinx17.4/Vivado/2017.4/data/ip/xpm/xpm_cdc/tcl/xpm_cdc_single.tcl] for cell 'example_top/FIFO_INST/U0/inst_fifo_gen/gconvfifo.rf/grf.rf/rstblk/ngwrdrst.grst.g7serrst.gnsckt_wrst.gic_rst.xpm_cdc_single_inst_wrst_rd'
Finished Sourcing Tcl File [D:/Software/Xilinx17.4/Vivado/2017.4/data/ip/xpm/xpm_cdc/tcl/xpm_cdc_single.tcl] for cell 'example_top/FIFO_INST/U0/inst_fifo_gen/gconvfifo.rf/grf.rf/rstblk/ngwrdrst.grst.g7serrst.gnsckt_wrst.gic_rst.xpm_cdc_single_inst_wrst_rd'
Sourcing Tcl File [D:/Software/Xilinx17.4/Vivado/2017.4/data/ip/xpm/xpm_cdc/tcl/xpm_cdc_single.tcl] for cell 'example_top/READ_FIFO_INST/U0/inst_fifo_gen/gconvfifo.rf/grf.rf/rstblk/ngwrdrst.grst.g7serrst.gnsckt_wrst.gic_rst.xpm_cdc_single_inst_rrst_wr'
Finished Sourcing Tcl File [D:/Software/Xilinx17.4/Vivado/2017.4/data/ip/xpm/xpm_cdc/tcl/xpm_cdc_single.tcl] for cell 'example_top/READ_FIFO_INST/U0/inst_fifo_gen/gconvfifo.rf/grf.rf/rstblk/ngwrdrst.grst.g7serrst.gnsckt_wrst.gic_rst.xpm_cdc_single_inst_rrst_wr'
Sourcing Tcl File [D:/Software/Xilinx17.4/Vivado/2017.4/data/ip/xpm/xpm_cdc/tcl/xpm_cdc_single.tcl] for cell 'example_top/READ_FIFO_INST/U0/inst_fifo_gen/gconvfifo.rf/grf.rf/rstblk/ngwrdrst.grst.g7serrst.gnsckt_wrst.gic_rst.xpm_cdc_single_inst_wrst_rd'
Finished Sourcing Tcl File [D:/Software/Xilinx17.4/Vivado/2017.4/data/ip/xpm/xpm_cdc/tcl/xpm_cdc_single.tcl] for cell 'example_top/READ_FIFO_INST/U0/inst_fifo_gen/gconvfifo.rf/grf.rf/rstblk/ngwrdrst.grst.g7serrst.gnsckt_wrst.gic_rst.xpm_cdc_single_inst_wrst_rd'
Sourcing Tcl File [D:/Software/Xilinx17.4/Vivado/2017.4/data/ip/xpm/xpm_memory/tcl/xpm_memory_xdc.tcl] for cell 'system_i/axi_smc/inst/m00_nodes/m00_ar_node/inst/inst_mi_handler/gen_normal_area.gen_node_prog_full.inst_node_prog_full/gen_xpm_memory_fifo.inst_fifo/gen_mem_rep[0].inst_xpm_memory'
Finished Sourcing Tcl File [D:/Software/Xilinx17.4/Vivado/2017.4/data/ip/xpm/xpm_memory/tcl/xpm_memory_xdc.tcl] for cell 'system_i/axi_smc/inst/m00_nodes/m00_ar_node/inst/inst_mi_handler/gen_normal_area.gen_node_prog_full.inst_node_prog_full/gen_xpm_memory_fifo.inst_fifo/gen_mem_rep[0].inst_xpm_memory'
Sourcing Tcl File [D:/Software/Xilinx17.4/Vivado/2017.4/data/ip/xpm/xpm_memory/tcl/xpm_memory_xdc.tcl] for cell 'system_i/axi_smc/inst/m01_nodes/m01_w_node/inst/inst_mi_handler/gen_normal_area.gen_node_prog_full.inst_node_prog_full/gen_xpm_memory_fifo.inst_fifo/gen_mem_rep[0].inst_xpm_memory'
Finished Sourcing Tcl File [D:/Software/Xilinx17.4/Vivado/2017.4/data/ip/xpm/xpm_memory/tcl/xpm_memory_xdc.tcl] for cell 'system_i/axi_smc/inst/m01_nodes/m01_w_node/inst/inst_mi_handler/gen_normal_area.gen_node_prog_full.inst_node_prog_full/gen_xpm_memory_fifo.inst_fifo/gen_mem_rep[0].inst_xpm_memory'
Sourcing Tcl File [D:/Software/Xilinx17.4/Vivado/2017.4/data/ip/xpm/xpm_memory/tcl/xpm_memory_xdc.tcl] for cell 'system_i/axi_smc/inst/m01_nodes/m01_aw_node/inst/inst_mi_handler/gen_normal_area.gen_node_prog_full.inst_node_prog_full/gen_xpm_memory_fifo.inst_fifo/gen_mem_rep[0].inst_xpm_memory'
Finished Sourcing Tcl File [D:/Software/Xilinx17.4/Vivado/2017.4/data/ip/xpm/xpm_memory/tcl/xpm_memory_xdc.tcl] for cell 'system_i/axi_smc/inst/m01_nodes/m01_aw_node/inst/inst_mi_handler/gen_normal_area.gen_node_prog_full.inst_node_prog_full/gen_xpm_memory_fifo.inst_fifo/gen_mem_rep[0].inst_xpm_memory'
Sourcing Tcl File [D:/Software/Xilinx17.4/Vivado/2017.4/data/ip/xpm/xpm_memory/tcl/xpm_memory_xdc.tcl] for cell 'system_i/axi_smc/inst/m01_nodes/m01_ar_node/inst/inst_mi_handler/gen_normal_area.gen_node_prog_full.inst_node_prog_full/gen_xpm_memory_fifo.inst_fifo/gen_mem_rep[0].inst_xpm_memory'
Finished Sourcing Tcl File [D:/Software/Xilinx17.4/Vivado/2017.4/data/ip/xpm/xpm_memory/tcl/xpm_memory_xdc.tcl] for cell 'system_i/axi_smc/inst/m01_nodes/m01_ar_node/inst/inst_mi_handler/gen_normal_area.gen_node_prog_full.inst_node_prog_full/gen_xpm_memory_fifo.inst_fifo/gen_mem_rep[0].inst_xpm_memory'
Sourcing Tcl File [D:/Software/Xilinx17.4/Vivado/2017.4/data/ip/xpm/xpm_memory/tcl/xpm_memory_xdc.tcl] for cell 'system_i/axi_smc/inst/m00_nodes/m00_w_node/inst/inst_mi_handler/gen_normal_area.gen_node_prog_full.inst_node_prog_full/gen_xpm_memory_fifo.inst_fifo/gen_mem_rep[0].inst_xpm_memory'
Finished Sourcing Tcl File [D:/Software/Xilinx17.4/Vivado/2017.4/data/ip/xpm/xpm_memory/tcl/xpm_memory_xdc.tcl] for cell 'system_i/axi_smc/inst/m00_nodes/m00_w_node/inst/inst_mi_handler/gen_normal_area.gen_node_prog_full.inst_node_prog_full/gen_xpm_memory_fifo.inst_fifo/gen_mem_rep[0].inst_xpm_memory'
Sourcing Tcl File [D:/Software/Xilinx17.4/Vivado/2017.4/data/ip/xpm/xpm_memory/tcl/xpm_memory_xdc.tcl] for cell 'system_i/axi_smc/inst/m00_nodes/m00_aw_node/inst/inst_mi_handler/gen_normal_area.gen_node_prog_full.inst_node_prog_full/gen_xpm_memory_fifo.inst_fifo/gen_mem_rep[0].inst_xpm_memory'
Finished Sourcing Tcl File [D:/Software/Xilinx17.4/Vivado/2017.4/data/ip/xpm/xpm_memory/tcl/xpm_memory_xdc.tcl] for cell 'system_i/axi_smc/inst/m00_nodes/m00_aw_node/inst/inst_mi_handler/gen_normal_area.gen_node_prog_full.inst_node_prog_full/gen_xpm_memory_fifo.inst_fifo/gen_mem_rep[0].inst_xpm_memory'
Sourcing Tcl File [D:/Software/Xilinx17.4/Vivado/2017.4/data/ip/xpm/xpm_memory/tcl/xpm_memory_xdc.tcl] for cell 'system_i/axi_smc/inst/s00_nodes/s00_r_node/inst/inst_mi_handler/gen_normal_area.gen_node_prog_full.inst_node_prog_full/gen_xpm_memory_fifo.inst_fifo/gen_mem_rep[0].inst_xpm_memory'
Finished Sourcing Tcl File [D:/Software/Xilinx17.4/Vivado/2017.4/data/ip/xpm/xpm_memory/tcl/xpm_memory_xdc.tcl] for cell 'system_i/axi_smc/inst/s00_nodes/s00_r_node/inst/inst_mi_handler/gen_normal_area.gen_node_prog_full.inst_node_prog_full/gen_xpm_memory_fifo.inst_fifo/gen_mem_rep[0].inst_xpm_memory'
Sourcing Tcl File [D:/Software/Xilinx17.4/Vivado/2017.4/data/ip/xpm/xpm_memory/tcl/xpm_memory_xdc.tcl] for cell 'system_i/axi_smc/inst/s00_nodes/s00_b_node/inst/inst_mi_handler/gen_normal_area.gen_node_prog_full.inst_node_prog_full/gen_xpm_memory_fifo.inst_fifo/gen_mem_rep[0].inst_xpm_memory'
Finished Sourcing Tcl File [D:/Software/Xilinx17.4/Vivado/2017.4/data/ip/xpm/xpm_memory/tcl/xpm_memory_xdc.tcl] for cell 'system_i/axi_smc/inst/s00_nodes/s00_b_node/inst/inst_mi_handler/gen_normal_area.gen_node_prog_full.inst_node_prog_full/gen_xpm_memory_fifo.inst_fifo/gen_mem_rep[0].inst_xpm_memory'
Sourcing Tcl File [D:/Software/Xilinx17.4/Vivado/2017.4/data/ip/xpm/xpm_memory/tcl/xpm_memory_xdc.tcl] for cell 'system_i/axi_smc/inst/m00_nodes/m00_ar_node/inst/inst_mi_handler/gen_normal_area.inst_fifo_node_payld/gen_xpm_memory_fifo.inst_fifo/gen_mem_rep[0].inst_xpm_memory'
Finished Sourcing Tcl File [D:/Software/Xilinx17.4/Vivado/2017.4/data/ip/xpm/xpm_memory/tcl/xpm_memory_xdc.tcl] for cell 'system_i/axi_smc/inst/m00_nodes/m00_ar_node/inst/inst_mi_handler/gen_normal_area.inst_fifo_node_payld/gen_xpm_memory_fifo.inst_fifo/gen_mem_rep[0].inst_xpm_memory'
Sourcing Tcl File [D:/Software/Xilinx17.4/Vivado/2017.4/data/ip/xpm/xpm_memory/tcl/xpm_memory_xdc.tcl] for cell 'system_i/axi_smc/inst/m01_nodes/m01_aw_node/inst/inst_mi_handler/gen_normal_area.inst_fifo_node_payld/gen_xpm_memory_fifo.inst_fifo/gen_mem_rep[0].inst_xpm_memory'
Finished Sourcing Tcl File [D:/Software/Xilinx17.4/Vivado/2017.4/data/ip/xpm/xpm_memory/tcl/xpm_memory_xdc.tcl] for cell 'system_i/axi_smc/inst/m01_nodes/m01_aw_node/inst/inst_mi_handler/gen_normal_area.inst_fifo_node_payld/gen_xpm_memory_fifo.inst_fifo/gen_mem_rep[0].inst_xpm_memory'
Sourcing Tcl File [D:/Software/Xilinx17.4/Vivado/2017.4/data/ip/xpm/xpm_memory/tcl/xpm_memory_xdc.tcl] for cell 'system_i/axi_smc/inst/m01_nodes/m01_ar_node/inst/inst_mi_handler/gen_normal_area.inst_fifo_node_payld/gen_xpm_memory_fifo.inst_fifo/gen_mem_rep[0].inst_xpm_memory'
Finished Sourcing Tcl File [D:/Software/Xilinx17.4/Vivado/2017.4/data/ip/xpm/xpm_memory/tcl/xpm_memory_xdc.tcl] for cell 'system_i/axi_smc/inst/m01_nodes/m01_ar_node/inst/inst_mi_handler/gen_normal_area.inst_fifo_node_payld/gen_xpm_memory_fifo.inst_fifo/gen_mem_rep[0].inst_xpm_memory'
Sourcing Tcl File [D:/Software/Xilinx17.4/Vivado/2017.4/data/ip/xpm/xpm_memory/tcl/xpm_memory_xdc.tcl] for cell 'system_i/axi_smc/inst/m00_nodes/m00_aw_node/inst/inst_mi_handler/gen_normal_area.inst_fifo_node_payld/gen_xpm_memory_fifo.inst_fifo/gen_mem_rep[0].inst_xpm_memory'
Finished Sourcing Tcl File [D:/Software/Xilinx17.4/Vivado/2017.4/data/ip/xpm/xpm_memory/tcl/xpm_memory_xdc.tcl] for cell 'system_i/axi_smc/inst/m00_nodes/m00_aw_node/inst/inst_mi_handler/gen_normal_area.inst_fifo_node_payld/gen_xpm_memory_fifo.inst_fifo/gen_mem_rep[0].inst_xpm_memory'
Sourcing Tcl File [D:/Software/Xilinx17.4/Vivado/2017.4/data/ip/xpm/xpm_memory/tcl/xpm_memory_xdc.tcl] for cell 'system_i/axi_smc/inst/m00_nodes/m00_b_node/inst/inst_mi_handler/gen_normal_area.gen_fifo_req.inst_fifo_req/gen_xpm_memory_fifo.inst_fifo/gen_mem_rep[0].inst_xpm_memory'
Finished Sourcing Tcl File [D:/Software/Xilinx17.4/Vivado/2017.4/data/ip/xpm/xpm_memory/tcl/xpm_memory_xdc.tcl] for cell 'system_i/axi_smc/inst/m00_nodes/m00_b_node/inst/inst_mi_handler/gen_normal_area.gen_fifo_req.inst_fifo_req/gen_xpm_memory_fifo.inst_fifo/gen_mem_rep[0].inst_xpm_memory'
Sourcing Tcl File [D:/Software/Xilinx17.4/Vivado/2017.4/data/ip/xpm/xpm_memory/tcl/xpm_memory_xdc.tcl] for cell 'system_i/axi_smc/inst/m01_nodes/m01_r_node/inst/inst_mi_handler/gen_normal_area.gen_fifo_req.inst_fifo_req/gen_xpm_memory_fifo.inst_fifo/gen_mem_rep[0].inst_xpm_memory'
Finished Sourcing Tcl File [D:/Software/Xilinx17.4/Vivado/2017.4/data/ip/xpm/xpm_memory/tcl/xpm_memory_xdc.tcl] for cell 'system_i/axi_smc/inst/m01_nodes/m01_r_node/inst/inst_mi_handler/gen_normal_area.gen_fifo_req.inst_fifo_req/gen_xpm_memory_fifo.inst_fifo/gen_mem_rep[0].inst_xpm_memory'
Sourcing Tcl File [D:/Software/Xilinx17.4/Vivado/2017.4/data/ip/xpm/xpm_memory/tcl/xpm_memory_xdc.tcl] for cell 'system_i/axi_smc/inst/m01_nodes/m01_b_node/inst/inst_mi_handler/gen_normal_area.gen_fifo_req.inst_fifo_req/gen_xpm_memory_fifo.inst_fifo/gen_mem_rep[0].inst_xpm_memory'
Finished Sourcing Tcl File [D:/Software/Xilinx17.4/Vivado/2017.4/data/ip/xpm/xpm_memory/tcl/xpm_memory_xdc.tcl] for cell 'system_i/axi_smc/inst/m01_nodes/m01_b_node/inst/inst_mi_handler/gen_normal_area.gen_fifo_req.inst_fifo_req/gen_xpm_memory_fifo.inst_fifo/gen_mem_rep[0].inst_xpm_memory'
Sourcing Tcl File [D:/Software/Xilinx17.4/Vivado/2017.4/data/ip/xpm/xpm_memory/tcl/xpm_memory_xdc.tcl] for cell 'system_i/axi_smc/inst/m00_nodes/m00_r_node/inst/inst_mi_handler/gen_normal_area.gen_fifo_req.inst_fifo_req/gen_xpm_memory_fifo.inst_fifo/gen_mem_rep[0].inst_xpm_memory'
Finished Sourcing Tcl File [D:/Software/Xilinx17.4/Vivado/2017.4/data/ip/xpm/xpm_memory/tcl/xpm_memory_xdc.tcl] for cell 'system_i/axi_smc/inst/m00_nodes/m00_r_node/inst/inst_mi_handler/gen_normal_area.gen_fifo_req.inst_fifo_req/gen_xpm_memory_fifo.inst_fifo/gen_mem_rep[0].inst_xpm_memory'
Sourcing Tcl File [D:/Software/Xilinx17.4/Vivado/2017.4/data/ip/xpm/xpm_memory/tcl/xpm_memory_xdc.tcl] for cell 'system_i/axi_smc/inst/m00_nodes/m00_b_node/inst/inst_mi_handler/gen_normal_area.inst_fifo_node_payld/gen_xpm_memory_fifo.inst_fifo/gen_mem_rep[0].inst_xpm_memory'
Finished Sourcing Tcl File [D:/Software/Xilinx17.4/Vivado/2017.4/data/ip/xpm/xpm_memory/tcl/xpm_memory_xdc.tcl] for cell 'system_i/axi_smc/inst/m00_nodes/m00_b_node/inst/inst_mi_handler/gen_normal_area.inst_fifo_node_payld/gen_xpm_memory_fifo.inst_fifo/gen_mem_rep[0].inst_xpm_memory'
Sourcing Tcl File [D:/Software/Xilinx17.4/Vivado/2017.4/data/ip/xpm/xpm_memory/tcl/xpm_memory_xdc.tcl] for cell 'system_i/axi_smc/inst/m01_nodes/m01_b_node/inst/inst_mi_handler/gen_normal_area.inst_fifo_node_payld/gen_xpm_memory_fifo.inst_fifo/gen_mem_rep[0].inst_xpm_memory'
Finished Sourcing Tcl File [D:/Software/Xilinx17.4/Vivado/2017.4/data/ip/xpm/xpm_memory/tcl/xpm_memory_xdc.tcl] for cell 'system_i/axi_smc/inst/m01_nodes/m01_b_node/inst/inst_mi_handler/gen_normal_area.inst_fifo_node_payld/gen_xpm_memory_fifo.inst_fifo/gen_mem_rep[0].inst_xpm_memory'
Sourcing Tcl File [D:/Software/Xilinx17.4/Vivado/2017.4/data/ip/xpm/xpm_memory/tcl/xpm_memory_xdc.tcl] for cell 'system_i/axi_smc/inst/m00_nodes/m00_r_node/inst/inst_mi_handler/gen_normal_area.inst_fifo_node_payld/gen_xpm_memory_fifo.inst_fifo/gen_mem_rep[0].inst_xpm_memory'
Finished Sourcing Tcl File [D:/Software/Xilinx17.4/Vivado/2017.4/data/ip/xpm/xpm_memory/tcl/xpm_memory_xdc.tcl] for cell 'system_i/axi_smc/inst/m00_nodes/m00_r_node/inst/inst_mi_handler/gen_normal_area.inst_fifo_node_payld/gen_xpm_memory_fifo.inst_fifo/gen_mem_rep[0].inst_xpm_memory'
Sourcing Tcl File [D:/Software/Xilinx17.4/Vivado/2017.4/data/ip/xpm/xpm_memory/tcl/xpm_memory_xdc.tcl] for cell 'system_i/axi_smc/inst/s00_nodes/s00_w_node/inst/inst_mi_handler/gen_normal_area.inst_fifo_node_payld/gen_xpm_memory_fifo.inst_fifo/gen_mem_rep[0].inst_xpm_memory'
Finished Sourcing Tcl File [D:/Software/Xilinx17.4/Vivado/2017.4/data/ip/xpm/xpm_memory/tcl/xpm_memory_xdc.tcl] for cell 'system_i/axi_smc/inst/s00_nodes/s00_w_node/inst/inst_mi_handler/gen_normal_area.inst_fifo_node_payld/gen_xpm_memory_fifo.inst_fifo/gen_mem_rep[0].inst_xpm_memory'
Sourcing Tcl File [D:/Software/Xilinx17.4/Vivado/2017.4/data/ip/xpm/xpm_memory/tcl/xpm_memory_xdc.tcl] for cell 'system_i/axi_smc/inst/m01_nodes/m01_r_node/inst/inst_mi_handler/gen_normal_area.inst_fifo_node_payld/gen_xpm_memory_fifo.inst_fifo/gen_mem_rep[0].inst_xpm_memory'
Finished Sourcing Tcl File [D:/Software/Xilinx17.4/Vivado/2017.4/data/ip/xpm/xpm_memory/tcl/xpm_memory_xdc.tcl] for cell 'system_i/axi_smc/inst/m01_nodes/m01_r_node/inst/inst_mi_handler/gen_normal_area.inst_fifo_node_payld/gen_xpm_memory_fifo.inst_fifo/gen_mem_rep[0].inst_xpm_memory'
Sourcing Tcl File [D:/Software/Xilinx17.4/Vivado/2017.4/data/ip/xpm/xpm_memory/tcl/xpm_memory_xdc.tcl] for cell 'system_i/axi_smc/inst/m00_nodes/m00_w_node/inst/inst_mi_handler/gen_normal_area.inst_fifo_node_payld/gen_xpm_memory_fifo.inst_fifo/gen_mem_rep[0].inst_xpm_memory'
Finished Sourcing Tcl File [D:/Software/Xilinx17.4/Vivado/2017.4/data/ip/xpm/xpm_memory/tcl/xpm_memory_xdc.tcl] for cell 'system_i/axi_smc/inst/m00_nodes/m00_w_node/inst/inst_mi_handler/gen_normal_area.inst_fifo_node_payld/gen_xpm_memory_fifo.inst_fifo/gen_mem_rep[0].inst_xpm_memory'
Sourcing Tcl File [D:/Software/Xilinx17.4/Vivado/2017.4/data/ip/xpm/xpm_memory/tcl/xpm_memory_xdc.tcl] for cell 'system_i/axi_smc/inst/s00_nodes/s00_r_node/inst/inst_mi_handler/gen_normal_area.inst_fifo_node_payld/gen_xpm_memory_fifo.inst_fifo/gen_mem_rep[0].inst_xpm_memory'
Finished Sourcing Tcl File [D:/Software/Xilinx17.4/Vivado/2017.4/data/ip/xpm/xpm_memory/tcl/xpm_memory_xdc.tcl] for cell 'system_i/axi_smc/inst/s00_nodes/s00_r_node/inst/inst_mi_handler/gen_normal_area.inst_fifo_node_payld/gen_xpm_memory_fifo.inst_fifo/gen_mem_rep[0].inst_xpm_memory'
Sourcing Tcl File [D:/Software/Xilinx17.4/Vivado/2017.4/data/ip/xpm/xpm_memory/tcl/xpm_memory_xdc.tcl] for cell 'system_i/axi_smc/inst/m01_nodes/m01_w_node/inst/inst_mi_handler/gen_normal_area.inst_fifo_node_payld/gen_xpm_memory_fifo.inst_fifo/gen_mem_rep[0].inst_xpm_memory'
Finished Sourcing Tcl File [D:/Software/Xilinx17.4/Vivado/2017.4/data/ip/xpm/xpm_memory/tcl/xpm_memory_xdc.tcl] for cell 'system_i/axi_smc/inst/m01_nodes/m01_w_node/inst/inst_mi_handler/gen_normal_area.inst_fifo_node_payld/gen_xpm_memory_fifo.inst_fifo/gen_mem_rep[0].inst_xpm_memory'
Sourcing Tcl File [D:/Software/Xilinx17.4/Vivado/2017.4/data/ip/xpm/xpm_memory/tcl/xpm_memory_xdc.tcl] for cell 'system_i/axi_smc/inst/s00_nodes/s00_ar_node/inst/inst_mi_handler/gen_normal_area.gen_fifo_req.inst_fifo_req/gen_xpm_memory_fifo.inst_fifo/gen_mem_rep[0].inst_xpm_memory'
Finished Sourcing Tcl File [D:/Software/Xilinx17.4/Vivado/2017.4/data/ip/xpm/xpm_memory/tcl/xpm_memory_xdc.tcl] for cell 'system_i/axi_smc/inst/s00_nodes/s00_ar_node/inst/inst_mi_handler/gen_normal_area.gen_fifo_req.inst_fifo_req/gen_xpm_memory_fifo.inst_fifo/gen_mem_rep[0].inst_xpm_memory'
Sourcing Tcl File [D:/Software/Xilinx17.4/Vivado/2017.4/data/ip/xpm/xpm_memory/tcl/xpm_memory_xdc.tcl] for cell 'system_i/axi_smc/inst/s00_nodes/s00_w_node/inst/inst_mi_handler/gen_normal_area.gen_fifo_req.inst_fifo_req/gen_xpm_memory_fifo.inst_fifo/gen_mem_rep[0].inst_xpm_memory'
Finished Sourcing Tcl File [D:/Software/Xilinx17.4/Vivado/2017.4/data/ip/xpm/xpm_memory/tcl/xpm_memory_xdc.tcl] for cell 'system_i/axi_smc/inst/s00_nodes/s00_w_node/inst/inst_mi_handler/gen_normal_area.gen_fifo_req.inst_fifo_req/gen_xpm_memory_fifo.inst_fifo/gen_mem_rep[0].inst_xpm_memory'
Sourcing Tcl File [D:/Software/Xilinx17.4/Vivado/2017.4/data/ip/xpm/xpm_memory/tcl/xpm_memory_xdc.tcl] for cell 'system_i/axi_smc/inst/s00_nodes/s00_aw_node/inst/inst_mi_handler/gen_normal_area.gen_fifo_req.inst_fifo_req/gen_xpm_memory_fifo.inst_fifo/gen_mem_rep[0].inst_xpm_memory'
Finished Sourcing Tcl File [D:/Software/Xilinx17.4/Vivado/2017.4/data/ip/xpm/xpm_memory/tcl/xpm_memory_xdc.tcl] for cell 'system_i/axi_smc/inst/s00_nodes/s00_aw_node/inst/inst_mi_handler/gen_normal_area.gen_fifo_req.inst_fifo_req/gen_xpm_memory_fifo.inst_fifo/gen_mem_rep[0].inst_xpm_memory'
Sourcing Tcl File [D:/Software/Xilinx17.4/Vivado/2017.4/data/ip/xpm/xpm_memory/tcl/xpm_memory_xdc.tcl] for cell 'system_i/axi_smc/inst/s00_nodes/s00_ar_node/inst/inst_mi_handler/gen_normal_area.inst_fifo_node_payld/gen_xpm_memory_fifo.inst_fifo/gen_mem_rep[0].inst_xpm_memory'
Finished Sourcing Tcl File [D:/Software/Xilinx17.4/Vivado/2017.4/data/ip/xpm/xpm_memory/tcl/xpm_memory_xdc.tcl] for cell 'system_i/axi_smc/inst/s00_nodes/s00_ar_node/inst/inst_mi_handler/gen_normal_area.inst_fifo_node_payld/gen_xpm_memory_fifo.inst_fifo/gen_mem_rep[0].inst_xpm_memory'
Sourcing Tcl File [D:/Software/Xilinx17.4/Vivado/2017.4/data/ip/xpm/xpm_memory/tcl/xpm_memory_xdc.tcl] for cell 'system_i/axi_smc/inst/s00_nodes/s00_aw_node/inst/inst_mi_handler/gen_normal_area.inst_fifo_node_payld/gen_xpm_memory_fifo.inst_fifo/gen_mem_rep[0].inst_xpm_memory'
Finished Sourcing Tcl File [D:/Software/Xilinx17.4/Vivado/2017.4/data/ip/xpm/xpm_memory/tcl/xpm_memory_xdc.tcl] for cell 'system_i/axi_smc/inst/s00_nodes/s00_aw_node/inst/inst_mi_handler/gen_normal_area.inst_fifo_node_payld/gen_xpm_memory_fifo.inst_fifo/gen_mem_rep[0].inst_xpm_memory'
Sourcing Tcl File [D:/Software/Xilinx17.4/Vivado/2017.4/data/ip/xpm/xpm_memory/tcl/xpm_memory_xdc.tcl] for cell 'system_i/axi_smc/inst/s00_nodes/s00_b_node/inst/inst_mi_handler/gen_normal_area.inst_fifo_node_payld/gen_xpm_memory_fifo.inst_fifo/gen_mem_rep[0].inst_xpm_memory'
Finished Sourcing Tcl File [D:/Software/Xilinx17.4/Vivado/2017.4/data/ip/xpm/xpm_memory/tcl/xpm_memory_xdc.tcl] for cell 'system_i/axi_smc/inst/s00_nodes/s00_b_node/inst/inst_mi_handler/gen_normal_area.inst_fifo_node_payld/gen_xpm_memory_fifo.inst_fifo/gen_mem_rep[0].inst_xpm_memory'
INFO: [Opt 31-138] Pushed 0 inverter(s) to 0 load pin(s).
INFO: [Project 1-111] Unisim Transformation Summary:
  A total of 430 instances were transformed.
  IOBUFDS_DIFF_OUT_DCIEN => IOBUFDS_DIFF_OUT_DCIEN (IBUFDS_IBUFDISABLE_INT, IBUFDS_IBUFDISABLE_INT, INV, OBUFTDS_DCIEN, OBUFTDS_DCIEN): 2 instances
  IOBUF_DCIEN => IOBUF_DCIEN (IBUF_IBUFDISABLE, OBUFT_DCIEN): 16 instances
  OBUFDS => OBUFDS_DUAL_BUF (INV, OBUFDS, OBUFDS): 1 instances
  RAM32M => RAM32M (RAMD32, RAMD32, RAMD32, RAMD32, RAMD32, RAMD32, RAMS32, RAMS32): 387 instances
  RAM32X1D => RAM32X1D (RAMD32, RAMD32): 8 instances
  RAM64M => RAM64M (RAMD64E, RAMD64E, RAMD64E, RAMD64E): 8 instances
  RAM64X1D => RAM64X1D (RAMD64E, RAMD64E): 8 instances

open_run: Time (s): cpu = 00:00:39 ; elapsed = 00:00:36 . Memory (MB): peak = 2410.781 ; gain = 1151.738
