16:44:28 INFO  : Registering command handlers for SDK TCF services
16:44:28 INFO  : Launching XSCT server: xsct.bat -interactive E:\1PD\FPGA\My\WaveWidth1\PLToPS1.sdk\temp_xsdb_launch_script.tcl
16:44:30 INFO  : XSCT server has started successfully.
16:44:31 INFO  : Successfully done setting XSCT server connection channel  
16:44:31 INFO  : Successfully done setting SDK workspace  
16:44:31 INFO  : Processing command line option -hwspec E:/1PD/FPGA/My/WaveWidth1/PLToPS1.sdk/system_wrapper.hdf.
16:48:10 INFO  : Refreshed build settings on project PL
16:53:53 INFO  : 'targets -set -filter {jtag_cable_name =~ "Digilent JTAG-HS1 210249855184" && level==0} -index 1' command is executed.
16:53:53 INFO  : 'fpga -state' command is executed.
16:53:53 INFO  : Connected to target on host '127.0.0.1' and port '3121'.
16:53:54 INFO  : Jtag cable 'Digilent JTAG-HS1 210249855184' is selected.
16:53:54 INFO  : 'jtag frequency' command is executed.
16:53:54 INFO  : Sourcing of 'E:/1PD/FPGA/My/WaveWidth1/PLToPS1.sdk/system_wrapper_hw_platform_0/ps7_init.tcl' is done.
16:53:54 INFO  : Context for 'APU' is selected.
16:53:54 INFO  : Hardware design information is loaded from 'E:/1PD/FPGA/My/WaveWidth1/PLToPS1.sdk/system_wrapper_hw_platform_0/system.hdf'.
16:53:54 INFO  : 'configparams force-mem-access 1' command is executed.
16:53:54 INFO  : Context for 'APU' is selected.
16:53:54 INFO  : 'stop' command is executed.
16:53:54 INFO  : 'ps7_init' command is executed.
16:53:54 INFO  : 'ps7_post_config' command is executed.
16:53:54 INFO  : Context for processor 'ps7_cortexa9_0' is selected.
16:53:54 INFO  : Processor reset is completed for 'ps7_cortexa9_0'.
16:53:54 INFO  : Context for processor 'ps7_cortexa9_0' is selected.
16:53:55 INFO  : The application 'E:/1PD/FPGA/My/WaveWidth1/PLToPS1.sdk/PL/Debug/PL.elf' is downloaded to processor 'ps7_cortexa9_0'.
16:53:55 INFO  : 'configparams force-mem-access 0' command is executed.
16:53:55 INFO  : ----------------XSDB Script----------------
connect -url tcp:127.0.0.1:3121
source E:/1PD/FPGA/My/WaveWidth1/PLToPS1.sdk/system_wrapper_hw_platform_0/ps7_init.tcl
targets -set -nocase -filter {name =~"APU*" && jtag_cable_name =~ "Digilent JTAG-HS1 210249855184"} -index 0
loadhw -hw E:/1PD/FPGA/My/WaveWidth1/PLToPS1.sdk/system_wrapper_hw_platform_0/system.hdf -mem-ranges [list {0x40000000 0xbfffffff}]
configparams force-mem-access 1
targets -set -nocase -filter {name =~"APU*" && jtag_cable_name =~ "Digilent JTAG-HS1 210249855184"} -index 0
stop
ps7_init
ps7_post_config
targets -set -nocase -filter {name =~ "ARM*#0" && jtag_cable_name =~ "Digilent JTAG-HS1 210249855184"} -index 0
rst -processor
targets -set -nocase -filter {name =~ "ARM*#0" && jtag_cable_name =~ "Digilent JTAG-HS1 210249855184"} -index 0
dow E:/1PD/FPGA/My/WaveWidth1/PLToPS1.sdk/PL/Debug/PL.elf
configparams force-mem-access 0
----------------End of Script----------------

16:53:55 INFO  : Memory regions updated for context APU
16:53:55 INFO  : Context for processor 'ps7_cortexa9_0' is selected.
16:53:55 INFO  : 'con' command is executed.
16:53:55 INFO  : ----------------XSDB Script (After Launch)----------------
targets -set -nocase -filter {name =~ "ARM*#0" && jtag_cable_name =~ "Digilent JTAG-HS1 210249855184"} -index 0
con
----------------End of Script----------------

16:53:55 INFO  : Launch script is exported to file 'E:\1PD\FPGA\My\WaveWidth1\PLToPS1.sdk\.sdk\launch_scripts\xilinx_c-c++_application_(system_debugger)\system_debugger_using_debug_pl.elf_on_local.tcl'
16:53:59 INFO  : Disconnected from the channel tcfchan#1.
16:54:12 INFO  : Connected to target on host '127.0.0.1' and port '3121'.
16:54:13 INFO  : Jtag cable 'Digilent JTAG-HS1 210249855184' is selected.
16:54:13 INFO  : 'jtag frequency' command is executed.
16:54:13 INFO  : Sourcing of 'E:/1PD/FPGA/My/WaveWidth1/PLToPS1.sdk/system_wrapper_hw_platform_0/ps7_init.tcl' is done.
16:54:13 INFO  : Context for 'APU' is selected.
16:54:13 INFO  : System reset is completed.
16:54:16 INFO  : 'after 3000' command is executed.
16:54:16 INFO  : 'targets -set -filter {jtag_cable_name =~ "Digilent JTAG-HS1 210249855184" && level==0} -index 1' command is executed.
16:54:20 INFO  : FPGA configured successfully with bitstream "E:/1PD/FPGA/My/WaveWidth1/PLToPS1.sdk/system_wrapper_hw_platform_0/system_wrapper.bit"
16:54:20 INFO  : Context for 'APU' is selected.
16:54:20 INFO  : Hardware design information is loaded from 'E:/1PD/FPGA/My/WaveWidth1/PLToPS1.sdk/system_wrapper_hw_platform_0/system.hdf'.
16:54:20 INFO  : 'configparams force-mem-access 1' command is executed.
16:54:20 INFO  : Context for 'APU' is selected.
16:54:20 INFO  : 'ps7_init' command is executed.
16:54:20 INFO  : 'ps7_post_config' command is executed.
16:54:20 INFO  : Context for processor 'ps7_cortexa9_0' is selected.
16:54:21 INFO  : The application 'E:/1PD/FPGA/My/WaveWidth1/PLToPS1.sdk/PL/Debug/PL.elf' is downloaded to processor 'ps7_cortexa9_0'.
16:54:21 INFO  : 'configparams force-mem-access 0' command is executed.
16:54:21 INFO  : ----------------XSDB Script----------------
connect -url tcp:127.0.0.1:3121
source E:/1PD/FPGA/My/WaveWidth1/PLToPS1.sdk/system_wrapper_hw_platform_0/ps7_init.tcl
targets -set -nocase -filter {name =~"APU*" && jtag_cable_name =~ "Digilent JTAG-HS1 210249855184"} -index 0
rst -system
after 3000
targets -set -filter {jtag_cable_name =~ "Digilent JTAG-HS1 210249855184" && level==0} -index 1
fpga -file E:/1PD/FPGA/My/WaveWidth1/PLToPS1.sdk/system_wrapper_hw_platform_0/system_wrapper.bit
targets -set -nocase -filter {name =~"APU*" && jtag_cable_name =~ "Digilent JTAG-HS1 210249855184"} -index 0
loadhw -hw E:/1PD/FPGA/My/WaveWidth1/PLToPS1.sdk/system_wrapper_hw_platform_0/system.hdf -mem-ranges [list {0x40000000 0xbfffffff}]
configparams force-mem-access 1
targets -set -nocase -filter {name =~"APU*" && jtag_cable_name =~ "Digilent JTAG-HS1 210249855184"} -index 0
ps7_init
ps7_post_config
targets -set -nocase -filter {name =~ "ARM*#0" && jtag_cable_name =~ "Digilent JTAG-HS1 210249855184"} -index 0
dow E:/1PD/FPGA/My/WaveWidth1/PLToPS1.sdk/PL/Debug/PL.elf
configparams force-mem-access 0
----------------End of Script----------------

16:54:21 INFO  : Memory regions updated for context APU
16:54:21 INFO  : Context for processor 'ps7_cortexa9_0' is selected.
16:54:21 INFO  : 'con' command is executed.
16:54:21 INFO  : ----------------XSDB Script (After Launch)----------------
targets -set -nocase -filter {name =~ "ARM*#0" && jtag_cable_name =~ "Digilent JTAG-HS1 210249855184"} -index 0
con
----------------End of Script----------------

16:54:21 INFO  : Launch script is exported to file 'E:\1PD\FPGA\My\WaveWidth1\PLToPS1.sdk\.sdk\launch_scripts\xilinx_c-c++_application_(system_debugger)\system_debugger_using_debug_pl.elf_on_local.tcl'
16:55:18 INFO  : Disconnected from the channel tcfchan#2.
16:56:19 INFO  : Connected to target on host '127.0.0.1' and port '3121'.
16:56:20 INFO  : Jtag cable 'Digilent JTAG-HS1 210249855184' is selected.
16:56:20 INFO  : 'jtag frequency' command is executed.
16:56:20 INFO  : Sourcing of 'E:/1PD/FPGA/My/WaveWidth1/PLToPS1.sdk/system_wrapper_hw_platform_0/ps7_init.tcl' is done.
16:56:20 INFO  : Context for 'APU' is selected.
16:56:20 INFO  : System reset is completed.
16:56:23 INFO  : 'after 3000' command is executed.
16:56:23 INFO  : 'targets -set -filter {jtag_cable_name =~ "Digilent JTAG-HS1 210249855184" && level==0} -index 1' command is executed.
16:56:27 INFO  : FPGA configured successfully with bitstream "E:/1PD/FPGA/My/WaveWidth1/PLToPS1.sdk/system_wrapper_hw_platform_0/system_wrapper.bit"
16:56:27 INFO  : Context for 'APU' is selected.
16:56:28 INFO  : Hardware design information is loaded from 'E:/1PD/FPGA/My/WaveWidth1/PLToPS1.sdk/system_wrapper_hw_platform_0/system.hdf'.
16:56:28 INFO  : 'configparams force-mem-access 1' command is executed.
16:56:28 INFO  : Context for 'APU' is selected.
16:56:28 INFO  : 'ps7_init' command is executed.
16:56:28 INFO  : 'ps7_post_config' command is executed.
16:56:28 INFO  : Context for processor 'ps7_cortexa9_0' is selected.
16:56:29 INFO  : The application 'E:/1PD/FPGA/My/WaveWidth1/PLToPS1.sdk/PL/Debug/PL.elf' is downloaded to processor 'ps7_cortexa9_0'.
16:56:29 INFO  : 'configparams force-mem-access 0' command is executed.
16:56:29 INFO  : ----------------XSDB Script----------------
connect -url tcp:127.0.0.1:3121
source E:/1PD/FPGA/My/WaveWidth1/PLToPS1.sdk/system_wrapper_hw_platform_0/ps7_init.tcl
targets -set -nocase -filter {name =~"APU*" && jtag_cable_name =~ "Digilent JTAG-HS1 210249855184"} -index 0
rst -system
after 3000
targets -set -filter {jtag_cable_name =~ "Digilent JTAG-HS1 210249855184" && level==0} -index 1
fpga -file E:/1PD/FPGA/My/WaveWidth1/PLToPS1.sdk/system_wrapper_hw_platform_0/system_wrapper.bit
targets -set -nocase -filter {name =~"APU*" && jtag_cable_name =~ "Digilent JTAG-HS1 210249855184"} -index 0
loadhw -hw E:/1PD/FPGA/My/WaveWidth1/PLToPS1.sdk/system_wrapper_hw_platform_0/system.hdf -mem-ranges [list {0x40000000 0xbfffffff}]
configparams force-mem-access 1
targets -set -nocase -filter {name =~"APU*" && jtag_cable_name =~ "Digilent JTAG-HS1 210249855184"} -index 0
ps7_init
ps7_post_config
targets -set -nocase -filter {name =~ "ARM*#0" && jtag_cable_name =~ "Digilent JTAG-HS1 210249855184"} -index 0
dow E:/1PD/FPGA/My/WaveWidth1/PLToPS1.sdk/PL/Debug/PL.elf
configparams force-mem-access 0
----------------End of Script----------------

16:56:29 INFO  : Memory regions updated for context APU
16:56:29 INFO  : Context for processor 'ps7_cortexa9_0' is selected.
16:56:29 INFO  : 'con' command is executed.
16:56:29 INFO  : ----------------XSDB Script (After Launch)----------------
targets -set -nocase -filter {name =~ "ARM*#0" && jtag_cable_name =~ "Digilent JTAG-HS1 210249855184"} -index 0
con
----------------End of Script----------------

16:56:29 INFO  : Launch script is exported to file 'E:\1PD\FPGA\My\WaveWidth1\PLToPS1.sdk\.sdk\launch_scripts\xilinx_c-c++_application_(system_debugger)\system_debugger_using_debug_pl.elf_on_local.tcl'
16:59:18 INFO  : Disconnected from the channel tcfchan#3.
17:25:00 INFO  : Registering command handlers for SDK TCF services
17:25:00 INFO  : Launching XSCT server: xsct.bat -interactive E:\1PD\FPGA\My\WaveWidth1\PLToPS1.sdk\temp_xsdb_launch_script.tcl
17:25:02 INFO  : XSCT server has started successfully.
17:25:03 INFO  : Successfully done setting XSCT server connection channel  
17:25:03 INFO  : Successfully done setting SDK workspace  
17:25:03 INFO  : Processing command line option -hwspec E:/1PD/FPGA/My/WaveWidth1/PLToPS1.sdk/system_wrapper.hdf.
17:25:03 INFO  : Checking for hwspec changes in the project system_wrapper_hw_platform_0.
17:25:05 INFO  : SDK has detected change in the last modified timestamps for source hardware specification file Source:1577178958139,  Project:1577173626266
17:25:05 INFO  : The hardware specification for project 'system_wrapper_hw_platform_0' is different from E:/1PD/FPGA/My/WaveWidth1/PLToPS1.sdk/system_wrapper.hdf.
17:25:05 INFO  : Copied contents of E:/1PD/FPGA/My/WaveWidth1/PLToPS1.sdk/system_wrapper.hdf into \system_wrapper_hw_platform_0\system.hdf.
17:25:07 INFO  : Synchronizing projects in the workspace with the hardware platform specification changes.
17:25:10 INFO  : 
17:25:10 INFO  : Updating hardware inferred compiler options for PL.
17:25:11 INFO  : Clearing existing target manager status.
17:25:11 WARN  : Given IPC port value is invalid. Using default port 2350
17:25:11 WARN  : Given XMD timeout value is invalid. Using default value of 50000
17:25:13 WARN  : Given XMD transaction timeout value is invalid. Using default value of 60000 milli seconds
17:25:29 INFO  : Connected to target on host '127.0.0.1' and port '3121'.
17:25:29 INFO  : Jtag cable 'Digilent JTAG-HS1 210249855184' is selected.
17:25:29 INFO  : 'jtag frequency' command is executed.
17:25:29 INFO  : Sourcing of 'E:/1PD/FPGA/My/WaveWidth1/PLToPS1.sdk/system_wrapper_hw_platform_0/ps7_init.tcl' is done.
17:25:29 INFO  : Context for 'APU' is selected.
17:25:30 INFO  : System reset is completed.
17:25:33 INFO  : 'after 3000' command is executed.
17:25:33 INFO  : 'targets -set -filter {jtag_cable_name =~ "Digilent JTAG-HS1 210249855184" && level==0} -index 1' command is executed.
17:25:37 INFO  : FPGA configured successfully with bitstream "E:/1PD/FPGA/My/WaveWidth1/PLToPS1.sdk/system_wrapper_hw_platform_0/system_wrapper.bit"
17:25:37 INFO  : Context for 'APU' is selected.
17:25:37 INFO  : Hardware design information is loaded from 'E:/1PD/FPGA/My/WaveWidth1/PLToPS1.sdk/system_wrapper_hw_platform_0/system.hdf'.
17:25:37 INFO  : 'configparams force-mem-access 1' command is executed.
17:25:37 INFO  : Context for 'APU' is selected.
17:25:38 INFO  : 'ps7_init' command is executed.
17:25:38 INFO  : 'ps7_post_config' command is executed.
17:25:38 INFO  : Context for processor 'ps7_cortexa9_0' is selected.
17:25:38 INFO  : The application 'E:/1PD/FPGA/My/WaveWidth1/PLToPS1.sdk/PL/Debug/PL.elf' is downloaded to processor 'ps7_cortexa9_0'.
17:25:38 INFO  : 'configparams force-mem-access 0' command is executed.
17:25:38 INFO  : ----------------XSDB Script----------------
connect -url tcp:127.0.0.1:3121
source E:/1PD/FPGA/My/WaveWidth1/PLToPS1.sdk/system_wrapper_hw_platform_0/ps7_init.tcl
targets -set -nocase -filter {name =~"APU*" && jtag_cable_name =~ "Digilent JTAG-HS1 210249855184"} -index 0
rst -system
after 3000
targets -set -filter {jtag_cable_name =~ "Digilent JTAG-HS1 210249855184" && level==0} -index 1
fpga -file E:/1PD/FPGA/My/WaveWidth1/PLToPS1.sdk/system_wrapper_hw_platform_0/system_wrapper.bit
targets -set -nocase -filter {name =~"APU*" && jtag_cable_name =~ "Digilent JTAG-HS1 210249855184"} -index 0
loadhw -hw E:/1PD/FPGA/My/WaveWidth1/PLToPS1.sdk/system_wrapper_hw_platform_0/system.hdf -mem-ranges [list {0x40000000 0xbfffffff}]
configparams force-mem-access 1
targets -set -nocase -filter {name =~"APU*" && jtag_cable_name =~ "Digilent JTAG-HS1 210249855184"} -index 0
ps7_init
ps7_post_config
targets -set -nocase -filter {name =~ "ARM*#0" && jtag_cable_name =~ "Digilent JTAG-HS1 210249855184"} -index 0
dow E:/1PD/FPGA/My/WaveWidth1/PLToPS1.sdk/PL/Debug/PL.elf
configparams force-mem-access 0
----------------End of Script----------------

17:25:38 INFO  : Memory regions updated for context APU
17:25:38 INFO  : Context for processor 'ps7_cortexa9_0' is selected.
17:25:38 INFO  : 'con' command is executed.
17:25:38 INFO  : ----------------XSDB Script (After Launch)----------------
targets -set -nocase -filter {name =~ "ARM*#0" && jtag_cable_name =~ "Digilent JTAG-HS1 210249855184"} -index 0
con
----------------End of Script----------------

17:25:38 INFO  : Launch script is exported to file 'E:\1PD\FPGA\My\WaveWidth1\PLToPS1.sdk\.sdk\launch_scripts\xilinx_c-c++_application_(system_debugger)\system_debugger_using_debug_pl.elf_on_local.tcl'
17:26:25 INFO  : Disconnected from the channel tcfchan#1.
17:27:05 INFO  : Connected to target on host '127.0.0.1' and port '3121'.
17:27:05 INFO  : Jtag cable 'Digilent JTAG-HS1 210249855184' is selected.
17:27:05 INFO  : 'jtag frequency' command is executed.
17:27:05 INFO  : Sourcing of 'E:/1PD/FPGA/My/WaveWidth1/PLToPS1.sdk/system_wrapper_hw_platform_0/ps7_init.tcl' is done.
17:27:05 INFO  : Context for 'APU' is selected.
17:27:06 INFO  : System reset is completed.
17:27:09 INFO  : 'after 3000' command is executed.
17:27:09 INFO  : 'targets -set -filter {jtag_cable_name =~ "Digilent JTAG-HS1 210249855184" && level==0} -index 1' command is executed.
17:27:13 INFO  : FPGA configured successfully with bitstream "E:/1PD/FPGA/My/WaveWidth1/PLToPS1.sdk/system_wrapper_hw_platform_0/system_wrapper.bit"
17:27:13 INFO  : Context for 'APU' is selected.
17:27:14 INFO  : Hardware design information is loaded from 'E:/1PD/FPGA/My/WaveWidth1/PLToPS1.sdk/system_wrapper_hw_platform_0/system.hdf'.
17:27:14 INFO  : 'configparams force-mem-access 1' command is executed.
17:27:14 INFO  : Context for 'APU' is selected.
17:27:15 INFO  : 'ps7_init' command is executed.
17:27:15 INFO  : 'ps7_post_config' command is executed.
17:27:15 INFO  : Context for processor 'ps7_cortexa9_0' is selected.
17:27:15 INFO  : The application 'E:/1PD/FPGA/My/WaveWidth1/PLToPS1.sdk/PL/Debug/PL.elf' is downloaded to processor 'ps7_cortexa9_0'.
17:27:15 INFO  : 'configparams force-mem-access 0' command is executed.
17:27:15 INFO  : ----------------XSDB Script----------------
connect -url tcp:127.0.0.1:3121
source E:/1PD/FPGA/My/WaveWidth1/PLToPS1.sdk/system_wrapper_hw_platform_0/ps7_init.tcl
targets -set -nocase -filter {name =~"APU*" && jtag_cable_name =~ "Digilent JTAG-HS1 210249855184"} -index 0
rst -system
after 3000
targets -set -filter {jtag_cable_name =~ "Digilent JTAG-HS1 210249855184" && level==0} -index 1
fpga -file E:/1PD/FPGA/My/WaveWidth1/PLToPS1.sdk/system_wrapper_hw_platform_0/system_wrapper.bit
targets -set -nocase -filter {name =~"APU*" && jtag_cable_name =~ "Digilent JTAG-HS1 210249855184"} -index 0
loadhw -hw E:/1PD/FPGA/My/WaveWidth1/PLToPS1.sdk/system_wrapper_hw_platform_0/system.hdf -mem-ranges [list {0x40000000 0xbfffffff}]
configparams force-mem-access 1
targets -set -nocase -filter {name =~"APU*" && jtag_cable_name =~ "Digilent JTAG-HS1 210249855184"} -index 0
ps7_init
ps7_post_config
targets -set -nocase -filter {name =~ "ARM*#0" && jtag_cable_name =~ "Digilent JTAG-HS1 210249855184"} -index 0
dow E:/1PD/FPGA/My/WaveWidth1/PLToPS1.sdk/PL/Debug/PL.elf
configparams force-mem-access 0
----------------End of Script----------------

17:27:15 INFO  : Memory regions updated for context APU
17:27:15 INFO  : Context for processor 'ps7_cortexa9_0' is selected.
17:27:15 INFO  : 'con' command is executed.
17:27:15 INFO  : ----------------XSDB Script (After Launch)----------------
targets -set -nocase -filter {name =~ "ARM*#0" && jtag_cable_name =~ "Digilent JTAG-HS1 210249855184"} -index 0
con
----------------End of Script----------------

17:27:15 INFO  : Launch script is exported to file 'E:\1PD\FPGA\My\WaveWidth1\PLToPS1.sdk\.sdk\launch_scripts\xilinx_c-c++_application_(system_debugger)\system_debugger_using_debug_pl.elf_on_local.tcl'
17:35:58 INFO  : Disconnected from the channel tcfchan#2.
20:47:50 INFO  : Connected to target on host '127.0.0.1' and port '3121'.
20:47:51 INFO  : Jtag cable 'Digilent JTAG-HS1 210249855184' is selected.
20:47:51 INFO  : 'jtag frequency' command is executed.
20:47:51 INFO  : Sourcing of 'E:/1PD/FPGA/My/WaveWidth1/PLToPS1.sdk/system_wrapper_hw_platform_0/ps7_init.tcl' is done.
20:47:51 INFO  : Context for 'APU' is selected.
20:47:51 INFO  : System reset is completed.
20:47:54 INFO  : 'after 3000' command is executed.
20:47:54 INFO  : 'targets -set -filter {jtag_cable_name =~ "Digilent JTAG-HS1 210249855184" && level==0} -index 1' command is executed.
20:47:58 INFO  : FPGA configured successfully with bitstream "E:/1PD/FPGA/My/WaveWidth1/PLToPS1.sdk/system_wrapper_hw_platform_0/system_wrapper.bit"
20:47:58 INFO  : Context for 'APU' is selected.
20:47:58 INFO  : Hardware design information is loaded from 'E:/1PD/FPGA/My/WaveWidth1/PLToPS1.sdk/system_wrapper_hw_platform_0/system.hdf'.
20:47:58 INFO  : 'configparams force-mem-access 1' command is executed.
20:47:58 INFO  : Context for 'APU' is selected.
20:47:59 INFO  : 'ps7_init' command is executed.
20:47:59 INFO  : 'ps7_post_config' command is executed.
20:47:59 INFO  : Context for processor 'ps7_cortexa9_0' is selected.
20:47:59 INFO  : The application 'E:/1PD/FPGA/My/WaveWidth1/PLToPS1.sdk/PL/Debug/PL.elf' is downloaded to processor 'ps7_cortexa9_0'.
20:47:59 INFO  : 'configparams force-mem-access 0' command is executed.
20:47:59 INFO  : ----------------XSDB Script----------------
connect -url tcp:127.0.0.1:3121
source E:/1PD/FPGA/My/WaveWidth1/PLToPS1.sdk/system_wrapper_hw_platform_0/ps7_init.tcl
targets -set -nocase -filter {name =~"APU*" && jtag_cable_name =~ "Digilent JTAG-HS1 210249855184"} -index 0
rst -system
after 3000
targets -set -filter {jtag_cable_name =~ "Digilent JTAG-HS1 210249855184" && level==0} -index 1
fpga -file E:/1PD/FPGA/My/WaveWidth1/PLToPS1.sdk/system_wrapper_hw_platform_0/system_wrapper.bit
targets -set -nocase -filter {name =~"APU*" && jtag_cable_name =~ "Digilent JTAG-HS1 210249855184"} -index 0
loadhw -hw E:/1PD/FPGA/My/WaveWidth1/PLToPS1.sdk/system_wrapper_hw_platform_0/system.hdf -mem-ranges [list {0x40000000 0xbfffffff}]
configparams force-mem-access 1
targets -set -nocase -filter {name =~"APU*" && jtag_cable_name =~ "Digilent JTAG-HS1 210249855184"} -index 0
ps7_init
ps7_post_config
targets -set -nocase -filter {name =~ "ARM*#0" && jtag_cable_name =~ "Digilent JTAG-HS1 210249855184"} -index 0
dow E:/1PD/FPGA/My/WaveWidth1/PLToPS1.sdk/PL/Debug/PL.elf
configparams force-mem-access 0
----------------End of Script----------------

20:47:59 INFO  : Memory regions updated for context APU
20:47:59 INFO  : Context for processor 'ps7_cortexa9_0' is selected.
20:47:59 INFO  : 'con' command is executed.
20:47:59 INFO  : ----------------XSDB Script (After Launch)----------------
targets -set -nocase -filter {name =~ "ARM*#0" && jtag_cable_name =~ "Digilent JTAG-HS1 210249855184"} -index 0
con
----------------End of Script----------------

20:47:59 INFO  : Launch script is exported to file 'E:\1PD\FPGA\My\WaveWidth1\PLToPS1.sdk\.sdk\launch_scripts\xilinx_c-c++_application_(system_debugger)\system_debugger_using_debug_pl.elf_on_local.tcl'
20:53:09 INFO  : Disconnected from the channel tcfchan#3.
21:37:06 ERROR : Unexpected error while parsing XMD response ?: com.google.gson.JsonSyntaxException: com.google.gson.stream.MalformedJsonException: invalid number or unquoted string near 
21:37:21 INFO  : Registering command handlers for SDK TCF services
21:37:21 INFO  : Launching XSCT server: xsct.bat -interactive E:\1PD\FPGA\My\WaveWidth1\PLToPS1.sdk\temp_xsdb_launch_script.tcl
21:37:28 INFO  : XSCT server has started successfully.
21:37:28 INFO  : Successfully done setting XSCT server connection channel  
21:37:29 INFO  : Successfully done setting SDK workspace  
21:37:29 INFO  : Processing command line option -hwspec E:/1PD/FPGA/My/WaveWidth1/PLToPS1.sdk/system_wrapper.hdf.
21:37:29 INFO  : Checking for hwspec changes in the project system_wrapper_hw_platform_0.
21:37:31 INFO  : SDK has detected change in the last modified timestamps for source hardware specification file Source:1577193929566,  Project:1577178958139
21:37:31 INFO  : The hardware specification for project 'system_wrapper_hw_platform_0' is different from E:/1PD/FPGA/My/WaveWidth1/PLToPS1.sdk/system_wrapper.hdf.
21:37:31 INFO  : Copied contents of E:/1PD/FPGA/My/WaveWidth1/PLToPS1.sdk/system_wrapper.hdf into \system_wrapper_hw_platform_0\system.hdf.
21:38:27 INFO  : Synchronizing projects in the workspace with the hardware platform specification changes.
21:38:43 INFO  : 
21:38:44 INFO  : Updating hardware inferred compiler options for PL.
21:38:44 INFO  : Clearing existing target manager status.
21:38:44 WARN  : Given IPC port value is invalid. Using default port 2350
21:38:44 WARN  : Given XMD timeout value is invalid. Using default value of 50000
21:38:45 WARN  : Given XMD transaction timeout value is invalid. Using default value of 60000 milli seconds
21:39:22 INFO  : Connected to target on host '127.0.0.1' and port '3121'.
21:39:22 INFO  : Jtag cable 'Digilent JTAG-HS1 210249855184' is selected.
21:39:22 INFO  : 'jtag frequency' command is executed.
21:39:22 INFO  : Sourcing of 'E:/1PD/FPGA/My/WaveWidth1/PLToPS1.sdk/system_wrapper_hw_platform_0/ps7_init.tcl' is done.
21:39:22 INFO  : Context for 'APU' is selected.
21:39:23 INFO  : System reset is completed.
21:39:26 INFO  : 'after 3000' command is executed.
21:39:26 INFO  : 'targets -set -filter {jtag_cable_name =~ "Digilent JTAG-HS1 210249855184" && level==0} -index 1' command is executed.
21:39:29 INFO  : FPGA configured successfully with bitstream "E:/1PD/FPGA/My/WaveWidth1/PLToPS1.sdk/system_wrapper_hw_platform_0/system_wrapper.bit"
21:39:29 INFO  : Context for 'APU' is selected.
21:39:29 INFO  : Hardware design information is loaded from 'E:/1PD/FPGA/My/WaveWidth1/PLToPS1.sdk/system_wrapper_hw_platform_0/system.hdf'.
21:39:29 INFO  : 'configparams force-mem-access 1' command is executed.
21:39:29 INFO  : Context for 'APU' is selected.
21:39:30 INFO  : 'ps7_init' command is executed.
21:39:30 INFO  : 'ps7_post_config' command is executed.
21:39:30 INFO  : Context for processor 'ps7_cortexa9_0' is selected.
21:39:30 INFO  : The application 'E:/1PD/FPGA/My/WaveWidth1/PLToPS1.sdk/PL/Debug/PL.elf' is downloaded to processor 'ps7_cortexa9_0'.
21:39:30 INFO  : 'configparams force-mem-access 0' command is executed.
21:39:30 INFO  : ----------------XSDB Script----------------
connect -url tcp:127.0.0.1:3121
source E:/1PD/FPGA/My/WaveWidth1/PLToPS1.sdk/system_wrapper_hw_platform_0/ps7_init.tcl
targets -set -nocase -filter {name =~"APU*" && jtag_cable_name =~ "Digilent JTAG-HS1 210249855184"} -index 0
rst -system
after 3000
targets -set -filter {jtag_cable_name =~ "Digilent JTAG-HS1 210249855184" && level==0} -index 1
fpga -file E:/1PD/FPGA/My/WaveWidth1/PLToPS1.sdk/system_wrapper_hw_platform_0/system_wrapper.bit
targets -set -nocase -filter {name =~"APU*" && jtag_cable_name =~ "Digilent JTAG-HS1 210249855184"} -index 0
loadhw -hw E:/1PD/FPGA/My/WaveWidth1/PLToPS1.sdk/system_wrapper_hw_platform_0/system.hdf -mem-ranges [list {0x40000000 0xbfffffff}]
configparams force-mem-access 1
targets -set -nocase -filter {name =~"APU*" && jtag_cable_name =~ "Digilent JTAG-HS1 210249855184"} -index 0
ps7_init
ps7_post_config
targets -set -nocase -filter {name =~ "ARM*#0" && jtag_cable_name =~ "Digilent JTAG-HS1 210249855184"} -index 0
dow E:/1PD/FPGA/My/WaveWidth1/PLToPS1.sdk/PL/Debug/PL.elf
configparams force-mem-access 0
----------------End of Script----------------

21:39:30 INFO  : Memory regions updated for context APU
21:39:30 INFO  : Context for processor 'ps7_cortexa9_0' is selected.
21:39:30 INFO  : 'con' command is executed.
21:39:30 INFO  : ----------------XSDB Script (After Launch)----------------
targets -set -nocase -filter {name =~ "ARM*#0" && jtag_cable_name =~ "Digilent JTAG-HS1 210249855184"} -index 0
con
----------------End of Script----------------

21:39:30 INFO  : Launch script is exported to file 'E:\1PD\FPGA\My\WaveWidth1\PLToPS1.sdk\.sdk\launch_scripts\xilinx_c-c++_application_(system_debugger)\system_debugger_using_debug_pl.elf_on_local.tcl'
21:40:02 INFO  : Disconnected from the channel tcfchan#1.
21:40:18 INFO  : Connected to target on host '127.0.0.1' and port '3121'.
21:40:18 INFO  : Jtag cable 'Digilent JTAG-HS1 210249855184' is selected.
21:40:18 INFO  : 'jtag frequency' command is executed.
21:40:18 INFO  : Sourcing of 'E:/1PD/FPGA/My/WaveWidth1/PLToPS1.sdk/system_wrapper_hw_platform_0/ps7_init.tcl' is done.
21:40:18 INFO  : Context for 'APU' is selected.
21:40:18 INFO  : System reset is completed.
21:40:21 INFO  : 'after 3000' command is executed.
21:40:21 INFO  : 'targets -set -filter {jtag_cable_name =~ "Digilent JTAG-HS1 210249855184" && level==0} -index 1' command is executed.
21:40:25 INFO  : FPGA configured successfully with bitstream "E:/1PD/FPGA/My/WaveWidth1/PLToPS1.sdk/system_wrapper_hw_platform_0/system_wrapper.bit"
21:40:25 INFO  : Context for 'APU' is selected.
21:40:26 INFO  : Hardware design information is loaded from 'E:/1PD/FPGA/My/WaveWidth1/PLToPS1.sdk/system_wrapper_hw_platform_0/system.hdf'.
21:40:26 INFO  : 'configparams force-mem-access 1' command is executed.
21:40:26 INFO  : Context for 'APU' is selected.
21:40:27 INFO  : 'ps7_init' command is executed.
21:40:27 INFO  : 'ps7_post_config' command is executed.
21:40:27 INFO  : Context for processor 'ps7_cortexa9_0' is selected.
21:40:27 INFO  : The application 'E:/1PD/FPGA/My/WaveWidth1/PLToPS1.sdk/PL/Debug/PL.elf' is downloaded to processor 'ps7_cortexa9_0'.
21:40:27 INFO  : 'configparams force-mem-access 0' command is executed.
21:40:27 INFO  : ----------------XSDB Script----------------
connect -url tcp:127.0.0.1:3121
source E:/1PD/FPGA/My/WaveWidth1/PLToPS1.sdk/system_wrapper_hw_platform_0/ps7_init.tcl
targets -set -nocase -filter {name =~"APU*" && jtag_cable_name =~ "Digilent JTAG-HS1 210249855184"} -index 0
rst -system
after 3000
targets -set -filter {jtag_cable_name =~ "Digilent JTAG-HS1 210249855184" && level==0} -index 1
fpga -file E:/1PD/FPGA/My/WaveWidth1/PLToPS1.sdk/system_wrapper_hw_platform_0/system_wrapper.bit
targets -set -nocase -filter {name =~"APU*" && jtag_cable_name =~ "Digilent JTAG-HS1 210249855184"} -index 0
loadhw -hw E:/1PD/FPGA/My/WaveWidth1/PLToPS1.sdk/system_wrapper_hw_platform_0/system.hdf -mem-ranges [list {0x40000000 0xbfffffff}]
configparams force-mem-access 1
targets -set -nocase -filter {name =~"APU*" && jtag_cable_name =~ "Digilent JTAG-HS1 210249855184"} -index 0
ps7_init
ps7_post_config
targets -set -nocase -filter {name =~ "ARM*#0" && jtag_cable_name =~ "Digilent JTAG-HS1 210249855184"} -index 0
dow E:/1PD/FPGA/My/WaveWidth1/PLToPS1.sdk/PL/Debug/PL.elf
configparams force-mem-access 0
----------------End of Script----------------

21:40:27 INFO  : Memory regions updated for context APU
21:40:27 INFO  : Context for processor 'ps7_cortexa9_0' is selected.
21:40:27 INFO  : 'con' command is executed.
21:40:27 INFO  : ----------------XSDB Script (After Launch)----------------
targets -set -nocase -filter {name =~ "ARM*#0" && jtag_cable_name =~ "Digilent JTAG-HS1 210249855184"} -index 0
con
----------------End of Script----------------

21:40:27 INFO  : Launch script is exported to file 'E:\1PD\FPGA\My\WaveWidth1\PLToPS1.sdk\.sdk\launch_scripts\xilinx_c-c++_application_(system_debugger)\system_debugger_using_debug_pl.elf_on_local.tcl'
21:41:23 INFO  : Disconnected from the channel tcfchan#2.
08:45:55 INFO  : Connected to target on host '127.0.0.1' and port '3121'.
08:45:55 INFO  : Jtag cable 'Digilent JTAG-HS1 210249855184' is selected.
08:45:55 INFO  : 'jtag frequency' command is executed.
08:45:55 INFO  : Sourcing of 'E:/1PD/FPGA/My/WaveWidth1/PLToPS1.sdk/system_wrapper_hw_platform_0/ps7_init.tcl' is done.
08:45:55 INFO  : Context for 'APU' is selected.
08:45:56 INFO  : System reset is completed.
08:45:59 INFO  : 'after 3000' command is executed.
08:45:59 INFO  : 'targets -set -filter {jtag_cable_name =~ "Digilent JTAG-HS1 210249855184" && level==0} -index 1' command is executed.
08:46:03 INFO  : FPGA configured successfully with bitstream "E:/1PD/FPGA/My/WaveWidth1/PLToPS1.sdk/system_wrapper_hw_platform_0/system_wrapper.bit"
08:46:03 INFO  : Context for 'APU' is selected.
08:46:03 INFO  : Hardware design information is loaded from 'E:/1PD/FPGA/My/WaveWidth1/PLToPS1.sdk/system_wrapper_hw_platform_0/system.hdf'.
08:46:03 INFO  : 'configparams force-mem-access 1' command is executed.
08:46:03 INFO  : Context for 'APU' is selected.
08:46:03 INFO  : 'ps7_init' command is executed.
08:46:03 INFO  : 'ps7_post_config' command is executed.
08:46:03 INFO  : Context for processor 'ps7_cortexa9_0' is selected.
08:46:03 INFO  : The application 'E:/1PD/FPGA/My/WaveWidth1/PLToPS1.sdk/PL/Debug/PL.elf' is downloaded to processor 'ps7_cortexa9_0'.
08:46:03 INFO  : 'configparams force-mem-access 0' command is executed.
08:46:03 INFO  : ----------------XSDB Script----------------
connect -url tcp:127.0.0.1:3121
source E:/1PD/FPGA/My/WaveWidth1/PLToPS1.sdk/system_wrapper_hw_platform_0/ps7_init.tcl
targets -set -nocase -filter {name =~"APU*" && jtag_cable_name =~ "Digilent JTAG-HS1 210249855184"} -index 0
rst -system
after 3000
targets -set -filter {jtag_cable_name =~ "Digilent JTAG-HS1 210249855184" && level==0} -index 1
fpga -file E:/1PD/FPGA/My/WaveWidth1/PLToPS1.sdk/system_wrapper_hw_platform_0/system_wrapper.bit
targets -set -nocase -filter {name =~"APU*" && jtag_cable_name =~ "Digilent JTAG-HS1 210249855184"} -index 0
loadhw -hw E:/1PD/FPGA/My/WaveWidth1/PLToPS1.sdk/system_wrapper_hw_platform_0/system.hdf -mem-ranges [list {0x40000000 0xbfffffff}]
configparams force-mem-access 1
targets -set -nocase -filter {name =~"APU*" && jtag_cable_name =~ "Digilent JTAG-HS1 210249855184"} -index 0
ps7_init
ps7_post_config
targets -set -nocase -filter {name =~ "ARM*#0" && jtag_cable_name =~ "Digilent JTAG-HS1 210249855184"} -index 0
dow E:/1PD/FPGA/My/WaveWidth1/PLToPS1.sdk/PL/Debug/PL.elf
configparams force-mem-access 0
----------------End of Script----------------

08:46:03 INFO  : Memory regions updated for context APU
08:46:03 INFO  : Context for processor 'ps7_cortexa9_0' is selected.
08:46:03 INFO  : 'con' command is executed.
08:46:03 INFO  : ----------------XSDB Script (After Launch)----------------
targets -set -nocase -filter {name =~ "ARM*#0" && jtag_cable_name =~ "Digilent JTAG-HS1 210249855184"} -index 0
con
----------------End of Script----------------

08:46:03 INFO  : Launch script is exported to file 'E:\1PD\FPGA\My\WaveWidth1\PLToPS1.sdk\.sdk\launch_scripts\xilinx_c-c++_application_(system_debugger)\system_debugger_using_debug_pl.elf_on_local.tcl'
08:49:35 INFO  : Disconnected from the channel tcfchan#3.
08:49:47 INFO  : Connected to target on host '127.0.0.1' and port '3121'.
08:49:47 INFO  : Jtag cable 'Digilent JTAG-HS1 210249855184' is selected.
08:49:47 INFO  : 'jtag frequency' command is executed.
08:49:47 INFO  : Sourcing of 'E:/1PD/FPGA/My/WaveWidth1/PLToPS1.sdk/system_wrapper_hw_platform_0/ps7_init.tcl' is done.
08:49:47 INFO  : Context for 'APU' is selected.
08:49:47 INFO  : System reset is completed.
08:49:50 INFO  : 'after 3000' command is executed.
08:49:50 INFO  : 'targets -set -filter {jtag_cable_name =~ "Digilent JTAG-HS1 210249855184" && level==0} -index 1' command is executed.
08:49:54 INFO  : FPGA configured successfully with bitstream "E:/1PD/FPGA/My/WaveWidth1/PLToPS1.sdk/system_wrapper_hw_platform_0/system_wrapper.bit"
08:49:54 INFO  : Context for 'APU' is selected.
08:49:54 INFO  : Hardware design information is loaded from 'E:/1PD/FPGA/My/WaveWidth1/PLToPS1.sdk/system_wrapper_hw_platform_0/system.hdf'.
08:49:54 INFO  : 'configparams force-mem-access 1' command is executed.
08:49:54 INFO  : Context for 'APU' is selected.
08:49:54 INFO  : 'ps7_init' command is executed.
08:49:54 INFO  : 'ps7_post_config' command is executed.
08:49:54 INFO  : Context for processor 'ps7_cortexa9_0' is selected.
08:49:55 INFO  : The application 'E:/1PD/FPGA/My/WaveWidth1/PLToPS1.sdk/PL/Debug/PL.elf' is downloaded to processor 'ps7_cortexa9_0'.
08:49:55 INFO  : 'configparams force-mem-access 0' command is executed.
08:49:55 INFO  : ----------------XSDB Script----------------
connect -url tcp:127.0.0.1:3121
source E:/1PD/FPGA/My/WaveWidth1/PLToPS1.sdk/system_wrapper_hw_platform_0/ps7_init.tcl
targets -set -nocase -filter {name =~"APU*" && jtag_cable_name =~ "Digilent JTAG-HS1 210249855184"} -index 0
rst -system
after 3000
targets -set -filter {jtag_cable_name =~ "Digilent JTAG-HS1 210249855184" && level==0} -index 1
fpga -file E:/1PD/FPGA/My/WaveWidth1/PLToPS1.sdk/system_wrapper_hw_platform_0/system_wrapper.bit
targets -set -nocase -filter {name =~"APU*" && jtag_cable_name =~ "Digilent JTAG-HS1 210249855184"} -index 0
loadhw -hw E:/1PD/FPGA/My/WaveWidth1/PLToPS1.sdk/system_wrapper_hw_platform_0/system.hdf -mem-ranges [list {0x40000000 0xbfffffff}]
configparams force-mem-access 1
targets -set -nocase -filter {name =~"APU*" && jtag_cable_name =~ "Digilent JTAG-HS1 210249855184"} -index 0
ps7_init
ps7_post_config
targets -set -nocase -filter {name =~ "ARM*#0" && jtag_cable_name =~ "Digilent JTAG-HS1 210249855184"} -index 0
dow E:/1PD/FPGA/My/WaveWidth1/PLToPS1.sdk/PL/Debug/PL.elf
configparams force-mem-access 0
----------------End of Script----------------

08:49:55 INFO  : Memory regions updated for context APU
08:49:55 INFO  : Context for processor 'ps7_cortexa9_0' is selected.
08:49:55 INFO  : 'con' command is executed.
08:49:55 INFO  : ----------------XSDB Script (After Launch)----------------
targets -set -nocase -filter {name =~ "ARM*#0" && jtag_cable_name =~ "Digilent JTAG-HS1 210249855184"} -index 0
con
----------------End of Script----------------

08:49:55 INFO  : Launch script is exported to file 'E:\1PD\FPGA\My\WaveWidth1\PLToPS1.sdk\.sdk\launch_scripts\xilinx_c-c++_application_(system_debugger)\system_debugger_using_debug_pl.elf_on_local.tcl'
09:30:30 INFO  : Disconnected from the channel tcfchan#4.
11:20:16 ERROR : Unexpected error while parsing XMD response ?: com.google.gson.JsonSyntaxException: com.google.gson.stream.MalformedJsonException: invalid number or unquoted string near 
11:20:31 INFO  : Registering command handlers for SDK TCF services
11:20:32 INFO  : Launching XSCT server: xsct.bat -interactive E:\1PD\FPGA\My\WaveWidth1\PLToPS1.sdk\temp_xsdb_launch_script.tcl
11:20:34 INFO  : XSCT server has started successfully.
11:20:34 INFO  : Successfully done setting XSCT server connection channel  
11:20:34 INFO  : Successfully done setting SDK workspace  
11:20:34 INFO  : Processing command line option -hwspec E:/1PD/FPGA/My/WaveWidth1/PLToPS1.sdk/system_wrapper.hdf.
11:20:34 INFO  : Checking for hwspec changes in the project system_wrapper_hw_platform_0.
11:20:36 INFO  : SDK has detected change in the last modified timestamps for source hardware specification file Source:1577238432102,  Project:1577193929566
11:20:36 INFO  : The hardware specification for project 'system_wrapper_hw_platform_0' is different from E:/1PD/FPGA/My/WaveWidth1/PLToPS1.sdk/system_wrapper.hdf.
11:20:36 INFO  : Copied contents of E:/1PD/FPGA/My/WaveWidth1/PLToPS1.sdk/system_wrapper.hdf into \system_wrapper_hw_platform_0\system.hdf.
11:21:32 INFO  : Synchronizing projects in the workspace with the hardware platform specification changes.
11:21:39 INFO  : 
11:21:40 INFO  : Updating hardware inferred compiler options for PL.
11:21:40 INFO  : Clearing existing target manager status.
11:21:40 WARN  : Given IPC port value is invalid. Using default port 2350
11:21:40 WARN  : Given XMD timeout value is invalid. Using default value of 50000
11:21:42 WARN  : Given XMD transaction timeout value is invalid. Using default value of 60000 milli seconds
11:22:09 INFO  : Connected to target on host '127.0.0.1' and port '3121'.
11:22:09 INFO  : Jtag cable 'Digilent JTAG-HS1 210249855184' is selected.
11:22:09 INFO  : 'jtag frequency' command is executed.
11:22:09 INFO  : Sourcing of 'E:/1PD/FPGA/My/WaveWidth1/PLToPS1.sdk/system_wrapper_hw_platform_0/ps7_init.tcl' is done.
11:22:09 INFO  : Context for 'APU' is selected.
11:22:09 INFO  : System reset is completed.
11:22:12 INFO  : 'after 3000' command is executed.
11:22:12 INFO  : 'targets -set -filter {jtag_cable_name =~ "Digilent JTAG-HS1 210249855184" && level==0} -index 1' command is executed.
11:22:16 INFO  : FPGA configured successfully with bitstream "E:/1PD/FPGA/My/WaveWidth1/PLToPS1.sdk/system_wrapper_hw_platform_0/system_wrapper.bit"
11:22:16 INFO  : Context for 'APU' is selected.
11:22:16 INFO  : Hardware design information is loaded from 'E:/1PD/FPGA/My/WaveWidth1/PLToPS1.sdk/system_wrapper_hw_platform_0/system.hdf'.
11:22:16 INFO  : 'configparams force-mem-access 1' command is executed.
11:22:16 INFO  : Context for 'APU' is selected.
11:22:17 INFO  : 'ps7_init' command is executed.
11:22:17 INFO  : 'ps7_post_config' command is executed.
11:22:17 INFO  : Context for processor 'ps7_cortexa9_0' is selected.
11:22:17 INFO  : The application 'E:/1PD/FPGA/My/WaveWidth1/PLToPS1.sdk/PL/Debug/PL.elf' is downloaded to processor 'ps7_cortexa9_0'.
11:22:17 INFO  : 'configparams force-mem-access 0' command is executed.
11:22:17 INFO  : ----------------XSDB Script----------------
connect -url tcp:127.0.0.1:3121
source E:/1PD/FPGA/My/WaveWidth1/PLToPS1.sdk/system_wrapper_hw_platform_0/ps7_init.tcl
targets -set -nocase -filter {name =~"APU*" && jtag_cable_name =~ "Digilent JTAG-HS1 210249855184"} -index 0
rst -system
after 3000
targets -set -filter {jtag_cable_name =~ "Digilent JTAG-HS1 210249855184" && level==0} -index 1
fpga -file E:/1PD/FPGA/My/WaveWidth1/PLToPS1.sdk/system_wrapper_hw_platform_0/system_wrapper.bit
targets -set -nocase -filter {name =~"APU*" && jtag_cable_name =~ "Digilent JTAG-HS1 210249855184"} -index 0
loadhw -hw E:/1PD/FPGA/My/WaveWidth1/PLToPS1.sdk/system_wrapper_hw_platform_0/system.hdf -mem-ranges [list {0x40000000 0xbfffffff}]
configparams force-mem-access 1
targets -set -nocase -filter {name =~"APU*" && jtag_cable_name =~ "Digilent JTAG-HS1 210249855184"} -index 0
ps7_init
ps7_post_config
targets -set -nocase -filter {name =~ "ARM*#0" && jtag_cable_name =~ "Digilent JTAG-HS1 210249855184"} -index 0
dow E:/1PD/FPGA/My/WaveWidth1/PLToPS1.sdk/PL/Debug/PL.elf
configparams force-mem-access 0
----------------End of Script----------------

11:22:17 INFO  : Memory regions updated for context APU
11:22:17 INFO  : Context for processor 'ps7_cortexa9_0' is selected.
11:22:17 INFO  : 'con' command is executed.
11:22:17 INFO  : ----------------XSDB Script (After Launch)----------------
targets -set -nocase -filter {name =~ "ARM*#0" && jtag_cable_name =~ "Digilent JTAG-HS1 210249855184"} -index 0
con
----------------End of Script----------------

11:22:17 INFO  : Launch script is exported to file 'E:\1PD\FPGA\My\WaveWidth1\PLToPS1.sdk\.sdk\launch_scripts\xilinx_c-c++_application_(system_debugger)\system_debugger_using_debug_pl.elf_on_local.tcl'
11:23:48 INFO  : Disconnected from the channel tcfchan#1.
11:24:56 INFO  : Connected to target on host '127.0.0.1' and port '3121'.
11:24:57 INFO  : Jtag cable 'Digilent JTAG-HS1 210249855184' is selected.
11:24:57 INFO  : 'jtag frequency' command is executed.
11:24:57 INFO  : Sourcing of 'E:/1PD/FPGA/My/WaveWidth1/PLToPS1.sdk/system_wrapper_hw_platform_0/ps7_init.tcl' is done.
11:24:57 INFO  : Context for 'APU' is selected.
11:24:57 INFO  : System reset is completed.
11:25:00 INFO  : 'after 3000' command is executed.
11:25:00 INFO  : 'targets -set -filter {jtag_cable_name =~ "Digilent JTAG-HS1 210249855184" && level==0} -index 1' command is executed.
11:25:04 INFO  : FPGA configured successfully with bitstream "E:/1PD/FPGA/My/WaveWidth1/PLToPS1.sdk/system_wrapper_hw_platform_0/system_wrapper.bit"
11:25:04 INFO  : Context for 'APU' is selected.
11:25:05 INFO  : Hardware design information is loaded from 'E:/1PD/FPGA/My/WaveWidth1/PLToPS1.sdk/system_wrapper_hw_platform_0/system.hdf'.
11:25:05 INFO  : 'configparams force-mem-access 1' command is executed.
11:25:05 INFO  : Context for 'APU' is selected.
11:25:05 INFO  : 'ps7_init' command is executed.
11:25:05 INFO  : 'ps7_post_config' command is executed.
11:25:05 INFO  : Context for processor 'ps7_cortexa9_0' is selected.
11:25:06 INFO  : The application 'E:/1PD/FPGA/My/WaveWidth1/PLToPS1.sdk/PL/Debug/PL.elf' is downloaded to processor 'ps7_cortexa9_0'.
11:25:06 INFO  : 'configparams force-mem-access 0' command is executed.
11:25:06 INFO  : ----------------XSDB Script----------------
connect -url tcp:127.0.0.1:3121
source E:/1PD/FPGA/My/WaveWidth1/PLToPS1.sdk/system_wrapper_hw_platform_0/ps7_init.tcl
targets -set -nocase -filter {name =~"APU*" && jtag_cable_name =~ "Digilent JTAG-HS1 210249855184"} -index 0
rst -system
after 3000
targets -set -filter {jtag_cable_name =~ "Digilent JTAG-HS1 210249855184" && level==0} -index 1
fpga -file E:/1PD/FPGA/My/WaveWidth1/PLToPS1.sdk/system_wrapper_hw_platform_0/system_wrapper.bit
targets -set -nocase -filter {name =~"APU*" && jtag_cable_name =~ "Digilent JTAG-HS1 210249855184"} -index 0
loadhw -hw E:/1PD/FPGA/My/WaveWidth1/PLToPS1.sdk/system_wrapper_hw_platform_0/system.hdf -mem-ranges [list {0x40000000 0xbfffffff}]
configparams force-mem-access 1
targets -set -nocase -filter {name =~"APU*" && jtag_cable_name =~ "Digilent JTAG-HS1 210249855184"} -index 0
ps7_init
ps7_post_config
targets -set -nocase -filter {name =~ "ARM*#0" && jtag_cable_name =~ "Digilent JTAG-HS1 210249855184"} -index 0
dow E:/1PD/FPGA/My/WaveWidth1/PLToPS1.sdk/PL/Debug/PL.elf
configparams force-mem-access 0
----------------End of Script----------------

11:25:06 INFO  : Memory regions updated for context APU
11:25:06 INFO  : Context for processor 'ps7_cortexa9_0' is selected.
11:25:06 INFO  : 'con' command is executed.
11:25:06 INFO  : ----------------XSDB Script (After Launch)----------------
targets -set -nocase -filter {name =~ "ARM*#0" && jtag_cable_name =~ "Digilent JTAG-HS1 210249855184"} -index 0
con
----------------End of Script----------------

11:25:06 INFO  : Launch script is exported to file 'E:\1PD\FPGA\My\WaveWidth1\PLToPS1.sdk\.sdk\launch_scripts\xilinx_c-c++_application_(system_debugger)\system_debugger_using_debug_pl.elf_on_local.tcl'
11:27:49 INFO  : Disconnected from the channel tcfchan#2.
11:29:49 INFO  : Connected to target on host '127.0.0.1' and port '3121'.
11:29:49 INFO  : Jtag cable 'Digilent JTAG-HS1 210249855184' is selected.
11:29:49 INFO  : 'jtag frequency' command is executed.
11:29:49 INFO  : Sourcing of 'E:/1PD/FPGA/My/WaveWidth1/PLToPS1.sdk/system_wrapper_hw_platform_0/ps7_init.tcl' is done.
11:29:49 INFO  : Context for 'APU' is selected.
11:29:49 INFO  : System reset is completed.
11:29:52 INFO  : 'after 3000' command is executed.
11:29:53 INFO  : 'targets -set -filter {jtag_cable_name =~ "Digilent JTAG-HS1 210249855184" && level==0} -index 1' command is executed.
11:29:56 INFO  : FPGA configured successfully with bitstream "E:/1PD/FPGA/My/WaveWidth1/PLToPS1.sdk/system_wrapper_hw_platform_0/system_wrapper.bit"
11:29:56 INFO  : Context for 'APU' is selected.
11:29:56 INFO  : Hardware design information is loaded from 'E:/1PD/FPGA/My/WaveWidth1/PLToPS1.sdk/system_wrapper_hw_platform_0/system.hdf'.
11:29:56 INFO  : 'configparams force-mem-access 1' command is executed.
11:29:56 INFO  : Context for 'APU' is selected.
11:29:57 INFO  : 'ps7_init' command is executed.
11:29:57 INFO  : 'ps7_post_config' command is executed.
11:29:57 INFO  : Context for processor 'ps7_cortexa9_0' is selected.
11:29:57 INFO  : The application 'E:/1PD/FPGA/My/WaveWidth1/PLToPS1.sdk/PL/Debug/PL.elf' is downloaded to processor 'ps7_cortexa9_0'.
11:29:57 INFO  : 'configparams force-mem-access 0' command is executed.
11:29:57 INFO  : ----------------XSDB Script----------------
connect -url tcp:127.0.0.1:3121
source E:/1PD/FPGA/My/WaveWidth1/PLToPS1.sdk/system_wrapper_hw_platform_0/ps7_init.tcl
targets -set -nocase -filter {name =~"APU*" && jtag_cable_name =~ "Digilent JTAG-HS1 210249855184"} -index 0
rst -system
after 3000
targets -set -filter {jtag_cable_name =~ "Digilent JTAG-HS1 210249855184" && level==0} -index 1
fpga -file E:/1PD/FPGA/My/WaveWidth1/PLToPS1.sdk/system_wrapper_hw_platform_0/system_wrapper.bit
targets -set -nocase -filter {name =~"APU*" && jtag_cable_name =~ "Digilent JTAG-HS1 210249855184"} -index 0
loadhw -hw E:/1PD/FPGA/My/WaveWidth1/PLToPS1.sdk/system_wrapper_hw_platform_0/system.hdf -mem-ranges [list {0x40000000 0xbfffffff}]
configparams force-mem-access 1
targets -set -nocase -filter {name =~"APU*" && jtag_cable_name =~ "Digilent JTAG-HS1 210249855184"} -index 0
ps7_init
ps7_post_config
targets -set -nocase -filter {name =~ "ARM*#0" && jtag_cable_name =~ "Digilent JTAG-HS1 210249855184"} -index 0
dow E:/1PD/FPGA/My/WaveWidth1/PLToPS1.sdk/PL/Debug/PL.elf
configparams force-mem-access 0
----------------End of Script----------------

11:29:57 INFO  : Memory regions updated for context APU
11:29:57 INFO  : Context for processor 'ps7_cortexa9_0' is selected.
11:29:57 INFO  : 'con' command is executed.
11:29:57 INFO  : ----------------XSDB Script (After Launch)----------------
targets -set -nocase -filter {name =~ "ARM*#0" && jtag_cable_name =~ "Digilent JTAG-HS1 210249855184"} -index 0
con
----------------End of Script----------------

11:29:57 INFO  : Launch script is exported to file 'E:\1PD\FPGA\My\WaveWidth1\PLToPS1.sdk\.sdk\launch_scripts\xilinx_c-c++_application_(system_debugger)\system_debugger_using_debug_pl.elf_on_local.tcl'
11:30:38 INFO  : Disconnected from the channel tcfchan#3.
14:32:13 ERROR : Unexpected error while parsing XMD response ?: com.google.gson.JsonSyntaxException: com.google.gson.stream.MalformedJsonException: invalid number or unquoted string near 
14:32:30 INFO  : Registering command handlers for SDK TCF services
14:32:31 INFO  : Launching XSCT server: xsct.bat -interactive E:\1PD\FPGA\My\WaveWidth1\PLToPS1.sdk\temp_xsdb_launch_script.tcl
14:32:33 INFO  : XSCT server has started successfully.
14:32:33 INFO  : Successfully done setting XSCT server connection channel  
14:32:33 INFO  : Successfully done setting SDK workspace  
14:32:33 INFO  : Processing command line option -hwspec E:/1PD/FPGA/My/WaveWidth1/PLToPS1.sdk/system_wrapper.hdf.
14:32:33 INFO  : Checking for hwspec changes in the project system_wrapper_hw_platform_0.
14:32:35 INFO  : SDK has detected change in the last modified timestamps for source hardware specification file Source:1577245829038,  Project:1577238432102
14:32:35 INFO  : The hardware specification for project 'system_wrapper_hw_platform_0' is different from E:/1PD/FPGA/My/WaveWidth1/PLToPS1.sdk/system_wrapper.hdf.
14:32:35 INFO  : Copied contents of E:/1PD/FPGA/My/WaveWidth1/PLToPS1.sdk/system_wrapper.hdf into \system_wrapper_hw_platform_0\system.hdf.
14:33:32 INFO  : Synchronizing projects in the workspace with the hardware platform specification changes.
14:33:38 INFO  : 
14:33:39 INFO  : Updating hardware inferred compiler options for PL.
14:33:39 INFO  : Clearing existing target manager status.
14:33:39 WARN  : Given IPC port value is invalid. Using default port 2350
14:33:39 WARN  : Given XMD timeout value is invalid. Using default value of 50000
14:33:41 WARN  : Given XMD transaction timeout value is invalid. Using default value of 60000 milli seconds
14:33:53 INFO  : Connected to target on host '127.0.0.1' and port '3121'.
14:33:54 INFO  : Jtag cable 'Digilent JTAG-HS1 210249855184' is selected.
14:33:54 INFO  : 'jtag frequency' command is executed.
14:33:54 INFO  : Sourcing of 'E:/1PD/FPGA/My/WaveWidth1/PLToPS1.sdk/system_wrapper_hw_platform_0/ps7_init.tcl' is done.
14:33:54 INFO  : Context for 'APU' is selected.
14:33:54 INFO  : System reset is completed.
14:33:57 INFO  : 'after 3000' command is executed.
14:33:57 INFO  : 'targets -set -filter {jtag_cable_name =~ "Digilent JTAG-HS1 210249855184" && level==0} -index 1' command is executed.
14:34:01 INFO  : FPGA configured successfully with bitstream "E:/1PD/FPGA/My/WaveWidth1/PLToPS1.sdk/system_wrapper_hw_platform_0/system_wrapper.bit"
14:34:01 INFO  : Context for 'APU' is selected.
14:34:01 INFO  : Hardware design information is loaded from 'E:/1PD/FPGA/My/WaveWidth1/PLToPS1.sdk/system_wrapper_hw_platform_0/system.hdf'.
14:34:01 INFO  : 'configparams force-mem-access 1' command is executed.
14:34:01 INFO  : Context for 'APU' is selected.
14:34:01 INFO  : 'ps7_init' command is executed.
14:34:01 INFO  : 'ps7_post_config' command is executed.
14:34:01 INFO  : Context for processor 'ps7_cortexa9_0' is selected.
14:34:02 INFO  : The application 'E:/1PD/FPGA/My/WaveWidth1/PLToPS1.sdk/PL/Debug/PL.elf' is downloaded to processor 'ps7_cortexa9_0'.
14:34:02 INFO  : 'configparams force-mem-access 0' command is executed.
14:34:02 INFO  : ----------------XSDB Script----------------
connect -url tcp:127.0.0.1:3121
source E:/1PD/FPGA/My/WaveWidth1/PLToPS1.sdk/system_wrapper_hw_platform_0/ps7_init.tcl
targets -set -nocase -filter {name =~"APU*" && jtag_cable_name =~ "Digilent JTAG-HS1 210249855184"} -index 0
rst -system
after 3000
targets -set -filter {jtag_cable_name =~ "Digilent JTAG-HS1 210249855184" && level==0} -index 1
fpga -file E:/1PD/FPGA/My/WaveWidth1/PLToPS1.sdk/system_wrapper_hw_platform_0/system_wrapper.bit
targets -set -nocase -filter {name =~"APU*" && jtag_cable_name =~ "Digilent JTAG-HS1 210249855184"} -index 0
loadhw -hw E:/1PD/FPGA/My/WaveWidth1/PLToPS1.sdk/system_wrapper_hw_platform_0/system.hdf -mem-ranges [list {0x40000000 0xbfffffff}]
configparams force-mem-access 1
targets -set -nocase -filter {name =~"APU*" && jtag_cable_name =~ "Digilent JTAG-HS1 210249855184"} -index 0
ps7_init
ps7_post_config
targets -set -nocase -filter {name =~ "ARM*#0" && jtag_cable_name =~ "Digilent JTAG-HS1 210249855184"} -index 0
dow E:/1PD/FPGA/My/WaveWidth1/PLToPS1.sdk/PL/Debug/PL.elf
configparams force-mem-access 0
----------------End of Script----------------

14:34:02 INFO  : Memory regions updated for context APU
14:34:02 INFO  : Context for processor 'ps7_cortexa9_0' is selected.
14:34:02 INFO  : 'con' command is executed.
14:34:02 INFO  : ----------------XSDB Script (After Launch)----------------
targets -set -nocase -filter {name =~ "ARM*#0" && jtag_cable_name =~ "Digilent JTAG-HS1 210249855184"} -index 0
con
----------------End of Script----------------

14:34:02 INFO  : Launch script is exported to file 'E:\1PD\FPGA\My\WaveWidth1\PLToPS1.sdk\.sdk\launch_scripts\xilinx_c-c++_application_(system_debugger)\system_debugger_using_debug_pl.elf_on_local.tcl'
14:34:36 INFO  : Disconnected from the channel tcfchan#1.
14:34:42 ERROR : Unexpected error while parsing XMD response ?: com.google.gson.JsonSyntaxException: com.google.gson.stream.MalformedJsonException: invalid number or unquoted string near 
14:34:52 INFO  : Registering command handlers for SDK TCF services
14:34:52 INFO  : Launching XSCT server: xsct.bat -interactive E:\1PD\FPGA\My\WaveWidth1\PLToPS1.sdk\temp_xsdb_launch_script.tcl
14:34:54 INFO  : XSCT server has started successfully.
14:34:54 INFO  : Successfully done setting XSCT server connection channel  
14:34:55 INFO  : Successfully done setting SDK workspace  
14:34:55 INFO  : Processing command line option -hwspec E:/1PD/FPGA/My/WaveWidth1/PLToPS1.sdk/system_wrapper.hdf.
14:34:55 INFO  : Checking for hwspec changes in the project system_wrapper_hw_platform_0.
14:36:04 INFO  : Connected to target on host '127.0.0.1' and port '3121'.
14:36:05 INFO  : Jtag cable 'Digilent JTAG-HS1 210249855184' is selected.
14:36:05 INFO  : 'jtag frequency' command is executed.
14:36:05 INFO  : Sourcing of 'E:/1PD/FPGA/My/WaveWidth1/PLToPS1.sdk/system_wrapper_hw_platform_0/ps7_init.tcl' is done.
14:36:05 INFO  : Context for 'APU' is selected.
14:36:05 INFO  : System reset is completed.
14:36:08 INFO  : 'after 3000' command is executed.
14:36:08 INFO  : 'targets -set -filter {jtag_cable_name =~ "Digilent JTAG-HS1 210249855184" && level==0} -index 1' command is executed.
14:36:12 INFO  : FPGA configured successfully with bitstream "E:/1PD/FPGA/My/WaveWidth1/PLToPS1.sdk/system_wrapper_hw_platform_0/system_wrapper.bit"
14:36:12 INFO  : Context for 'APU' is selected.
14:36:12 INFO  : Hardware design information is loaded from 'E:/1PD/FPGA/My/WaveWidth1/PLToPS1.sdk/system_wrapper_hw_platform_0/system.hdf'.
14:36:12 INFO  : 'configparams force-mem-access 1' command is executed.
14:36:12 INFO  : Context for 'APU' is selected.
14:36:12 INFO  : 'ps7_init' command is executed.
14:36:12 INFO  : 'ps7_post_config' command is executed.
14:36:12 INFO  : Context for processor 'ps7_cortexa9_0' is selected.
14:36:13 INFO  : The application 'E:/1PD/FPGA/My/WaveWidth1/PLToPS1.sdk/PL/Debug/PL.elf' is downloaded to processor 'ps7_cortexa9_0'.
14:36:13 INFO  : 'configparams force-mem-access 0' command is executed.
14:36:13 INFO  : ----------------XSDB Script----------------
connect -url tcp:127.0.0.1:3121
source E:/1PD/FPGA/My/WaveWidth1/PLToPS1.sdk/system_wrapper_hw_platform_0/ps7_init.tcl
targets -set -nocase -filter {name =~"APU*" && jtag_cable_name =~ "Digilent JTAG-HS1 210249855184"} -index 0
rst -system
after 3000
targets -set -filter {jtag_cable_name =~ "Digilent JTAG-HS1 210249855184" && level==0} -index 1
fpga -file E:/1PD/FPGA/My/WaveWidth1/PLToPS1.sdk/system_wrapper_hw_platform_0/system_wrapper.bit
targets -set -nocase -filter {name =~"APU*" && jtag_cable_name =~ "Digilent JTAG-HS1 210249855184"} -index 0
loadhw -hw E:/1PD/FPGA/My/WaveWidth1/PLToPS1.sdk/system_wrapper_hw_platform_0/system.hdf -mem-ranges [list {0x40000000 0xbfffffff}]
configparams force-mem-access 1
targets -set -nocase -filter {name =~"APU*" && jtag_cable_name =~ "Digilent JTAG-HS1 210249855184"} -index 0
ps7_init
ps7_post_config
targets -set -nocase -filter {name =~ "ARM*#0" && jtag_cable_name =~ "Digilent JTAG-HS1 210249855184"} -index 0
dow E:/1PD/FPGA/My/WaveWidth1/PLToPS1.sdk/PL/Debug/PL.elf
configparams force-mem-access 0
----------------End of Script----------------

14:36:13 INFO  : Memory regions updated for context APU
14:36:13 INFO  : Context for processor 'ps7_cortexa9_0' is selected.
14:36:13 INFO  : 'con' command is executed.
14:36:13 INFO  : ----------------XSDB Script (After Launch)----------------
targets -set -nocase -filter {name =~ "ARM*#0" && jtag_cable_name =~ "Digilent JTAG-HS1 210249855184"} -index 0
con
----------------End of Script----------------

14:36:13 INFO  : Launch script is exported to file 'E:\1PD\FPGA\My\WaveWidth1\PLToPS1.sdk\.sdk\launch_scripts\xilinx_c-c++_application_(system_debugger)\system_debugger_using_debug_pl.elf_on_local.tcl'
14:50:40 INFO  : Disconnected from the channel tcfchan#1.
15:39:14 INFO  : Connected to target on host '127.0.0.1' and port '3121'.
15:39:14 INFO  : Jtag cable 'Digilent JTAG-HS1 210249855184' is selected.
15:39:14 INFO  : 'jtag frequency' command is executed.
15:39:14 INFO  : Sourcing of 'E:/1PD/FPGA/My/WaveWidth1/PLToPS1.sdk/system_wrapper_hw_platform_0/ps7_init.tcl' is done.
15:39:14 INFO  : Context for 'APU' is selected.
15:39:14 INFO  : System reset is completed.
15:39:17 INFO  : 'after 3000' command is executed.
15:39:17 INFO  : 'targets -set -filter {jtag_cable_name =~ "Digilent JTAG-HS1 210249855184" && level==0} -index 1' command is executed.
15:39:21 INFO  : FPGA configured successfully with bitstream "E:/1PD/FPGA/My/WaveWidth1/PLToPS1.sdk/system_wrapper_hw_platform_0/system_wrapper.bit"
15:39:21 INFO  : Context for 'APU' is selected.
15:39:23 INFO  : Hardware design information is loaded from 'E:/1PD/FPGA/My/WaveWidth1/PLToPS1.sdk/system_wrapper_hw_platform_0/system.hdf'.
15:39:23 INFO  : 'configparams force-mem-access 1' command is executed.
15:39:23 INFO  : Context for 'APU' is selected.
15:39:23 INFO  : 'ps7_init' command is executed.
15:39:23 INFO  : 'ps7_post_config' command is executed.
15:39:23 INFO  : Context for processor 'ps7_cortexa9_0' is selected.
15:39:24 INFO  : The application 'E:/1PD/FPGA/My/WaveWidth1/PLToPS1.sdk/PL/Debug/PL.elf' is downloaded to processor 'ps7_cortexa9_0'.
15:39:24 INFO  : 'configparams force-mem-access 0' command is executed.
15:39:24 INFO  : ----------------XSDB Script----------------
connect -url tcp:127.0.0.1:3121
source E:/1PD/FPGA/My/WaveWidth1/PLToPS1.sdk/system_wrapper_hw_platform_0/ps7_init.tcl
targets -set -nocase -filter {name =~"APU*" && jtag_cable_name =~ "Digilent JTAG-HS1 210249855184"} -index 0
rst -system
after 3000
targets -set -filter {jtag_cable_name =~ "Digilent JTAG-HS1 210249855184" && level==0} -index 1
fpga -file E:/1PD/FPGA/My/WaveWidth1/PLToPS1.sdk/system_wrapper_hw_platform_0/system_wrapper.bit
targets -set -nocase -filter {name =~"APU*" && jtag_cable_name =~ "Digilent JTAG-HS1 210249855184"} -index 0
loadhw -hw E:/1PD/FPGA/My/WaveWidth1/PLToPS1.sdk/system_wrapper_hw_platform_0/system.hdf -mem-ranges [list {0x40000000 0xbfffffff}]
configparams force-mem-access 1
targets -set -nocase -filter {name =~"APU*" && jtag_cable_name =~ "Digilent JTAG-HS1 210249855184"} -index 0
ps7_init
ps7_post_config
targets -set -nocase -filter {name =~ "ARM*#0" && jtag_cable_name =~ "Digilent JTAG-HS1 210249855184"} -index 0
dow E:/1PD/FPGA/My/WaveWidth1/PLToPS1.sdk/PL/Debug/PL.elf
configparams force-mem-access 0
----------------End of Script----------------

15:39:24 INFO  : Memory regions updated for context APU
15:39:24 INFO  : Context for processor 'ps7_cortexa9_0' is selected.
15:39:24 INFO  : 'con' command is executed.
15:39:24 INFO  : ----------------XSDB Script (After Launch)----------------
targets -set -nocase -filter {name =~ "ARM*#0" && jtag_cable_name =~ "Digilent JTAG-HS1 210249855184"} -index 0
con
----------------End of Script----------------

15:39:24 INFO  : Launch script is exported to file 'E:\1PD\FPGA\My\WaveWidth1\PLToPS1.sdk\.sdk\launch_scripts\xilinx_c-c++_application_(system_debugger)\system_debugger_using_debug_pl.elf_on_local.tcl'
16:55:06 INFO  : Disconnected from the channel tcfchan#2.
17:23:11 INFO  : Connected to target on host '127.0.0.1' and port '3121'.
17:23:11 INFO  : Jtag cable 'Digilent JTAG-HS1 210249855184' is selected.
17:23:11 INFO  : 'jtag frequency' command is executed.
17:23:11 INFO  : Sourcing of 'E:/1PD/FPGA/My/WaveWidth1/PLToPS1.sdk/system_wrapper_hw_platform_0/ps7_init.tcl' is done.
17:23:11 INFO  : Context for 'APU' is selected.
17:23:11 INFO  : System reset is completed.
17:23:14 INFO  : 'after 3000' command is executed.
17:23:14 INFO  : 'targets -set -filter {jtag_cable_name =~ "Digilent JTAG-HS1 210249855184" && level==0} -index 1' command is executed.
17:23:18 INFO  : FPGA configured successfully with bitstream "E:/1PD/FPGA/My/WaveWidth1/PLToPS1.sdk/system_wrapper_hw_platform_0/system_wrapper.bit"
17:23:18 INFO  : Context for 'APU' is selected.
17:23:19 INFO  : Hardware design information is loaded from 'E:/1PD/FPGA/My/WaveWidth1/PLToPS1.sdk/system_wrapper_hw_platform_0/system.hdf'.
17:23:19 INFO  : 'configparams force-mem-access 1' command is executed.
17:23:19 INFO  : Context for 'APU' is selected.
17:23:20 INFO  : 'ps7_init' command is executed.
17:23:20 INFO  : 'ps7_post_config' command is executed.
17:23:20 INFO  : Context for processor 'ps7_cortexa9_0' is selected.
17:23:20 INFO  : The application 'E:/1PD/FPGA/My/WaveWidth1/PLToPS1.sdk/PL/Debug/PL.elf' is downloaded to processor 'ps7_cortexa9_0'.
17:23:20 INFO  : 'configparams force-mem-access 0' command is executed.
17:23:20 INFO  : ----------------XSDB Script----------------
connect -url tcp:127.0.0.1:3121
source E:/1PD/FPGA/My/WaveWidth1/PLToPS1.sdk/system_wrapper_hw_platform_0/ps7_init.tcl
targets -set -nocase -filter {name =~"APU*" && jtag_cable_name =~ "Digilent JTAG-HS1 210249855184"} -index 0
rst -system
after 3000
targets -set -filter {jtag_cable_name =~ "Digilent JTAG-HS1 210249855184" && level==0} -index 1
fpga -file E:/1PD/FPGA/My/WaveWidth1/PLToPS1.sdk/system_wrapper_hw_platform_0/system_wrapper.bit
targets -set -nocase -filter {name =~"APU*" && jtag_cable_name =~ "Digilent JTAG-HS1 210249855184"} -index 0
loadhw -hw E:/1PD/FPGA/My/WaveWidth1/PLToPS1.sdk/system_wrapper_hw_platform_0/system.hdf -mem-ranges [list {0x40000000 0xbfffffff}]
configparams force-mem-access 1
targets -set -nocase -filter {name =~"APU*" && jtag_cable_name =~ "Digilent JTAG-HS1 210249855184"} -index 0
ps7_init
ps7_post_config
targets -set -nocase -filter {name =~ "ARM*#0" && jtag_cable_name =~ "Digilent JTAG-HS1 210249855184"} -index 0
dow E:/1PD/FPGA/My/WaveWidth1/PLToPS1.sdk/PL/Debug/PL.elf
configparams force-mem-access 0
----------------End of Script----------------

17:23:20 INFO  : Memory regions updated for context APU
17:23:20 INFO  : Context for processor 'ps7_cortexa9_0' is selected.
17:23:20 INFO  : 'con' command is executed.
17:23:20 INFO  : ----------------XSDB Script (After Launch)----------------
targets -set -nocase -filter {name =~ "ARM*#0" && jtag_cable_name =~ "Digilent JTAG-HS1 210249855184"} -index 0
con
----------------End of Script----------------

17:23:20 INFO  : Launch script is exported to file 'E:\1PD\FPGA\My\WaveWidth1\PLToPS1.sdk\.sdk\launch_scripts\xilinx_c-c++_application_(system_debugger)\system_debugger_using_debug_pl.elf_on_local.tcl'
17:38:50 INFO  : Disconnected from the channel tcfchan#3.
16:43:53 INFO  : Connected to target on host '127.0.0.1' and port '3121'.
16:43:54 INFO  : Jtag cable 'Digilent JTAG-HS1 210249855184' is selected.
16:43:54 INFO  : 'jtag frequency' command is executed.
16:43:54 INFO  : Sourcing of 'E:/1PD/FPGA/My/WaveWidth1/PLToPS1.sdk/system_wrapper_hw_platform_0/ps7_init.tcl' is done.
16:43:54 INFO  : Context for 'APU' is selected.
16:43:54 INFO  : System reset is completed.
16:43:57 INFO  : 'after 3000' command is executed.
16:43:57 INFO  : 'targets -set -filter {jtag_cable_name =~ "Digilent JTAG-HS1 210249855184" && level==0} -index 1' command is executed.
16:44:01 INFO  : FPGA configured successfully with bitstream "E:/1PD/FPGA/My/WaveWidth1/PLToPS1.sdk/system_wrapper_hw_platform_0/system_wrapper.bit"
16:44:01 INFO  : Context for 'APU' is selected.
16:44:04 INFO  : Hardware design information is loaded from 'E:/1PD/FPGA/My/WaveWidth1/PLToPS1.sdk/system_wrapper_hw_platform_0/system.hdf'.
16:44:04 INFO  : 'configparams force-mem-access 1' command is executed.
16:44:04 INFO  : Context for 'APU' is selected.
16:44:04 INFO  : 'ps7_init' command is executed.
16:44:04 INFO  : 'ps7_post_config' command is executed.
16:44:04 INFO  : Context for processor 'ps7_cortexa9_0' is selected.
16:44:04 INFO  : The application 'E:/1PD/FPGA/My/WaveWidth1/PLToPS1.sdk/PL/Debug/PL.elf' is downloaded to processor 'ps7_cortexa9_0'.
16:44:04 INFO  : 'configparams force-mem-access 0' command is executed.
16:44:04 INFO  : ----------------XSDB Script----------------
connect -url tcp:127.0.0.1:3121
source E:/1PD/FPGA/My/WaveWidth1/PLToPS1.sdk/system_wrapper_hw_platform_0/ps7_init.tcl
targets -set -nocase -filter {name =~"APU*" && jtag_cable_name =~ "Digilent JTAG-HS1 210249855184"} -index 0
rst -system
after 3000
targets -set -filter {jtag_cable_name =~ "Digilent JTAG-HS1 210249855184" && level==0} -index 1
fpga -file E:/1PD/FPGA/My/WaveWidth1/PLToPS1.sdk/system_wrapper_hw_platform_0/system_wrapper.bit
targets -set -nocase -filter {name =~"APU*" && jtag_cable_name =~ "Digilent JTAG-HS1 210249855184"} -index 0
loadhw -hw E:/1PD/FPGA/My/WaveWidth1/PLToPS1.sdk/system_wrapper_hw_platform_0/system.hdf -mem-ranges [list {0x40000000 0xbfffffff}]
configparams force-mem-access 1
targets -set -nocase -filter {name =~"APU*" && jtag_cable_name =~ "Digilent JTAG-HS1 210249855184"} -index 0
ps7_init
ps7_post_config
targets -set -nocase -filter {name =~ "ARM*#0" && jtag_cable_name =~ "Digilent JTAG-HS1 210249855184"} -index 0
dow E:/1PD/FPGA/My/WaveWidth1/PLToPS1.sdk/PL/Debug/PL.elf
configparams force-mem-access 0
----------------End of Script----------------

16:44:05 INFO  : Memory regions updated for context APU
16:44:05 INFO  : Context for processor 'ps7_cortexa9_0' is selected.
16:44:05 INFO  : 'con' command is executed.
16:44:05 INFO  : ----------------XSDB Script (After Launch)----------------
targets -set -nocase -filter {name =~ "ARM*#0" && jtag_cable_name =~ "Digilent JTAG-HS1 210249855184"} -index 0
con
----------------End of Script----------------

16:44:05 INFO  : Launch script is exported to file 'E:\1PD\FPGA\My\WaveWidth1\PLToPS1.sdk\.sdk\launch_scripts\xilinx_c-c++_application_(system_debugger)\system_debugger_using_debug_pl.elf_on_local.tcl'
16:47:06 INFO  : Disconnected from the channel tcfchan#4.
16:47:09 INFO  : Connected to target on host '127.0.0.1' and port '3121'.
16:47:09 INFO  : Jtag cable 'Digilent JTAG-HS1 210249855184' is selected.
16:47:09 INFO  : 'jtag frequency' command is executed.
16:47:09 INFO  : Sourcing of 'E:/1PD/FPGA/My/WaveWidth1/PLToPS1.sdk/system_wrapper_hw_platform_0/ps7_init.tcl' is done.
16:47:09 INFO  : Context for 'APU' is selected.
16:47:09 INFO  : System reset is completed.
16:47:12 INFO  : 'after 3000' command is executed.
16:47:12 INFO  : 'targets -set -filter {jtag_cable_name =~ "Digilent JTAG-HS1 210249855184" && level==0} -index 1' command is executed.
16:47:16 INFO  : FPGA configured successfully with bitstream "E:/1PD/FPGA/My/WaveWidth1/PLToPS1.sdk/system_wrapper_hw_platform_0/system_wrapper.bit"
16:47:16 INFO  : Context for 'APU' is selected.
16:47:17 INFO  : Hardware design information is loaded from 'E:/1PD/FPGA/My/WaveWidth1/PLToPS1.sdk/system_wrapper_hw_platform_0/system.hdf'.
16:47:17 INFO  : 'configparams force-mem-access 1' command is executed.
16:47:17 INFO  : Context for 'APU' is selected.
16:47:17 INFO  : 'ps7_init' command is executed.
16:47:17 INFO  : 'ps7_post_config' command is executed.
16:47:17 INFO  : Context for processor 'ps7_cortexa9_0' is selected.
16:47:18 INFO  : The application 'E:/1PD/FPGA/My/WaveWidth1/PLToPS1.sdk/PL/Debug/PL.elf' is downloaded to processor 'ps7_cortexa9_0'.
16:47:18 INFO  : 'configparams force-mem-access 0' command is executed.
16:47:18 INFO  : ----------------XSDB Script----------------
connect -url tcp:127.0.0.1:3121
source E:/1PD/FPGA/My/WaveWidth1/PLToPS1.sdk/system_wrapper_hw_platform_0/ps7_init.tcl
targets -set -nocase -filter {name =~"APU*" && jtag_cable_name =~ "Digilent JTAG-HS1 210249855184"} -index 0
rst -system
after 3000
targets -set -filter {jtag_cable_name =~ "Digilent JTAG-HS1 210249855184" && level==0} -index 1
fpga -file E:/1PD/FPGA/My/WaveWidth1/PLToPS1.sdk/system_wrapper_hw_platform_0/system_wrapper.bit
targets -set -nocase -filter {name =~"APU*" && jtag_cable_name =~ "Digilent JTAG-HS1 210249855184"} -index 0
loadhw -hw E:/1PD/FPGA/My/WaveWidth1/PLToPS1.sdk/system_wrapper_hw_platform_0/system.hdf -mem-ranges [list {0x40000000 0xbfffffff}]
configparams force-mem-access 1
targets -set -nocase -filter {name =~"APU*" && jtag_cable_name =~ "Digilent JTAG-HS1 210249855184"} -index 0
ps7_init
ps7_post_config
targets -set -nocase -filter {name =~ "ARM*#0" && jtag_cable_name =~ "Digilent JTAG-HS1 210249855184"} -index 0
dow E:/1PD/FPGA/My/WaveWidth1/PLToPS1.sdk/PL/Debug/PL.elf
configparams force-mem-access 0
----------------End of Script----------------

16:47:18 INFO  : Memory regions updated for context APU
16:47:18 INFO  : Context for processor 'ps7_cortexa9_0' is selected.
16:47:18 INFO  : 'con' command is executed.
16:47:18 INFO  : ----------------XSDB Script (After Launch)----------------
targets -set -nocase -filter {name =~ "ARM*#0" && jtag_cable_name =~ "Digilent JTAG-HS1 210249855184"} -index 0
con
----------------End of Script----------------

16:47:18 INFO  : Launch script is exported to file 'E:\1PD\FPGA\My\WaveWidth1\PLToPS1.sdk\.sdk\launch_scripts\xilinx_c-c++_application_(system_debugger)\system_debugger_using_debug_pl.elf_on_local.tcl'
17:23:13 INFO  : Disconnected from the channel tcfchan#5.
18:31:48 INFO  : Registering command handlers for SDK TCF services
18:31:48 INFO  : Launching XSCT server: xsct.bat -interactive E:\1PD\FPGA\My\WaveWidth1\PLToPS1.sdk\temp_xsdb_launch_script.tcl
18:31:50 INFO  : XSCT server has started successfully.
18:31:50 INFO  : Successfully done setting XSCT server connection channel  
18:31:51 INFO  : Successfully done setting SDK workspace  
18:31:51 INFO  : Processing command line option -hwspec E:/1PD/FPGA/My/WaveWidth1/PLToPS1.sdk/system_wrapper.hdf.
18:31:51 INFO  : Checking for hwspec changes in the project system_wrapper_hw_platform_0.
18:31:53 INFO  : SDK has detected change in the last modified timestamps for source hardware specification file Source:1577352353399,  Project:1577245829038
18:31:53 INFO  : The hardware specification for project 'system_wrapper_hw_platform_0' is different from E:/1PD/FPGA/My/WaveWidth1/PLToPS1.sdk/system_wrapper.hdf.
18:31:53 INFO  : Copied contents of E:/1PD/FPGA/My/WaveWidth1/PLToPS1.sdk/system_wrapper.hdf into \system_wrapper_hw_platform_0\system.hdf.
18:31:55 INFO  : Synchronizing projects in the workspace with the hardware platform specification changes.
18:32:01 INFO  : 
18:32:02 INFO  : Updating hardware inferred compiler options for PL.
18:32:02 INFO  : Clearing existing target manager status.
18:32:02 WARN  : Given IPC port value is invalid. Using default port 2350
18:32:02 WARN  : Given XMD timeout value is invalid. Using default value of 50000
18:32:07 WARN  : Given XMD transaction timeout value is invalid. Using default value of 60000 milli seconds
18:34:00 INFO  : Connected to target on host '127.0.0.1' and port '3121'.
18:34:00 INFO  : Jtag cable 'Digilent JTAG-HS1 210249855184' is selected.
18:34:00 INFO  : 'jtag frequency' command is executed.
18:34:00 INFO  : Sourcing of 'E:/1PD/FPGA/My/WaveWidth1/PLToPS1.sdk/system_wrapper_hw_platform_0/ps7_init.tcl' is done.
18:34:00 INFO  : Context for 'APU' is selected.
18:34:00 INFO  : System reset is completed.
18:34:03 INFO  : 'after 3000' command is executed.
18:34:03 INFO  : 'targets -set -filter {jtag_cable_name =~ "Digilent JTAG-HS1 210249855184" && level==0} -index 1' command is executed.
18:34:07 INFO  : FPGA configured successfully with bitstream "E:/1PD/FPGA/My/WaveWidth1/PLToPS1.sdk/system_wrapper_hw_platform_0/system_wrapper.bit"
18:34:07 INFO  : Context for 'APU' is selected.
18:34:07 INFO  : Hardware design information is loaded from 'E:/1PD/FPGA/My/WaveWidth1/PLToPS1.sdk/system_wrapper_hw_platform_0/system.hdf'.
18:34:07 INFO  : 'configparams force-mem-access 1' command is executed.
18:34:07 INFO  : Context for 'APU' is selected.
18:34:08 INFO  : 'ps7_init' command is executed.
18:34:08 INFO  : 'ps7_post_config' command is executed.
18:34:08 INFO  : Context for processor 'ps7_cortexa9_0' is selected.
18:34:08 INFO  : The application 'E:/1PD/FPGA/My/WaveWidth1/PLToPS1.sdk/PL/Debug/PL.elf' is downloaded to processor 'ps7_cortexa9_0'.
18:34:08 INFO  : 'configparams force-mem-access 0' command is executed.
18:34:08 INFO  : ----------------XSDB Script----------------
connect -url tcp:127.0.0.1:3121
source E:/1PD/FPGA/My/WaveWidth1/PLToPS1.sdk/system_wrapper_hw_platform_0/ps7_init.tcl
targets -set -nocase -filter {name =~"APU*" && jtag_cable_name =~ "Digilent JTAG-HS1 210249855184"} -index 0
rst -system
after 3000
targets -set -filter {jtag_cable_name =~ "Digilent JTAG-HS1 210249855184" && level==0} -index 1
fpga -file E:/1PD/FPGA/My/WaveWidth1/PLToPS1.sdk/system_wrapper_hw_platform_0/system_wrapper.bit
targets -set -nocase -filter {name =~"APU*" && jtag_cable_name =~ "Digilent JTAG-HS1 210249855184"} -index 0
loadhw -hw E:/1PD/FPGA/My/WaveWidth1/PLToPS1.sdk/system_wrapper_hw_platform_0/system.hdf -mem-ranges [list {0x40000000 0xbfffffff}]
configparams force-mem-access 1
targets -set -nocase -filter {name =~"APU*" && jtag_cable_name =~ "Digilent JTAG-HS1 210249855184"} -index 0
ps7_init
ps7_post_config
targets -set -nocase -filter {name =~ "ARM*#0" && jtag_cable_name =~ "Digilent JTAG-HS1 210249855184"} -index 0
dow E:/1PD/FPGA/My/WaveWidth1/PLToPS1.sdk/PL/Debug/PL.elf
configparams force-mem-access 0
----------------End of Script----------------

18:34:08 INFO  : Memory regions updated for context APU
18:34:08 INFO  : Context for processor 'ps7_cortexa9_0' is selected.
18:34:08 INFO  : 'con' command is executed.
18:34:08 INFO  : ----------------XSDB Script (After Launch)----------------
targets -set -nocase -filter {name =~ "ARM*#0" && jtag_cable_name =~ "Digilent JTAG-HS1 210249855184"} -index 0
con
----------------End of Script----------------

18:34:08 INFO  : Launch script is exported to file 'E:\1PD\FPGA\My\WaveWidth1\PLToPS1.sdk\.sdk\launch_scripts\xilinx_c-c++_application_(system_debugger)\system_debugger_using_debug_pl.elf_on_local.tcl'
18:53:15 INFO  : Disconnected from the channel tcfchan#1.
18:53:21 INFO  : Connected to target on host '127.0.0.1' and port '3121'.
18:53:21 INFO  : Jtag cable 'Digilent JTAG-HS1 210249855184' is selected.
18:53:21 INFO  : 'jtag frequency' command is executed.
18:53:21 INFO  : Sourcing of 'E:/1PD/FPGA/My/WaveWidth1/PLToPS1.sdk/system_wrapper_hw_platform_0/ps7_init.tcl' is done.
18:53:21 INFO  : Context for 'APU' is selected.
18:53:21 INFO  : System reset is completed.
18:53:24 INFO  : 'after 3000' command is executed.
18:53:24 INFO  : 'targets -set -filter {jtag_cable_name =~ "Digilent JTAG-HS1 210249855184" && level==0} -index 1' command is executed.
18:53:28 INFO  : FPGA configured successfully with bitstream "E:/1PD/FPGA/My/WaveWidth1/PLToPS1.sdk/system_wrapper_hw_platform_0/system_wrapper.bit"
18:53:28 INFO  : Context for 'APU' is selected.
18:53:29 INFO  : Hardware design information is loaded from 'E:/1PD/FPGA/My/WaveWidth1/PLToPS1.sdk/system_wrapper_hw_platform_0/system.hdf'.
18:53:29 INFO  : 'configparams force-mem-access 1' command is executed.
18:53:29 INFO  : Context for 'APU' is selected.
18:53:30 INFO  : 'ps7_init' command is executed.
18:53:30 INFO  : 'ps7_post_config' command is executed.
18:53:30 INFO  : Context for processor 'ps7_cortexa9_0' is selected.
18:53:30 INFO  : The application 'E:/1PD/FPGA/My/WaveWidth1/PLToPS1.sdk/PL/Debug/PL.elf' is downloaded to processor 'ps7_cortexa9_0'.
18:53:30 INFO  : 'configparams force-mem-access 0' command is executed.
18:53:30 INFO  : ----------------XSDB Script----------------
connect -url tcp:127.0.0.1:3121
source E:/1PD/FPGA/My/WaveWidth1/PLToPS1.sdk/system_wrapper_hw_platform_0/ps7_init.tcl
targets -set -nocase -filter {name =~"APU*" && jtag_cable_name =~ "Digilent JTAG-HS1 210249855184"} -index 0
rst -system
after 3000
targets -set -filter {jtag_cable_name =~ "Digilent JTAG-HS1 210249855184" && level==0} -index 1
fpga -file E:/1PD/FPGA/My/WaveWidth1/PLToPS1.sdk/system_wrapper_hw_platform_0/system_wrapper.bit
targets -set -nocase -filter {name =~"APU*" && jtag_cable_name =~ "Digilent JTAG-HS1 210249855184"} -index 0
loadhw -hw E:/1PD/FPGA/My/WaveWidth1/PLToPS1.sdk/system_wrapper_hw_platform_0/system.hdf -mem-ranges [list {0x40000000 0xbfffffff}]
configparams force-mem-access 1
targets -set -nocase -filter {name =~"APU*" && jtag_cable_name =~ "Digilent JTAG-HS1 210249855184"} -index 0
ps7_init
ps7_post_config
targets -set -nocase -filter {name =~ "ARM*#0" && jtag_cable_name =~ "Digilent JTAG-HS1 210249855184"} -index 0
dow E:/1PD/FPGA/My/WaveWidth1/PLToPS1.sdk/PL/Debug/PL.elf
configparams force-mem-access 0
----------------End of Script----------------

18:53:30 INFO  : Memory regions updated for context APU
18:53:30 INFO  : Context for processor 'ps7_cortexa9_0' is selected.
18:53:30 INFO  : 'con' command is executed.
18:53:30 INFO  : ----------------XSDB Script (After Launch)----------------
targets -set -nocase -filter {name =~ "ARM*#0" && jtag_cable_name =~ "Digilent JTAG-HS1 210249855184"} -index 0
con
----------------End of Script----------------

18:53:30 INFO  : Launch script is exported to file 'E:\1PD\FPGA\My\WaveWidth1\PLToPS1.sdk\.sdk\launch_scripts\xilinx_c-c++_application_(system_debugger)\system_debugger_using_debug_pl.elf_on_local.tcl'
19:24:02 INFO  : Disconnected from the channel tcfchan#2.
19:24:10 ERROR : Unexpected error while parsing XMD response ?: com.google.gson.JsonSyntaxException: com.google.gson.stream.MalformedJsonException: invalid number or unquoted string near 
16:30:35 INFO  : Launching XSCT server: xsct.bat -interactive E:\1PD\FPGA\My\WaveWidth1\PLToPS1.sdk\temp_xsdb_launch_script.tcl
16:30:37 INFO  : XSCT server has started successfully.
16:30:37 INFO  : Successfully done setting XSCT server connection channel  
16:30:39 INFO  : Successfully done setting SDK workspace  
16:30:40 INFO  : Registering command handlers for SDK TCF services
16:30:41 INFO  : Processing command line option -hwspec E:/1PD/FPGA/My/WaveWidth1/PLToPS1.sdk/system_wrapper.hdf.
16:30:41 INFO  : Checking for hwspec changes in the project system_wrapper_hw_platform_0.
16:31:20 INFO  : Connected to target on host '127.0.0.1' and port '3121'.
16:31:21 INFO  : Jtag cable 'Digilent JTAG-HS1 210249855184' is selected.
16:31:21 INFO  : 'jtag frequency' command is executed.
16:31:21 INFO  : Sourcing of 'E:/1PD/FPGA/My/WaveWidth1/PLToPS1.sdk/system_wrapper_hw_platform_0/ps7_init.tcl' is done.
16:31:21 INFO  : Context for 'APU' is selected.
16:31:21 INFO  : System reset is completed.
16:31:24 INFO  : 'after 3000' command is executed.
16:31:24 INFO  : 'targets -set -filter {jtag_cable_name =~ "Digilent JTAG-HS1 210249855184" && level==0} -index 1' command is executed.
16:31:28 INFO  : FPGA configured successfully with bitstream "E:/1PD/FPGA/My/WaveWidth1/PLToPS1.sdk/system_wrapper_hw_platform_0/system_wrapper.bit"
16:31:28 INFO  : Context for 'APU' is selected.
16:31:28 INFO  : Hardware design information is loaded from 'E:/1PD/FPGA/My/WaveWidth1/PLToPS1.sdk/system_wrapper_hw_platform_0/system.hdf'.
16:31:28 INFO  : 'configparams force-mem-access 1' command is executed.
16:31:28 INFO  : Context for 'APU' is selected.
16:31:28 INFO  : 'ps7_init' command is executed.
16:31:28 INFO  : 'ps7_post_config' command is executed.
16:31:28 INFO  : Context for processor 'ps7_cortexa9_0' is selected.
16:31:29 INFO  : The application 'E:/1PD/FPGA/My/WaveWidth1/PLToPS1.sdk/PL/Debug/PL.elf' is downloaded to processor 'ps7_cortexa9_0'.
16:31:29 INFO  : 'configparams force-mem-access 0' command is executed.
16:31:29 INFO  : ----------------XSDB Script----------------
connect -url tcp:127.0.0.1:3121
source E:/1PD/FPGA/My/WaveWidth1/PLToPS1.sdk/system_wrapper_hw_platform_0/ps7_init.tcl
targets -set -nocase -filter {name =~"APU*" && jtag_cable_name =~ "Digilent JTAG-HS1 210249855184"} -index 0
rst -system
after 3000
targets -set -filter {jtag_cable_name =~ "Digilent JTAG-HS1 210249855184" && level==0} -index 1
fpga -file E:/1PD/FPGA/My/WaveWidth1/PLToPS1.sdk/system_wrapper_hw_platform_0/system_wrapper.bit
targets -set -nocase -filter {name =~"APU*" && jtag_cable_name =~ "Digilent JTAG-HS1 210249855184"} -index 0
loadhw -hw E:/1PD/FPGA/My/WaveWidth1/PLToPS1.sdk/system_wrapper_hw_platform_0/system.hdf -mem-ranges [list {0x40000000 0xbfffffff}]
configparams force-mem-access 1
targets -set -nocase -filter {name =~"APU*" && jtag_cable_name =~ "Digilent JTAG-HS1 210249855184"} -index 0
ps7_init
ps7_post_config
targets -set -nocase -filter {name =~ "ARM*#0" && jtag_cable_name =~ "Digilent JTAG-HS1 210249855184"} -index 0
dow E:/1PD/FPGA/My/WaveWidth1/PLToPS1.sdk/PL/Debug/PL.elf
configparams force-mem-access 0
----------------End of Script----------------

16:31:29 INFO  : Memory regions updated for context APU
16:31:29 INFO  : Context for processor 'ps7_cortexa9_0' is selected.
16:31:29 INFO  : 'con' command is executed.
16:31:29 INFO  : ----------------XSDB Script (After Launch)----------------
targets -set -nocase -filter {name =~ "ARM*#0" && jtag_cable_name =~ "Digilent JTAG-HS1 210249855184"} -index 0
con
----------------End of Script----------------

16:31:29 INFO  : Launch script is exported to file 'E:\1PD\FPGA\My\WaveWidth1\PLToPS1.sdk\.sdk\launch_scripts\xilinx_c-c++_application_(system_debugger)\system_debugger_using_debug_pl.elf_on_local.tcl'
16:38:25 INFO  : Disconnected from the channel tcfchan#1.
16:47:09 INFO  : Connected to target on host '127.0.0.1' and port '3121'.
16:47:09 INFO  : Jtag cable 'Digilent JTAG-HS1 210249855184' is selected.
16:47:09 INFO  : 'jtag frequency' command is executed.
16:47:09 INFO  : Sourcing of 'E:/1PD/FPGA/My/WaveWidth1/PLToPS1.sdk/system_wrapper_hw_platform_0/ps7_init.tcl' is done.
16:47:09 INFO  : Context for 'APU' is selected.
16:47:09 INFO  : System reset is completed.
16:47:12 INFO  : 'after 3000' command is executed.
16:47:12 INFO  : 'targets -set -filter {jtag_cable_name =~ "Digilent JTAG-HS1 210249855184" && level==0} -index 1' command is executed.
16:47:16 INFO  : FPGA configured successfully with bitstream "E:/1PD/FPGA/My/WaveWidth1/PLToPS1.sdk/system_wrapper_hw_platform_0/system_wrapper.bit"
16:47:16 INFO  : Context for 'APU' is selected.
16:47:17 INFO  : Hardware design information is loaded from 'E:/1PD/FPGA/My/WaveWidth1/PLToPS1.sdk/system_wrapper_hw_platform_0/system.hdf'.
16:47:17 INFO  : 'configparams force-mem-access 1' command is executed.
16:47:17 INFO  : Context for 'APU' is selected.
16:47:18 INFO  : 'ps7_init' command is executed.
16:47:18 INFO  : 'ps7_post_config' command is executed.
16:47:18 INFO  : Context for processor 'ps7_cortexa9_0' is selected.
16:47:18 INFO  : The application 'E:/1PD/FPGA/My/WaveWidth1/PLToPS1.sdk/PL/Debug/PL.elf' is downloaded to processor 'ps7_cortexa9_0'.
16:47:18 INFO  : 'configparams force-mem-access 0' command is executed.
16:47:18 INFO  : ----------------XSDB Script----------------
connect -url tcp:127.0.0.1:3121
source E:/1PD/FPGA/My/WaveWidth1/PLToPS1.sdk/system_wrapper_hw_platform_0/ps7_init.tcl
targets -set -nocase -filter {name =~"APU*" && jtag_cable_name =~ "Digilent JTAG-HS1 210249855184"} -index 0
rst -system
after 3000
targets -set -filter {jtag_cable_name =~ "Digilent JTAG-HS1 210249855184" && level==0} -index 1
fpga -file E:/1PD/FPGA/My/WaveWidth1/PLToPS1.sdk/system_wrapper_hw_platform_0/system_wrapper.bit
targets -set -nocase -filter {name =~"APU*" && jtag_cable_name =~ "Digilent JTAG-HS1 210249855184"} -index 0
loadhw -hw E:/1PD/FPGA/My/WaveWidth1/PLToPS1.sdk/system_wrapper_hw_platform_0/system.hdf -mem-ranges [list {0x40000000 0xbfffffff}]
configparams force-mem-access 1
targets -set -nocase -filter {name =~"APU*" && jtag_cable_name =~ "Digilent JTAG-HS1 210249855184"} -index 0
ps7_init
ps7_post_config
targets -set -nocase -filter {name =~ "ARM*#0" && jtag_cable_name =~ "Digilent JTAG-HS1 210249855184"} -index 0
dow E:/1PD/FPGA/My/WaveWidth1/PLToPS1.sdk/PL/Debug/PL.elf
configparams force-mem-access 0
----------------End of Script----------------

16:47:18 INFO  : Memory regions updated for context APU
16:47:18 INFO  : Context for processor 'ps7_cortexa9_0' is selected.
16:47:18 INFO  : 'con' command is executed.
16:47:18 INFO  : ----------------XSDB Script (After Launch)----------------
targets -set -nocase -filter {name =~ "ARM*#0" && jtag_cable_name =~ "Digilent JTAG-HS1 210249855184"} -index 0
con
----------------End of Script----------------

16:47:18 INFO  : Launch script is exported to file 'E:\1PD\FPGA\My\WaveWidth1\PLToPS1.sdk\.sdk\launch_scripts\xilinx_c-c++_application_(system_debugger)\system_debugger_using_debug_pl.elf_on_local.tcl'
16:59:36 INFO  : Disconnected from the channel tcfchan#2.
11:14:49 INFO  : Connected to target on host '127.0.0.1' and port '3121'.
11:14:50 INFO  : Jtag cable 'Digilent JTAG-HS1 210249855184' is selected.
11:14:50 INFO  : 'jtag frequency' command is executed.
11:14:50 INFO  : Sourcing of 'E:/1PD/FPGA/My/WaveWidth1/PLToPS1.sdk/system_wrapper_hw_platform_0/ps7_init.tcl' is done.
11:14:50 INFO  : Context for 'APU' is selected.
11:14:50 INFO  : System reset is completed.
11:14:53 INFO  : 'after 3000' command is executed.
11:14:53 INFO  : 'targets -set -filter {jtag_cable_name =~ "Digilent JTAG-HS1 210249855184" && level==0} -index 1' command is executed.
11:14:57 INFO  : FPGA configured successfully with bitstream "E:/1PD/FPGA/My/WaveWidth1/PLToPS1.sdk/system_wrapper_hw_platform_0/system_wrapper.bit"
11:14:57 INFO  : Context for 'APU' is selected.
11:14:58 INFO  : Hardware design information is loaded from 'E:/1PD/FPGA/My/WaveWidth1/PLToPS1.sdk/system_wrapper_hw_platform_0/system.hdf'.
11:14:58 INFO  : 'configparams force-mem-access 1' command is executed.
11:14:58 INFO  : Context for 'APU' is selected.
11:14:59 INFO  : 'ps7_init' command is executed.
11:14:59 INFO  : 'ps7_post_config' command is executed.
11:14:59 INFO  : Context for processor 'ps7_cortexa9_0' is selected.
11:14:59 INFO  : The application 'E:/1PD/FPGA/My/WaveWidth1/PLToPS1.sdk/PL/Debug/PL.elf' is downloaded to processor 'ps7_cortexa9_0'.
11:14:59 INFO  : 'configparams force-mem-access 0' command is executed.
11:14:59 INFO  : ----------------XSDB Script----------------
connect -url tcp:127.0.0.1:3121
source E:/1PD/FPGA/My/WaveWidth1/PLToPS1.sdk/system_wrapper_hw_platform_0/ps7_init.tcl
targets -set -nocase -filter {name =~"APU*" && jtag_cable_name =~ "Digilent JTAG-HS1 210249855184"} -index 0
rst -system
after 3000
targets -set -filter {jtag_cable_name =~ "Digilent JTAG-HS1 210249855184" && level==0} -index 1
fpga -file E:/1PD/FPGA/My/WaveWidth1/PLToPS1.sdk/system_wrapper_hw_platform_0/system_wrapper.bit
targets -set -nocase -filter {name =~"APU*" && jtag_cable_name =~ "Digilent JTAG-HS1 210249855184"} -index 0
loadhw -hw E:/1PD/FPGA/My/WaveWidth1/PLToPS1.sdk/system_wrapper_hw_platform_0/system.hdf -mem-ranges [list {0x40000000 0xbfffffff}]
configparams force-mem-access 1
targets -set -nocase -filter {name =~"APU*" && jtag_cable_name =~ "Digilent JTAG-HS1 210249855184"} -index 0
ps7_init
ps7_post_config
targets -set -nocase -filter {name =~ "ARM*#0" && jtag_cable_name =~ "Digilent JTAG-HS1 210249855184"} -index 0
dow E:/1PD/FPGA/My/WaveWidth1/PLToPS1.sdk/PL/Debug/PL.elf
configparams force-mem-access 0
----------------End of Script----------------

11:14:59 INFO  : Memory regions updated for context APU
11:14:59 INFO  : Context for processor 'ps7_cortexa9_0' is selected.
11:14:59 INFO  : 'con' command is executed.
11:14:59 INFO  : ----------------XSDB Script (After Launch)----------------
targets -set -nocase -filter {name =~ "ARM*#0" && jtag_cable_name =~ "Digilent JTAG-HS1 210249855184"} -index 0
con
----------------End of Script----------------

11:14:59 INFO  : Launch script is exported to file 'E:\1PD\FPGA\My\WaveWidth1\PLToPS1.sdk\.sdk\launch_scripts\xilinx_c-c++_application_(system_debugger)\system_debugger_using_debug_pl.elf_on_local.tcl'
11:18:11 INFO  : Disconnected from the channel tcfchan#3.
14:37:11 INFO  : Registering command handlers for SDK TCF services
14:37:11 INFO  : Launching XSCT server: xsct.bat -interactive E:\1PD\FPGA\My\WaveWidth1\PLToPS1.sdk\temp_xsdb_launch_script.tcl
14:37:13 INFO  : XSCT server has started successfully.
14:37:13 INFO  : Successfully done setting XSCT server connection channel  
14:37:14 INFO  : Successfully done setting SDK workspace  
14:37:14 INFO  : Processing command line option -hwspec E:/1PD/FPGA/My/WaveWidth1/PLToPS1.sdk/system_wrapper.hdf.
14:37:14 INFO  : Checking for hwspec changes in the project system_wrapper_hw_platform_0.
