09:54:21 INFO  : Registering command handlers for SDK TCF services
09:54:21 INFO  : Launching XSCT server: xsct.bat -interactive E:\1PD\FPGA\My\WaveWidthPhase2\PLToPS1.sdk\temp_xsdb_launch_script.tcl
09:54:24 INFO  : XSCT server has started successfully.
09:54:24 INFO  : Successfully done setting XSCT server connection channel  
09:54:24 INFO  : Successfully done setting SDK workspace  
09:54:24 INFO  : Processing command line option -hwspec E:/1PD/FPGA/My/WaveWidthPhase2/PLToPS1.sdk/system_wrapper.hdf.
09:57:24 INFO  : Refreshed build settings on project pl
09:58:48 INFO  : 'targets -set -filter {jtag_cable_name =~ "Digilent JTAG-HS1 210249855184" && level==0} -index 1' command is executed.
09:58:48 INFO  : 'fpga -state' command is executed.
09:58:48 INFO  : Connected to target on host '127.0.0.1' and port '3121'.
09:58:49 INFO  : Jtag cable 'Digilent JTAG-HS1 210249855184' is selected.
09:58:49 INFO  : 'jtag frequency' command is executed.
09:58:49 INFO  : Sourcing of 'E:/1PD/FPGA/My/WaveWidthPhase2/PLToPS1.sdk/system_wrapper_hw_platform_0/ps7_init.tcl' is done.
09:58:49 INFO  : Context for 'APU' is selected.
09:58:49 INFO  : Hardware design information is loaded from 'E:/1PD/FPGA/My/WaveWidthPhase2/PLToPS1.sdk/system_wrapper_hw_platform_0/system.hdf'.
09:58:49 INFO  : 'configparams force-mem-access 1' command is executed.
09:58:49 INFO  : Context for 'APU' is selected.
09:58:49 INFO  : 'stop' command is executed.
09:58:49 INFO  : 'ps7_init' command is executed.
09:58:49 INFO  : 'ps7_post_config' command is executed.
09:58:49 INFO  : Context for processor 'ps7_cortexa9_0' is selected.
09:58:49 INFO  : Processor reset is completed for 'ps7_cortexa9_0'.
09:58:49 INFO  : Context for processor 'ps7_cortexa9_0' is selected.
09:58:50 INFO  : The application 'E:/1PD/FPGA/My/WaveWidthPhase2/PLToPS1.sdk/pl/Debug/pl.elf' is downloaded to processor 'ps7_cortexa9_0'.
09:58:50 INFO  : 'configparams force-mem-access 0' command is executed.
09:58:50 INFO  : ----------------XSDB Script----------------
connect -url tcp:127.0.0.1:3121
source E:/1PD/FPGA/My/WaveWidthPhase2/PLToPS1.sdk/system_wrapper_hw_platform_0/ps7_init.tcl
targets -set -nocase -filter {name =~"APU*" && jtag_cable_name =~ "Digilent JTAG-HS1 210249855184"} -index 0
loadhw -hw E:/1PD/FPGA/My/WaveWidthPhase2/PLToPS1.sdk/system_wrapper_hw_platform_0/system.hdf -mem-ranges [list {0x40000000 0xbfffffff}]
configparams force-mem-access 1
targets -set -nocase -filter {name =~"APU*" && jtag_cable_name =~ "Digilent JTAG-HS1 210249855184"} -index 0
stop
ps7_init
ps7_post_config
targets -set -nocase -filter {name =~ "ARM*#0" && jtag_cable_name =~ "Digilent JTAG-HS1 210249855184"} -index 0
rst -processor
targets -set -nocase -filter {name =~ "ARM*#0" && jtag_cable_name =~ "Digilent JTAG-HS1 210249855184"} -index 0
dow E:/1PD/FPGA/My/WaveWidthPhase2/PLToPS1.sdk/pl/Debug/pl.elf
configparams force-mem-access 0
----------------End of Script----------------

09:58:50 INFO  : Memory regions updated for context APU
09:58:50 INFO  : Context for processor 'ps7_cortexa9_0' is selected.
09:58:50 INFO  : 'con' command is executed.
09:58:50 INFO  : ----------------XSDB Script (After Launch)----------------
targets -set -nocase -filter {name =~ "ARM*#0" && jtag_cable_name =~ "Digilent JTAG-HS1 210249855184"} -index 0
con
----------------End of Script----------------

09:58:50 INFO  : Launch script is exported to file 'E:\1PD\FPGA\My\WaveWidthPhase2\PLToPS1.sdk\.sdk\launch_scripts\xilinx_c-c++_application_(system_debugger)\system_debugger_using_debug_pl.elf_on_local.tcl'
09:58:55 INFO  : Disconnected from the channel tcfchan#1.
09:59:09 INFO  : Connected to target on host '127.0.0.1' and port '3121'.
09:59:09 INFO  : Jtag cable 'Digilent JTAG-HS1 210249855184' is selected.
09:59:09 INFO  : 'jtag frequency' command is executed.
09:59:09 INFO  : Sourcing of 'E:/1PD/FPGA/My/WaveWidthPhase2/PLToPS1.sdk/system_wrapper_hw_platform_0/ps7_init.tcl' is done.
09:59:09 INFO  : Context for 'APU' is selected.
09:59:09 INFO  : System reset is completed.
09:59:12 INFO  : 'after 3000' command is executed.
09:59:12 INFO  : 'targets -set -filter {jtag_cable_name =~ "Digilent JTAG-HS1 210249855184" && level==0} -index 1' command is executed.
09:59:16 INFO  : FPGA configured successfully with bitstream "E:/1PD/FPGA/My/WaveWidthPhase2/PLToPS1.sdk/system_wrapper_hw_platform_0/system_wrapper.bit"
09:59:16 INFO  : Context for 'APU' is selected.
09:59:16 INFO  : Hardware design information is loaded from 'E:/1PD/FPGA/My/WaveWidthPhase2/PLToPS1.sdk/system_wrapper_hw_platform_0/system.hdf'.
09:59:16 INFO  : 'configparams force-mem-access 1' command is executed.
09:59:16 INFO  : Context for 'APU' is selected.
09:59:17 INFO  : 'ps7_init' command is executed.
09:59:17 INFO  : 'ps7_post_config' command is executed.
09:59:17 INFO  : Context for processor 'ps7_cortexa9_0' is selected.
09:59:17 INFO  : The application 'E:/1PD/FPGA/My/WaveWidthPhase2/PLToPS1.sdk/pl/Debug/pl.elf' is downloaded to processor 'ps7_cortexa9_0'.
09:59:17 INFO  : 'configparams force-mem-access 0' command is executed.
09:59:17 INFO  : ----------------XSDB Script----------------
connect -url tcp:127.0.0.1:3121
source E:/1PD/FPGA/My/WaveWidthPhase2/PLToPS1.sdk/system_wrapper_hw_platform_0/ps7_init.tcl
targets -set -nocase -filter {name =~"APU*" && jtag_cable_name =~ "Digilent JTAG-HS1 210249855184"} -index 0
rst -system
after 3000
targets -set -filter {jtag_cable_name =~ "Digilent JTAG-HS1 210249855184" && level==0} -index 1
fpga -file E:/1PD/FPGA/My/WaveWidthPhase2/PLToPS1.sdk/system_wrapper_hw_platform_0/system_wrapper.bit
targets -set -nocase -filter {name =~"APU*" && jtag_cable_name =~ "Digilent JTAG-HS1 210249855184"} -index 0
loadhw -hw E:/1PD/FPGA/My/WaveWidthPhase2/PLToPS1.sdk/system_wrapper_hw_platform_0/system.hdf -mem-ranges [list {0x40000000 0xbfffffff}]
configparams force-mem-access 1
targets -set -nocase -filter {name =~"APU*" && jtag_cable_name =~ "Digilent JTAG-HS1 210249855184"} -index 0
ps7_init
ps7_post_config
targets -set -nocase -filter {name =~ "ARM*#0" && jtag_cable_name =~ "Digilent JTAG-HS1 210249855184"} -index 0
dow E:/1PD/FPGA/My/WaveWidthPhase2/PLToPS1.sdk/pl/Debug/pl.elf
configparams force-mem-access 0
----------------End of Script----------------

09:59:17 INFO  : Memory regions updated for context APU
09:59:17 INFO  : Context for processor 'ps7_cortexa9_0' is selected.
09:59:18 INFO  : 'con' command is executed.
09:59:18 INFO  : ----------------XSDB Script (After Launch)----------------
targets -set -nocase -filter {name =~ "ARM*#0" && jtag_cable_name =~ "Digilent JTAG-HS1 210249855184"} -index 0
con
----------------End of Script----------------

09:59:18 INFO  : Launch script is exported to file 'E:\1PD\FPGA\My\WaveWidthPhase2\PLToPS1.sdk\.sdk\launch_scripts\xilinx_c-c++_application_(system_debugger)\system_debugger_using_debug_pl.elf_on_local.tcl'
10:02:42 INFO  : Disconnected from the channel tcfchan#2.
10:02:47 INFO  : Connected to target on host '127.0.0.1' and port '3121'.
10:02:48 INFO  : Jtag cable 'Digilent JTAG-HS1 210249855184' is selected.
10:02:48 INFO  : 'jtag frequency' command is executed.
10:02:48 INFO  : Sourcing of 'E:/1PD/FPGA/My/WaveWidthPhase2/PLToPS1.sdk/system_wrapper_hw_platform_0/ps7_init.tcl' is done.
10:02:48 INFO  : Context for 'APU' is selected.
10:02:48 INFO  : System reset is completed.
10:02:51 INFO  : 'after 3000' command is executed.
10:02:51 INFO  : 'targets -set -filter {jtag_cable_name =~ "Digilent JTAG-HS1 210249855184" && level==0} -index 1' command is executed.
10:02:55 INFO  : FPGA configured successfully with bitstream "E:/1PD/FPGA/My/WaveWidthPhase2/PLToPS1.sdk/system_wrapper_hw_platform_0/system_wrapper.bit"
10:02:55 INFO  : Context for 'APU' is selected.
10:02:55 INFO  : Hardware design information is loaded from 'E:/1PD/FPGA/My/WaveWidthPhase2/PLToPS1.sdk/system_wrapper_hw_platform_0/system.hdf'.
10:02:55 INFO  : 'configparams force-mem-access 1' command is executed.
10:02:55 INFO  : Context for 'APU' is selected.
10:02:56 INFO  : 'ps7_init' command is executed.
10:02:56 INFO  : 'ps7_post_config' command is executed.
10:02:56 INFO  : Context for processor 'ps7_cortexa9_0' is selected.
10:02:56 INFO  : The application 'E:/1PD/FPGA/My/WaveWidthPhase2/PLToPS1.sdk/pl/Debug/pl.elf' is downloaded to processor 'ps7_cortexa9_0'.
10:02:56 INFO  : 'configparams force-mem-access 0' command is executed.
10:02:56 INFO  : ----------------XSDB Script----------------
connect -url tcp:127.0.0.1:3121
source E:/1PD/FPGA/My/WaveWidthPhase2/PLToPS1.sdk/system_wrapper_hw_platform_0/ps7_init.tcl
targets -set -nocase -filter {name =~"APU*" && jtag_cable_name =~ "Digilent JTAG-HS1 210249855184"} -index 0
rst -system
after 3000
targets -set -filter {jtag_cable_name =~ "Digilent JTAG-HS1 210249855184" && level==0} -index 1
fpga -file E:/1PD/FPGA/My/WaveWidthPhase2/PLToPS1.sdk/system_wrapper_hw_platform_0/system_wrapper.bit
targets -set -nocase -filter {name =~"APU*" && jtag_cable_name =~ "Digilent JTAG-HS1 210249855184"} -index 0
loadhw -hw E:/1PD/FPGA/My/WaveWidthPhase2/PLToPS1.sdk/system_wrapper_hw_platform_0/system.hdf -mem-ranges [list {0x40000000 0xbfffffff}]
configparams force-mem-access 1
targets -set -nocase -filter {name =~"APU*" && jtag_cable_name =~ "Digilent JTAG-HS1 210249855184"} -index 0
ps7_init
ps7_post_config
targets -set -nocase -filter {name =~ "ARM*#0" && jtag_cable_name =~ "Digilent JTAG-HS1 210249855184"} -index 0
dow E:/1PD/FPGA/My/WaveWidthPhase2/PLToPS1.sdk/pl/Debug/pl.elf
configparams force-mem-access 0
----------------End of Script----------------

10:02:56 INFO  : Memory regions updated for context APU
10:02:56 INFO  : Context for processor 'ps7_cortexa9_0' is selected.
10:02:56 INFO  : 'con' command is executed.
10:02:56 INFO  : ----------------XSDB Script (After Launch)----------------
targets -set -nocase -filter {name =~ "ARM*#0" && jtag_cable_name =~ "Digilent JTAG-HS1 210249855184"} -index 0
con
----------------End of Script----------------

10:02:56 INFO  : Launch script is exported to file 'E:\1PD\FPGA\My\WaveWidthPhase2\PLToPS1.sdk\.sdk\launch_scripts\xilinx_c-c++_application_(system_debugger)\system_debugger_using_debug_pl.elf_on_local.tcl'
10:02:58 INFO  : Disconnected from the channel tcfchan#3.
10:03:44 INFO  : Connected to target on host '127.0.0.1' and port '3121'.
10:03:44 INFO  : Jtag cable 'Digilent JTAG-HS1 210249855184' is selected.
10:03:44 INFO  : 'jtag frequency' command is executed.
10:03:44 INFO  : Sourcing of 'E:/1PD/FPGA/My/WaveWidthPhase2/PLToPS1.sdk/system_wrapper_hw_platform_0/ps7_init.tcl' is done.
10:03:44 INFO  : Context for 'APU' is selected.
10:03:45 INFO  : System reset is completed.
10:03:48 INFO  : 'after 3000' command is executed.
10:03:48 INFO  : 'targets -set -filter {jtag_cable_name =~ "Digilent JTAG-HS1 210249855184" && level==0} -index 1' command is executed.
10:03:52 INFO  : FPGA configured successfully with bitstream "E:/1PD/FPGA/My/WaveWidthPhase2/PLToPS1.sdk/system_wrapper_hw_platform_0/system_wrapper.bit"
10:03:52 INFO  : Context for 'APU' is selected.
10:03:53 INFO  : Hardware design information is loaded from 'E:/1PD/FPGA/My/WaveWidthPhase2/PLToPS1.sdk/system_wrapper_hw_platform_0/system.hdf'.
10:03:53 INFO  : 'configparams force-mem-access 1' command is executed.
10:03:53 INFO  : Context for 'APU' is selected.
10:03:53 INFO  : 'ps7_init' command is executed.
10:03:53 INFO  : 'ps7_post_config' command is executed.
10:03:53 INFO  : Context for processor 'ps7_cortexa9_0' is selected.
10:03:54 INFO  : The application 'E:/1PD/FPGA/My/WaveWidthPhase2/PLToPS1.sdk/pl/Debug/pl.elf' is downloaded to processor 'ps7_cortexa9_0'.
10:03:54 INFO  : 'configparams force-mem-access 0' command is executed.
10:03:54 INFO  : ----------------XSDB Script----------------
connect -url tcp:127.0.0.1:3121
source E:/1PD/FPGA/My/WaveWidthPhase2/PLToPS1.sdk/system_wrapper_hw_platform_0/ps7_init.tcl
targets -set -nocase -filter {name =~"APU*" && jtag_cable_name =~ "Digilent JTAG-HS1 210249855184"} -index 0
rst -system
after 3000
targets -set -filter {jtag_cable_name =~ "Digilent JTAG-HS1 210249855184" && level==0} -index 1
fpga -file E:/1PD/FPGA/My/WaveWidthPhase2/PLToPS1.sdk/system_wrapper_hw_platform_0/system_wrapper.bit
targets -set -nocase -filter {name =~"APU*" && jtag_cable_name =~ "Digilent JTAG-HS1 210249855184"} -index 0
loadhw -hw E:/1PD/FPGA/My/WaveWidthPhase2/PLToPS1.sdk/system_wrapper_hw_platform_0/system.hdf -mem-ranges [list {0x40000000 0xbfffffff}]
configparams force-mem-access 1
targets -set -nocase -filter {name =~"APU*" && jtag_cable_name =~ "Digilent JTAG-HS1 210249855184"} -index 0
ps7_init
ps7_post_config
targets -set -nocase -filter {name =~ "ARM*#0" && jtag_cable_name =~ "Digilent JTAG-HS1 210249855184"} -index 0
dow E:/1PD/FPGA/My/WaveWidthPhase2/PLToPS1.sdk/pl/Debug/pl.elf
configparams force-mem-access 0
----------------End of Script----------------

10:03:54 INFO  : Memory regions updated for context APU
10:03:54 INFO  : Context for processor 'ps7_cortexa9_0' is selected.
10:03:54 INFO  : 'con' command is executed.
10:03:54 INFO  : ----------------XSDB Script (After Launch)----------------
targets -set -nocase -filter {name =~ "ARM*#0" && jtag_cable_name =~ "Digilent JTAG-HS1 210249855184"} -index 0
con
----------------End of Script----------------

10:03:54 INFO  : Launch script is exported to file 'E:\1PD\FPGA\My\WaveWidthPhase2\PLToPS1.sdk\.sdk\launch_scripts\xilinx_c-c++_application_(system_debugger)\system_debugger_using_debug_pl.elf_on_local.tcl'
10:04:44 INFO  : Disconnected from the channel tcfchan#4.
10:04:57 INFO  : Connected to target on host '127.0.0.1' and port '3121'.
10:04:58 INFO  : Jtag cable 'Digilent JTAG-HS1 210249855184' is selected.
10:04:58 INFO  : 'jtag frequency' command is executed.
10:04:58 INFO  : Sourcing of 'E:/1PD/FPGA/My/WaveWidthPhase2/PLToPS1.sdk/system_wrapper_hw_platform_0/ps7_init.tcl' is done.
10:04:58 INFO  : Context for 'APU' is selected.
10:04:58 INFO  : System reset is completed.
10:05:01 INFO  : 'after 3000' command is executed.
10:05:01 INFO  : 'targets -set -filter {jtag_cable_name =~ "Digilent JTAG-HS1 210249855184" && level==0} -index 1' command is executed.
10:05:05 INFO  : FPGA configured successfully with bitstream "E:/1PD/FPGA/My/WaveWidthPhase2/PLToPS1.sdk/system_wrapper_hw_platform_0/system_wrapper.bit"
10:05:05 INFO  : Context for 'APU' is selected.
10:05:07 INFO  : Hardware design information is loaded from 'E:/1PD/FPGA/My/WaveWidthPhase2/PLToPS1.sdk/system_wrapper_hw_platform_0/system.hdf'.
10:05:07 INFO  : 'configparams force-mem-access 1' command is executed.
10:05:07 INFO  : Context for 'APU' is selected.
10:05:07 INFO  : 'ps7_init' command is executed.
10:05:07 INFO  : 'ps7_post_config' command is executed.
10:05:07 INFO  : Context for processor 'ps7_cortexa9_0' is selected.
10:05:07 INFO  : The application 'E:/1PD/FPGA/My/WaveWidthPhase2/PLToPS1.sdk/pl/Debug/pl.elf' is downloaded to processor 'ps7_cortexa9_0'.
10:05:07 INFO  : 'configparams force-mem-access 0' command is executed.
10:05:07 INFO  : ----------------XSDB Script----------------
connect -url tcp:127.0.0.1:3121
source E:/1PD/FPGA/My/WaveWidthPhase2/PLToPS1.sdk/system_wrapper_hw_platform_0/ps7_init.tcl
targets -set -nocase -filter {name =~"APU*" && jtag_cable_name =~ "Digilent JTAG-HS1 210249855184"} -index 0
rst -system
after 3000
targets -set -filter {jtag_cable_name =~ "Digilent JTAG-HS1 210249855184" && level==0} -index 1
fpga -file E:/1PD/FPGA/My/WaveWidthPhase2/PLToPS1.sdk/system_wrapper_hw_platform_0/system_wrapper.bit
targets -set -nocase -filter {name =~"APU*" && jtag_cable_name =~ "Digilent JTAG-HS1 210249855184"} -index 0
loadhw -hw E:/1PD/FPGA/My/WaveWidthPhase2/PLToPS1.sdk/system_wrapper_hw_platform_0/system.hdf -mem-ranges [list {0x40000000 0xbfffffff}]
configparams force-mem-access 1
targets -set -nocase -filter {name =~"APU*" && jtag_cable_name =~ "Digilent JTAG-HS1 210249855184"} -index 0
ps7_init
ps7_post_config
targets -set -nocase -filter {name =~ "ARM*#0" && jtag_cable_name =~ "Digilent JTAG-HS1 210249855184"} -index 0
dow E:/1PD/FPGA/My/WaveWidthPhase2/PLToPS1.sdk/pl/Debug/pl.elf
configparams force-mem-access 0
----------------End of Script----------------

10:05:07 INFO  : Memory regions updated for context APU
10:05:08 INFO  : Context for processor 'ps7_cortexa9_0' is selected.
10:05:08 INFO  : 'con' command is executed.
10:05:08 INFO  : ----------------XSDB Script (After Launch)----------------
targets -set -nocase -filter {name =~ "ARM*#0" && jtag_cable_name =~ "Digilent JTAG-HS1 210249855184"} -index 0
con
----------------End of Script----------------

10:05:08 INFO  : Launch script is exported to file 'E:\1PD\FPGA\My\WaveWidthPhase2\PLToPS1.sdk\.sdk\launch_scripts\xilinx_c-c++_application_(system_debugger)\system_debugger_using_debug_pl.elf_on_local.tcl'
10:07:07 INFO  : Disconnected from the channel tcfchan#5.
10:18:58 INFO  : Registering command handlers for SDK TCF services
10:18:58 INFO  : Launching XSCT server: xsct.bat -interactive E:\1PD\FPGA\My\WaveWidthPhase2\PLToPS1.sdk\temp_xsdb_launch_script.tcl
10:19:00 INFO  : XSCT server has started successfully.
10:19:00 INFO  : Successfully done setting XSCT server connection channel  
10:19:01 INFO  : Successfully done setting SDK workspace  
10:19:01 INFO  : Processing command line option -hwspec E:/1PD/FPGA/My/WaveWidthPhase2/PLToPS1.sdk/system_wrapper.hdf.
10:19:01 INFO  : Checking for hwspec changes in the project system_wrapper_hw_platform_0.
10:19:18 INFO  : Connected to target on host '127.0.0.1' and port '3121'.
10:19:19 INFO  : Jtag cable 'Digilent JTAG-HS1 210249855184' is selected.
10:19:19 INFO  : 'jtag frequency' command is executed.
10:19:19 INFO  : Sourcing of 'E:/1PD/FPGA/My/WaveWidthPhase2/PLToPS1.sdk/system_wrapper_hw_platform_0/ps7_init.tcl' is done.
10:19:19 INFO  : Context for 'APU' is selected.
10:19:19 INFO  : System reset is completed.
10:19:22 INFO  : 'after 3000' command is executed.
10:19:22 INFO  : 'targets -set -filter {jtag_cable_name =~ "Digilent JTAG-HS1 210249855184" && level==0} -index 1' command is executed.
10:19:26 INFO  : FPGA configured successfully with bitstream "E:/1PD/FPGA/My/WaveWidthPhase2/PLToPS1.sdk/system_wrapper_hw_platform_0/system_wrapper.bit"
10:19:26 INFO  : Context for 'APU' is selected.
10:19:26 INFO  : Hardware design information is loaded from 'E:/1PD/FPGA/My/WaveWidthPhase2/PLToPS1.sdk/system_wrapper_hw_platform_0/system.hdf'.
10:19:26 INFO  : 'configparams force-mem-access 1' command is executed.
10:19:26 INFO  : Context for 'APU' is selected.
10:19:27 INFO  : 'ps7_init' command is executed.
10:19:27 INFO  : 'ps7_post_config' command is executed.
10:19:27 INFO  : Context for processor 'ps7_cortexa9_0' is selected.
10:19:27 INFO  : The application 'E:/1PD/FPGA/My/WaveWidthPhase2/PLToPS1.sdk/pl/Debug/pl.elf' is downloaded to processor 'ps7_cortexa9_0'.
10:19:27 INFO  : 'configparams force-mem-access 0' command is executed.
10:19:27 INFO  : ----------------XSDB Script----------------
connect -url tcp:127.0.0.1:3121
source E:/1PD/FPGA/My/WaveWidthPhase2/PLToPS1.sdk/system_wrapper_hw_platform_0/ps7_init.tcl
targets -set -nocase -filter {name =~"APU*" && jtag_cable_name =~ "Digilent JTAG-HS1 210249855184"} -index 0
rst -system
after 3000
targets -set -filter {jtag_cable_name =~ "Digilent JTAG-HS1 210249855184" && level==0} -index 1
fpga -file E:/1PD/FPGA/My/WaveWidthPhase2/PLToPS1.sdk/system_wrapper_hw_platform_0/system_wrapper.bit
targets -set -nocase -filter {name =~"APU*" && jtag_cable_name =~ "Digilent JTAG-HS1 210249855184"} -index 0
loadhw -hw E:/1PD/FPGA/My/WaveWidthPhase2/PLToPS1.sdk/system_wrapper_hw_platform_0/system.hdf -mem-ranges [list {0x40000000 0xbfffffff}]
configparams force-mem-access 1
targets -set -nocase -filter {name =~"APU*" && jtag_cable_name =~ "Digilent JTAG-HS1 210249855184"} -index 0
ps7_init
ps7_post_config
targets -set -nocase -filter {name =~ "ARM*#0" && jtag_cable_name =~ "Digilent JTAG-HS1 210249855184"} -index 0
dow E:/1PD/FPGA/My/WaveWidthPhase2/PLToPS1.sdk/pl/Debug/pl.elf
configparams force-mem-access 0
----------------End of Script----------------

10:19:27 INFO  : Memory regions updated for context APU
10:19:27 INFO  : Context for processor 'ps7_cortexa9_0' is selected.
10:19:27 INFO  : 'con' command is executed.
10:19:27 INFO  : ----------------XSDB Script (After Launch)----------------
targets -set -nocase -filter {name =~ "ARM*#0" && jtag_cable_name =~ "Digilent JTAG-HS1 210249855184"} -index 0
con
----------------End of Script----------------

10:19:27 INFO  : Launch script is exported to file 'E:\1PD\FPGA\My\WaveWidthPhase2\PLToPS1.sdk\.sdk\launch_scripts\xilinx_c-c++_application_(system_debugger)\system_debugger_using_debug_pl.elf_on_local.tcl'
10:20:11 INFO  : Disconnected from the channel tcfchan#1.
10:14:26 INFO  : Registering command handlers for SDK TCF services
10:14:27 INFO  : Launching XSCT server: xsct.bat -interactive E:\1PD\FPGA\My\WaveWidthPhase2constrain\PLToPS1.sdk\temp_xsdb_launch_script.tcl
10:14:30 INFO  : XSCT server has started successfully.
10:14:30 INFO  : Successfully done setting XSCT server connection channel  
10:14:31 INFO  : Successfully done setting SDK workspace  
10:14:31 INFO  : Processing command line option -hwspec E:/1PD/FPGA/My/WaveWidthPhase2constrain/PLToPS1.sdk/system_wrapper.hdf.
10:15:26 INFO  : Connected to target on host '127.0.0.1' and port '3121'.
10:15:26 INFO  : Jtag cable 'Digilent JTAG-HS1 210249855184' is selected.
10:15:26 INFO  : 'jtag frequency' command is executed.
10:15:26 INFO  : Sourcing of 'E:/1PD/FPGA/My/WaveWidthPhase2constrain/PLToPS1.sdk/system_wrapper_hw_platform_0/ps7_init.tcl' is done.
10:15:26 INFO  : Context for 'APU' is selected.
10:15:26 INFO  : System reset is completed.
10:15:29 INFO  : 'after 3000' command is executed.
10:15:29 INFO  : 'targets -set -filter {jtag_cable_name =~ "Digilent JTAG-HS1 210249855184" && level==0} -index 1' command is executed.
10:15:33 INFO  : FPGA configured successfully with bitstream "E:/1PD/FPGA/My/WaveWidthPhase2constrain/PLToPS1.sdk/system_wrapper_hw_platform_0/system_wrapper.bit"
10:15:33 INFO  : Context for 'APU' is selected.
10:15:33 INFO  : Hardware design information is loaded from 'E:/1PD/FPGA/My/WaveWidthPhase2constrain/PLToPS1.sdk/system_wrapper_hw_platform_0/system.hdf'.
10:15:33 INFO  : 'configparams force-mem-access 1' command is executed.
10:15:33 INFO  : Context for 'APU' is selected.
10:15:34 INFO  : 'ps7_init' command is executed.
10:15:34 INFO  : 'ps7_post_config' command is executed.
10:15:34 INFO  : Context for processor 'ps7_cortexa9_0' is selected.
10:15:34 INFO  : The application 'E:/1PD/FPGA/My/WaveWidthPhase2constrain/PLToPS1.sdk/pl/Debug/pl.elf' is downloaded to processor 'ps7_cortexa9_0'.
10:15:34 INFO  : 'configparams force-mem-access 0' command is executed.
10:15:34 INFO  : ----------------XSDB Script----------------
connect -url tcp:127.0.0.1:3121
source E:/1PD/FPGA/My/WaveWidthPhase2constrain/PLToPS1.sdk/system_wrapper_hw_platform_0/ps7_init.tcl
targets -set -nocase -filter {name =~"APU*" && jtag_cable_name =~ "Digilent JTAG-HS1 210249855184"} -index 0
rst -system
after 3000
targets -set -filter {jtag_cable_name =~ "Digilent JTAG-HS1 210249855184" && level==0} -index 1
fpga -file E:/1PD/FPGA/My/WaveWidthPhase2constrain/PLToPS1.sdk/system_wrapper_hw_platform_0/system_wrapper.bit
targets -set -nocase -filter {name =~"APU*" && jtag_cable_name =~ "Digilent JTAG-HS1 210249855184"} -index 0
loadhw -hw E:/1PD/FPGA/My/WaveWidthPhase2constrain/PLToPS1.sdk/system_wrapper_hw_platform_0/system.hdf -mem-ranges [list {0x40000000 0xbfffffff}]
configparams force-mem-access 1
targets -set -nocase -filter {name =~"APU*" && jtag_cable_name =~ "Digilent JTAG-HS1 210249855184"} -index 0
ps7_init
ps7_post_config
targets -set -nocase -filter {name =~ "ARM*#0" && jtag_cable_name =~ "Digilent JTAG-HS1 210249855184"} -index 0
dow E:/1PD/FPGA/My/WaveWidthPhase2constrain/PLToPS1.sdk/pl/Debug/pl.elf
configparams force-mem-access 0
----------------End of Script----------------

10:15:34 INFO  : Memory regions updated for context APU
10:15:34 INFO  : Context for processor 'ps7_cortexa9_0' is selected.
10:15:34 INFO  : 'con' command is executed.
10:15:34 INFO  : ----------------XSDB Script (After Launch)----------------
targets -set -nocase -filter {name =~ "ARM*#0" && jtag_cable_name =~ "Digilent JTAG-HS1 210249855184"} -index 0
con
----------------End of Script----------------

10:15:34 INFO  : Launch script is exported to file 'E:\1PD\FPGA\My\WaveWidthPhase2constrain\PLToPS1.sdk\.sdk\launch_scripts\xilinx_c-c++_application_(system_debugger)\system_debugger_using_debug_pl.elf_on_local.tcl'
10:17:34 INFO  : Disconnected from the channel tcfchan#1.
10:17:36 INFO  : Connected to target on host '127.0.0.1' and port '3121'.
10:17:36 INFO  : Jtag cable 'Digilent JTAG-HS1 210249855184' is selected.
10:17:36 INFO  : 'jtag frequency' command is executed.
10:17:36 INFO  : Sourcing of 'E:/1PD/FPGA/My/WaveWidthPhase2constrain/PLToPS1.sdk/system_wrapper_hw_platform_0/ps7_init.tcl' is done.
10:17:36 INFO  : Context for 'APU' is selected.
10:17:37 INFO  : System reset is completed.
10:17:40 INFO  : 'after 3000' command is executed.
10:17:40 INFO  : 'targets -set -filter {jtag_cable_name =~ "Digilent JTAG-HS1 210249855184" && level==0} -index 1' command is executed.
10:17:44 INFO  : FPGA configured successfully with bitstream "E:/1PD/FPGA/My/WaveWidthPhase2constrain/PLToPS1.sdk/system_wrapper_hw_platform_0/system_wrapper.bit"
10:17:44 INFO  : Context for 'APU' is selected.
10:17:45 INFO  : Hardware design information is loaded from 'E:/1PD/FPGA/My/WaveWidthPhase2constrain/PLToPS1.sdk/system_wrapper_hw_platform_0/system.hdf'.
10:17:45 INFO  : 'configparams force-mem-access 1' command is executed.
10:17:45 INFO  : Context for 'APU' is selected.
10:17:45 INFO  : 'ps7_init' command is executed.
10:17:45 INFO  : 'ps7_post_config' command is executed.
10:17:46 INFO  : Context for processor 'ps7_cortexa9_0' is selected.
10:17:46 INFO  : The application 'E:/1PD/FPGA/My/WaveWidthPhase2constrain/PLToPS1.sdk/pl/Debug/pl.elf' is downloaded to processor 'ps7_cortexa9_0'.
10:17:46 INFO  : 'configparams force-mem-access 0' command is executed.
10:17:46 INFO  : ----------------XSDB Script----------------
connect -url tcp:127.0.0.1:3121
source E:/1PD/FPGA/My/WaveWidthPhase2constrain/PLToPS1.sdk/system_wrapper_hw_platform_0/ps7_init.tcl
targets -set -nocase -filter {name =~"APU*" && jtag_cable_name =~ "Digilent JTAG-HS1 210249855184"} -index 0
rst -system
after 3000
targets -set -filter {jtag_cable_name =~ "Digilent JTAG-HS1 210249855184" && level==0} -index 1
fpga -file E:/1PD/FPGA/My/WaveWidthPhase2constrain/PLToPS1.sdk/system_wrapper_hw_platform_0/system_wrapper.bit
targets -set -nocase -filter {name =~"APU*" && jtag_cable_name =~ "Digilent JTAG-HS1 210249855184"} -index 0
loadhw -hw E:/1PD/FPGA/My/WaveWidthPhase2constrain/PLToPS1.sdk/system_wrapper_hw_platform_0/system.hdf -mem-ranges [list {0x40000000 0xbfffffff}]
configparams force-mem-access 1
targets -set -nocase -filter {name =~"APU*" && jtag_cable_name =~ "Digilent JTAG-HS1 210249855184"} -index 0
ps7_init
ps7_post_config
targets -set -nocase -filter {name =~ "ARM*#0" && jtag_cable_name =~ "Digilent JTAG-HS1 210249855184"} -index 0
dow E:/1PD/FPGA/My/WaveWidthPhase2constrain/PLToPS1.sdk/pl/Debug/pl.elf
configparams force-mem-access 0
----------------End of Script----------------

10:17:46 INFO  : Memory regions updated for context APU
10:17:46 INFO  : Context for processor 'ps7_cortexa9_0' is selected.
10:17:46 INFO  : 'con' command is executed.
10:17:46 INFO  : ----------------XSDB Script (After Launch)----------------
targets -set -nocase -filter {name =~ "ARM*#0" && jtag_cable_name =~ "Digilent JTAG-HS1 210249855184"} -index 0
con
----------------End of Script----------------

10:17:46 INFO  : Launch script is exported to file 'E:\1PD\FPGA\My\WaveWidthPhase2constrain\PLToPS1.sdk\.sdk\launch_scripts\xilinx_c-c++_application_(system_debugger)\system_debugger_using_debug_pl.elf_on_local.tcl'
10:21:44 INFO  : Disconnected from the channel tcfchan#2.
10:22:16 INFO  : Connected to target on host '127.0.0.1' and port '3121'.
10:22:17 INFO  : Jtag cable 'Digilent JTAG-HS1 210249855184' is selected.
10:22:17 INFO  : 'jtag frequency' command is executed.
10:22:17 INFO  : Sourcing of 'E:/1PD/FPGA/My/WaveWidthPhase2constrain/PLToPS1.sdk/system_wrapper_hw_platform_0/ps7_init.tcl' is done.
10:22:17 INFO  : Context for 'APU' is selected.
10:22:17 INFO  : System reset is completed.
10:22:20 INFO  : 'after 3000' command is executed.
10:22:20 INFO  : 'targets -set -filter {jtag_cable_name =~ "Digilent JTAG-HS1 210249855184" && level==0} -index 1' command is executed.
10:22:24 INFO  : FPGA configured successfully with bitstream "E:/1PD/FPGA/My/WaveWidthPhase2constrain/PLToPS1.sdk/system_wrapper_hw_platform_0/system_wrapper.bit"
10:22:24 INFO  : Context for 'APU' is selected.
10:22:24 INFO  : Hardware design information is loaded from 'E:/1PD/FPGA/My/WaveWidthPhase2constrain/PLToPS1.sdk/system_wrapper_hw_platform_0/system.hdf'.
10:22:24 INFO  : 'configparams force-mem-access 1' command is executed.
10:22:24 INFO  : Context for 'APU' is selected.
10:22:24 INFO  : 'ps7_init' command is executed.
10:22:25 INFO  : 'ps7_post_config' command is executed.
10:22:25 INFO  : Context for processor 'ps7_cortexa9_0' is selected.
10:22:25 INFO  : The application 'E:/1PD/FPGA/My/WaveWidthPhase2constrain/PLToPS1.sdk/pl/Debug/pl.elf' is downloaded to processor 'ps7_cortexa9_0'.
10:22:25 INFO  : 'configparams force-mem-access 0' command is executed.
10:22:25 INFO  : ----------------XSDB Script----------------
connect -url tcp:127.0.0.1:3121
source E:/1PD/FPGA/My/WaveWidthPhase2constrain/PLToPS1.sdk/system_wrapper_hw_platform_0/ps7_init.tcl
targets -set -nocase -filter {name =~"APU*" && jtag_cable_name =~ "Digilent JTAG-HS1 210249855184"} -index 0
rst -system
after 3000
targets -set -filter {jtag_cable_name =~ "Digilent JTAG-HS1 210249855184" && level==0} -index 1
fpga -file E:/1PD/FPGA/My/WaveWidthPhase2constrain/PLToPS1.sdk/system_wrapper_hw_platform_0/system_wrapper.bit
targets -set -nocase -filter {name =~"APU*" && jtag_cable_name =~ "Digilent JTAG-HS1 210249855184"} -index 0
loadhw -hw E:/1PD/FPGA/My/WaveWidthPhase2constrain/PLToPS1.sdk/system_wrapper_hw_platform_0/system.hdf -mem-ranges [list {0x40000000 0xbfffffff}]
configparams force-mem-access 1
targets -set -nocase -filter {name =~"APU*" && jtag_cable_name =~ "Digilent JTAG-HS1 210249855184"} -index 0
ps7_init
ps7_post_config
targets -set -nocase -filter {name =~ "ARM*#0" && jtag_cable_name =~ "Digilent JTAG-HS1 210249855184"} -index 0
dow E:/1PD/FPGA/My/WaveWidthPhase2constrain/PLToPS1.sdk/pl/Debug/pl.elf
configparams force-mem-access 0
----------------End of Script----------------

10:22:25 INFO  : Memory regions updated for context APU
10:22:25 INFO  : Context for processor 'ps7_cortexa9_0' is selected.
10:22:25 INFO  : 'con' command is executed.
10:22:25 INFO  : ----------------XSDB Script (After Launch)----------------
targets -set -nocase -filter {name =~ "ARM*#0" && jtag_cable_name =~ "Digilent JTAG-HS1 210249855184"} -index 0
con
----------------End of Script----------------

10:22:25 INFO  : Launch script is exported to file 'E:\1PD\FPGA\My\WaveWidthPhase2constrain\PLToPS1.sdk\.sdk\launch_scripts\xilinx_c-c++_application_(system_debugger)\system_debugger_using_debug_pl.elf_on_local.tcl'
10:23:16 INFO  : Disconnected from the channel tcfchan#3.
10:23:47 INFO  : Connected to target on host '127.0.0.1' and port '3121'.
10:23:47 INFO  : Jtag cable 'Digilent JTAG-HS1 210249855184' is selected.
10:23:47 INFO  : 'jtag frequency' command is executed.
10:23:47 INFO  : Sourcing of 'E:/1PD/FPGA/My/WaveWidthPhase2constrain/PLToPS1.sdk/system_wrapper_hw_platform_0/ps7_init.tcl' is done.
10:23:47 INFO  : Context for 'APU' is selected.
10:23:48 INFO  : System reset is completed.
10:23:51 INFO  : 'after 3000' command is executed.
10:23:51 INFO  : 'targets -set -filter {jtag_cable_name =~ "Digilent JTAG-HS1 210249855184" && level==0} -index 1' command is executed.
10:23:55 INFO  : FPGA configured successfully with bitstream "E:/1PD/FPGA/My/WaveWidthPhase2constrain/PLToPS1.sdk/system_wrapper_hw_platform_0/system_wrapper.bit"
10:23:55 INFO  : Context for 'APU' is selected.
10:23:55 INFO  : Hardware design information is loaded from 'E:/1PD/FPGA/My/WaveWidthPhase2constrain/PLToPS1.sdk/system_wrapper_hw_platform_0/system.hdf'.
10:23:55 INFO  : 'configparams force-mem-access 1' command is executed.
10:23:55 INFO  : Context for 'APU' is selected.
10:23:55 INFO  : 'ps7_init' command is executed.
10:23:55 INFO  : 'ps7_post_config' command is executed.
10:23:55 INFO  : Context for processor 'ps7_cortexa9_0' is selected.
10:23:56 INFO  : The application 'E:/1PD/FPGA/My/WaveWidthPhase2constrain/PLToPS1.sdk/pl/Debug/pl.elf' is downloaded to processor 'ps7_cortexa9_0'.
10:23:56 INFO  : 'configparams force-mem-access 0' command is executed.
10:23:56 INFO  : ----------------XSDB Script----------------
connect -url tcp:127.0.0.1:3121
source E:/1PD/FPGA/My/WaveWidthPhase2constrain/PLToPS1.sdk/system_wrapper_hw_platform_0/ps7_init.tcl
targets -set -nocase -filter {name =~"APU*" && jtag_cable_name =~ "Digilent JTAG-HS1 210249855184"} -index 0
rst -system
after 3000
targets -set -filter {jtag_cable_name =~ "Digilent JTAG-HS1 210249855184" && level==0} -index 1
fpga -file E:/1PD/FPGA/My/WaveWidthPhase2constrain/PLToPS1.sdk/system_wrapper_hw_platform_0/system_wrapper.bit
targets -set -nocase -filter {name =~"APU*" && jtag_cable_name =~ "Digilent JTAG-HS1 210249855184"} -index 0
loadhw -hw E:/1PD/FPGA/My/WaveWidthPhase2constrain/PLToPS1.sdk/system_wrapper_hw_platform_0/system.hdf -mem-ranges [list {0x40000000 0xbfffffff}]
configparams force-mem-access 1
targets -set -nocase -filter {name =~"APU*" && jtag_cable_name =~ "Digilent JTAG-HS1 210249855184"} -index 0
ps7_init
ps7_post_config
targets -set -nocase -filter {name =~ "ARM*#0" && jtag_cable_name =~ "Digilent JTAG-HS1 210249855184"} -index 0
dow E:/1PD/FPGA/My/WaveWidthPhase2constrain/PLToPS1.sdk/pl/Debug/pl.elf
configparams force-mem-access 0
----------------End of Script----------------

10:23:56 INFO  : Memory regions updated for context APU
10:23:56 INFO  : Context for processor 'ps7_cortexa9_0' is selected.
10:23:56 INFO  : 'con' command is executed.
10:23:56 INFO  : ----------------XSDB Script (After Launch)----------------
targets -set -nocase -filter {name =~ "ARM*#0" && jtag_cable_name =~ "Digilent JTAG-HS1 210249855184"} -index 0
con
----------------End of Script----------------

10:23:56 INFO  : Launch script is exported to file 'E:\1PD\FPGA\My\WaveWidthPhase2constrain\PLToPS1.sdk\.sdk\launch_scripts\xilinx_c-c++_application_(system_debugger)\system_debugger_using_debug_pl.elf_on_local.tcl'
10:24:39 INFO  : Disconnected from the channel tcfchan#4.
10:25:03 INFO  : Connected to target on host '127.0.0.1' and port '3121'.
10:25:04 INFO  : Jtag cable 'Digilent JTAG-HS1 210249855184' is selected.
10:25:04 INFO  : 'jtag frequency' command is executed.
10:25:04 INFO  : Sourcing of 'E:/1PD/FPGA/My/WaveWidthPhase2constrain/PLToPS1.sdk/system_wrapper_hw_platform_0/ps7_init.tcl' is done.
10:25:04 INFO  : Context for 'APU' is selected.
10:25:04 INFO  : System reset is completed.
10:25:07 INFO  : 'after 3000' command is executed.
10:25:07 INFO  : 'targets -set -filter {jtag_cable_name =~ "Digilent JTAG-HS1 210249855184" && level==0} -index 1' command is executed.
10:25:11 INFO  : FPGA configured successfully with bitstream "E:/1PD/FPGA/My/WaveWidthPhase2constrain/PLToPS1.sdk/system_wrapper_hw_platform_0/system_wrapper.bit"
10:25:11 INFO  : Context for 'APU' is selected.
10:25:11 INFO  : Hardware design information is loaded from 'E:/1PD/FPGA/My/WaveWidthPhase2constrain/PLToPS1.sdk/system_wrapper_hw_platform_0/system.hdf'.
10:25:11 INFO  : 'configparams force-mem-access 1' command is executed.
10:25:11 INFO  : Context for 'APU' is selected.
10:25:11 INFO  : 'ps7_init' command is executed.
10:25:11 INFO  : 'ps7_post_config' command is executed.
10:25:12 INFO  : Context for processor 'ps7_cortexa9_0' is selected.
10:25:12 INFO  : The application 'E:/1PD/FPGA/My/WaveWidthPhase2constrain/PLToPS1.sdk/pl/Debug/pl.elf' is downloaded to processor 'ps7_cortexa9_0'.
10:25:12 INFO  : 'configparams force-mem-access 0' command is executed.
10:25:12 INFO  : ----------------XSDB Script----------------
connect -url tcp:127.0.0.1:3121
source E:/1PD/FPGA/My/WaveWidthPhase2constrain/PLToPS1.sdk/system_wrapper_hw_platform_0/ps7_init.tcl
targets -set -nocase -filter {name =~"APU*" && jtag_cable_name =~ "Digilent JTAG-HS1 210249855184"} -index 0
rst -system
after 3000
targets -set -filter {jtag_cable_name =~ "Digilent JTAG-HS1 210249855184" && level==0} -index 1
fpga -file E:/1PD/FPGA/My/WaveWidthPhase2constrain/PLToPS1.sdk/system_wrapper_hw_platform_0/system_wrapper.bit
targets -set -nocase -filter {name =~"APU*" && jtag_cable_name =~ "Digilent JTAG-HS1 210249855184"} -index 0
loadhw -hw E:/1PD/FPGA/My/WaveWidthPhase2constrain/PLToPS1.sdk/system_wrapper_hw_platform_0/system.hdf -mem-ranges [list {0x40000000 0xbfffffff}]
configparams force-mem-access 1
targets -set -nocase -filter {name =~"APU*" && jtag_cable_name =~ "Digilent JTAG-HS1 210249855184"} -index 0
ps7_init
ps7_post_config
targets -set -nocase -filter {name =~ "ARM*#0" && jtag_cable_name =~ "Digilent JTAG-HS1 210249855184"} -index 0
dow E:/1PD/FPGA/My/WaveWidthPhase2constrain/PLToPS1.sdk/pl/Debug/pl.elf
configparams force-mem-access 0
----------------End of Script----------------

10:25:12 INFO  : Memory regions updated for context APU
10:25:12 INFO  : Context for processor 'ps7_cortexa9_0' is selected.
10:25:12 INFO  : 'con' command is executed.
10:25:12 INFO  : ----------------XSDB Script (After Launch)----------------
targets -set -nocase -filter {name =~ "ARM*#0" && jtag_cable_name =~ "Digilent JTAG-HS1 210249855184"} -index 0
con
----------------End of Script----------------

10:25:12 INFO  : Launch script is exported to file 'E:\1PD\FPGA\My\WaveWidthPhase2constrain\PLToPS1.sdk\.sdk\launch_scripts\xilinx_c-c++_application_(system_debugger)\system_debugger_using_debug_pl.elf_on_local.tcl'
10:29:57 INFO  : Disconnected from the channel tcfchan#5.
10:30:15 INFO  : Connected to target on host '127.0.0.1' and port '3121'.
10:30:16 INFO  : Jtag cable 'Digilent JTAG-HS1 210249855184' is selected.
10:30:16 INFO  : 'jtag frequency' command is executed.
10:30:16 INFO  : Sourcing of 'E:/1PD/FPGA/My/WaveWidthPhase2constrain/PLToPS1.sdk/system_wrapper_hw_platform_0/ps7_init.tcl' is done.
10:30:16 INFO  : Context for 'APU' is selected.
10:30:16 INFO  : System reset is completed.
10:30:19 INFO  : 'after 3000' command is executed.
10:30:19 INFO  : 'targets -set -filter {jtag_cable_name =~ "Digilent JTAG-HS1 210249855184" && level==0} -index 1' command is executed.
10:30:23 INFO  : FPGA configured successfully with bitstream "E:/1PD/FPGA/My/WaveWidthPhase2constrain/PLToPS1.sdk/system_wrapper_hw_platform_0/system_wrapper.bit"
10:30:23 INFO  : Context for 'APU' is selected.
10:30:23 INFO  : Hardware design information is loaded from 'E:/1PD/FPGA/My/WaveWidthPhase2constrain/PLToPS1.sdk/system_wrapper_hw_platform_0/system.hdf'.
10:30:23 INFO  : 'configparams force-mem-access 1' command is executed.
10:30:23 INFO  : Context for 'APU' is selected.
10:30:24 INFO  : 'ps7_init' command is executed.
10:30:24 INFO  : 'ps7_post_config' command is executed.
10:30:24 INFO  : Context for processor 'ps7_cortexa9_0' is selected.
10:30:24 INFO  : The application 'E:/1PD/FPGA/My/WaveWidthPhase2constrain/PLToPS1.sdk/pl/Debug/pl.elf' is downloaded to processor 'ps7_cortexa9_0'.
10:30:24 INFO  : 'configparams force-mem-access 0' command is executed.
10:30:24 INFO  : ----------------XSDB Script----------------
connect -url tcp:127.0.0.1:3121
source E:/1PD/FPGA/My/WaveWidthPhase2constrain/PLToPS1.sdk/system_wrapper_hw_platform_0/ps7_init.tcl
targets -set -nocase -filter {name =~"APU*" && jtag_cable_name =~ "Digilent JTAG-HS1 210249855184"} -index 0
rst -system
after 3000
targets -set -filter {jtag_cable_name =~ "Digilent JTAG-HS1 210249855184" && level==0} -index 1
fpga -file E:/1PD/FPGA/My/WaveWidthPhase2constrain/PLToPS1.sdk/system_wrapper_hw_platform_0/system_wrapper.bit
targets -set -nocase -filter {name =~"APU*" && jtag_cable_name =~ "Digilent JTAG-HS1 210249855184"} -index 0
loadhw -hw E:/1PD/FPGA/My/WaveWidthPhase2constrain/PLToPS1.sdk/system_wrapper_hw_platform_0/system.hdf -mem-ranges [list {0x40000000 0xbfffffff}]
configparams force-mem-access 1
targets -set -nocase -filter {name =~"APU*" && jtag_cable_name =~ "Digilent JTAG-HS1 210249855184"} -index 0
ps7_init
ps7_post_config
targets -set -nocase -filter {name =~ "ARM*#0" && jtag_cable_name =~ "Digilent JTAG-HS1 210249855184"} -index 0
dow E:/1PD/FPGA/My/WaveWidthPhase2constrain/PLToPS1.sdk/pl/Debug/pl.elf
configparams force-mem-access 0
----------------End of Script----------------

10:30:24 INFO  : Memory regions updated for context APU
10:30:24 INFO  : Context for processor 'ps7_cortexa9_0' is selected.
10:30:24 INFO  : 'con' command is executed.
10:30:24 INFO  : ----------------XSDB Script (After Launch)----------------
targets -set -nocase -filter {name =~ "ARM*#0" && jtag_cable_name =~ "Digilent JTAG-HS1 210249855184"} -index 0
con
----------------End of Script----------------

10:30:24 INFO  : Launch script is exported to file 'E:\1PD\FPGA\My\WaveWidthPhase2constrain\PLToPS1.sdk\.sdk\launch_scripts\xilinx_c-c++_application_(system_debugger)\system_debugger_using_debug_pl.elf_on_local.tcl'
10:33:34 INFO  : Disconnected from the channel tcfchan#6.
10:33:42 INFO  : Connected to target on host '127.0.0.1' and port '3121'.
10:33:42 INFO  : Jtag cable 'Digilent JTAG-HS1 210249855184' is selected.
10:33:42 INFO  : 'jtag frequency' command is executed.
10:33:42 INFO  : Sourcing of 'E:/1PD/FPGA/My/WaveWidthPhase2constrain/PLToPS1.sdk/system_wrapper_hw_platform_0/ps7_init.tcl' is done.
10:33:42 INFO  : Context for 'APU' is selected.
10:33:42 INFO  : System reset is completed.
10:33:45 INFO  : 'after 3000' command is executed.
10:33:45 INFO  : 'targets -set -filter {jtag_cable_name =~ "Digilent JTAG-HS1 210249855184" && level==0} -index 1' command is executed.
10:33:50 INFO  : FPGA configured successfully with bitstream "E:/1PD/FPGA/My/WaveWidthPhase2constrain/PLToPS1.sdk/system_wrapper_hw_platform_0/system_wrapper.bit"
10:33:50 INFO  : Context for 'APU' is selected.
10:33:50 INFO  : Hardware design information is loaded from 'E:/1PD/FPGA/My/WaveWidthPhase2constrain/PLToPS1.sdk/system_wrapper_hw_platform_0/system.hdf'.
10:33:50 INFO  : 'configparams force-mem-access 1' command is executed.
10:33:50 INFO  : Context for 'APU' is selected.
10:33:50 INFO  : 'ps7_init' command is executed.
10:33:50 INFO  : 'ps7_post_config' command is executed.
10:33:50 INFO  : Context for processor 'ps7_cortexa9_0' is selected.
10:33:50 INFO  : The application 'E:/1PD/FPGA/My/WaveWidthPhase2constrain/PLToPS1.sdk/pl/Debug/pl.elf' is downloaded to processor 'ps7_cortexa9_0'.
10:33:50 INFO  : 'configparams force-mem-access 0' command is executed.
10:33:50 INFO  : ----------------XSDB Script----------------
connect -url tcp:127.0.0.1:3121
source E:/1PD/FPGA/My/WaveWidthPhase2constrain/PLToPS1.sdk/system_wrapper_hw_platform_0/ps7_init.tcl
targets -set -nocase -filter {name =~"APU*" && jtag_cable_name =~ "Digilent JTAG-HS1 210249855184"} -index 0
rst -system
after 3000
targets -set -filter {jtag_cable_name =~ "Digilent JTAG-HS1 210249855184" && level==0} -index 1
fpga -file E:/1PD/FPGA/My/WaveWidthPhase2constrain/PLToPS1.sdk/system_wrapper_hw_platform_0/system_wrapper.bit
targets -set -nocase -filter {name =~"APU*" && jtag_cable_name =~ "Digilent JTAG-HS1 210249855184"} -index 0
loadhw -hw E:/1PD/FPGA/My/WaveWidthPhase2constrain/PLToPS1.sdk/system_wrapper_hw_platform_0/system.hdf -mem-ranges [list {0x40000000 0xbfffffff}]
configparams force-mem-access 1
targets -set -nocase -filter {name =~"APU*" && jtag_cable_name =~ "Digilent JTAG-HS1 210249855184"} -index 0
ps7_init
ps7_post_config
targets -set -nocase -filter {name =~ "ARM*#0" && jtag_cable_name =~ "Digilent JTAG-HS1 210249855184"} -index 0
dow E:/1PD/FPGA/My/WaveWidthPhase2constrain/PLToPS1.sdk/pl/Debug/pl.elf
configparams force-mem-access 0
----------------End of Script----------------

10:33:50 INFO  : Memory regions updated for context APU
10:33:51 INFO  : Context for processor 'ps7_cortexa9_0' is selected.
10:33:51 INFO  : 'con' command is executed.
10:33:51 INFO  : ----------------XSDB Script (After Launch)----------------
targets -set -nocase -filter {name =~ "ARM*#0" && jtag_cable_name =~ "Digilent JTAG-HS1 210249855184"} -index 0
con
----------------End of Script----------------

10:33:51 INFO  : Launch script is exported to file 'E:\1PD\FPGA\My\WaveWidthPhase2constrain\PLToPS1.sdk\.sdk\launch_scripts\xilinx_c-c++_application_(system_debugger)\system_debugger_using_debug_pl.elf_on_local.tcl'
10:35:28 INFO  : Disconnected from the channel tcfchan#7.
10:36:12 INFO  : Connected to target on host '127.0.0.1' and port '3121'.
10:36:12 INFO  : Jtag cable 'Digilent JTAG-HS1 210249855184' is selected.
10:36:12 INFO  : 'jtag frequency' command is executed.
10:36:12 INFO  : Sourcing of 'E:/1PD/FPGA/My/WaveWidthPhase2constrain/PLToPS1.sdk/system_wrapper_hw_platform_0/ps7_init.tcl' is done.
10:36:12 INFO  : Context for 'APU' is selected.
10:36:12 INFO  : System reset is completed.
10:36:15 INFO  : 'after 3000' command is executed.
10:36:15 INFO  : 'targets -set -filter {jtag_cable_name =~ "Digilent JTAG-HS1 210249855184" && level==0} -index 1' command is executed.
10:36:20 INFO  : FPGA configured successfully with bitstream "E:/1PD/FPGA/My/WaveWidthPhase2constrain/PLToPS1.sdk/system_wrapper_hw_platform_0/system_wrapper.bit"
10:36:20 INFO  : Context for 'APU' is selected.
10:36:20 INFO  : Hardware design information is loaded from 'E:/1PD/FPGA/My/WaveWidthPhase2constrain/PLToPS1.sdk/system_wrapper_hw_platform_0/system.hdf'.
10:36:20 INFO  : 'configparams force-mem-access 1' command is executed.
10:36:20 INFO  : Context for 'APU' is selected.
10:36:20 INFO  : 'ps7_init' command is executed.
10:36:20 INFO  : 'ps7_post_config' command is executed.
10:36:20 INFO  : Context for processor 'ps7_cortexa9_0' is selected.
10:36:20 INFO  : The application 'E:/1PD/FPGA/My/WaveWidthPhase2constrain/PLToPS1.sdk/pl/Debug/pl.elf' is downloaded to processor 'ps7_cortexa9_0'.
10:36:20 INFO  : 'configparams force-mem-access 0' command is executed.
10:36:20 INFO  : ----------------XSDB Script----------------
connect -url tcp:127.0.0.1:3121
source E:/1PD/FPGA/My/WaveWidthPhase2constrain/PLToPS1.sdk/system_wrapper_hw_platform_0/ps7_init.tcl
targets -set -nocase -filter {name =~"APU*" && jtag_cable_name =~ "Digilent JTAG-HS1 210249855184"} -index 0
rst -system
after 3000
targets -set -filter {jtag_cable_name =~ "Digilent JTAG-HS1 210249855184" && level==0} -index 1
fpga -file E:/1PD/FPGA/My/WaveWidthPhase2constrain/PLToPS1.sdk/system_wrapper_hw_platform_0/system_wrapper.bit
targets -set -nocase -filter {name =~"APU*" && jtag_cable_name =~ "Digilent JTAG-HS1 210249855184"} -index 0
loadhw -hw E:/1PD/FPGA/My/WaveWidthPhase2constrain/PLToPS1.sdk/system_wrapper_hw_platform_0/system.hdf -mem-ranges [list {0x40000000 0xbfffffff}]
configparams force-mem-access 1
targets -set -nocase -filter {name =~"APU*" && jtag_cable_name =~ "Digilent JTAG-HS1 210249855184"} -index 0
ps7_init
ps7_post_config
targets -set -nocase -filter {name =~ "ARM*#0" && jtag_cable_name =~ "Digilent JTAG-HS1 210249855184"} -index 0
dow E:/1PD/FPGA/My/WaveWidthPhase2constrain/PLToPS1.sdk/pl/Debug/pl.elf
configparams force-mem-access 0
----------------End of Script----------------

10:36:20 INFO  : Memory regions updated for context APU
10:36:21 INFO  : Context for processor 'ps7_cortexa9_0' is selected.
10:36:21 INFO  : 'con' command is executed.
10:36:21 INFO  : ----------------XSDB Script (After Launch)----------------
targets -set -nocase -filter {name =~ "ARM*#0" && jtag_cable_name =~ "Digilent JTAG-HS1 210249855184"} -index 0
con
----------------End of Script----------------

10:36:21 INFO  : Launch script is exported to file 'E:\1PD\FPGA\My\WaveWidthPhase2constrain\PLToPS1.sdk\.sdk\launch_scripts\xilinx_c-c++_application_(system_debugger)\system_debugger_using_debug_pl.elf_on_local.tcl'
10:41:04 INFO  : Disconnected from the channel tcfchan#8.
10:41:53 INFO  : Connected to target on host '127.0.0.1' and port '3121'.
10:41:53 INFO  : Jtag cable 'Digilent JTAG-HS1 210249855184' is selected.
10:41:53 INFO  : 'jtag frequency' command is executed.
10:41:53 INFO  : Sourcing of 'E:/1PD/FPGA/My/WaveWidthPhase2constrain/PLToPS1.sdk/system_wrapper_hw_platform_0/ps7_init.tcl' is done.
10:41:53 INFO  : Context for 'APU' is selected.
10:41:54 INFO  : System reset is completed.
10:41:57 INFO  : 'after 3000' command is executed.
10:41:57 INFO  : 'targets -set -filter {jtag_cable_name =~ "Digilent JTAG-HS1 210249855184" && level==0} -index 1' command is executed.
10:42:01 INFO  : FPGA configured successfully with bitstream "E:/1PD/FPGA/My/WaveWidthPhase2constrain/PLToPS1.sdk/system_wrapper_hw_platform_0/system_wrapper.bit"
10:42:01 INFO  : Context for 'APU' is selected.
10:42:01 INFO  : Hardware design information is loaded from 'E:/1PD/FPGA/My/WaveWidthPhase2constrain/PLToPS1.sdk/system_wrapper_hw_platform_0/system.hdf'.
10:42:01 INFO  : 'configparams force-mem-access 1' command is executed.
10:42:01 INFO  : Context for 'APU' is selected.
10:42:01 INFO  : 'ps7_init' command is executed.
10:42:01 INFO  : 'ps7_post_config' command is executed.
10:42:01 INFO  : Context for processor 'ps7_cortexa9_0' is selected.
10:42:02 INFO  : The application 'E:/1PD/FPGA/My/WaveWidthPhase2constrain/PLToPS1.sdk/pl/Debug/pl.elf' is downloaded to processor 'ps7_cortexa9_0'.
10:42:02 INFO  : 'configparams force-mem-access 0' command is executed.
10:42:02 INFO  : ----------------XSDB Script----------------
connect -url tcp:127.0.0.1:3121
source E:/1PD/FPGA/My/WaveWidthPhase2constrain/PLToPS1.sdk/system_wrapper_hw_platform_0/ps7_init.tcl
targets -set -nocase -filter {name =~"APU*" && jtag_cable_name =~ "Digilent JTAG-HS1 210249855184"} -index 0
rst -system
after 3000
targets -set -filter {jtag_cable_name =~ "Digilent JTAG-HS1 210249855184" && level==0} -index 1
fpga -file E:/1PD/FPGA/My/WaveWidthPhase2constrain/PLToPS1.sdk/system_wrapper_hw_platform_0/system_wrapper.bit
targets -set -nocase -filter {name =~"APU*" && jtag_cable_name =~ "Digilent JTAG-HS1 210249855184"} -index 0
loadhw -hw E:/1PD/FPGA/My/WaveWidthPhase2constrain/PLToPS1.sdk/system_wrapper_hw_platform_0/system.hdf -mem-ranges [list {0x40000000 0xbfffffff}]
configparams force-mem-access 1
targets -set -nocase -filter {name =~"APU*" && jtag_cable_name =~ "Digilent JTAG-HS1 210249855184"} -index 0
ps7_init
ps7_post_config
targets -set -nocase -filter {name =~ "ARM*#0" && jtag_cable_name =~ "Digilent JTAG-HS1 210249855184"} -index 0
dow E:/1PD/FPGA/My/WaveWidthPhase2constrain/PLToPS1.sdk/pl/Debug/pl.elf
configparams force-mem-access 0
----------------End of Script----------------

10:42:02 INFO  : Memory regions updated for context APU
10:42:02 INFO  : Context for processor 'ps7_cortexa9_0' is selected.
10:42:02 INFO  : 'con' command is executed.
10:42:02 INFO  : ----------------XSDB Script (After Launch)----------------
targets -set -nocase -filter {name =~ "ARM*#0" && jtag_cable_name =~ "Digilent JTAG-HS1 210249855184"} -index 0
con
----------------End of Script----------------

10:42:02 INFO  : Launch script is exported to file 'E:\1PD\FPGA\My\WaveWidthPhase2constrain\PLToPS1.sdk\.sdk\launch_scripts\xilinx_c-c++_application_(system_debugger)\system_debugger_using_debug_pl.elf_on_local.tcl'
10:44:55 INFO  : Disconnected from the channel tcfchan#9.
10:44:59 INFO  : Connected to target on host '127.0.0.1' and port '3121'.
10:44:59 INFO  : Jtag cable 'Digilent JTAG-HS1 210249855184' is selected.
10:44:59 INFO  : 'jtag frequency' command is executed.
10:44:59 INFO  : Sourcing of 'E:/1PD/FPGA/My/WaveWidthPhase2constrain/PLToPS1.sdk/system_wrapper_hw_platform_0/ps7_init.tcl' is done.
10:44:59 INFO  : Context for 'APU' is selected.
10:44:59 INFO  : System reset is completed.
10:45:02 INFO  : 'after 3000' command is executed.
10:45:02 INFO  : 'targets -set -filter {jtag_cable_name =~ "Digilent JTAG-HS1 210249855184" && level==0} -index 1' command is executed.
10:45:06 INFO  : FPGA configured successfully with bitstream "E:/1PD/FPGA/My/WaveWidthPhase2constrain/PLToPS1.sdk/system_wrapper_hw_platform_0/system_wrapper.bit"
10:45:06 INFO  : Context for 'APU' is selected.
10:45:07 INFO  : Hardware design information is loaded from 'E:/1PD/FPGA/My/WaveWidthPhase2constrain/PLToPS1.sdk/system_wrapper_hw_platform_0/system.hdf'.
10:45:07 INFO  : 'configparams force-mem-access 1' command is executed.
10:45:07 INFO  : Context for 'APU' is selected.
10:45:07 INFO  : 'ps7_init' command is executed.
10:45:07 INFO  : 'ps7_post_config' command is executed.
10:45:07 INFO  : Context for processor 'ps7_cortexa9_0' is selected.
10:45:07 INFO  : The application 'E:/1PD/FPGA/My/WaveWidthPhase2constrain/PLToPS1.sdk/pl/Debug/pl.elf' is downloaded to processor 'ps7_cortexa9_0'.
10:45:07 INFO  : 'configparams force-mem-access 0' command is executed.
10:45:07 INFO  : ----------------XSDB Script----------------
connect -url tcp:127.0.0.1:3121
source E:/1PD/FPGA/My/WaveWidthPhase2constrain/PLToPS1.sdk/system_wrapper_hw_platform_0/ps7_init.tcl
targets -set -nocase -filter {name =~"APU*" && jtag_cable_name =~ "Digilent JTAG-HS1 210249855184"} -index 0
rst -system
after 3000
targets -set -filter {jtag_cable_name =~ "Digilent JTAG-HS1 210249855184" && level==0} -index 1
fpga -file E:/1PD/FPGA/My/WaveWidthPhase2constrain/PLToPS1.sdk/system_wrapper_hw_platform_0/system_wrapper.bit
targets -set -nocase -filter {name =~"APU*" && jtag_cable_name =~ "Digilent JTAG-HS1 210249855184"} -index 0
loadhw -hw E:/1PD/FPGA/My/WaveWidthPhase2constrain/PLToPS1.sdk/system_wrapper_hw_platform_0/system.hdf -mem-ranges [list {0x40000000 0xbfffffff}]
configparams force-mem-access 1
targets -set -nocase -filter {name =~"APU*" && jtag_cable_name =~ "Digilent JTAG-HS1 210249855184"} -index 0
ps7_init
ps7_post_config
targets -set -nocase -filter {name =~ "ARM*#0" && jtag_cable_name =~ "Digilent JTAG-HS1 210249855184"} -index 0
dow E:/1PD/FPGA/My/WaveWidthPhase2constrain/PLToPS1.sdk/pl/Debug/pl.elf
configparams force-mem-access 0
----------------End of Script----------------

10:45:07 INFO  : Memory regions updated for context APU
10:45:07 INFO  : Context for processor 'ps7_cortexa9_0' is selected.
10:45:07 INFO  : 'con' command is executed.
10:45:07 INFO  : ----------------XSDB Script (After Launch)----------------
targets -set -nocase -filter {name =~ "ARM*#0" && jtag_cable_name =~ "Digilent JTAG-HS1 210249855184"} -index 0
con
----------------End of Script----------------

10:45:07 INFO  : Launch script is exported to file 'E:\1PD\FPGA\My\WaveWidthPhase2constrain\PLToPS1.sdk\.sdk\launch_scripts\xilinx_c-c++_application_(system_debugger)\system_debugger_using_debug_pl.elf_on_local.tcl'
10:46:10 INFO  : Disconnected from the channel tcfchan#10.
10:46:17 INFO  : Connected to target on host '127.0.0.1' and port '3121'.
10:46:17 INFO  : Jtag cable 'Digilent JTAG-HS1 210249855184' is selected.
10:46:17 INFO  : 'jtag frequency' command is executed.
10:46:17 INFO  : Sourcing of 'E:/1PD/FPGA/My/WaveWidthPhase2constrain/PLToPS1.sdk/system_wrapper_hw_platform_0/ps7_init.tcl' is done.
10:46:17 INFO  : Context for 'APU' is selected.
10:46:17 INFO  : System reset is completed.
10:46:20 INFO  : 'after 3000' command is executed.
10:46:20 INFO  : 'targets -set -filter {jtag_cable_name =~ "Digilent JTAG-HS1 210249855184" && level==0} -index 1' command is executed.
10:46:24 INFO  : FPGA configured successfully with bitstream "E:/1PD/FPGA/My/WaveWidthPhase2constrain/PLToPS1.sdk/system_wrapper_hw_platform_0/system_wrapper.bit"
10:46:25 INFO  : Context for 'APU' is selected.
10:46:25 INFO  : Hardware design information is loaded from 'E:/1PD/FPGA/My/WaveWidthPhase2constrain/PLToPS1.sdk/system_wrapper_hw_platform_0/system.hdf'.
10:46:25 INFO  : 'configparams force-mem-access 1' command is executed.
10:46:25 INFO  : Context for 'APU' is selected.
10:46:25 INFO  : 'ps7_init' command is executed.
10:46:25 INFO  : 'ps7_post_config' command is executed.
10:46:25 INFO  : Context for processor 'ps7_cortexa9_0' is selected.
10:46:25 INFO  : The application 'E:/1PD/FPGA/My/WaveWidthPhase2constrain/PLToPS1.sdk/pl/Debug/pl.elf' is downloaded to processor 'ps7_cortexa9_0'.
10:46:25 INFO  : 'configparams force-mem-access 0' command is executed.
10:46:25 INFO  : ----------------XSDB Script----------------
connect -url tcp:127.0.0.1:3121
source E:/1PD/FPGA/My/WaveWidthPhase2constrain/PLToPS1.sdk/system_wrapper_hw_platform_0/ps7_init.tcl
targets -set -nocase -filter {name =~"APU*" && jtag_cable_name =~ "Digilent JTAG-HS1 210249855184"} -index 0
rst -system
after 3000
targets -set -filter {jtag_cable_name =~ "Digilent JTAG-HS1 210249855184" && level==0} -index 1
fpga -file E:/1PD/FPGA/My/WaveWidthPhase2constrain/PLToPS1.sdk/system_wrapper_hw_platform_0/system_wrapper.bit
targets -set -nocase -filter {name =~"APU*" && jtag_cable_name =~ "Digilent JTAG-HS1 210249855184"} -index 0
loadhw -hw E:/1PD/FPGA/My/WaveWidthPhase2constrain/PLToPS1.sdk/system_wrapper_hw_platform_0/system.hdf -mem-ranges [list {0x40000000 0xbfffffff}]
configparams force-mem-access 1
targets -set -nocase -filter {name =~"APU*" && jtag_cable_name =~ "Digilent JTAG-HS1 210249855184"} -index 0
ps7_init
ps7_post_config
targets -set -nocase -filter {name =~ "ARM*#0" && jtag_cable_name =~ "Digilent JTAG-HS1 210249855184"} -index 0
dow E:/1PD/FPGA/My/WaveWidthPhase2constrain/PLToPS1.sdk/pl/Debug/pl.elf
configparams force-mem-access 0
----------------End of Script----------------

10:46:25 INFO  : Memory regions updated for context APU
10:46:25 INFO  : Context for processor 'ps7_cortexa9_0' is selected.
10:46:25 INFO  : 'con' command is executed.
10:46:25 INFO  : ----------------XSDB Script (After Launch)----------------
targets -set -nocase -filter {name =~ "ARM*#0" && jtag_cable_name =~ "Digilent JTAG-HS1 210249855184"} -index 0
con
----------------End of Script----------------

10:46:25 INFO  : Launch script is exported to file 'E:\1PD\FPGA\My\WaveWidthPhase2constrain\PLToPS1.sdk\.sdk\launch_scripts\xilinx_c-c++_application_(system_debugger)\system_debugger_using_debug_pl.elf_on_local.tcl'
10:56:32 INFO  : Disconnected from the channel tcfchan#11.
11:34:37 INFO  : SDK has detected change in the last modified timestamps for source hardware specification file Source:1590032051940,  Project:1590026861277
11:34:37 INFO  : Project system_wrapper_hw_platform_1's source hardware specification located at E:/1PD/FPGA/My/WaveWidthPhase2constrain/PLToPS1.sdk/system_wrapper.hdf is now different from the local copy.
		 The local copy will be replaced with the source specification and your workspace will be updated.
11:34:41 INFO  : Copied contents of E:/1PD/FPGA/My/WaveWidthPhase2constrain/PLToPS1.sdk/system_wrapper.hdf into \system_wrapper_hw_platform_1\system.hdf.
11:34:44 INFO  : Synchronizing projects in the workspace with the hardware platform specification changes.
11:34:44 INFO  : Clearing existing target manager status.
11:34:44 WARN  : Given IPC port value is invalid. Using default port 2350
11:34:44 WARN  : Given XMD timeout value is invalid. Using default value of 50000
11:34:47 WARN  : Given XMD transaction timeout value is invalid. Using default value of 60000 milli seconds
11:34:47 INFO  : Workspace synchronized with the new hardware specification file. Cleaning dependent projects...
11:34:47 WARN  : Linker script will not be updated automatically. Users need to update it manually.
11:34:56 ERROR : Unexpected error while parsing XMD response ?: com.google.gson.JsonSyntaxException: com.google.gson.stream.MalformedJsonException: invalid number or unquoted string near 
11:40:03 INFO  : Registering command handlers for SDK TCF services
11:40:04 INFO  : Launching XSCT server: xsct.bat -interactive E:\1PD\FPGA\My\WaveWidthPhase2constrain\PLToPS1.sdk\temp_xsdb_launch_script.tcl
11:40:06 INFO  : XSCT server has started successfully.
11:40:06 INFO  : Successfully done setting XSCT server connection channel  
11:40:06 INFO  : Successfully done setting SDK workspace  
11:40:06 INFO  : Processing command line option -hwspec E:/1PD/FPGA/My/WaveWidthPhase2constrain/PLToPS1.sdk/system_wrapper.hdf.
11:40:06 INFO  : Checking for hwspec changes in the project system_wrapper_hw_platform_1.
11:40:50 INFO  : Connected to target on host '127.0.0.1' and port '3121'.
11:40:50 INFO  : Jtag cable 'Digilent JTAG-HS1 210249855184' is selected.
11:40:50 INFO  : 'jtag frequency' command is executed.
11:40:50 INFO  : Sourcing of 'E:/1PD/FPGA/My/WaveWidthPhase2constrain/PLToPS1.sdk/system_wrapper_hw_platform_0/ps7_init.tcl' is done.
11:40:50 INFO  : Context for 'APU' is selected.
11:40:51 INFO  : System reset is completed.
11:40:54 INFO  : 'after 3000' command is executed.
11:40:54 INFO  : 'targets -set -filter {jtag_cable_name =~ "Digilent JTAG-HS1 210249855184" && level==0} -index 1' command is executed.
11:40:58 INFO  : FPGA configured successfully with bitstream "E:/1PD/FPGA/My/WaveWidthPhase2constrain/PLToPS1.sdk/system_wrapper_hw_platform_0/system_wrapper.bit"
11:40:58 INFO  : Context for 'APU' is selected.
11:40:58 INFO  : Hardware design information is loaded from 'E:/1PD/FPGA/My/WaveWidthPhase2constrain/PLToPS1.sdk/system_wrapper_hw_platform_0/system.hdf'.
11:40:58 INFO  : 'configparams force-mem-access 1' command is executed.
11:40:58 INFO  : Context for 'APU' is selected.
11:40:58 INFO  : 'ps7_init' command is executed.
11:40:58 INFO  : 'ps7_post_config' command is executed.
11:40:58 INFO  : Context for processor 'ps7_cortexa9_0' is selected.
11:40:59 INFO  : The application 'E:/1PD/FPGA/My/WaveWidthPhase2constrain/PLToPS1.sdk/pl/Debug/pl.elf' is downloaded to processor 'ps7_cortexa9_0'.
11:40:59 INFO  : 'configparams force-mem-access 0' command is executed.
11:40:59 INFO  : ----------------XSDB Script----------------
connect -url tcp:127.0.0.1:3121
source E:/1PD/FPGA/My/WaveWidthPhase2constrain/PLToPS1.sdk/system_wrapper_hw_platform_0/ps7_init.tcl
targets -set -nocase -filter {name =~"APU*" && jtag_cable_name =~ "Digilent JTAG-HS1 210249855184"} -index 0
rst -system
after 3000
targets -set -filter {jtag_cable_name =~ "Digilent JTAG-HS1 210249855184" && level==0} -index 1
fpga -file E:/1PD/FPGA/My/WaveWidthPhase2constrain/PLToPS1.sdk/system_wrapper_hw_platform_0/system_wrapper.bit
targets -set -nocase -filter {name =~"APU*" && jtag_cable_name =~ "Digilent JTAG-HS1 210249855184"} -index 0
loadhw -hw E:/1PD/FPGA/My/WaveWidthPhase2constrain/PLToPS1.sdk/system_wrapper_hw_platform_0/system.hdf -mem-ranges [list {0x40000000 0xbfffffff}]
configparams force-mem-access 1
targets -set -nocase -filter {name =~"APU*" && jtag_cable_name =~ "Digilent JTAG-HS1 210249855184"} -index 0
ps7_init
ps7_post_config
targets -set -nocase -filter {name =~ "ARM*#0" && jtag_cable_name =~ "Digilent JTAG-HS1 210249855184"} -index 0
dow E:/1PD/FPGA/My/WaveWidthPhase2constrain/PLToPS1.sdk/pl/Debug/pl.elf
configparams force-mem-access 0
----------------End of Script----------------

11:40:59 INFO  : Memory regions updated for context APU
11:40:59 INFO  : Context for processor 'ps7_cortexa9_0' is selected.
11:40:59 INFO  : 'con' command is executed.
11:40:59 INFO  : ----------------XSDB Script (After Launch)----------------
targets -set -nocase -filter {name =~ "ARM*#0" && jtag_cable_name =~ "Digilent JTAG-HS1 210249855184"} -index 0
con
----------------End of Script----------------

11:40:59 INFO  : Launch script is exported to file 'E:\1PD\FPGA\My\WaveWidthPhase2constrain\PLToPS1.sdk\.sdk\launch_scripts\xilinx_c-c++_application_(system_debugger)\system_debugger_using_debug_pl.elf_on_local.tcl'
11:41:49 INFO  : Disconnected from the channel tcfchan#1.
14:34:50 INFO  : Registering command handlers for SDK TCF services
14:34:51 INFO  : Launching XSCT server: xsct.bat -interactive E:\1PD\FPGA\My\WaveWidthPhase2constrain\PLToPS1.sdk\temp_xsdb_launch_script.tcl
14:34:54 INFO  : XSCT server has started successfully.
14:34:54 INFO  : Successfully done setting XSCT server connection channel  
14:34:54 INFO  : Successfully done setting SDK workspace  
14:34:54 INFO  : Processing command line option -hwspec E:/1PD/FPGA/My/WaveWidthPhase2constrain/PLToPS1.runs/impl_1/system_wrapper.hdf.
14:35:33 INFO  : Connected to target on host '127.0.0.1' and port '3121'.
14:35:33 INFO  : Jtag cable 'Digilent JTAG-HS1 210249855184' is selected.
14:35:33 INFO  : 'jtag frequency' command is executed.
14:35:33 INFO  : Sourcing of 'E:/1PD/FPGA/My/WaveWidthPhase2constrain/PLToPS1.sdk/system_wrapper_hw_platform_0/ps7_init.tcl' is done.
14:35:33 INFO  : Context for 'APU' is selected.
14:35:33 INFO  : System reset is completed.
14:35:36 INFO  : 'after 3000' command is executed.
14:35:36 INFO  : 'targets -set -filter {jtag_cable_name =~ "Digilent JTAG-HS1 210249855184" && level==0} -index 1' command is executed.
14:35:41 INFO  : FPGA configured successfully with bitstream "E:/1PD/FPGA/My/WaveWidthPhase2constrain/PLToPS1.sdk/system_wrapper_hw_platform_0/system_wrapper.bit"
14:35:41 INFO  : Context for 'APU' is selected.
14:35:41 INFO  : Hardware design information is loaded from 'E:/1PD/FPGA/My/WaveWidthPhase2constrain/PLToPS1.sdk/system_wrapper_hw_platform_0/system.hdf'.
14:35:41 INFO  : 'configparams force-mem-access 1' command is executed.
14:35:41 INFO  : Context for 'APU' is selected.
14:35:41 INFO  : 'ps7_init' command is executed.
14:35:41 INFO  : 'ps7_post_config' command is executed.
14:35:41 INFO  : Context for processor 'ps7_cortexa9_0' is selected.
14:35:42 INFO  : The application 'E:/1PD/FPGA/My/WaveWidthPhase2constrain/PLToPS1.sdk/pl/Debug/pl.elf' is downloaded to processor 'ps7_cortexa9_0'.
14:35:42 INFO  : 'configparams force-mem-access 0' command is executed.
14:35:42 INFO  : ----------------XSDB Script----------------
connect -url tcp:127.0.0.1:3121
source E:/1PD/FPGA/My/WaveWidthPhase2constrain/PLToPS1.sdk/system_wrapper_hw_platform_0/ps7_init.tcl
targets -set -nocase -filter {name =~"APU*" && jtag_cable_name =~ "Digilent JTAG-HS1 210249855184"} -index 0
rst -system
after 3000
targets -set -filter {jtag_cable_name =~ "Digilent JTAG-HS1 210249855184" && level==0} -index 1
fpga -file E:/1PD/FPGA/My/WaveWidthPhase2constrain/PLToPS1.sdk/system_wrapper_hw_platform_0/system_wrapper.bit
targets -set -nocase -filter {name =~"APU*" && jtag_cable_name =~ "Digilent JTAG-HS1 210249855184"} -index 0
loadhw -hw E:/1PD/FPGA/My/WaveWidthPhase2constrain/PLToPS1.sdk/system_wrapper_hw_platform_0/system.hdf -mem-ranges [list {0x40000000 0xbfffffff}]
configparams force-mem-access 1
targets -set -nocase -filter {name =~"APU*" && jtag_cable_name =~ "Digilent JTAG-HS1 210249855184"} -index 0
ps7_init
ps7_post_config
targets -set -nocase -filter {name =~ "ARM*#0" && jtag_cable_name =~ "Digilent JTAG-HS1 210249855184"} -index 0
dow E:/1PD/FPGA/My/WaveWidthPhase2constrain/PLToPS1.sdk/pl/Debug/pl.elf
configparams force-mem-access 0
----------------End of Script----------------

14:35:42 INFO  : Memory regions updated for context APU
14:35:42 INFO  : Context for processor 'ps7_cortexa9_0' is selected.
14:35:42 INFO  : 'con' command is executed.
14:35:42 INFO  : ----------------XSDB Script (After Launch)----------------
targets -set -nocase -filter {name =~ "ARM*#0" && jtag_cable_name =~ "Digilent JTAG-HS1 210249855184"} -index 0
con
----------------End of Script----------------

14:35:42 INFO  : Launch script is exported to file 'E:\1PD\FPGA\My\WaveWidthPhase2constrain\PLToPS1.sdk\.sdk\launch_scripts\xilinx_c-c++_application_(system_debugger)\system_debugger_using_debug_pl.elf_on_local.tcl'
14:36:08 INFO  : Disconnected from the channel tcfchan#1.
14:36:33 INFO  : Connected to target on host '127.0.0.1' and port '3121'.
14:36:33 INFO  : Jtag cable 'Digilent JTAG-HS1 210249855184' is selected.
14:36:33 INFO  : 'jtag frequency' command is executed.
14:36:33 INFO  : Sourcing of 'E:/1PD/FPGA/My/WaveWidthPhase2constrain/PLToPS1.sdk/system_wrapper_hw_platform_0/ps7_init.tcl' is done.
14:36:33 INFO  : Context for 'APU' is selected.
14:36:33 INFO  : System reset is completed.
14:36:36 INFO  : 'after 3000' command is executed.
14:36:36 INFO  : 'targets -set -filter {jtag_cable_name =~ "Digilent JTAG-HS1 210249855184" && level==0} -index 1' command is executed.
14:36:41 INFO  : FPGA configured successfully with bitstream "E:/1PD/FPGA/My/WaveWidthPhase2constrain/PLToPS1.sdk/system_wrapper_hw_platform_0/system_wrapper.bit"
14:36:41 INFO  : Context for 'APU' is selected.
14:36:41 INFO  : Hardware design information is loaded from 'E:/1PD/FPGA/My/WaveWidthPhase2constrain/PLToPS1.sdk/system_wrapper_hw_platform_0/system.hdf'.
14:36:41 INFO  : 'configparams force-mem-access 1' command is executed.
14:36:41 INFO  : Context for 'APU' is selected.
14:36:41 INFO  : 'ps7_init' command is executed.
14:36:41 INFO  : 'ps7_post_config' command is executed.
14:36:41 INFO  : Context for processor 'ps7_cortexa9_0' is selected.
14:36:41 INFO  : The application 'E:/1PD/FPGA/My/WaveWidthPhase2constrain/PLToPS1.sdk/pl/Debug/pl.elf' is downloaded to processor 'ps7_cortexa9_0'.
14:36:41 INFO  : 'configparams force-mem-access 0' command is executed.
14:36:41 INFO  : ----------------XSDB Script----------------
connect -url tcp:127.0.0.1:3121
source E:/1PD/FPGA/My/WaveWidthPhase2constrain/PLToPS1.sdk/system_wrapper_hw_platform_0/ps7_init.tcl
targets -set -nocase -filter {name =~"APU*" && jtag_cable_name =~ "Digilent JTAG-HS1 210249855184"} -index 0
rst -system
after 3000
targets -set -filter {jtag_cable_name =~ "Digilent JTAG-HS1 210249855184" && level==0} -index 1
fpga -file E:/1PD/FPGA/My/WaveWidthPhase2constrain/PLToPS1.sdk/system_wrapper_hw_platform_0/system_wrapper.bit
targets -set -nocase -filter {name =~"APU*" && jtag_cable_name =~ "Digilent JTAG-HS1 210249855184"} -index 0
loadhw -hw E:/1PD/FPGA/My/WaveWidthPhase2constrain/PLToPS1.sdk/system_wrapper_hw_platform_0/system.hdf -mem-ranges [list {0x40000000 0xbfffffff}]
configparams force-mem-access 1
targets -set -nocase -filter {name =~"APU*" && jtag_cable_name =~ "Digilent JTAG-HS1 210249855184"} -index 0
ps7_init
ps7_post_config
targets -set -nocase -filter {name =~ "ARM*#0" && jtag_cable_name =~ "Digilent JTAG-HS1 210249855184"} -index 0
dow E:/1PD/FPGA/My/WaveWidthPhase2constrain/PLToPS1.sdk/pl/Debug/pl.elf
configparams force-mem-access 0
----------------End of Script----------------

14:36:41 INFO  : Memory regions updated for context APU
14:36:42 INFO  : Context for processor 'ps7_cortexa9_0' is selected.
14:36:42 INFO  : 'con' command is executed.
14:36:42 INFO  : ----------------XSDB Script (After Launch)----------------
targets -set -nocase -filter {name =~ "ARM*#0" && jtag_cable_name =~ "Digilent JTAG-HS1 210249855184"} -index 0
con
----------------End of Script----------------

14:36:42 INFO  : Launch script is exported to file 'E:\1PD\FPGA\My\WaveWidthPhase2constrain\PLToPS1.sdk\.sdk\launch_scripts\xilinx_c-c++_application_(system_debugger)\system_debugger_using_debug_pl.elf_on_local.tcl'
14:37:41 INFO  : Disconnected from the channel tcfchan#2.
14:37:44 INFO  : Connected to target on host '127.0.0.1' and port '3121'.
14:37:44 INFO  : Jtag cable 'Digilent JTAG-HS1 210249855184' is selected.
14:37:44 INFO  : 'jtag frequency' command is executed.
14:37:44 INFO  : Sourcing of 'E:/1PD/FPGA/My/WaveWidthPhase2constrain/PLToPS1.sdk/system_wrapper_hw_platform_0/ps7_init.tcl' is done.
14:37:44 INFO  : Context for 'APU' is selected.
14:37:45 INFO  : System reset is completed.
14:37:48 INFO  : 'after 3000' command is executed.
14:37:48 INFO  : 'targets -set -filter {jtag_cable_name =~ "Digilent JTAG-HS1 210249855184" && level==0} -index 1' command is executed.
14:37:52 INFO  : FPGA configured successfully with bitstream "E:/1PD/FPGA/My/WaveWidthPhase2constrain/PLToPS1.sdk/system_wrapper_hw_platform_0/system_wrapper.bit"
14:37:52 INFO  : Context for 'APU' is selected.
14:37:52 INFO  : Hardware design information is loaded from 'E:/1PD/FPGA/My/WaveWidthPhase2constrain/PLToPS1.sdk/system_wrapper_hw_platform_0/system.hdf'.
14:37:52 INFO  : 'configparams force-mem-access 1' command is executed.
14:37:52 INFO  : Context for 'APU' is selected.
14:37:52 INFO  : 'ps7_init' command is executed.
14:37:52 INFO  : 'ps7_post_config' command is executed.
14:37:52 INFO  : Context for processor 'ps7_cortexa9_0' is selected.
14:37:53 INFO  : The application 'E:/1PD/FPGA/My/WaveWidthPhase2constrain/PLToPS1.sdk/pl/Debug/pl.elf' is downloaded to processor 'ps7_cortexa9_0'.
14:37:53 INFO  : 'configparams force-mem-access 0' command is executed.
14:37:53 INFO  : ----------------XSDB Script----------------
connect -url tcp:127.0.0.1:3121
source E:/1PD/FPGA/My/WaveWidthPhase2constrain/PLToPS1.sdk/system_wrapper_hw_platform_0/ps7_init.tcl
targets -set -nocase -filter {name =~"APU*" && jtag_cable_name =~ "Digilent JTAG-HS1 210249855184"} -index 0
rst -system
after 3000
targets -set -filter {jtag_cable_name =~ "Digilent JTAG-HS1 210249855184" && level==0} -index 1
fpga -file E:/1PD/FPGA/My/WaveWidthPhase2constrain/PLToPS1.sdk/system_wrapper_hw_platform_0/system_wrapper.bit
targets -set -nocase -filter {name =~"APU*" && jtag_cable_name =~ "Digilent JTAG-HS1 210249855184"} -index 0
loadhw -hw E:/1PD/FPGA/My/WaveWidthPhase2constrain/PLToPS1.sdk/system_wrapper_hw_platform_0/system.hdf -mem-ranges [list {0x40000000 0xbfffffff}]
configparams force-mem-access 1
targets -set -nocase -filter {name =~"APU*" && jtag_cable_name =~ "Digilent JTAG-HS1 210249855184"} -index 0
ps7_init
ps7_post_config
targets -set -nocase -filter {name =~ "ARM*#0" && jtag_cable_name =~ "Digilent JTAG-HS1 210249855184"} -index 0
dow E:/1PD/FPGA/My/WaveWidthPhase2constrain/PLToPS1.sdk/pl/Debug/pl.elf
configparams force-mem-access 0
----------------End of Script----------------

14:37:53 INFO  : Memory regions updated for context APU
14:37:53 INFO  : Context for processor 'ps7_cortexa9_0' is selected.
14:37:53 INFO  : 'con' command is executed.
14:37:53 INFO  : ----------------XSDB Script (After Launch)----------------
targets -set -nocase -filter {name =~ "ARM*#0" && jtag_cable_name =~ "Digilent JTAG-HS1 210249855184"} -index 0
con
----------------End of Script----------------

14:37:53 INFO  : Launch script is exported to file 'E:\1PD\FPGA\My\WaveWidthPhase2constrain\PLToPS1.sdk\.sdk\launch_scripts\xilinx_c-c++_application_(system_debugger)\system_debugger_using_debug_pl.elf_on_local.tcl'
14:42:33 INFO  : Disconnected from the channel tcfchan#3.
14:44:08 INFO  : Connected to target on host '127.0.0.1' and port '3121'.
14:44:08 INFO  : Jtag cable 'Digilent JTAG-HS1 210249855184' is selected.
14:44:08 INFO  : 'jtag frequency' command is executed.
14:44:08 INFO  : Sourcing of 'E:/1PD/FPGA/My/WaveWidthPhase2constrain/PLToPS1.sdk/system_wrapper_hw_platform_0/ps7_init.tcl' is done.
14:44:08 INFO  : Context for 'APU' is selected.
14:44:08 INFO  : System reset is completed.
14:44:11 INFO  : 'after 3000' command is executed.
14:44:12 INFO  : 'targets -set -filter {jtag_cable_name =~ "Digilent JTAG-HS1 210249855184" && level==0} -index 1' command is executed.
14:44:16 INFO  : FPGA configured successfully with bitstream "E:/1PD/FPGA/My/WaveWidthPhase2constrain/PLToPS1.sdk/system_wrapper_hw_platform_0/system_wrapper.bit"
14:44:16 INFO  : Context for 'APU' is selected.
14:44:16 INFO  : Hardware design information is loaded from 'E:/1PD/FPGA/My/WaveWidthPhase2constrain/PLToPS1.sdk/system_wrapper_hw_platform_0/system.hdf'.
14:44:16 INFO  : 'configparams force-mem-access 1' command is executed.
14:44:16 INFO  : Context for 'APU' is selected.
14:44:16 INFO  : 'ps7_init' command is executed.
14:44:16 INFO  : 'ps7_post_config' command is executed.
14:44:16 INFO  : Context for processor 'ps7_cortexa9_0' is selected.
14:44:17 INFO  : The application 'E:/1PD/FPGA/My/WaveWidthPhase2constrain/PLToPS1.sdk/pl/Debug/pl.elf' is downloaded to processor 'ps7_cortexa9_0'.
14:44:17 INFO  : 'configparams force-mem-access 0' command is executed.
14:44:17 INFO  : ----------------XSDB Script----------------
connect -url tcp:127.0.0.1:3121
source E:/1PD/FPGA/My/WaveWidthPhase2constrain/PLToPS1.sdk/system_wrapper_hw_platform_0/ps7_init.tcl
targets -set -nocase -filter {name =~"APU*" && jtag_cable_name =~ "Digilent JTAG-HS1 210249855184"} -index 0
rst -system
after 3000
targets -set -filter {jtag_cable_name =~ "Digilent JTAG-HS1 210249855184" && level==0} -index 1
fpga -file E:/1PD/FPGA/My/WaveWidthPhase2constrain/PLToPS1.sdk/system_wrapper_hw_platform_0/system_wrapper.bit
targets -set -nocase -filter {name =~"APU*" && jtag_cable_name =~ "Digilent JTAG-HS1 210249855184"} -index 0
loadhw -hw E:/1PD/FPGA/My/WaveWidthPhase2constrain/PLToPS1.sdk/system_wrapper_hw_platform_0/system.hdf -mem-ranges [list {0x40000000 0xbfffffff}]
configparams force-mem-access 1
targets -set -nocase -filter {name =~"APU*" && jtag_cable_name =~ "Digilent JTAG-HS1 210249855184"} -index 0
ps7_init
ps7_post_config
targets -set -nocase -filter {name =~ "ARM*#0" && jtag_cable_name =~ "Digilent JTAG-HS1 210249855184"} -index 0
dow E:/1PD/FPGA/My/WaveWidthPhase2constrain/PLToPS1.sdk/pl/Debug/pl.elf
configparams force-mem-access 0
----------------End of Script----------------

14:44:17 INFO  : Memory regions updated for context APU
14:44:17 INFO  : Context for processor 'ps7_cortexa9_0' is selected.
14:44:17 INFO  : 'con' command is executed.
14:44:17 INFO  : ----------------XSDB Script (After Launch)----------------
targets -set -nocase -filter {name =~ "ARM*#0" && jtag_cable_name =~ "Digilent JTAG-HS1 210249855184"} -index 0
con
----------------End of Script----------------

14:44:17 INFO  : Launch script is exported to file 'E:\1PD\FPGA\My\WaveWidthPhase2constrain\PLToPS1.sdk\.sdk\launch_scripts\xilinx_c-c++_application_(system_debugger)\system_debugger_using_debug_pl.elf_on_local.tcl'
14:45:08 INFO  : Disconnected from the channel tcfchan#4.
14:45:41 INFO  : Connected to target on host '127.0.0.1' and port '3121'.
14:46:29 INFO  : Connected to target on host '127.0.0.1' and port '3121'.
14:46:30 INFO  : Jtag cable 'Digilent JTAG-HS1 210249855184' is selected.
14:46:30 INFO  : 'jtag frequency' command is executed.
14:46:30 INFO  : Sourcing of 'E:/1PD/FPGA/My/WaveWidthPhase2constrain/PLToPS1.sdk/system_wrapper_hw_platform_0/ps7_init.tcl' is done.
14:46:30 INFO  : Context for 'APU' is selected.
14:46:30 INFO  : System reset is completed.
14:46:33 INFO  : 'after 3000' command is executed.
14:46:33 INFO  : 'targets -set -filter {jtag_cable_name =~ "Digilent JTAG-HS1 210249855184" && level==0} -index 1' command is executed.
14:46:37 INFO  : FPGA configured successfully with bitstream "E:/1PD/FPGA/My/WaveWidthPhase2constrain/PLToPS1.sdk/system_wrapper_hw_platform_0/system_wrapper.bit"
14:46:37 INFO  : Context for 'APU' is selected.
14:46:37 INFO  : Hardware design information is loaded from 'E:/1PD/FPGA/My/WaveWidthPhase2constrain/PLToPS1.sdk/system_wrapper_hw_platform_0/system.hdf'.
14:46:37 INFO  : 'configparams force-mem-access 1' command is executed.
14:46:37 INFO  : Context for 'APU' is selected.
14:46:38 INFO  : 'ps7_init' command is executed.
14:46:38 INFO  : 'ps7_post_config' command is executed.
14:46:38 INFO  : Context for processor 'ps7_cortexa9_0' is selected.
14:46:38 INFO  : The application 'E:/1PD/FPGA/My/WaveWidthPhase2constrain/PLToPS1.sdk/pl/Debug/pl.elf' is downloaded to processor 'ps7_cortexa9_0'.
14:46:38 INFO  : 'configparams force-mem-access 0' command is executed.
14:46:38 INFO  : ----------------XSDB Script----------------
connect -url tcp:127.0.0.1:3121
source E:/1PD/FPGA/My/WaveWidthPhase2constrain/PLToPS1.sdk/system_wrapper_hw_platform_0/ps7_init.tcl
targets -set -nocase -filter {name =~"APU*" && jtag_cable_name =~ "Digilent JTAG-HS1 210249855184"} -index 0
rst -system
after 3000
targets -set -filter {jtag_cable_name =~ "Digilent JTAG-HS1 210249855184" && level==0} -index 1
fpga -file E:/1PD/FPGA/My/WaveWidthPhase2constrain/PLToPS1.sdk/system_wrapper_hw_platform_0/system_wrapper.bit
targets -set -nocase -filter {name =~"APU*" && jtag_cable_name =~ "Digilent JTAG-HS1 210249855184"} -index 0
loadhw -hw E:/1PD/FPGA/My/WaveWidthPhase2constrain/PLToPS1.sdk/system_wrapper_hw_platform_0/system.hdf -mem-ranges [list {0x40000000 0xbfffffff}]
configparams force-mem-access 1
targets -set -nocase -filter {name =~"APU*" && jtag_cable_name =~ "Digilent JTAG-HS1 210249855184"} -index 0
ps7_init
ps7_post_config
targets -set -nocase -filter {name =~ "ARM*#0" && jtag_cable_name =~ "Digilent JTAG-HS1 210249855184"} -index 0
dow E:/1PD/FPGA/My/WaveWidthPhase2constrain/PLToPS1.sdk/pl/Debug/pl.elf
configparams force-mem-access 0
----------------End of Script----------------

14:46:38 INFO  : Memory regions updated for context APU
14:46:38 INFO  : Context for processor 'ps7_cortexa9_0' is selected.
14:46:38 INFO  : 'con' command is executed.
14:46:38 INFO  : ----------------XSDB Script (After Launch)----------------
targets -set -nocase -filter {name =~ "ARM*#0" && jtag_cable_name =~ "Digilent JTAG-HS1 210249855184"} -index 0
con
----------------End of Script----------------

14:46:38 INFO  : Launch script is exported to file 'E:\1PD\FPGA\My\WaveWidthPhase2constrain\PLToPS1.sdk\.sdk\launch_scripts\xilinx_c-c++_application_(system_debugger)\system_debugger_using_debug_pl.elf_on_local.tcl'
14:47:57 INFO  : Disconnected from the channel tcfchan#5.
14:48:00 INFO  : Connected to target on host '127.0.0.1' and port '3121'.
14:48:00 INFO  : Jtag cable 'Digilent JTAG-HS1 210249855184' is selected.
14:48:00 INFO  : 'jtag frequency' command is executed.
14:48:00 INFO  : Sourcing of 'E:/1PD/FPGA/My/WaveWidthPhase2constrain/PLToPS1.sdk/system_wrapper_hw_platform_0/ps7_init.tcl' is done.
14:48:00 INFO  : Context for 'APU' is selected.
14:48:00 INFO  : System reset is completed.
14:48:03 INFO  : 'after 3000' command is executed.
14:48:03 INFO  : 'targets -set -filter {jtag_cable_name =~ "Digilent JTAG-HS1 210249855184" && level==0} -index 1' command is executed.
14:48:08 INFO  : FPGA configured successfully with bitstream "E:/1PD/FPGA/My/WaveWidthPhase2constrain/PLToPS1.sdk/system_wrapper_hw_platform_0/system_wrapper.bit"
14:48:08 INFO  : Context for 'APU' is selected.
14:48:08 INFO  : Hardware design information is loaded from 'E:/1PD/FPGA/My/WaveWidthPhase2constrain/PLToPS1.sdk/system_wrapper_hw_platform_0/system.hdf'.
14:48:08 INFO  : 'configparams force-mem-access 1' command is executed.
14:48:08 INFO  : Context for 'APU' is selected.
14:48:08 INFO  : 'ps7_init' command is executed.
14:48:08 INFO  : 'ps7_post_config' command is executed.
14:48:08 INFO  : Context for processor 'ps7_cortexa9_0' is selected.
14:48:09 INFO  : The application 'E:/1PD/FPGA/My/WaveWidthPhase2constrain/PLToPS1.sdk/pl/Debug/pl.elf' is downloaded to processor 'ps7_cortexa9_0'.
14:48:09 INFO  : 'configparams force-mem-access 0' command is executed.
14:48:09 INFO  : ----------------XSDB Script----------------
connect -url tcp:127.0.0.1:3121
source E:/1PD/FPGA/My/WaveWidthPhase2constrain/PLToPS1.sdk/system_wrapper_hw_platform_0/ps7_init.tcl
targets -set -nocase -filter {name =~"APU*" && jtag_cable_name =~ "Digilent JTAG-HS1 210249855184"} -index 0
rst -system
after 3000
targets -set -filter {jtag_cable_name =~ "Digilent JTAG-HS1 210249855184" && level==0} -index 1
fpga -file E:/1PD/FPGA/My/WaveWidthPhase2constrain/PLToPS1.sdk/system_wrapper_hw_platform_0/system_wrapper.bit
targets -set -nocase -filter {name =~"APU*" && jtag_cable_name =~ "Digilent JTAG-HS1 210249855184"} -index 0
loadhw -hw E:/1PD/FPGA/My/WaveWidthPhase2constrain/PLToPS1.sdk/system_wrapper_hw_platform_0/system.hdf -mem-ranges [list {0x40000000 0xbfffffff}]
configparams force-mem-access 1
targets -set -nocase -filter {name =~"APU*" && jtag_cable_name =~ "Digilent JTAG-HS1 210249855184"} -index 0
ps7_init
ps7_post_config
targets -set -nocase -filter {name =~ "ARM*#0" && jtag_cable_name =~ "Digilent JTAG-HS1 210249855184"} -index 0
dow E:/1PD/FPGA/My/WaveWidthPhase2constrain/PLToPS1.sdk/pl/Debug/pl.elf
configparams force-mem-access 0
----------------End of Script----------------

14:48:09 INFO  : Memory regions updated for context APU
14:48:09 INFO  : Context for processor 'ps7_cortexa9_0' is selected.
14:48:09 INFO  : 'con' command is executed.
14:48:09 INFO  : ----------------XSDB Script (After Launch)----------------
targets -set -nocase -filter {name =~ "ARM*#0" && jtag_cable_name =~ "Digilent JTAG-HS1 210249855184"} -index 0
con
----------------End of Script----------------

14:48:09 INFO  : Launch script is exported to file 'E:\1PD\FPGA\My\WaveWidthPhase2constrain\PLToPS1.sdk\.sdk\launch_scripts\xilinx_c-c++_application_(system_debugger)\system_debugger_using_debug_pl.elf_on_local.tcl'
14:53:07 INFO  : Disconnected from the channel tcfchan#6.
15:19:47 INFO  : Registering command handlers for SDK TCF services
15:19:48 INFO  : Launching XSCT server: xsct.bat -interactive E:\1PD\FPGA\My\WaveWidthPhase2constrain\PLToPS1.sdk\temp_xsdb_launch_script.tcl
15:19:50 INFO  : XSCT server has started successfully.
15:19:50 INFO  : Successfully done setting XSCT server connection channel  
15:19:50 INFO  : Successfully done setting SDK workspace  
15:19:50 INFO  : Processing command line option -hwspec E:/1PD/FPGA/My/WaveWidthPhase2constrain/PLToPS1.runs/impl_1/system_wrapper.hdf.
15:21:13 INFO  : Connected to target on host '127.0.0.1' and port '3121'.
15:21:13 INFO  : Jtag cable 'Digilent JTAG-HS1 210249855184' is selected.
15:21:13 INFO  : 'jtag frequency' command is executed.
15:21:13 INFO  : Sourcing of 'E:/1PD/FPGA/My/WaveWidthPhase2constrain/PLToPS1.sdk/system_wrapper_hw_platform_0/ps7_init.tcl' is done.
15:21:13 INFO  : Context for 'APU' is selected.
15:21:13 INFO  : System reset is completed.
15:21:16 INFO  : 'after 3000' command is executed.
15:21:16 INFO  : 'targets -set -filter {jtag_cable_name =~ "Digilent JTAG-HS1 210249855184" && level==0} -index 1' command is executed.
15:21:21 INFO  : FPGA configured successfully with bitstream "E:/1PD/FPGA/My/WaveWidthPhase2constrain/PLToPS1.sdk/system_wrapper_hw_platform_0/system_wrapper.bit"
15:21:21 INFO  : Context for 'APU' is selected.
15:21:21 INFO  : Hardware design information is loaded from 'E:/1PD/FPGA/My/WaveWidthPhase2constrain/PLToPS1.sdk/system_wrapper_hw_platform_0/system.hdf'.
15:21:21 INFO  : 'configparams force-mem-access 1' command is executed.
15:21:21 INFO  : Context for 'APU' is selected.
15:21:21 INFO  : 'ps7_init' command is executed.
15:21:21 INFO  : 'ps7_post_config' command is executed.
15:21:21 INFO  : Context for processor 'ps7_cortexa9_0' is selected.
15:21:22 INFO  : The application 'E:/1PD/FPGA/My/WaveWidthPhase2constrain/PLToPS1.sdk/pl/Debug/pl.elf' is downloaded to processor 'ps7_cortexa9_0'.
15:21:22 INFO  : 'configparams force-mem-access 0' command is executed.
15:21:22 INFO  : ----------------XSDB Script----------------
connect -url tcp:127.0.0.1:3121
source E:/1PD/FPGA/My/WaveWidthPhase2constrain/PLToPS1.sdk/system_wrapper_hw_platform_0/ps7_init.tcl
targets -set -nocase -filter {name =~"APU*" && jtag_cable_name =~ "Digilent JTAG-HS1 210249855184"} -index 0
rst -system
after 3000
targets -set -filter {jtag_cable_name =~ "Digilent JTAG-HS1 210249855184" && level==0} -index 1
fpga -file E:/1PD/FPGA/My/WaveWidthPhase2constrain/PLToPS1.sdk/system_wrapper_hw_platform_0/system_wrapper.bit
targets -set -nocase -filter {name =~"APU*" && jtag_cable_name =~ "Digilent JTAG-HS1 210249855184"} -index 0
loadhw -hw E:/1PD/FPGA/My/WaveWidthPhase2constrain/PLToPS1.sdk/system_wrapper_hw_platform_0/system.hdf -mem-ranges [list {0x40000000 0xbfffffff}]
configparams force-mem-access 1
targets -set -nocase -filter {name =~"APU*" && jtag_cable_name =~ "Digilent JTAG-HS1 210249855184"} -index 0
ps7_init
ps7_post_config
targets -set -nocase -filter {name =~ "ARM*#0" && jtag_cable_name =~ "Digilent JTAG-HS1 210249855184"} -index 0
dow E:/1PD/FPGA/My/WaveWidthPhase2constrain/PLToPS1.sdk/pl/Debug/pl.elf
configparams force-mem-access 0
----------------End of Script----------------

15:21:22 INFO  : Memory regions updated for context APU
15:21:22 INFO  : Context for processor 'ps7_cortexa9_0' is selected.
15:21:22 INFO  : 'con' command is executed.
15:21:22 INFO  : ----------------XSDB Script (After Launch)----------------
targets -set -nocase -filter {name =~ "ARM*#0" && jtag_cable_name =~ "Digilent JTAG-HS1 210249855184"} -index 0
con
----------------End of Script----------------

15:21:22 INFO  : Launch script is exported to file 'E:\1PD\FPGA\My\WaveWidthPhase2constrain\PLToPS1.sdk\.sdk\launch_scripts\xilinx_c-c++_application_(system_debugger)\system_debugger_using_debug_pl.elf_on_local.tcl'
15:22:09 INFO  : Disconnected from the channel tcfchan#1.
15:22:11 INFO  : Connected to target on host '127.0.0.1' and port '3121'.
15:22:11 INFO  : Jtag cable 'Digilent JTAG-HS1 210249855184' is selected.
15:22:11 INFO  : 'jtag frequency' command is executed.
15:22:11 INFO  : Sourcing of 'E:/1PD/FPGA/My/WaveWidthPhase2constrain/PLToPS1.sdk/system_wrapper_hw_platform_0/ps7_init.tcl' is done.
15:22:11 INFO  : Context for 'APU' is selected.
15:22:12 INFO  : System reset is completed.
15:22:15 INFO  : 'after 3000' command is executed.
15:22:15 INFO  : 'targets -set -filter {jtag_cable_name =~ "Digilent JTAG-HS1 210249855184" && level==0} -index 1' command is executed.
15:22:19 INFO  : FPGA configured successfully with bitstream "E:/1PD/FPGA/My/WaveWidthPhase2constrain/PLToPS1.sdk/system_wrapper_hw_platform_0/system_wrapper.bit"
15:22:19 INFO  : Context for 'APU' is selected.
15:22:20 INFO  : Hardware design information is loaded from 'E:/1PD/FPGA/My/WaveWidthPhase2constrain/PLToPS1.sdk/system_wrapper_hw_platform_0/system.hdf'.
15:22:20 INFO  : 'configparams force-mem-access 1' command is executed.
15:22:20 INFO  : Context for 'APU' is selected.
15:22:20 INFO  : 'ps7_init' command is executed.
15:22:20 INFO  : 'ps7_post_config' command is executed.
15:22:20 INFO  : Context for processor 'ps7_cortexa9_0' is selected.
15:22:21 INFO  : The application 'E:/1PD/FPGA/My/WaveWidthPhase2constrain/PLToPS1.sdk/pl/Debug/pl.elf' is downloaded to processor 'ps7_cortexa9_0'.
15:22:21 INFO  : 'configparams force-mem-access 0' command is executed.
15:22:21 INFO  : ----------------XSDB Script----------------
connect -url tcp:127.0.0.1:3121
source E:/1PD/FPGA/My/WaveWidthPhase2constrain/PLToPS1.sdk/system_wrapper_hw_platform_0/ps7_init.tcl
targets -set -nocase -filter {name =~"APU*" && jtag_cable_name =~ "Digilent JTAG-HS1 210249855184"} -index 0
rst -system
after 3000
targets -set -filter {jtag_cable_name =~ "Digilent JTAG-HS1 210249855184" && level==0} -index 1
fpga -file E:/1PD/FPGA/My/WaveWidthPhase2constrain/PLToPS1.sdk/system_wrapper_hw_platform_0/system_wrapper.bit
targets -set -nocase -filter {name =~"APU*" && jtag_cable_name =~ "Digilent JTAG-HS1 210249855184"} -index 0
loadhw -hw E:/1PD/FPGA/My/WaveWidthPhase2constrain/PLToPS1.sdk/system_wrapper_hw_platform_0/system.hdf -mem-ranges [list {0x40000000 0xbfffffff}]
configparams force-mem-access 1
targets -set -nocase -filter {name =~"APU*" && jtag_cable_name =~ "Digilent JTAG-HS1 210249855184"} -index 0
ps7_init
ps7_post_config
targets -set -nocase -filter {name =~ "ARM*#0" && jtag_cable_name =~ "Digilent JTAG-HS1 210249855184"} -index 0
dow E:/1PD/FPGA/My/WaveWidthPhase2constrain/PLToPS1.sdk/pl/Debug/pl.elf
configparams force-mem-access 0
----------------End of Script----------------

15:22:21 INFO  : Memory regions updated for context APU
15:22:21 INFO  : Context for processor 'ps7_cortexa9_0' is selected.
15:22:21 INFO  : 'con' command is executed.
15:22:21 INFO  : ----------------XSDB Script (After Launch)----------------
targets -set -nocase -filter {name =~ "ARM*#0" && jtag_cable_name =~ "Digilent JTAG-HS1 210249855184"} -index 0
con
----------------End of Script----------------

15:22:21 INFO  : Launch script is exported to file 'E:\1PD\FPGA\My\WaveWidthPhase2constrain\PLToPS1.sdk\.sdk\launch_scripts\xilinx_c-c++_application_(system_debugger)\system_debugger_using_debug_pl.elf_on_local.tcl'
15:25:02 INFO  : Disconnected from the channel tcfchan#2.
15:25:15 INFO  : Connected to target on host '127.0.0.1' and port '3121'.
15:25:15 INFO  : Jtag cable 'Digilent JTAG-HS1 210249855184' is selected.
15:25:15 INFO  : 'jtag frequency' command is executed.
15:25:15 INFO  : Sourcing of 'E:/1PD/FPGA/My/WaveWidthPhase2constrain/PLToPS1.sdk/system_wrapper_hw_platform_0/ps7_init.tcl' is done.
15:25:15 INFO  : Context for 'APU' is selected.
15:25:15 INFO  : System reset is completed.
15:25:18 INFO  : 'after 3000' command is executed.
15:25:18 INFO  : 'targets -set -filter {jtag_cable_name =~ "Digilent JTAG-HS1 210249855184" && level==0} -index 1' command is executed.
15:25:23 INFO  : FPGA configured successfully with bitstream "E:/1PD/FPGA/My/WaveWidthPhase2constrain/PLToPS1.sdk/system_wrapper_hw_platform_0/system_wrapper.bit"
15:25:23 INFO  : Context for 'APU' is selected.
15:25:23 INFO  : Hardware design information is loaded from 'E:/1PD/FPGA/My/WaveWidthPhase2constrain/PLToPS1.sdk/system_wrapper_hw_platform_0/system.hdf'.
15:25:23 INFO  : 'configparams force-mem-access 1' command is executed.
15:25:23 INFO  : Context for 'APU' is selected.
15:25:23 INFO  : 'ps7_init' command is executed.
15:25:23 INFO  : 'ps7_post_config' command is executed.
15:25:23 INFO  : Context for processor 'ps7_cortexa9_0' is selected.
15:25:23 INFO  : The application 'E:/1PD/FPGA/My/WaveWidthPhase2constrain/PLToPS1.sdk/pl/Debug/pl.elf' is downloaded to processor 'ps7_cortexa9_0'.
15:25:23 INFO  : 'configparams force-mem-access 0' command is executed.
15:25:23 INFO  : ----------------XSDB Script----------------
connect -url tcp:127.0.0.1:3121
source E:/1PD/FPGA/My/WaveWidthPhase2constrain/PLToPS1.sdk/system_wrapper_hw_platform_0/ps7_init.tcl
targets -set -nocase -filter {name =~"APU*" && jtag_cable_name =~ "Digilent JTAG-HS1 210249855184"} -index 0
rst -system
after 3000
targets -set -filter {jtag_cable_name =~ "Digilent JTAG-HS1 210249855184" && level==0} -index 1
fpga -file E:/1PD/FPGA/My/WaveWidthPhase2constrain/PLToPS1.sdk/system_wrapper_hw_platform_0/system_wrapper.bit
targets -set -nocase -filter {name =~"APU*" && jtag_cable_name =~ "Digilent JTAG-HS1 210249855184"} -index 0
loadhw -hw E:/1PD/FPGA/My/WaveWidthPhase2constrain/PLToPS1.sdk/system_wrapper_hw_platform_0/system.hdf -mem-ranges [list {0x40000000 0xbfffffff}]
configparams force-mem-access 1
targets -set -nocase -filter {name =~"APU*" && jtag_cable_name =~ "Digilent JTAG-HS1 210249855184"} -index 0
ps7_init
ps7_post_config
targets -set -nocase -filter {name =~ "ARM*#0" && jtag_cable_name =~ "Digilent JTAG-HS1 210249855184"} -index 0
dow E:/1PD/FPGA/My/WaveWidthPhase2constrain/PLToPS1.sdk/pl/Debug/pl.elf
configparams force-mem-access 0
----------------End of Script----------------

15:25:23 INFO  : Memory regions updated for context APU
15:25:24 INFO  : Context for processor 'ps7_cortexa9_0' is selected.
15:25:24 INFO  : 'con' command is executed.
15:25:24 INFO  : ----------------XSDB Script (After Launch)----------------
targets -set -nocase -filter {name =~ "ARM*#0" && jtag_cable_name =~ "Digilent JTAG-HS1 210249855184"} -index 0
con
----------------End of Script----------------

15:25:24 INFO  : Launch script is exported to file 'E:\1PD\FPGA\My\WaveWidthPhase2constrain\PLToPS1.sdk\.sdk\launch_scripts\xilinx_c-c++_application_(system_debugger)\system_debugger_using_debug_pl.elf_on_local.tcl'
15:31:37 INFO  : Disconnected from the channel tcfchan#3.
15:31:42 INFO  : Connected to target on host '127.0.0.1' and port '3121'.
15:31:42 INFO  : Jtag cable 'Digilent JTAG-HS1 210249855184' is selected.
15:31:42 INFO  : 'jtag frequency' command is executed.
15:31:42 INFO  : Sourcing of 'E:/1PD/FPGA/My/WaveWidthPhase2constrain/PLToPS1.sdk/system_wrapper_hw_platform_0/ps7_init.tcl' is done.
15:31:42 INFO  : Context for 'APU' is selected.
15:31:42 INFO  : System reset is completed.
15:31:45 INFO  : 'after 3000' command is executed.
15:31:45 INFO  : 'targets -set -filter {jtag_cable_name =~ "Digilent JTAG-HS1 210249855184" && level==0} -index 1' command is executed.
15:31:49 INFO  : FPGA configured successfully with bitstream "E:/1PD/FPGA/My/WaveWidthPhase2constrain/PLToPS1.sdk/system_wrapper_hw_platform_0/system_wrapper.bit"
15:31:49 INFO  : Context for 'APU' is selected.
15:31:49 INFO  : Hardware design information is loaded from 'E:/1PD/FPGA/My/WaveWidthPhase2constrain/PLToPS1.sdk/system_wrapper_hw_platform_0/system.hdf'.
15:31:49 INFO  : 'configparams force-mem-access 1' command is executed.
15:31:49 INFO  : Context for 'APU' is selected.
15:31:50 INFO  : 'ps7_init' command is executed.
15:31:50 INFO  : 'ps7_post_config' command is executed.
15:31:50 INFO  : Context for processor 'ps7_cortexa9_0' is selected.
15:31:50 INFO  : The application 'E:/1PD/FPGA/My/WaveWidthPhase2constrain/PLToPS1.sdk/pl/Debug/pl.elf' is downloaded to processor 'ps7_cortexa9_0'.
15:31:50 INFO  : 'configparams force-mem-access 0' command is executed.
15:31:50 INFO  : ----------------XSDB Script----------------
connect -url tcp:127.0.0.1:3121
source E:/1PD/FPGA/My/WaveWidthPhase2constrain/PLToPS1.sdk/system_wrapper_hw_platform_0/ps7_init.tcl
targets -set -nocase -filter {name =~"APU*" && jtag_cable_name =~ "Digilent JTAG-HS1 210249855184"} -index 0
rst -system
after 3000
targets -set -filter {jtag_cable_name =~ "Digilent JTAG-HS1 210249855184" && level==0} -index 1
fpga -file E:/1PD/FPGA/My/WaveWidthPhase2constrain/PLToPS1.sdk/system_wrapper_hw_platform_0/system_wrapper.bit
targets -set -nocase -filter {name =~"APU*" && jtag_cable_name =~ "Digilent JTAG-HS1 210249855184"} -index 0
loadhw -hw E:/1PD/FPGA/My/WaveWidthPhase2constrain/PLToPS1.sdk/system_wrapper_hw_platform_0/system.hdf -mem-ranges [list {0x40000000 0xbfffffff}]
configparams force-mem-access 1
targets -set -nocase -filter {name =~"APU*" && jtag_cable_name =~ "Digilent JTAG-HS1 210249855184"} -index 0
ps7_init
ps7_post_config
targets -set -nocase -filter {name =~ "ARM*#0" && jtag_cable_name =~ "Digilent JTAG-HS1 210249855184"} -index 0
dow E:/1PD/FPGA/My/WaveWidthPhase2constrain/PLToPS1.sdk/pl/Debug/pl.elf
configparams force-mem-access 0
----------------End of Script----------------

15:31:50 INFO  : Memory regions updated for context APU
15:31:50 INFO  : Context for processor 'ps7_cortexa9_0' is selected.
15:31:50 INFO  : 'con' command is executed.
15:31:50 INFO  : ----------------XSDB Script (After Launch)----------------
targets -set -nocase -filter {name =~ "ARM*#0" && jtag_cable_name =~ "Digilent JTAG-HS1 210249855184"} -index 0
con
----------------End of Script----------------

15:31:50 INFO  : Launch script is exported to file 'E:\1PD\FPGA\My\WaveWidthPhase2constrain\PLToPS1.sdk\.sdk\launch_scripts\xilinx_c-c++_application_(system_debugger)\system_debugger_using_debug_pl.elf_on_local.tcl'
15:36:10 INFO  : Disconnected from the channel tcfchan#4.
