#-----------------------------------------------------------
# Vivado v2017.4 (64-bit)
# SW Build 2086221 on Fri Dec 15 20:55:39 MST 2017
# IP Build 2085800 on Fri Dec 15 22:25:07 MST 2017
# Start of session at: Sat May  9 16:34:33 2020
# Process ID: 744
# Current directory: E:/CE/FPGA/PD/Code/My/WaveWidth1-Comments
# Command line: vivado.exe -gui_launcher_event rodinguilauncherevent5936 E:\CE\FPGA\PD\Code\My\WaveWidth1-Comments\PLToPS1.xpr
# Log file: E:/CE/FPGA/PD/Code/My/WaveWidth1-Comments/vivado.log
# Journal file: E:/CE/FPGA/PD/Code/My/WaveWidth1-Comments\vivado.jou
#-----------------------------------------------------------
start_gui
open_project E:/CE/FPGA/PD/Code/My/WaveWidth1-Comments/PLToPS1.xpr
Scanning sources...
Finished scanning sources
INFO: [IP_Flow 19-234] Refreshing IP repositories
INFO: [IP_Flow 19-1704] No user IP repositories specified
INFO: [IP_Flow 19-2313] Loaded Vivado IP repository 'D:/Xilinx/Vivado/2017.4/data/ip'.
open_project: Time (s): cpu = 00:00:45 ; elapsed = 00:00:44 . Memory (MB): peak = 956.699 ; gain = 264.266
update_compile_order -fileset sources_1
open_run synth_1 -name synth_1
Design is defaulting to impl run constrset: constrs_1
Design is defaulting to synth run part: xc7z035ffg676-2
INFO: [Project 1-454] Reading design checkpoint 'e:/CE/FPGA/PD/Code/My/WaveWidth1-Comments/PLToPS1.srcs/sources_1/ip/clk_wiz_0/clk_wiz_0.dcp' for cell 'example_top/CLK_WIZ_DDR'
INFO: [Project 1-454] Reading design checkpoint 'e:/CE/FPGA/PD/Code/My/WaveWidth1-Comments/PLToPS1.srcs/sources_1/ip/fifo_generator_0/fifo_generator_0.dcp' for cell 'example_top/FIFO_INST'
INFO: [Project 1-454] Reading design checkpoint 'e:/CE/FPGA/PD/Code/My/WaveWidth1-Comments/PLToPS1.srcs/sources_1/ip/fifo_generator_1/fifo_generator_1.dcp' for cell 'example_top/READ_FIFO_INST'
INFO: [Project 1-454] Reading design checkpoint 'e:/CE/FPGA/PD/Code/My/WaveWidth1-Comments/PLToPS1.srcs/sources_1/ip/mig_7series_0/mig_7series_0.dcp' for cell 'example_top/u_mig_7series_0'
INFO: [Netlist 29-17] Analyzing 1669 Unisim elements for replacement
INFO: [Netlist 29-28] Unisim Transformation completed in 2 CPU seconds
INFO: [Project 1-479] Netlist was created with Vivado 2017.4
INFO: [Device 21-403] Loading part xc7z035ffg676-2
INFO: [Project 1-570] Preparing netlist for logic optimization
Parsing XDC File [e:/CE/FPGA/PD/Code/My/WaveWidth1-Comments/PLToPS1.srcs/sources_1/bd/system/ip/system_processing_system7_0_0/system_processing_system7_0_0.xdc] for cell 'system_i/processing_system7_0/inst'
Finished Parsing XDC File [e:/CE/FPGA/PD/Code/My/WaveWidth1-Comments/PLToPS1.srcs/sources_1/bd/system/ip/system_processing_system7_0_0/system_processing_system7_0_0.xdc] for cell 'system_i/processing_system7_0/inst'
Parsing XDC File [e:/CE/FPGA/PD/Code/My/WaveWidth1-Comments/PLToPS1.srcs/sources_1/bd/system/ip/system_axi_emc_0_0/system_axi_emc_0_0_board.xdc] for cell 'system_i/axi_emc_0'
Finished Parsing XDC File [e:/CE/FPGA/PD/Code/My/WaveWidth1-Comments/PLToPS1.srcs/sources_1/bd/system/ip/system_axi_emc_0_0/system_axi_emc_0_0_board.xdc] for cell 'system_i/axi_emc_0'
Parsing XDC File [e:/CE/FPGA/PD/Code/My/WaveWidth1-Comments/PLToPS1.srcs/sources_1/bd/system/ip/system_axi_emc_0_0/system_axi_emc_0_0.xdc] for cell 'system_i/axi_emc_0'
Finished Parsing XDC File [e:/CE/FPGA/PD/Code/My/WaveWidth1-Comments/PLToPS1.srcs/sources_1/bd/system/ip/system_axi_emc_0_0/system_axi_emc_0_0.xdc] for cell 'system_i/axi_emc_0'
Parsing XDC File [e:/CE/FPGA/PD/Code/My/WaveWidth1-Comments/PLToPS1.srcs/sources_1/bd/system/ip/system_axi_smc_0/bd_0/ip/ip_1/bd_44e3_psr_aclk_0_board.xdc] for cell 'system_i/axi_smc/inst/clk_map/psr_aclk/U0'
Finished Parsing XDC File [e:/CE/FPGA/PD/Code/My/WaveWidth1-Comments/PLToPS1.srcs/sources_1/bd/system/ip/system_axi_smc_0/bd_0/ip/ip_1/bd_44e3_psr_aclk_0_board.xdc] for cell 'system_i/axi_smc/inst/clk_map/psr_aclk/U0'
Parsing XDC File [e:/CE/FPGA/PD/Code/My/WaveWidth1-Comments/PLToPS1.srcs/sources_1/bd/system/ip/system_axi_smc_0/bd_0/ip/ip_1/bd_44e3_psr_aclk_0.xdc] for cell 'system_i/axi_smc/inst/clk_map/psr_aclk/U0'
Finished Parsing XDC File [e:/CE/FPGA/PD/Code/My/WaveWidth1-Comments/PLToPS1.srcs/sources_1/bd/system/ip/system_axi_smc_0/bd_0/ip/ip_1/bd_44e3_psr_aclk_0.xdc] for cell 'system_i/axi_smc/inst/clk_map/psr_aclk/U0'
Parsing XDC File [e:/CE/FPGA/PD/Code/My/WaveWidth1-Comments/PLToPS1.srcs/sources_1/bd/system/ip/system_rst_ps7_0_100M_0/system_rst_ps7_0_100M_0_board.xdc] for cell 'system_i/rst_ps7_0_100M/U0'
Finished Parsing XDC File [e:/CE/FPGA/PD/Code/My/WaveWidth1-Comments/PLToPS1.srcs/sources_1/bd/system/ip/system_rst_ps7_0_100M_0/system_rst_ps7_0_100M_0_board.xdc] for cell 'system_i/rst_ps7_0_100M/U0'
Parsing XDC File [e:/CE/FPGA/PD/Code/My/WaveWidth1-Comments/PLToPS1.srcs/sources_1/bd/system/ip/system_rst_ps7_0_100M_0/system_rst_ps7_0_100M_0.xdc] for cell 'system_i/rst_ps7_0_100M/U0'
Finished Parsing XDC File [e:/CE/FPGA/PD/Code/My/WaveWidth1-Comments/PLToPS1.srcs/sources_1/bd/system/ip/system_rst_ps7_0_100M_0/system_rst_ps7_0_100M_0.xdc] for cell 'system_i/rst_ps7_0_100M/U0'
Parsing XDC File [e:/CE/FPGA/PD/Code/My/WaveWidth1-Comments/PLToPS1.srcs/sources_1/bd/system/ip/system_axi_gpio_0_0/system_axi_gpio_0_0_board.xdc] for cell 'system_i/axi_gpio_0/U0'
Finished Parsing XDC File [e:/CE/FPGA/PD/Code/My/WaveWidth1-Comments/PLToPS1.srcs/sources_1/bd/system/ip/system_axi_gpio_0_0/system_axi_gpio_0_0_board.xdc] for cell 'system_i/axi_gpio_0/U0'
Parsing XDC File [e:/CE/FPGA/PD/Code/My/WaveWidth1-Comments/PLToPS1.srcs/sources_1/bd/system/ip/system_axi_gpio_0_0/system_axi_gpio_0_0.xdc] for cell 'system_i/axi_gpio_0/U0'
Finished Parsing XDC File [e:/CE/FPGA/PD/Code/My/WaveWidth1-Comments/PLToPS1.srcs/sources_1/bd/system/ip/system_axi_gpio_0_0/system_axi_gpio_0_0.xdc] for cell 'system_i/axi_gpio_0/U0'
Parsing XDC File [e:/CE/FPGA/PD/Code/My/WaveWidth1-Comments/PLToPS1.srcs/sources_1/ip/clk_wiz_0/clk_wiz_0_board.xdc] for cell 'example_top/CLK_WIZ_DDR/inst'
Finished Parsing XDC File [e:/CE/FPGA/PD/Code/My/WaveWidth1-Comments/PLToPS1.srcs/sources_1/ip/clk_wiz_0/clk_wiz_0_board.xdc] for cell 'example_top/CLK_WIZ_DDR/inst'
Parsing XDC File [e:/CE/FPGA/PD/Code/My/WaveWidth1-Comments/PLToPS1.srcs/sources_1/ip/clk_wiz_0/clk_wiz_0.xdc] for cell 'example_top/CLK_WIZ_DDR/inst'
Finished Parsing XDC File [e:/CE/FPGA/PD/Code/My/WaveWidth1-Comments/PLToPS1.srcs/sources_1/ip/clk_wiz_0/clk_wiz_0.xdc] for cell 'example_top/CLK_WIZ_DDR/inst'
Parsing XDC File [e:/CE/FPGA/PD/Code/My/WaveWidth1-Comments/PLToPS1.srcs/sources_1/ip/mig_7series_0/mig_7series_0/user_design/constraints/mig_7series_0.xdc] for cell 'example_top/u_mig_7series_0'
Finished Parsing XDC File [e:/CE/FPGA/PD/Code/My/WaveWidth1-Comments/PLToPS1.srcs/sources_1/ip/mig_7series_0/mig_7series_0/user_design/constraints/mig_7series_0.xdc] for cell 'example_top/u_mig_7series_0'
Parsing XDC File [e:/CE/FPGA/PD/Code/My/WaveWidth1-Comments/PLToPS1.srcs/sources_1/ip/fifo_generator_0/fifo_generator_0.xdc] for cell 'example_top/FIFO_INST/U0'
Finished Parsing XDC File [e:/CE/FPGA/PD/Code/My/WaveWidth1-Comments/PLToPS1.srcs/sources_1/ip/fifo_generator_0/fifo_generator_0.xdc] for cell 'example_top/FIFO_INST/U0'
Parsing XDC File [e:/CE/FPGA/PD/Code/My/WaveWidth1-Comments/PLToPS1.srcs/sources_1/ip/fifo_generator_1/fifo_generator_1.xdc] for cell 'example_top/READ_FIFO_INST/U0'
Finished Parsing XDC File [e:/CE/FPGA/PD/Code/My/WaveWidth1-Comments/PLToPS1.srcs/sources_1/ip/fifo_generator_1/fifo_generator_1.xdc] for cell 'example_top/READ_FIFO_INST/U0'
Parsing XDC File [E:/CE/FPGA/PD/Code/My/WaveWidth1-Comments/PLToPS1.srcs/constrs_1/imports/imports/example_top.xdc]
WARNING: [Vivado 12-584] No ports matched 'SendIRQ[0]'. [E:/CE/FPGA/PD/Code/My/WaveWidth1-Comments/PLToPS1.srcs/constrs_1/imports/imports/example_top.xdc:44]
CRITICAL WARNING: [Common 17-55] 'set_property' expects at least one object. [E:/CE/FPGA/PD/Code/My/WaveWidth1-Comments/PLToPS1.srcs/constrs_1/imports/imports/example_top.xdc:44]
Resolution: If [get_<value>] was used to populate the object, check to make sure this command returns at least one valid object.
WARNING: [Vivado 12-584] No ports matched 'SendIRQ[0]'. [E:/CE/FPGA/PD/Code/My/WaveWidth1-Comments/PLToPS1.srcs/constrs_1/imports/imports/example_top.xdc:45]
CRITICAL WARNING: [Common 17-55] 'set_property' expects at least one object. [E:/CE/FPGA/PD/Code/My/WaveWidth1-Comments/PLToPS1.srcs/constrs_1/imports/imports/example_top.xdc:45]
Resolution: If [get_<value>] was used to populate the object, check to make sure this command returns at least one valid object.
WARNING: [Vivado 12-584] No ports matched 'GPIO_0_tri_io[0]'. [E:/CE/FPGA/PD/Code/My/WaveWidth1-Comments/PLToPS1.srcs/constrs_1/imports/imports/example_top.xdc:157]
CRITICAL WARNING: [Common 17-55] 'set_property' expects at least one object. [E:/CE/FPGA/PD/Code/My/WaveWidth1-Comments/PLToPS1.srcs/constrs_1/imports/imports/example_top.xdc:157]
Resolution: If [get_<value>] was used to populate the object, check to make sure this command returns at least one valid object.
WARNING: [Vivado 12-584] No ports matched 'GPIO_0_tri_io[0]'. [E:/CE/FPGA/PD/Code/My/WaveWidth1-Comments/PLToPS1.srcs/constrs_1/imports/imports/example_top.xdc:158]
CRITICAL WARNING: [Common 17-55] 'set_property' expects at least one object. [E:/CE/FPGA/PD/Code/My/WaveWidth1-Comments/PLToPS1.srcs/constrs_1/imports/imports/example_top.xdc:158]
Resolution: If [get_<value>] was used to populate the object, check to make sure this command returns at least one valid object.
WARNING: [Vivado 12-584] No ports matched 'GPIO2_0_tri_io[0]'. [E:/CE/FPGA/PD/Code/My/WaveWidth1-Comments/PLToPS1.srcs/constrs_1/imports/imports/example_top.xdc:159]
CRITICAL WARNING: [Common 17-55] 'set_property' expects at least one object. [E:/CE/FPGA/PD/Code/My/WaveWidth1-Comments/PLToPS1.srcs/constrs_1/imports/imports/example_top.xdc:159]
Resolution: If [get_<value>] was used to populate the object, check to make sure this command returns at least one valid object.
WARNING: [Vivado 12-584] No ports matched 'GPIO2_0_tri_io[0]'. [E:/CE/FPGA/PD/Code/My/WaveWidth1-Comments/PLToPS1.srcs/constrs_1/imports/imports/example_top.xdc:160]
CRITICAL WARNING: [Common 17-55] 'set_property' expects at least one object. [E:/CE/FPGA/PD/Code/My/WaveWidth1-Comments/PLToPS1.srcs/constrs_1/imports/imports/example_top.xdc:160]
Resolution: If [get_<value>] was used to populate the object, check to make sure this command returns at least one valid object.
INFO: [Timing 38-35] Done setting XDC timing constraints. [E:/CE/FPGA/PD/Code/My/WaveWidth1-Comments/PLToPS1.srcs/constrs_1/imports/imports/example_top.xdc:174]
INFO: [Timing 38-2] Deriving generated clocks [E:/CE/FPGA/PD/Code/My/WaveWidth1-Comments/PLToPS1.srcs/constrs_1/imports/imports/example_top.xdc:174]
get_clocks: Time (s): cpu = 00:00:30 ; elapsed = 00:00:28 . Memory (MB): peak = 2071.484 ; gain = 579.168
CRITICAL WARNING: [Vivado 12-1419] Debug core 'u_ila_0' was not found. [E:/CE/FPGA/PD/Code/My/WaveWidth1-Comments/PLToPS1.srcs/constrs_1/imports/imports/example_top.xdc:244]
CRITICAL WARNING: [Vivado 12-1419] Debug core 'u_ila_0' was not found. [E:/CE/FPGA/PD/Code/My/WaveWidth1-Comments/PLToPS1.srcs/constrs_1/imports/imports/example_top.xdc:245]
WARNING: [Vivado 12-507] No nets matched 'example_top/ddr3_allwr_flag'. [E:/CE/FPGA/PD/Code/My/WaveWidth1-Comments/PLToPS1.srcs/constrs_1/imports/imports/example_top.xdc:246]
CRITICAL WARNING: [Vivado 12-1419] Debug core 'u_ila_0' was not found. [E:/CE/FPGA/PD/Code/My/WaveWidth1-Comments/PLToPS1.srcs/constrs_1/imports/imports/example_top.xdc:246]
WARNING: [Vivado 12-507] No nets matched 'example_top/ddr3_onewr_flag'. [E:/CE/FPGA/PD/Code/My/WaveWidth1-Comments/PLToPS1.srcs/constrs_1/imports/imports/example_top.xdc:247]
CRITICAL WARNING: [Vivado 12-1419] Debug core 'u_ila_0' was not found. [E:/CE/FPGA/PD/Code/My/WaveWidth1-Comments/PLToPS1.srcs/constrs_1/imports/imports/example_top.xdc:247]
CRITICAL WARNING: [Vivado 12-1419] Debug core 'u_ila_1' was not found. [E:/CE/FPGA/PD/Code/My/WaveWidth1-Comments/PLToPS1.srcs/constrs_1/imports/imports/example_top.xdc:248]
WARNING: [Vivado 12-507] No nets matched 'GPIO_0_tri_o_OBUF[0]'. [E:/CE/FPGA/PD/Code/My/WaveWidth1-Comments/PLToPS1.srcs/constrs_1/imports/imports/example_top.xdc:250]
CRITICAL WARNING: [Vivado 12-1419] Debug core 'u_ila_1' was not found. [E:/CE/FPGA/PD/Code/My/WaveWidth1-Comments/PLToPS1.srcs/constrs_1/imports/imports/example_top.xdc:250]
WARNING: [Vivado 12-507] No nets matched 'example_top/Mean_value_remainders[0]'. [E:/CE/FPGA/PD/Code/My/WaveWidth1-Comments/PLToPS1.srcs/constrs_1/imports/imports/example_top.xdc:252]
WARNING: [Vivado 12-507] No nets matched 'example_top/Mean_value_remainders[1]'. [E:/CE/FPGA/PD/Code/My/WaveWidth1-Comments/PLToPS1.srcs/constrs_1/imports/imports/example_top.xdc:252]
WARNING: [Vivado 12-507] No nets matched 'example_top/Mean_value_remainders[2]'. [E:/CE/FPGA/PD/Code/My/WaveWidth1-Comments/PLToPS1.srcs/constrs_1/imports/imports/example_top.xdc:252]
WARNING: [Vivado 12-507] No nets matched 'example_top/Mean_value_remainders[3]'. [E:/CE/FPGA/PD/Code/My/WaveWidth1-Comments/PLToPS1.srcs/constrs_1/imports/imports/example_top.xdc:252]
WARNING: [Vivado 12-507] No nets matched 'example_top/Mean_value_remainders[4]'. [E:/CE/FPGA/PD/Code/My/WaveWidth1-Comments/PLToPS1.srcs/constrs_1/imports/imports/example_top.xdc:252]
WARNING: [Vivado 12-507] No nets matched 'example_top/Mean_value_remainders[5]'. [E:/CE/FPGA/PD/Code/My/WaveWidth1-Comments/PLToPS1.srcs/constrs_1/imports/imports/example_top.xdc:252]
WARNING: [Vivado 12-507] No nets matched 'example_top/Mean_value_remainders[6]'. [E:/CE/FPGA/PD/Code/My/WaveWidth1-Comments/PLToPS1.srcs/constrs_1/imports/imports/example_top.xdc:252]
WARNING: [Vivado 12-507] No nets matched 'example_top/Mean_value_remainders[7]'. [E:/CE/FPGA/PD/Code/My/WaveWidth1-Comments/PLToPS1.srcs/constrs_1/imports/imports/example_top.xdc:252]
CRITICAL WARNING: [Vivado 12-1419] Debug core 'u_ila_0' was not found. [E:/CE/FPGA/PD/Code/My/WaveWidth1-Comments/PLToPS1.srcs/constrs_1/imports/imports/example_top.xdc:252]
WARNING: [Vivado 12-507] No nets matched 'example_top/Mean_value[0]'. [E:/CE/FPGA/PD/Code/My/WaveWidth1-Comments/PLToPS1.srcs/constrs_1/imports/imports/example_top.xdc:253]
WARNING: [Vivado 12-507] No nets matched 'example_top/Mean_value[1]'. [E:/CE/FPGA/PD/Code/My/WaveWidth1-Comments/PLToPS1.srcs/constrs_1/imports/imports/example_top.xdc:253]
WARNING: [Vivado 12-507] No nets matched 'example_top/Mean_value[2]'. [E:/CE/FPGA/PD/Code/My/WaveWidth1-Comments/PLToPS1.srcs/constrs_1/imports/imports/example_top.xdc:253]
WARNING: [Vivado 12-507] No nets matched 'example_top/Mean_value[3]'. [E:/CE/FPGA/PD/Code/My/WaveWidth1-Comments/PLToPS1.srcs/constrs_1/imports/imports/example_top.xdc:253]
WARNING: [Vivado 12-507] No nets matched 'example_top/Mean_value[4]'. [E:/CE/FPGA/PD/Code/My/WaveWidth1-Comments/PLToPS1.srcs/constrs_1/imports/imports/example_top.xdc:253]
WARNING: [Vivado 12-507] No nets matched 'example_top/Mean_value[5]'. [E:/CE/FPGA/PD/Code/My/WaveWidth1-Comments/PLToPS1.srcs/constrs_1/imports/imports/example_top.xdc:253]
WARNING: [Vivado 12-507] No nets matched 'example_top/Mean_value[6]'. [E:/CE/FPGA/PD/Code/My/WaveWidth1-Comments/PLToPS1.srcs/constrs_1/imports/imports/example_top.xdc:253]
WARNING: [Vivado 12-507] No nets matched 'example_top/Mean_value[7]'. [E:/CE/FPGA/PD/Code/My/WaveWidth1-Comments/PLToPS1.srcs/constrs_1/imports/imports/example_top.xdc:253]
CRITICAL WARNING: [Vivado 12-1419] Debug core 'u_ila_0' was not found. [E:/CE/FPGA/PD/Code/My/WaveWidth1-Comments/PLToPS1.srcs/constrs_1/imports/imports/example_top.xdc:253]
WARNING: [Vivado 12-507] No nets matched 'example_top/MonopulseEx_Arithmetic1/Monopulse_extraction_1/Falling_edge_num[0]'. [E:/CE/FPGA/PD/Code/My/WaveWidth1-Comments/PLToPS1.srcs/constrs_1/imports/imports/example_top.xdc:255]
WARNING: [Vivado 12-507] No nets matched 'example_top/MonopulseEx_Arithmetic1/Monopulse_extraction_1/Falling_edge_num[1]'. [E:/CE/FPGA/PD/Code/My/WaveWidth1-Comments/PLToPS1.srcs/constrs_1/imports/imports/example_top.xdc:255]
WARNING: [Vivado 12-507] No nets matched 'example_top/MonopulseEx_Arithmetic1/Monopulse_extraction_1/Falling_edge_num[2]'. [E:/CE/FPGA/PD/Code/My/WaveWidth1-Comments/PLToPS1.srcs/constrs_1/imports/imports/example_top.xdc:255]
WARNING: [Vivado 12-507] No nets matched 'example_top/MonopulseEx_Arithmetic1/Monopulse_extraction_1/Falling_edge_num[3]'. [E:/CE/FPGA/PD/Code/My/WaveWidth1-Comments/PLToPS1.srcs/constrs_1/imports/imports/example_top.xdc:255]
WARNING: [Vivado 12-507] No nets matched 'example_top/MonopulseEx_Arithmetic1/Monopulse_extraction_1/Falling_edge_num[4]'. [E:/CE/FPGA/PD/Code/My/WaveWidth1-Comments/PLToPS1.srcs/constrs_1/imports/imports/example_top.xdc:255]
WARNING: [Vivado 12-507] No nets matched 'example_top/MonopulseEx_Arithmetic1/Monopulse_extraction_1/Falling_edge_num[5]'. [E:/CE/FPGA/PD/Code/My/WaveWidth1-Comments/PLToPS1.srcs/constrs_1/imports/imports/example_top.xdc:255]
WARNING: [Vivado 12-507] No nets matched 'example_top/MonopulseEx_Arithmetic1/Monopulse_extraction_1/Falling_edge_num[6]'. [E:/CE/FPGA/PD/Code/My/WaveWidth1-Comments/PLToPS1.srcs/constrs_1/imports/imports/example_top.xdc:255]
WARNING: [Vivado 12-507] No nets matched 'example_top/MonopulseEx_Arithmetic1/Monopulse_extraction_1/Falling_edge_num[7]'. [E:/CE/FPGA/PD/Code/My/WaveWidth1-Comments/PLToPS1.srcs/constrs_1/imports/imports/example_top.xdc:255]
CRITICAL WARNING: [Vivado 12-1419] Debug core 'u_ila_0' was not found. [E:/CE/FPGA/PD/Code/My/WaveWidth1-Comments/PLToPS1.srcs/constrs_1/imports/imports/example_top.xdc:255]
WARNING: [Vivado 12-507] No nets matched 'example_top/feature_num[0]'. [E:/CE/FPGA/PD/Code/My/WaveWidth1-Comments/PLToPS1.srcs/constrs_1/imports/imports/example_top.xdc:257]
WARNING: [Vivado 12-507] No nets matched 'example_top/feature_num[1]'. [E:/CE/FPGA/PD/Code/My/WaveWidth1-Comments/PLToPS1.srcs/constrs_1/imports/imports/example_top.xdc:257]
WARNING: [Vivado 12-507] No nets matched 'example_top/feature_num[2]'. [E:/CE/FPGA/PD/Code/My/WaveWidth1-Comments/PLToPS1.srcs/constrs_1/imports/imports/example_top.xdc:257]
WARNING: [Vivado 12-507] No nets matched 'example_top/feature_num[3]'. [E:/CE/FPGA/PD/Code/My/WaveWidth1-Comments/PLToPS1.srcs/constrs_1/imports/imports/example_top.xdc:257]
WARNING: [Vivado 12-507] No nets matched 'example_top/feature_num[4]'. [E:/CE/FPGA/PD/Code/My/WaveWidth1-Comments/PLToPS1.srcs/constrs_1/imports/imports/example_top.xdc:257]
WARNING: [Vivado 12-507] No nets matched 'example_top/feature_num[5]'. [E:/CE/FPGA/PD/Code/My/WaveWidth1-Comments/PLToPS1.srcs/constrs_1/imports/imports/example_top.xdc:257]
WARNING: [Vivado 12-507] No nets matched 'example_top/feature_num[6]'. [E:/CE/FPGA/PD/Code/My/WaveWidth1-Comments/PLToPS1.srcs/constrs_1/imports/imports/example_top.xdc:257]
WARNING: [Vivado 12-507] No nets matched 'example_top/feature_num[7]'. [E:/CE/FPGA/PD/Code/My/WaveWidth1-Comments/PLToPS1.srcs/constrs_1/imports/imports/example_top.xdc:257]
WARNING: [Vivado 12-507] No nets matched 'example_top/feature_num[8]'. [E:/CE/FPGA/PD/Code/My/WaveWidth1-Comments/PLToPS1.srcs/constrs_1/imports/imports/example_top.xdc:257]
WARNING: [Vivado 12-507] No nets matched 'example_top/feature_num[9]'. [E:/CE/FPGA/PD/Code/My/WaveWidth1-Comments/PLToPS1.srcs/constrs_1/imports/imports/example_top.xdc:257]
WARNING: [Vivado 12-507] No nets matched 'example_top/feature_num[10]'. [E:/CE/FPGA/PD/Code/My/WaveWidth1-Comments/PLToPS1.srcs/constrs_1/imports/imports/example_top.xdc:257]
WARNING: [Vivado 12-507] No nets matched 'example_top/feature_num[11]'. [E:/CE/FPGA/PD/Code/My/WaveWidth1-Comments/PLToPS1.srcs/constrs_1/imports/imports/example_top.xdc:257]
WARNING: [Vivado 12-507] No nets matched 'example_top/feature_num[12]'. [E:/CE/FPGA/PD/Code/My/WaveWidth1-Comments/PLToPS1.srcs/constrs_1/imports/imports/example_top.xdc:257]
WARNING: [Vivado 12-507] No nets matched 'example_top/feature_num[13]'. [E:/CE/FPGA/PD/Code/My/WaveWidth1-Comments/PLToPS1.srcs/constrs_1/imports/imports/example_top.xdc:257]
WARNING: [Vivado 12-507] No nets matched 'example_top/feature_num[14]'. [E:/CE/FPGA/PD/Code/My/WaveWidth1-Comments/PLToPS1.srcs/constrs_1/imports/imports/example_top.xdc:257]
WARNING: [Vivado 12-507] No nets matched 'example_top/feature_num[15]'. [E:/CE/FPGA/PD/Code/My/WaveWidth1-Comments/PLToPS1.srcs/constrs_1/imports/imports/example_top.xdc:257]
WARNING: [Vivado 12-507] No nets matched 'example_top/feature_num[16]'. [E:/CE/FPGA/PD/Code/My/WaveWidth1-Comments/PLToPS1.srcs/constrs_1/imports/imports/example_top.xdc:257]
WARNING: [Vivado 12-507] No nets matched 'example_top/feature_num[17]'. [E:/CE/FPGA/PD/Code/My/WaveWidth1-Comments/PLToPS1.srcs/constrs_1/imports/imports/example_top.xdc:257]
WARNING: [Vivado 12-507] No nets matched 'example_top/feature_num[18]'. [E:/CE/FPGA/PD/Code/My/WaveWidth1-Comments/PLToPS1.srcs/constrs_1/imports/imports/example_top.xdc:257]
WARNING: [Vivado 12-507] No nets matched 'example_top/feature_num[19]'. [E:/CE/FPGA/PD/Code/My/WaveWidth1-Comments/PLToPS1.srcs/constrs_1/imports/imports/example_top.xdc:257]
WARNING: [Vivado 12-507] No nets matched 'example_top/feature_num[20]'. [E:/CE/FPGA/PD/Code/My/WaveWidth1-Comments/PLToPS1.srcs/constrs_1/imports/imports/example_top.xdc:257]
WARNING: [Vivado 12-507] No nets matched 'example_top/feature_num[21]'. [E:/CE/FPGA/PD/Code/My/WaveWidth1-Comments/PLToPS1.srcs/constrs_1/imports/imports/example_top.xdc:257]
WARNING: [Vivado 12-507] No nets matched 'example_top/feature_num[22]'. [E:/CE/FPGA/PD/Code/My/WaveWidth1-Comments/PLToPS1.srcs/constrs_1/imports/imports/example_top.xdc:257]
WARNING: [Vivado 12-507] No nets matched 'example_top/feature_num[23]'. [E:/CE/FPGA/PD/Code/My/WaveWidth1-Comments/PLToPS1.srcs/constrs_1/imports/imports/example_top.xdc:257]
WARNING: [Vivado 12-507] No nets matched 'example_top/feature_num[24]'. [E:/CE/FPGA/PD/Code/My/WaveWidth1-Comments/PLToPS1.srcs/constrs_1/imports/imports/example_top.xdc:257]
WARNING: [Vivado 12-507] No nets matched 'example_top/feature_num[25]'. [E:/CE/FPGA/PD/Code/My/WaveWidth1-Comments/PLToPS1.srcs/constrs_1/imports/imports/example_top.xdc:257]
WARNING: [Vivado 12-507] No nets matched 'example_top/feature_num[26]'. [E:/CE/FPGA/PD/Code/My/WaveWidth1-Comments/PLToPS1.srcs/constrs_1/imports/imports/example_top.xdc:257]
WARNING: [Vivado 12-507] No nets matched 'example_top/feature_num[27]'. [E:/CE/FPGA/PD/Code/My/WaveWidth1-Comments/PLToPS1.srcs/constrs_1/imports/imports/example_top.xdc:257]
WARNING: [Vivado 12-507] No nets matched 'example_top/feature_num[28]'. [E:/CE/FPGA/PD/Code/My/WaveWidth1-Comments/PLToPS1.srcs/constrs_1/imports/imports/example_top.xdc:257]
WARNING: [Vivado 12-507] No nets matched 'example_top/feature_num[29]'. [E:/CE/FPGA/PD/Code/My/WaveWidth1-Comments/PLToPS1.srcs/constrs_1/imports/imports/example_top.xdc:257]
WARNING: [Vivado 12-507] No nets matched 'example_top/feature_num[30]'. [E:/CE/FPGA/PD/Code/My/WaveWidth1-Comments/PLToPS1.srcs/constrs_1/imports/imports/example_top.xdc:257]
WARNING: [Vivado 12-507] No nets matched 'example_top/feature_num[31]'. [E:/CE/FPGA/PD/Code/My/WaveWidth1-Comments/PLToPS1.srcs/constrs_1/imports/imports/example_top.xdc:257]
CRITICAL WARNING: [Vivado 12-1419] Debug core 'u_ila_0' was not found. [E:/CE/FPGA/PD/Code/My/WaveWidth1-Comments/PLToPS1.srcs/constrs_1/imports/imports/example_top.xdc:257]
WARNING: [Vivado 12-507] No nets matched 'example_top/S_FeatureExtraction_flag_reg1'. [E:/CE/FPGA/PD/Code/My/WaveWidth1-Comments/PLToPS1.srcs/constrs_1/imports/imports/example_top.xdc:258]
CRITICAL WARNING: [Vivado 12-1419] Debug core 'u_ila_0' was not found. [E:/CE/FPGA/PD/Code/My/WaveWidth1-Comments/PLToPS1.srcs/constrs_1/imports/imports/example_top.xdc:258]
WARNING: [Vivado 12-507] No nets matched 'example_top/SendToArm_begin'. [E:/CE/FPGA/PD/Code/My/WaveWidth1-Comments/PLToPS1.srcs/constrs_1/imports/imports/example_top.xdc:259]
CRITICAL WARNING: [Vivado 12-1419] Debug core 'u_ila_1' was not found. [E:/CE/FPGA/PD/Code/My/WaveWidth1-Comments/PLToPS1.srcs/constrs_1/imports/imports/example_top.xdc:259]
WARNING: [Vivado 12-507] No nets matched 'example_top/SendToArm_Over'. [E:/CE/FPGA/PD/Code/My/WaveWidth1-Comments/PLToPS1.srcs/constrs_1/imports/imports/example_top.xdc:260]
CRITICAL WARNING: [Vivado 12-1419] Debug core 'u_ila_1' was not found. [E:/CE/FPGA/PD/Code/My/WaveWidth1-Comments/PLToPS1.srcs/constrs_1/imports/imports/example_top.xdc:260]
WARNING: [Vivado 12-507] No nets matched 'example_top/Period_flag'. [E:/CE/FPGA/PD/Code/My/WaveWidth1-Comments/PLToPS1.srcs/constrs_1/imports/imports/example_top.xdc:261]
CRITICAL WARNING: [Vivado 12-1419] Debug core 'u_ila_2' was not found. [E:/CE/FPGA/PD/Code/My/WaveWidth1-Comments/PLToPS1.srcs/constrs_1/imports/imports/example_top.xdc:261]
CRITICAL WARNING: [Vivado 12-1419] Debug core 'u_ila_3' was not found. [E:/CE/FPGA/PD/Code/My/WaveWidth1-Comments/PLToPS1.srcs/constrs_1/imports/imports/example_top.xdc:269]
WARNING: [Vivado 12-507] No nets matched 'example_top/ddr3read_en1[0]'. [E:/CE/FPGA/PD/Code/My/WaveWidth1-Comments/PLToPS1.srcs/constrs_1/imports/imports/example_top.xdc:270]
WARNING: [Vivado 12-507] No nets matched 'example_top/ddr3read_en1[1]'. [E:/CE/FPGA/PD/Code/My/WaveWidth1-Comments/PLToPS1.srcs/constrs_1/imports/imports/example_top.xdc:270]
WARNING: [Vivado 12-507] No nets matched 'example_top/ddr3read_en1[2]'. [E:/CE/FPGA/PD/Code/My/WaveWidth1-Comments/PLToPS1.srcs/constrs_1/imports/imports/example_top.xdc:270]
WARNING: [Vivado 12-507] No nets matched 'example_top/ddr3read_en1[3]'. [E:/CE/FPGA/PD/Code/My/WaveWidth1-Comments/PLToPS1.srcs/constrs_1/imports/imports/example_top.xdc:270]
WARNING: [Vivado 12-507] No nets matched 'example_top/ddr3read_en1[4]'. [E:/CE/FPGA/PD/Code/My/WaveWidth1-Comments/PLToPS1.srcs/constrs_1/imports/imports/example_top.xdc:270]
WARNING: [Vivado 12-507] No nets matched 'example_top/ddr3read_en1[5]'. [E:/CE/FPGA/PD/Code/My/WaveWidth1-Comments/PLToPS1.srcs/constrs_1/imports/imports/example_top.xdc:270]
WARNING: [Vivado 12-507] No nets matched 'example_top/ddr3read_en1[6]'. [E:/CE/FPGA/PD/Code/My/WaveWidth1-Comments/PLToPS1.srcs/constrs_1/imports/imports/example_top.xdc:270]
WARNING: [Vivado 12-507] No nets matched 'example_top/ddr3read_en1[7]'. [E:/CE/FPGA/PD/Code/My/WaveWidth1-Comments/PLToPS1.srcs/constrs_1/imports/imports/example_top.xdc:270]
WARNING: [Vivado 12-507] No nets matched 'example_top/ddr3read_en1[8]'. [E:/CE/FPGA/PD/Code/My/WaveWidth1-Comments/PLToPS1.srcs/constrs_1/imports/imports/example_top.xdc:270]
WARNING: [Vivado 12-507] No nets matched 'example_top/ddr3read_en1[9]'. [E:/CE/FPGA/PD/Code/My/WaveWidth1-Comments/PLToPS1.srcs/constrs_1/imports/imports/example_top.xdc:270]
WARNING: [Vivado 12-507] No nets matched 'example_top/ddr3read_en1[10]'. [E:/CE/FPGA/PD/Code/My/WaveWidth1-Comments/PLToPS1.srcs/constrs_1/imports/imports/example_top.xdc:270]
WARNING: [Vivado 12-507] No nets matched 'example_top/ddr3read_en1[11]'. [E:/CE/FPGA/PD/Code/My/WaveWidth1-Comments/PLToPS1.srcs/constrs_1/imports/imports/example_top.xdc:270]
WARNING: [Vivado 12-507] No nets matched 'example_top/ddr3read_en1[12]'. [E:/CE/FPGA/PD/Code/My/WaveWidth1-Comments/PLToPS1.srcs/constrs_1/imports/imports/example_top.xdc:270]
WARNING: [Vivado 12-507] No nets matched 'example_top/ddr3read_en1[13]'. [E:/CE/FPGA/PD/Code/My/WaveWidth1-Comments/PLToPS1.srcs/constrs_1/imports/imports/example_top.xdc:270]
WARNING: [Vivado 12-507] No nets matched 'example_top/ddr3read_en1[14]'. [E:/CE/FPGA/PD/Code/My/WaveWidth1-Comments/PLToPS1.srcs/constrs_1/imports/imports/example_top.xdc:270]
WARNING: [Vivado 12-507] No nets matched 'example_top/ddr3read_en1[15]'. [E:/CE/FPGA/PD/Code/My/WaveWidth1-Comments/PLToPS1.srcs/constrs_1/imports/imports/example_top.xdc:270]
WARNING: [Vivado 12-507] No nets matched 'example_top/ddr3read_en1[16]'. [E:/CE/FPGA/PD/Code/My/WaveWidth1-Comments/PLToPS1.srcs/constrs_1/imports/imports/example_top.xdc:270]
WARNING: [Vivado 12-507] No nets matched 'example_top/ddr3read_en1[17]'. [E:/CE/FPGA/PD/Code/My/WaveWidth1-Comments/PLToPS1.srcs/constrs_1/imports/imports/example_top.xdc:270]
WARNING: [Vivado 12-507] No nets matched 'example_top/ddr3read_en1[18]'. [E:/CE/FPGA/PD/Code/My/WaveWidth1-Comments/PLToPS1.srcs/constrs_1/imports/imports/example_top.xdc:270]
WARNING: [Vivado 12-507] No nets matched 'example_top/ddr3read_en1[19]'. [E:/CE/FPGA/PD/Code/My/WaveWidth1-Comments/PLToPS1.srcs/constrs_1/imports/imports/example_top.xdc:270]
WARNING: [Vivado 12-507] No nets matched 'example_top/ddr3read_en1[20]'. [E:/CE/FPGA/PD/Code/My/WaveWidth1-Comments/PLToPS1.srcs/constrs_1/imports/imports/example_top.xdc:270]
WARNING: [Vivado 12-507] No nets matched 'example_top/ddr3read_en1[21]'. [E:/CE/FPGA/PD/Code/My/WaveWidth1-Comments/PLToPS1.srcs/constrs_1/imports/imports/example_top.xdc:270]
WARNING: [Vivado 12-507] No nets matched 'example_top/ddr3read_en1[22]'. [E:/CE/FPGA/PD/Code/My/WaveWidth1-Comments/PLToPS1.srcs/constrs_1/imports/imports/example_top.xdc:270]
WARNING: [Vivado 12-507] No nets matched 'example_top/ddr3read_en1[23]'. [E:/CE/FPGA/PD/Code/My/WaveWidth1-Comments/PLToPS1.srcs/constrs_1/imports/imports/example_top.xdc:270]
WARNING: [Vivado 12-507] No nets matched 'example_top/ddr3read_en1[24]'. [E:/CE/FPGA/PD/Code/My/WaveWidth1-Comments/PLToPS1.srcs/constrs_1/imports/imports/example_top.xdc:270]
CRITICAL WARNING: [Vivado 12-1419] Debug core 'u_ila_0' was not found. [E:/CE/FPGA/PD/Code/My/WaveWidth1-Comments/PLToPS1.srcs/constrs_1/imports/imports/example_top.xdc:270]
WARNING: [Vivado 12-507] No nets matched 'example_top/ddr3read_en2[0]'. [E:/CE/FPGA/PD/Code/My/WaveWidth1-Comments/PLToPS1.srcs/constrs_1/imports/imports/example_top.xdc:271]
WARNING: [Vivado 12-507] No nets matched 'example_top/ddr3read_en2[1]'. [E:/CE/FPGA/PD/Code/My/WaveWidth1-Comments/PLToPS1.srcs/constrs_1/imports/imports/example_top.xdc:271]
WARNING: [Vivado 12-507] No nets matched 'example_top/ddr3read_en2[2]'. [E:/CE/FPGA/PD/Code/My/WaveWidth1-Comments/PLToPS1.srcs/constrs_1/imports/imports/example_top.xdc:271]
WARNING: [Vivado 12-507] No nets matched 'example_top/ddr3read_en2[3]'. [E:/CE/FPGA/PD/Code/My/WaveWidth1-Comments/PLToPS1.srcs/constrs_1/imports/imports/example_top.xdc:271]
WARNING: [Vivado 12-507] No nets matched 'example_top/ddr3read_en2[4]'. [E:/CE/FPGA/PD/Code/My/WaveWidth1-Comments/PLToPS1.srcs/constrs_1/imports/imports/example_top.xdc:271]
WARNING: [Vivado 12-507] No nets matched 'example_top/ddr3read_en2[5]'. [E:/CE/FPGA/PD/Code/My/WaveWidth1-Comments/PLToPS1.srcs/constrs_1/imports/imports/example_top.xdc:271]
WARNING: [Vivado 12-507] No nets matched 'example_top/ddr3read_en2[6]'. [E:/CE/FPGA/PD/Code/My/WaveWidth1-Comments/PLToPS1.srcs/constrs_1/imports/imports/example_top.xdc:271]
WARNING: [Vivado 12-507] No nets matched 'example_top/ddr3read_en2[7]'. [E:/CE/FPGA/PD/Code/My/WaveWidth1-Comments/PLToPS1.srcs/constrs_1/imports/imports/example_top.xdc:271]
WARNING: [Vivado 12-507] No nets matched 'example_top/ddr3read_en2[8]'. [E:/CE/FPGA/PD/Code/My/WaveWidth1-Comments/PLToPS1.srcs/constrs_1/imports/imports/example_top.xdc:271]
WARNING: [Vivado 12-507] No nets matched 'example_top/ddr3read_en2[9]'. [E:/CE/FPGA/PD/Code/My/WaveWidth1-Comments/PLToPS1.srcs/constrs_1/imports/imports/example_top.xdc:271]
WARNING: [Vivado 12-507] No nets matched 'example_top/ddr3read_en2[10]'. [E:/CE/FPGA/PD/Code/My/WaveWidth1-Comments/PLToPS1.srcs/constrs_1/imports/imports/example_top.xdc:271]
WARNING: [Vivado 12-507] No nets matched 'example_top/ddr3read_en2[11]'. [E:/CE/FPGA/PD/Code/My/WaveWidth1-Comments/PLToPS1.srcs/constrs_1/imports/imports/example_top.xdc:271]
INFO: [Common 17-14] Message 'Vivado 12-507' appears 100 times and further instances of the messages will be disabled. Use the Tcl command set_msg_config to change the current settings. [E:/CE/FPGA/PD/Code/My/WaveWidth1-Comments/PLToPS1.srcs/constrs_1/imports/imports/example_top.xdc:271]
CRITICAL WARNING: [Vivado 12-1419] Debug core 'u_ila_0' was not found. [E:/CE/FPGA/PD/Code/My/WaveWidth1-Comments/PLToPS1.srcs/constrs_1/imports/imports/example_top.xdc:271]
CRITICAL WARNING: [Vivado 12-1419] Debug core 'u_ila_2' was not found. [E:/CE/FPGA/PD/Code/My/WaveWidth1-Comments/PLToPS1.srcs/constrs_1/imports/imports/example_top.xdc:272]
CRITICAL WARNING: [Vivado 12-1419] Debug core 'u_ila_1' was not found. [E:/CE/FPGA/PD/Code/My/WaveWidth1-Comments/PLToPS1.srcs/constrs_1/imports/imports/example_top.xdc:281]
CRITICAL WARNING: [Vivado 12-1419] Debug core 'u_ila_1' was not found. [E:/CE/FPGA/PD/Code/My/WaveWidth1-Comments/PLToPS1.srcs/constrs_1/imports/imports/example_top.xdc:282]
Finished Parsing XDC File [E:/CE/FPGA/PD/Code/My/WaveWidth1-Comments/PLToPS1.srcs/constrs_1/imports/imports/example_top.xdc]
INFO: [Project 1-538] Using original IP XDC constraints instead of the XDC constraints in dcp 'e:/CE/FPGA/PD/Code/My/WaveWidth1-Comments/PLToPS1.srcs/sources_1/ip/fifo_generator_0/fifo_generator_0.dcp'
INFO: [Project 1-538] Using original IP XDC constraints instead of the XDC constraints in dcp 'e:/CE/FPGA/PD/Code/My/WaveWidth1-Comments/PLToPS1.srcs/sources_1/ip/fifo_generator_1/fifo_generator_1.dcp'
Parsing XDC File [e:/CE/FPGA/PD/Code/My/WaveWidth1-Comments/PLToPS1.srcs/sources_1/ip/fifo_generator_0/fifo_generator_0_clocks.xdc] for cell 'example_top/FIFO_INST/U0'
Finished Parsing XDC File [e:/CE/FPGA/PD/Code/My/WaveWidth1-Comments/PLToPS1.srcs/sources_1/ip/fifo_generator_0/fifo_generator_0_clocks.xdc] for cell 'example_top/FIFO_INST/U0'
Parsing XDC File [e:/CE/FPGA/PD/Code/My/WaveWidth1-Comments/PLToPS1.srcs/sources_1/ip/fifo_generator_1/fifo_generator_1_clocks.xdc] for cell 'example_top/READ_FIFO_INST/U0'
Finished Parsing XDC File [e:/CE/FPGA/PD/Code/My/WaveWidth1-Comments/PLToPS1.srcs/sources_1/ip/fifo_generator_1/fifo_generator_1_clocks.xdc] for cell 'example_top/READ_FIFO_INST/U0'
Sourcing Tcl File [D:/Xilinx/Vivado/2017.4/data/ip/xpm/xpm_cdc/tcl/xpm_cdc_async_rst.tcl] for cell 'example_top/FIFO_INST/U0/inst_fifo_gen/gconvfifo.rf/grf.rf/rstblk/ngwrdrst.grst.g7serrst.gnsckt_wrst.gic_rst.rst_rd_reg2_inst'
Finished Sourcing Tcl File [D:/Xilinx/Vivado/2017.4/data/ip/xpm/xpm_cdc/tcl/xpm_cdc_async_rst.tcl] for cell 'example_top/FIFO_INST/U0/inst_fifo_gen/gconvfifo.rf/grf.rf/rstblk/ngwrdrst.grst.g7serrst.gnsckt_wrst.gic_rst.rst_rd_reg2_inst'
Sourcing Tcl File [D:/Xilinx/Vivado/2017.4/data/ip/xpm/xpm_cdc/tcl/xpm_cdc_async_rst.tcl] for cell 'example_top/FIFO_INST/U0/inst_fifo_gen/gconvfifo.rf/grf.rf/rstblk/ngwrdrst.grst.g7serrst.gnsckt_wrst.rst_wr_reg2_inst'
Finished Sourcing Tcl File [D:/Xilinx/Vivado/2017.4/data/ip/xpm/xpm_cdc/tcl/xpm_cdc_async_rst.tcl] for cell 'example_top/FIFO_INST/U0/inst_fifo_gen/gconvfifo.rf/grf.rf/rstblk/ngwrdrst.grst.g7serrst.gnsckt_wrst.rst_wr_reg2_inst'
Sourcing Tcl File [D:/Xilinx/Vivado/2017.4/data/ip/xpm/xpm_cdc/tcl/xpm_cdc_async_rst.tcl] for cell 'example_top/READ_FIFO_INST/U0/inst_fifo_gen/gconvfifo.rf/grf.rf/rstblk/ngwrdrst.grst.g7serrst.gnsckt_wrst.gic_rst.rst_rd_reg2_inst'
Finished Sourcing Tcl File [D:/Xilinx/Vivado/2017.4/data/ip/xpm/xpm_cdc/tcl/xpm_cdc_async_rst.tcl] for cell 'example_top/READ_FIFO_INST/U0/inst_fifo_gen/gconvfifo.rf/grf.rf/rstblk/ngwrdrst.grst.g7serrst.gnsckt_wrst.gic_rst.rst_rd_reg2_inst'
Sourcing Tcl File [D:/Xilinx/Vivado/2017.4/data/ip/xpm/xpm_cdc/tcl/xpm_cdc_async_rst.tcl] for cell 'example_top/READ_FIFO_INST/U0/inst_fifo_gen/gconvfifo.rf/grf.rf/rstblk/ngwrdrst.grst.g7serrst.gnsckt_wrst.rst_wr_reg2_inst'
Finished Sourcing Tcl File [D:/Xilinx/Vivado/2017.4/data/ip/xpm/xpm_cdc/tcl/xpm_cdc_async_rst.tcl] for cell 'example_top/READ_FIFO_INST/U0/inst_fifo_gen/gconvfifo.rf/grf.rf/rstblk/ngwrdrst.grst.g7serrst.gnsckt_wrst.rst_wr_reg2_inst'
Sourcing Tcl File [D:/Xilinx/Vivado/2017.4/data/ip/xpm/xpm_cdc/tcl/xpm_cdc_gray.tcl] for cell 'example_top/FIFO_INST/U0/inst_fifo_gen/gconvfifo.rf/grf.rf/gntv_or_sync_fifo.gcx.clkx/wr_pntr_cdc_inst'
Finished Sourcing Tcl File [D:/Xilinx/Vivado/2017.4/data/ip/xpm/xpm_cdc/tcl/xpm_cdc_gray.tcl] for cell 'example_top/FIFO_INST/U0/inst_fifo_gen/gconvfifo.rf/grf.rf/gntv_or_sync_fifo.gcx.clkx/wr_pntr_cdc_inst'
Sourcing Tcl File [D:/Xilinx/Vivado/2017.4/data/ip/xpm/xpm_cdc/tcl/xpm_cdc_gray.tcl] for cell 'example_top/FIFO_INST/U0/inst_fifo_gen/gconvfifo.rf/grf.rf/gntv_or_sync_fifo.gcx.clkx/rd_pntr_cdc_inst'
Finished Sourcing Tcl File [D:/Xilinx/Vivado/2017.4/data/ip/xpm/xpm_cdc/tcl/xpm_cdc_gray.tcl] for cell 'example_top/FIFO_INST/U0/inst_fifo_gen/gconvfifo.rf/grf.rf/gntv_or_sync_fifo.gcx.clkx/rd_pntr_cdc_inst'
Sourcing Tcl File [D:/Xilinx/Vivado/2017.4/data/ip/xpm/xpm_cdc/tcl/xpm_cdc_gray.tcl] for cell 'example_top/READ_FIFO_INST/U0/inst_fifo_gen/gconvfifo.rf/grf.rf/gntv_or_sync_fifo.gcx.clkx/wr_pntr_cdc_inst'
Finished Sourcing Tcl File [D:/Xilinx/Vivado/2017.4/data/ip/xpm/xpm_cdc/tcl/xpm_cdc_gray.tcl] for cell 'example_top/READ_FIFO_INST/U0/inst_fifo_gen/gconvfifo.rf/grf.rf/gntv_or_sync_fifo.gcx.clkx/wr_pntr_cdc_inst'
Sourcing Tcl File [D:/Xilinx/Vivado/2017.4/data/ip/xpm/xpm_cdc/tcl/xpm_cdc_gray.tcl] for cell 'example_top/READ_FIFO_INST/U0/inst_fifo_gen/gconvfifo.rf/grf.rf/gntv_or_sync_fifo.gcx.clkx/rd_pntr_cdc_inst'
Finished Sourcing Tcl File [D:/Xilinx/Vivado/2017.4/data/ip/xpm/xpm_cdc/tcl/xpm_cdc_gray.tcl] for cell 'example_top/READ_FIFO_INST/U0/inst_fifo_gen/gconvfifo.rf/grf.rf/gntv_or_sync_fifo.gcx.clkx/rd_pntr_cdc_inst'
Sourcing Tcl File [D:/Xilinx/Vivado/2017.4/data/ip/xpm/xpm_cdc/tcl/xpm_cdc_single.tcl] for cell 'example_top/FIFO_INST/U0/inst_fifo_gen/gconvfifo.rf/grf.rf/rstblk/ngwrdrst.grst.g7serrst.gnsckt_wrst.gic_rst.xpm_cdc_single_inst_rrst_wr'
Finished Sourcing Tcl File [D:/Xilinx/Vivado/2017.4/data/ip/xpm/xpm_cdc/tcl/xpm_cdc_single.tcl] for cell 'example_top/FIFO_INST/U0/inst_fifo_gen/gconvfifo.rf/grf.rf/rstblk/ngwrdrst.grst.g7serrst.gnsckt_wrst.gic_rst.xpm_cdc_single_inst_rrst_wr'
Sourcing Tcl File [D:/Xilinx/Vivado/2017.4/data/ip/xpm/xpm_cdc/tcl/xpm_cdc_single.tcl] for cell 'example_top/FIFO_INST/U0/inst_fifo_gen/gconvfifo.rf/grf.rf/rstblk/ngwrdrst.grst.g7serrst.gnsckt_wrst.gic_rst.xpm_cdc_single_inst_wrst_rd'
Finished Sourcing Tcl File [D:/Xilinx/Vivado/2017.4/data/ip/xpm/xpm_cdc/tcl/xpm_cdc_single.tcl] for cell 'example_top/FIFO_INST/U0/inst_fifo_gen/gconvfifo.rf/grf.rf/rstblk/ngwrdrst.grst.g7serrst.gnsckt_wrst.gic_rst.xpm_cdc_single_inst_wrst_rd'
Sourcing Tcl File [D:/Xilinx/Vivado/2017.4/data/ip/xpm/xpm_cdc/tcl/xpm_cdc_single.tcl] for cell 'example_top/READ_FIFO_INST/U0/inst_fifo_gen/gconvfifo.rf/grf.rf/rstblk/ngwrdrst.grst.g7serrst.gnsckt_wrst.gic_rst.xpm_cdc_single_inst_rrst_wr'
Finished Sourcing Tcl File [D:/Xilinx/Vivado/2017.4/data/ip/xpm/xpm_cdc/tcl/xpm_cdc_single.tcl] for cell 'example_top/READ_FIFO_INST/U0/inst_fifo_gen/gconvfifo.rf/grf.rf/rstblk/ngwrdrst.grst.g7serrst.gnsckt_wrst.gic_rst.xpm_cdc_single_inst_rrst_wr'
Sourcing Tcl File [D:/Xilinx/Vivado/2017.4/data/ip/xpm/xpm_cdc/tcl/xpm_cdc_single.tcl] for cell 'example_top/READ_FIFO_INST/U0/inst_fifo_gen/gconvfifo.rf/grf.rf/rstblk/ngwrdrst.grst.g7serrst.gnsckt_wrst.gic_rst.xpm_cdc_single_inst_wrst_rd'
Finished Sourcing Tcl File [D:/Xilinx/Vivado/2017.4/data/ip/xpm/xpm_cdc/tcl/xpm_cdc_single.tcl] for cell 'example_top/READ_FIFO_INST/U0/inst_fifo_gen/gconvfifo.rf/grf.rf/rstblk/ngwrdrst.grst.g7serrst.gnsckt_wrst.gic_rst.xpm_cdc_single_inst_wrst_rd'
Sourcing Tcl File [D:/Xilinx/Vivado/2017.4/data/ip/xpm/xpm_memory/tcl/xpm_memory_xdc.tcl] for cell 'system_i/axi_smc/inst/m00_nodes/m00_ar_node/inst/inst_mi_handler/gen_normal_area.gen_node_prog_full.inst_node_prog_full/gen_xpm_memory_fifo.inst_fifo/gen_mem_rep[0].inst_xpm_memory'
Finished Sourcing Tcl File [D:/Xilinx/Vivado/2017.4/data/ip/xpm/xpm_memory/tcl/xpm_memory_xdc.tcl] for cell 'system_i/axi_smc/inst/m00_nodes/m00_ar_node/inst/inst_mi_handler/gen_normal_area.gen_node_prog_full.inst_node_prog_full/gen_xpm_memory_fifo.inst_fifo/gen_mem_rep[0].inst_xpm_memory'
Sourcing Tcl File [D:/Xilinx/Vivado/2017.4/data/ip/xpm/xpm_memory/tcl/xpm_memory_xdc.tcl] for cell 'system_i/axi_smc/inst/m01_nodes/m01_w_node/inst/inst_mi_handler/gen_normal_area.gen_node_prog_full.inst_node_prog_full/gen_xpm_memory_fifo.inst_fifo/gen_mem_rep[0].inst_xpm_memory'
Finished Sourcing Tcl File [D:/Xilinx/Vivado/2017.4/data/ip/xpm/xpm_memory/tcl/xpm_memory_xdc.tcl] for cell 'system_i/axi_smc/inst/m01_nodes/m01_w_node/inst/inst_mi_handler/gen_normal_area.gen_node_prog_full.inst_node_prog_full/gen_xpm_memory_fifo.inst_fifo/gen_mem_rep[0].inst_xpm_memory'
Sourcing Tcl File [D:/Xilinx/Vivado/2017.4/data/ip/xpm/xpm_memory/tcl/xpm_memory_xdc.tcl] for cell 'system_i/axi_smc/inst/m01_nodes/m01_aw_node/inst/inst_mi_handler/gen_normal_area.gen_node_prog_full.inst_node_prog_full/gen_xpm_memory_fifo.inst_fifo/gen_mem_rep[0].inst_xpm_memory'
Finished Sourcing Tcl File [D:/Xilinx/Vivado/2017.4/data/ip/xpm/xpm_memory/tcl/xpm_memory_xdc.tcl] for cell 'system_i/axi_smc/inst/m01_nodes/m01_aw_node/inst/inst_mi_handler/gen_normal_area.gen_node_prog_full.inst_node_prog_full/gen_xpm_memory_fifo.inst_fifo/gen_mem_rep[0].inst_xpm_memory'
Sourcing Tcl File [D:/Xilinx/Vivado/2017.4/data/ip/xpm/xpm_memory/tcl/xpm_memory_xdc.tcl] for cell 'system_i/axi_smc/inst/m01_nodes/m01_ar_node/inst/inst_mi_handler/gen_normal_area.gen_node_prog_full.inst_node_prog_full/gen_xpm_memory_fifo.inst_fifo/gen_mem_rep[0].inst_xpm_memory'
Finished Sourcing Tcl File [D:/Xilinx/Vivado/2017.4/data/ip/xpm/xpm_memory/tcl/xpm_memory_xdc.tcl] for cell 'system_i/axi_smc/inst/m01_nodes/m01_ar_node/inst/inst_mi_handler/gen_normal_area.gen_node_prog_full.inst_node_prog_full/gen_xpm_memory_fifo.inst_fifo/gen_mem_rep[0].inst_xpm_memory'
Sourcing Tcl File [D:/Xilinx/Vivado/2017.4/data/ip/xpm/xpm_memory/tcl/xpm_memory_xdc.tcl] for cell 'system_i/axi_smc/inst/m00_nodes/m00_w_node/inst/inst_mi_handler/gen_normal_area.gen_node_prog_full.inst_node_prog_full/gen_xpm_memory_fifo.inst_fifo/gen_mem_rep[0].inst_xpm_memory'
Finished Sourcing Tcl File [D:/Xilinx/Vivado/2017.4/data/ip/xpm/xpm_memory/tcl/xpm_memory_xdc.tcl] for cell 'system_i/axi_smc/inst/m00_nodes/m00_w_node/inst/inst_mi_handler/gen_normal_area.gen_node_prog_full.inst_node_prog_full/gen_xpm_memory_fifo.inst_fifo/gen_mem_rep[0].inst_xpm_memory'
Sourcing Tcl File [D:/Xilinx/Vivado/2017.4/data/ip/xpm/xpm_memory/tcl/xpm_memory_xdc.tcl] for cell 'system_i/axi_smc/inst/m00_nodes/m00_aw_node/inst/inst_mi_handler/gen_normal_area.gen_node_prog_full.inst_node_prog_full/gen_xpm_memory_fifo.inst_fifo/gen_mem_rep[0].inst_xpm_memory'
Finished Sourcing Tcl File [D:/Xilinx/Vivado/2017.4/data/ip/xpm/xpm_memory/tcl/xpm_memory_xdc.tcl] for cell 'system_i/axi_smc/inst/m00_nodes/m00_aw_node/inst/inst_mi_handler/gen_normal_area.gen_node_prog_full.inst_node_prog_full/gen_xpm_memory_fifo.inst_fifo/gen_mem_rep[0].inst_xpm_memory'
Sourcing Tcl File [D:/Xilinx/Vivado/2017.4/data/ip/xpm/xpm_memory/tcl/xpm_memory_xdc.tcl] for cell 'system_i/axi_smc/inst/s00_nodes/s00_r_node/inst/inst_mi_handler/gen_normal_area.gen_node_prog_full.inst_node_prog_full/gen_xpm_memory_fifo.inst_fifo/gen_mem_rep[0].inst_xpm_memory'
Finished Sourcing Tcl File [D:/Xilinx/Vivado/2017.4/data/ip/xpm/xpm_memory/tcl/xpm_memory_xdc.tcl] for cell 'system_i/axi_smc/inst/s00_nodes/s00_r_node/inst/inst_mi_handler/gen_normal_area.gen_node_prog_full.inst_node_prog_full/gen_xpm_memory_fifo.inst_fifo/gen_mem_rep[0].inst_xpm_memory'
Sourcing Tcl File [D:/Xilinx/Vivado/2017.4/data/ip/xpm/xpm_memory/tcl/xpm_memory_xdc.tcl] for cell 'system_i/axi_smc/inst/s00_nodes/s00_b_node/inst/inst_mi_handler/gen_normal_area.gen_node_prog_full.inst_node_prog_full/gen_xpm_memory_fifo.inst_fifo/gen_mem_rep[0].inst_xpm_memory'
Finished Sourcing Tcl File [D:/Xilinx/Vivado/2017.4/data/ip/xpm/xpm_memory/tcl/xpm_memory_xdc.tcl] for cell 'system_i/axi_smc/inst/s00_nodes/s00_b_node/inst/inst_mi_handler/gen_normal_area.gen_node_prog_full.inst_node_prog_full/gen_xpm_memory_fifo.inst_fifo/gen_mem_rep[0].inst_xpm_memory'
Sourcing Tcl File [D:/Xilinx/Vivado/2017.4/data/ip/xpm/xpm_memory/tcl/xpm_memory_xdc.tcl] for cell 'system_i/axi_smc/inst/m00_nodes/m00_ar_node/inst/inst_mi_handler/gen_normal_area.inst_fifo_node_payld/gen_xpm_memory_fifo.inst_fifo/gen_mem_rep[0].inst_xpm_memory'
Finished Sourcing Tcl File [D:/Xilinx/Vivado/2017.4/data/ip/xpm/xpm_memory/tcl/xpm_memory_xdc.tcl] for cell 'system_i/axi_smc/inst/m00_nodes/m00_ar_node/inst/inst_mi_handler/gen_normal_area.inst_fifo_node_payld/gen_xpm_memory_fifo.inst_fifo/gen_mem_rep[0].inst_xpm_memory'
Sourcing Tcl File [D:/Xilinx/Vivado/2017.4/data/ip/xpm/xpm_memory/tcl/xpm_memory_xdc.tcl] for cell 'system_i/axi_smc/inst/m01_nodes/m01_aw_node/inst/inst_mi_handler/gen_normal_area.inst_fifo_node_payld/gen_xpm_memory_fifo.inst_fifo/gen_mem_rep[0].inst_xpm_memory'
Finished Sourcing Tcl File [D:/Xilinx/Vivado/2017.4/data/ip/xpm/xpm_memory/tcl/xpm_memory_xdc.tcl] for cell 'system_i/axi_smc/inst/m01_nodes/m01_aw_node/inst/inst_mi_handler/gen_normal_area.inst_fifo_node_payld/gen_xpm_memory_fifo.inst_fifo/gen_mem_rep[0].inst_xpm_memory'
Sourcing Tcl File [D:/Xilinx/Vivado/2017.4/data/ip/xpm/xpm_memory/tcl/xpm_memory_xdc.tcl] for cell 'system_i/axi_smc/inst/m01_nodes/m01_ar_node/inst/inst_mi_handler/gen_normal_area.inst_fifo_node_payld/gen_xpm_memory_fifo.inst_fifo/gen_mem_rep[0].inst_xpm_memory'
Finished Sourcing Tcl File [D:/Xilinx/Vivado/2017.4/data/ip/xpm/xpm_memory/tcl/xpm_memory_xdc.tcl] for cell 'system_i/axi_smc/inst/m01_nodes/m01_ar_node/inst/inst_mi_handler/gen_normal_area.inst_fifo_node_payld/gen_xpm_memory_fifo.inst_fifo/gen_mem_rep[0].inst_xpm_memory'
Sourcing Tcl File [D:/Xilinx/Vivado/2017.4/data/ip/xpm/xpm_memory/tcl/xpm_memory_xdc.tcl] for cell 'system_i/axi_smc/inst/m00_nodes/m00_aw_node/inst/inst_mi_handler/gen_normal_area.inst_fifo_node_payld/gen_xpm_memory_fifo.inst_fifo/gen_mem_rep[0].inst_xpm_memory'
Finished Sourcing Tcl File [D:/Xilinx/Vivado/2017.4/data/ip/xpm/xpm_memory/tcl/xpm_memory_xdc.tcl] for cell 'system_i/axi_smc/inst/m00_nodes/m00_aw_node/inst/inst_mi_handler/gen_normal_area.inst_fifo_node_payld/gen_xpm_memory_fifo.inst_fifo/gen_mem_rep[0].inst_xpm_memory'
Sourcing Tcl File [D:/Xilinx/Vivado/2017.4/data/ip/xpm/xpm_memory/tcl/xpm_memory_xdc.tcl] for cell 'system_i/axi_smc/inst/m00_nodes/m00_b_node/inst/inst_mi_handler/gen_normal_area.gen_fifo_req.inst_fifo_req/gen_xpm_memory_fifo.inst_fifo/gen_mem_rep[0].inst_xpm_memory'
Finished Sourcing Tcl File [D:/Xilinx/Vivado/2017.4/data/ip/xpm/xpm_memory/tcl/xpm_memory_xdc.tcl] for cell 'system_i/axi_smc/inst/m00_nodes/m00_b_node/inst/inst_mi_handler/gen_normal_area.gen_fifo_req.inst_fifo_req/gen_xpm_memory_fifo.inst_fifo/gen_mem_rep[0].inst_xpm_memory'
Sourcing Tcl File [D:/Xilinx/Vivado/2017.4/data/ip/xpm/xpm_memory/tcl/xpm_memory_xdc.tcl] for cell 'system_i/axi_smc/inst/m01_nodes/m01_r_node/inst/inst_mi_handler/gen_normal_area.gen_fifo_req.inst_fifo_req/gen_xpm_memory_fifo.inst_fifo/gen_mem_rep[0].inst_xpm_memory'
Finished Sourcing Tcl File [D:/Xilinx/Vivado/2017.4/data/ip/xpm/xpm_memory/tcl/xpm_memory_xdc.tcl] for cell 'system_i/axi_smc/inst/m01_nodes/m01_r_node/inst/inst_mi_handler/gen_normal_area.gen_fifo_req.inst_fifo_req/gen_xpm_memory_fifo.inst_fifo/gen_mem_rep[0].inst_xpm_memory'
Sourcing Tcl File [D:/Xilinx/Vivado/2017.4/data/ip/xpm/xpm_memory/tcl/xpm_memory_xdc.tcl] for cell 'system_i/axi_smc/inst/m01_nodes/m01_b_node/inst/inst_mi_handler/gen_normal_area.gen_fifo_req.inst_fifo_req/gen_xpm_memory_fifo.inst_fifo/gen_mem_rep[0].inst_xpm_memory'
Finished Sourcing Tcl File [D:/Xilinx/Vivado/2017.4/data/ip/xpm/xpm_memory/tcl/xpm_memory_xdc.tcl] for cell 'system_i/axi_smc/inst/m01_nodes/m01_b_node/inst/inst_mi_handler/gen_normal_area.gen_fifo_req.inst_fifo_req/gen_xpm_memory_fifo.inst_fifo/gen_mem_rep[0].inst_xpm_memory'
Sourcing Tcl File [D:/Xilinx/Vivado/2017.4/data/ip/xpm/xpm_memory/tcl/xpm_memory_xdc.tcl] for cell 'system_i/axi_smc/inst/m00_nodes/m00_r_node/inst/inst_mi_handler/gen_normal_area.gen_fifo_req.inst_fifo_req/gen_xpm_memory_fifo.inst_fifo/gen_mem_rep[0].inst_xpm_memory'
Finished Sourcing Tcl File [D:/Xilinx/Vivado/2017.4/data/ip/xpm/xpm_memory/tcl/xpm_memory_xdc.tcl] for cell 'system_i/axi_smc/inst/m00_nodes/m00_r_node/inst/inst_mi_handler/gen_normal_area.gen_fifo_req.inst_fifo_req/gen_xpm_memory_fifo.inst_fifo/gen_mem_rep[0].inst_xpm_memory'
Sourcing Tcl File [D:/Xilinx/Vivado/2017.4/data/ip/xpm/xpm_memory/tcl/xpm_memory_xdc.tcl] for cell 'system_i/axi_smc/inst/m00_nodes/m00_b_node/inst/inst_mi_handler/gen_normal_area.inst_fifo_node_payld/gen_xpm_memory_fifo.inst_fifo/gen_mem_rep[0].inst_xpm_memory'
Finished Sourcing Tcl File [D:/Xilinx/Vivado/2017.4/data/ip/xpm/xpm_memory/tcl/xpm_memory_xdc.tcl] for cell 'system_i/axi_smc/inst/m00_nodes/m00_b_node/inst/inst_mi_handler/gen_normal_area.inst_fifo_node_payld/gen_xpm_memory_fifo.inst_fifo/gen_mem_rep[0].inst_xpm_memory'
Sourcing Tcl File [D:/Xilinx/Vivado/2017.4/data/ip/xpm/xpm_memory/tcl/xpm_memory_xdc.tcl] for cell 'system_i/axi_smc/inst/m01_nodes/m01_b_node/inst/inst_mi_handler/gen_normal_area.inst_fifo_node_payld/gen_xpm_memory_fifo.inst_fifo/gen_mem_rep[0].inst_xpm_memory'
Finished Sourcing Tcl File [D:/Xilinx/Vivado/2017.4/data/ip/xpm/xpm_memory/tcl/xpm_memory_xdc.tcl] for cell 'system_i/axi_smc/inst/m01_nodes/m01_b_node/inst/inst_mi_handler/gen_normal_area.inst_fifo_node_payld/gen_xpm_memory_fifo.inst_fifo/gen_mem_rep[0].inst_xpm_memory'
Sourcing Tcl File [D:/Xilinx/Vivado/2017.4/data/ip/xpm/xpm_memory/tcl/xpm_memory_xdc.tcl] for cell 'system_i/axi_smc/inst/m00_nodes/m00_r_node/inst/inst_mi_handler/gen_normal_area.inst_fifo_node_payld/gen_xpm_memory_fifo.inst_fifo/gen_mem_rep[0].inst_xpm_memory'
Finished Sourcing Tcl File [D:/Xilinx/Vivado/2017.4/data/ip/xpm/xpm_memory/tcl/xpm_memory_xdc.tcl] for cell 'system_i/axi_smc/inst/m00_nodes/m00_r_node/inst/inst_mi_handler/gen_normal_area.inst_fifo_node_payld/gen_xpm_memory_fifo.inst_fifo/gen_mem_rep[0].inst_xpm_memory'
Sourcing Tcl File [D:/Xilinx/Vivado/2017.4/data/ip/xpm/xpm_memory/tcl/xpm_memory_xdc.tcl] for cell 'system_i/axi_smc/inst/s00_nodes/s00_w_node/inst/inst_mi_handler/gen_normal_area.inst_fifo_node_payld/gen_xpm_memory_fifo.inst_fifo/gen_mem_rep[0].inst_xpm_memory'
Finished Sourcing Tcl File [D:/Xilinx/Vivado/2017.4/data/ip/xpm/xpm_memory/tcl/xpm_memory_xdc.tcl] for cell 'system_i/axi_smc/inst/s00_nodes/s00_w_node/inst/inst_mi_handler/gen_normal_area.inst_fifo_node_payld/gen_xpm_memory_fifo.inst_fifo/gen_mem_rep[0].inst_xpm_memory'
Sourcing Tcl File [D:/Xilinx/Vivado/2017.4/data/ip/xpm/xpm_memory/tcl/xpm_memory_xdc.tcl] for cell 'system_i/axi_smc/inst/m01_nodes/m01_r_node/inst/inst_mi_handler/gen_normal_area.inst_fifo_node_payld/gen_xpm_memory_fifo.inst_fifo/gen_mem_rep[0].inst_xpm_memory'
Finished Sourcing Tcl File [D:/Xilinx/Vivado/2017.4/data/ip/xpm/xpm_memory/tcl/xpm_memory_xdc.tcl] for cell 'system_i/axi_smc/inst/m01_nodes/m01_r_node/inst/inst_mi_handler/gen_normal_area.inst_fifo_node_payld/gen_xpm_memory_fifo.inst_fifo/gen_mem_rep[0].inst_xpm_memory'
Sourcing Tcl File [D:/Xilinx/Vivado/2017.4/data/ip/xpm/xpm_memory/tcl/xpm_memory_xdc.tcl] for cell 'system_i/axi_smc/inst/m00_nodes/m00_w_node/inst/inst_mi_handler/gen_normal_area.inst_fifo_node_payld/gen_xpm_memory_fifo.inst_fifo/gen_mem_rep[0].inst_xpm_memory'
Finished Sourcing Tcl File [D:/Xilinx/Vivado/2017.4/data/ip/xpm/xpm_memory/tcl/xpm_memory_xdc.tcl] for cell 'system_i/axi_smc/inst/m00_nodes/m00_w_node/inst/inst_mi_handler/gen_normal_area.inst_fifo_node_payld/gen_xpm_memory_fifo.inst_fifo/gen_mem_rep[0].inst_xpm_memory'
Sourcing Tcl File [D:/Xilinx/Vivado/2017.4/data/ip/xpm/xpm_memory/tcl/xpm_memory_xdc.tcl] for cell 'system_i/axi_smc/inst/s00_nodes/s00_r_node/inst/inst_mi_handler/gen_normal_area.inst_fifo_node_payld/gen_xpm_memory_fifo.inst_fifo/gen_mem_rep[0].inst_xpm_memory'
Finished Sourcing Tcl File [D:/Xilinx/Vivado/2017.4/data/ip/xpm/xpm_memory/tcl/xpm_memory_xdc.tcl] for cell 'system_i/axi_smc/inst/s00_nodes/s00_r_node/inst/inst_mi_handler/gen_normal_area.inst_fifo_node_payld/gen_xpm_memory_fifo.inst_fifo/gen_mem_rep[0].inst_xpm_memory'
Sourcing Tcl File [D:/Xilinx/Vivado/2017.4/data/ip/xpm/xpm_memory/tcl/xpm_memory_xdc.tcl] for cell 'system_i/axi_smc/inst/m01_nodes/m01_w_node/inst/inst_mi_handler/gen_normal_area.inst_fifo_node_payld/gen_xpm_memory_fifo.inst_fifo/gen_mem_rep[0].inst_xpm_memory'
Finished Sourcing Tcl File [D:/Xilinx/Vivado/2017.4/data/ip/xpm/xpm_memory/tcl/xpm_memory_xdc.tcl] for cell 'system_i/axi_smc/inst/m01_nodes/m01_w_node/inst/inst_mi_handler/gen_normal_area.inst_fifo_node_payld/gen_xpm_memory_fifo.inst_fifo/gen_mem_rep[0].inst_xpm_memory'
Sourcing Tcl File [D:/Xilinx/Vivado/2017.4/data/ip/xpm/xpm_memory/tcl/xpm_memory_xdc.tcl] for cell 'system_i/axi_smc/inst/s00_nodes/s00_ar_node/inst/inst_mi_handler/gen_normal_area.gen_fifo_req.inst_fifo_req/gen_xpm_memory_fifo.inst_fifo/gen_mem_rep[0].inst_xpm_memory'
Finished Sourcing Tcl File [D:/Xilinx/Vivado/2017.4/data/ip/xpm/xpm_memory/tcl/xpm_memory_xdc.tcl] for cell 'system_i/axi_smc/inst/s00_nodes/s00_ar_node/inst/inst_mi_handler/gen_normal_area.gen_fifo_req.inst_fifo_req/gen_xpm_memory_fifo.inst_fifo/gen_mem_rep[0].inst_xpm_memory'
Sourcing Tcl File [D:/Xilinx/Vivado/2017.4/data/ip/xpm/xpm_memory/tcl/xpm_memory_xdc.tcl] for cell 'system_i/axi_smc/inst/s00_nodes/s00_w_node/inst/inst_mi_handler/gen_normal_area.gen_fifo_req.inst_fifo_req/gen_xpm_memory_fifo.inst_fifo/gen_mem_rep[0].inst_xpm_memory'
Finished Sourcing Tcl File [D:/Xilinx/Vivado/2017.4/data/ip/xpm/xpm_memory/tcl/xpm_memory_xdc.tcl] for cell 'system_i/axi_smc/inst/s00_nodes/s00_w_node/inst/inst_mi_handler/gen_normal_area.gen_fifo_req.inst_fifo_req/gen_xpm_memory_fifo.inst_fifo/gen_mem_rep[0].inst_xpm_memory'
Sourcing Tcl File [D:/Xilinx/Vivado/2017.4/data/ip/xpm/xpm_memory/tcl/xpm_memory_xdc.tcl] for cell 'system_i/axi_smc/inst/s00_nodes/s00_aw_node/inst/inst_mi_handler/gen_normal_area.gen_fifo_req.inst_fifo_req/gen_xpm_memory_fifo.inst_fifo/gen_mem_rep[0].inst_xpm_memory'
Finished Sourcing Tcl File [D:/Xilinx/Vivado/2017.4/data/ip/xpm/xpm_memory/tcl/xpm_memory_xdc.tcl] for cell 'system_i/axi_smc/inst/s00_nodes/s00_aw_node/inst/inst_mi_handler/gen_normal_area.gen_fifo_req.inst_fifo_req/gen_xpm_memory_fifo.inst_fifo/gen_mem_rep[0].inst_xpm_memory'
Sourcing Tcl File [D:/Xilinx/Vivado/2017.4/data/ip/xpm/xpm_memory/tcl/xpm_memory_xdc.tcl] for cell 'system_i/axi_smc/inst/s00_nodes/s00_ar_node/inst/inst_mi_handler/gen_normal_area.inst_fifo_node_payld/gen_xpm_memory_fifo.inst_fifo/gen_mem_rep[0].inst_xpm_memory'
Finished Sourcing Tcl File [D:/Xilinx/Vivado/2017.4/data/ip/xpm/xpm_memory/tcl/xpm_memory_xdc.tcl] for cell 'system_i/axi_smc/inst/s00_nodes/s00_ar_node/inst/inst_mi_handler/gen_normal_area.inst_fifo_node_payld/gen_xpm_memory_fifo.inst_fifo/gen_mem_rep[0].inst_xpm_memory'
Sourcing Tcl File [D:/Xilinx/Vivado/2017.4/data/ip/xpm/xpm_memory/tcl/xpm_memory_xdc.tcl] for cell 'system_i/axi_smc/inst/s00_nodes/s00_aw_node/inst/inst_mi_handler/gen_normal_area.inst_fifo_node_payld/gen_xpm_memory_fifo.inst_fifo/gen_mem_rep[0].inst_xpm_memory'
Finished Sourcing Tcl File [D:/Xilinx/Vivado/2017.4/data/ip/xpm/xpm_memory/tcl/xpm_memory_xdc.tcl] for cell 'system_i/axi_smc/inst/s00_nodes/s00_aw_node/inst/inst_mi_handler/gen_normal_area.inst_fifo_node_payld/gen_xpm_memory_fifo.inst_fifo/gen_mem_rep[0].inst_xpm_memory'
Sourcing Tcl File [D:/Xilinx/Vivado/2017.4/data/ip/xpm/xpm_memory/tcl/xpm_memory_xdc.tcl] for cell 'system_i/axi_smc/inst/s00_nodes/s00_b_node/inst/inst_mi_handler/gen_normal_area.inst_fifo_node_payld/gen_xpm_memory_fifo.inst_fifo/gen_mem_rep[0].inst_xpm_memory'
Finished Sourcing Tcl File [D:/Xilinx/Vivado/2017.4/data/ip/xpm/xpm_memory/tcl/xpm_memory_xdc.tcl] for cell 'system_i/axi_smc/inst/s00_nodes/s00_b_node/inst/inst_mi_handler/gen_normal_area.inst_fifo_node_payld/gen_xpm_memory_fifo.inst_fifo/gen_mem_rep[0].inst_xpm_memory'
INFO: [Opt 31-138] Pushed 0 inverter(s) to 0 load pin(s).
INFO: [Project 1-111] Unisim Transformation Summary:
  A total of 454 instances were transformed.
  IOBUFDS_DIFF_OUT_DCIEN => IOBUFDS_DIFF_OUT_DCIEN (IBUFDS_IBUFDISABLE_INT, IBUFDS_IBUFDISABLE_INT, INV, OBUFTDS_DCIEN, OBUFTDS_DCIEN): 2 instances
  IOBUF_DCIEN => IOBUF_DCIEN (IBUF_IBUFDISABLE, OBUFT_DCIEN): 16 instances
  OBUFDS => OBUFDS_DUAL_BUF (INV, OBUFDS, OBUFDS): 1 instances
  RAM128X1D => RAM128X1D (RAMD64E, RAMD64E, MUXF7, MUXF7, RAMD64E, RAMD64E): 8 instances
  RAM16X1D => RAM32X1D (RAMD32, RAMD32): 16 instances
  RAM32M => RAM32M (RAMD32, RAMD32, RAMD32, RAMD32, RAMD32, RAMD32, RAMS32, RAMS32): 387 instances
  RAM32X1D => RAM32X1D (RAMD32, RAMD32): 16 instances
  RAM64X1D => RAM64X1D (RAMD64E, RAMD64E): 8 instances

open_run: Time (s): cpu = 00:01:31 ; elapsed = 00:01:20 . Memory (MB): peak = 2142.141 ; gain = 1181.375
report_timing_summary -delay_type min_max -report_unconstrained -check_timing_verbose -max_paths 10 -input_pins -routable_nets -name timing_1
INFO: [Timing 38-35] Done setting XDC timing constraints.
INFO: [Timing 38-91] UpdateTimingParams: Speed grade: -2, Delay Type: min_max.
INFO: [Timing 38-191] Multithreading enabled for timing update using a maximum of 2 CPUs
WARNING: [Timing 38-436] There are set_bus_skew constraint(s) in this design. Please run report_bus_skew to ensure that bus skew requirements are met.
report_timing_summary: Time (s): cpu = 00:00:54 ; elapsed = 00:00:28 . Memory (MB): peak = 2378.777 ; gain = 230.770
exit
INFO: [Common 17-206] Exiting Vivado at Sat May  9 17:01:01 2020...
