MIG: 11:05:54 : Running customizer.xit
MIG: 11:05:54 : ################# RUNNING MIG INTERACTIVE ###################
MIG: 11:05:54 : Writing IN file for 'mig_7series_0'...compDirPath: d:/Xilinx/Vivado/2017.4/data/ip/xilinx/mig_7series_v4_0... instDirPath: c:/Users/daiss/AppData/Roaming/Xilinx/Vivado/.Xil/Vivado-19268-LAPTOP-85TPG7JI/coregen/mig_7series_0
MIG: 11:05:54 : synp_flow:  -- synthesis_mode: Other
MIG: 11:05:54 : outputDirectory: c:/Users/daiss/AppData/Roaming/Xilinx/Vivado/.Xil/Vivado-19268-LAPTOP-85TPG7JI/coregen/mig_7series_0/_tmp/
MIG: 11:05:54 : vivado_mode: xpg_pa
MIG: 11:05:54 :  locked false  
MIG: 11:05:54 : HDL Language: Verilog
MIG: 11:05:54 : compInfo: true
MIG: 11:05:54 : relative mig path: coregen/ip/xilinx/other/com/xilinx/ip/mig_7series_v4_0/bin/nt64/mig.exe
MIG: 11:05:54 : xilinx_path: D:/Xilinx/Vivado/2017.4/ids_lite/ISE
MIG: 11:05:54 : I am in catch area
MIG: 11:05:54 : Running D:/Xilinx/Vivado/2017.4/ids_lite/ISE/coregen/ip/xilinx/other/com/xilinx/ip/mig_7series_v4_0/bin/nt64/mig.exe -cg_exc_inp c:/Users/daiss/AppData/Roaming/Xilinx/Vivado/.Xil/Vivado-19268-LAPTOP-85TPG7JI/coregen/mig_7series_0/xil_txt.in -cg_exc_out c:/Users/daiss/AppData/Roaming/Xilinx/Vivado/.Xil/Vivado-19268-LAPTOP-85TPG7JI/coregen/mig_7series_0/xil_txt.out ... 
MIG: 11:21:34 : Prasad before: xmlPropertyPrj --  .prj
MIG: 11:21:34 : Prasad After: xmlPropertyPrj -- mig_a.prj
MIG: 11:21:34 : XML_INPUT_FILE: c:/Users/daiss/AppData/Roaming/Xilinx/Vivado/.Xil/Vivado-19268-LAPTOP-85TPG7JI/coregen/mig_7series_0/mig_a.prj
MIG: 11:21:34 : Component_Name: mig_7series_0
MIG: 11:21:34 : Moving DDR3_pin.ucf ...
MIG: 11:21:34 : Moving mig_7series_0 ...
MIG: 11:21:34 : Moving mig_7series_0.veo ...
MIG: 11:21:34 : Moving mig_7series_0_xmdf.tcl ...
MIG: 11:21:34 : Sending back 0
MIG: 11:21:36 : xml_input_file: mig_a.prj
MIG: 11:21:36 : Absolute path of xml_input_file: d:/PD/My/PLToPS1/PLToPS1.srcs/sources_1/ip/mig_7series_0/mig_a.prj
MIG: 11:21:36 : xml_input_file: mig_a.prj
MIG: 11:21:36 : Absolute path of xml_input_file: d:/PD/My/PLToPS1/PLToPS1.srcs/sources_1/ip/mig_7series_0/mig_a.prj
MIG: 11:21:36 : In updateAllModelParams
MIG: 11:21:36 : IGN:     <ModuleName>mig_7series_0</ModuleName> <==>     <ModuleName>mig_7series_0</ModuleName> 
MIG: 11:21:36 : IGN:         <InputClkFreq>100</InputClkFreq> <==>         <InputClkFreq>100</InputClkFreq> 
MIG: 11:21:36 : XGUI hdlLanguage: Verilog
MIG: 11:21:36 : xgui vivado_mode: xpg_pa
MIG: 11:21:36 : xgui hdlLanguage: Verilog -- hdlExt: v
MIG: 11:21:36 : Reading D:/PD/My/PLToPS1/PLToPS1.srcs/sources_1/ip/mig_7series_0/mig_7series_0/user_design/rtl/mig_7series_0_mig.v ...
MIG: 11:21:37 : 1
MIG: 11:21:37 : Inside fn mem: DDR3
MIG: 11:21:37 : detect_uiclk: 100000000
MIG: 11:21:37 : cntrl:  memtype: DDR3
MIG: 11:21:37 : 800
MIG: 11:21:37 :  MMCM_VCO single ctrl param_name: MMCM_VCO --  possibleMaxVcoVal: 800 
MIG: 11:21:37 : 
MIG: 11:21:37 : 
MIG: 11:21:37 : 100000000
MIG: 11:21:37 : 
MIG: 11:21:37 :  polarity_value: 1
MIG: 11:21:37 : 
MIG: 11:21:37 : 
MIG: 11:21:37 : cntrl:  memtype: DDR3
MIG: 11:21:37 : 
MIG: 11:21:37 :  Valid Param: DDR3_BANK_WIDTH ==> 3
MIG: 11:21:37 : 
MIG: 11:21:37 :  Valid Param: DDR3_CK_WIDTH ==> 1
MIG: 11:21:37 :  Invalid Param: DDR3_COL_WIDTH ==> 10
MIG: 11:21:37 : 
MIG: 11:21:37 :  Valid Param: DDR3_CS_WIDTH ==> 1
MIG: 11:21:37 : 
MIG: 11:21:37 :  Valid Param: DDR3_nCS_PER_RANK ==> 1
MIG: 11:21:37 : 
MIG: 11:21:37 :  Valid Param: DDR3_CKE_WIDTH ==> 1
MIG: 11:21:37 :  Invalid Param: DDR3_DATA_BUF_ADDR_WIDTH ==> 5
MIG: 11:21:37 :  Invalid Param: DDR3_DQ_CNT_WIDTH ==> 4
MIG: 11:21:37 :  Invalid Param: DDR3_DQ_PER_DM ==> 8
MIG: 11:21:37 : 2
MIG: 11:21:37 :  Valid Param: DDR3_DM_WIDTH ==> 2
MIG: 11:21:37 : 16
MIG: 11:21:37 :  Valid Param: DDR3_DQ_WIDTH ==> 16
MIG: 11:21:37 : 2
MIG: 11:21:37 :  Valid Param: DDR3_DQS_WIDTH ==> 2
MIG: 11:21:37 : 
MIG: 11:21:37 :  Valid Param: DDR3_DQS_CNT_WIDTH ==> 1
MIG: 11:21:37 :  Invalid Param: DDR3_DRAM_WIDTH ==> 8
MIG: 11:21:37 : 
MIG: 11:21:37 :  Valid Param: ECC ==> OFF
MIG: 11:21:37 : 16
MIG: 11:21:37 :  Valid Param: DDR3_DATA_WIDTH ==> 16
MIG: 11:21:37 :  Invalid Param: ECC_TEST ==> "OFF"
MIG: 11:21:37 :  Invalid Param: DDR3_PAYLOAD_WIDTH ==> (ECC_TEST == "OFF") ? DATA_WIDTH : DQ_WIDTH
MIG: 11:21:37 :  Invalid Param: DDR3_MEM_ADDR_ORDER ==> "BANK_ROW_COLUMN"
MIG: 11:21:37 :  Invalid Param: DDR3_nBANK_MACHS ==> 4
MIG: 11:21:37 :  Invalid Param: DDR3_RANKS ==> 1
MIG: 11:21:37 : 
MIG: 11:21:37 :  Valid Param: DDR3_ODT_WIDTH ==> 1
MIG: 11:21:37 : 15
MIG: 11:21:37 :  Valid Param: DDR3_ROW_WIDTH ==> 15
MIG: 11:21:37 : 29
MIG: 11:21:37 :  Valid Param: DDR3_ADDR_WIDTH ==> 29
MIG: 11:21:37 : 
MIG: 11:21:37 :  Valid Param: DDR3_USE_CS_PORT ==> 1
MIG: 11:21:37 : 
MIG: 11:21:37 :  Valid Param: DDR3_USE_DM_PORT ==> 1
MIG: 11:21:37 : 
MIG: 11:21:37 :  Valid Param: DDR3_USE_ODT_PORT ==> 1
MIG: 11:21:37 :  Invalid Param: DDR3_IS_CLK_SHARED ==> "FALSE"
MIG: 11:21:37 :  Invalid Param: DDR3_PHY_CONTROL_MASTER_BANK ==> 0
MIG: 11:21:37 :  Invalid Param: DDR3_MEM_DENSITY ==> "4Gb"
MIG: 11:21:37 :  Invalid Param: DDR3_MEM_SPEEDGRADE ==> "125"
MIG: 11:21:37 :  Invalid Param: DDR3_MEM_DEVICE_WIDTH ==> 16
MIG: 11:21:37 :  Invalid Param: DDR3_AL ==> "0"
MIG: 11:21:37 :  Invalid Param: DDR3_nAL ==> 0
MIG: 11:21:37 :  Invalid Param: DDR3_BURST_MODE ==> "8"
MIG: 11:21:37 :  Invalid Param: DDR3_BURST_TYPE ==> "SEQ"
MIG: 11:21:37 :  Invalid Param: DDR3_CL ==> 6
MIG: 11:21:37 :  Invalid Param: DDR3_CWL ==> 5
MIG: 11:21:37 :  Invalid Param: DDR3_OUTPUT_DRV ==> "HIGH"
MIG: 11:21:37 :  Invalid Param: DDR3_RTT_NOM ==> "60"
MIG: 11:21:37 :  Invalid Param: DDR3_RTT_WR ==> "OFF"
MIG: 11:21:37 :  Invalid Param: DDR3_ADDR_CMD_MODE ==> "1T"
MIG: 11:21:37 : 
MIG: 11:21:37 :  Valid Param: DDR3_REG_CTRL ==> OFF
MIG: 11:21:37 :  Invalid Param: DDR3_CA_MIRROR ==> "OFF"
MIG: 11:21:37 :  Invalid Param: DDR3_VDD_OP_VOLT ==> "150"
MIG: 11:21:37 :  Invalid Param: DDR3_CLKIN_PERIOD ==> 10000
MIG: 11:21:37 :  Invalid Param: DDR3_CLKFBOUT_MULT ==> 8
MIG: 11:21:37 :  Invalid Param: DDR3_DIVCLK_DIVIDE ==> 1
MIG: 11:21:37 :  Invalid Param: DDR3_CLKOUT0_PHASE ==> 315.0
MIG: 11:21:37 :  Invalid Param: DDR3_CLKOUT0_DIVIDE ==> 1
MIG: 11:21:37 :  Invalid Param: DDR3_CLKOUT1_DIVIDE ==> 2
MIG: 11:21:37 :  Invalid Param: DDR3_CLKOUT2_DIVIDE ==> 32
MIG: 11:21:37 :  Invalid Param: DDR3_CLKOUT3_DIVIDE ==> 8
MIG: 11:21:37 :  Invalid Param: DDR3_MMCM_VCO ==> 800
MIG: 11:21:37 :  Invalid Param: DDR3_MMCM_MULT_F ==> 8
MIG: 11:21:37 :  Invalid Param: DDR3_MMCM_DIVCLK_DIVIDE ==> 1
MIG: 11:21:37 :  Invalid Param: DDR3_tCKE ==> 5000
MIG: 11:21:37 :  Invalid Param: DDR3_tFAW ==> 40000
MIG: 11:21:37 :  Invalid Param: DDR3_tPRDI ==> 1_000_000
MIG: 11:21:37 :  Invalid Param: DDR3_tRAS ==> 35000
MIG: 11:21:37 :  Invalid Param: DDR3_tRCD ==> 13750
MIG: 11:21:37 :  Invalid Param: DDR3_tREFI ==> 7800000
MIG: 11:21:37 :  Invalid Param: DDR3_tRFC ==> 260000
MIG: 11:21:37 :  Invalid Param: DDR3_tRP ==> 13750
MIG: 11:21:37 :  Invalid Param: DDR3_tRRD ==> 7500
MIG: 11:21:37 :  Invalid Param: DDR3_tRTP ==> 7500
MIG: 11:21:37 :  Invalid Param: DDR3_tWTR ==> 7500
MIG: 11:21:37 :  Invalid Param: DDR3_tZQI ==> 128_000_000
MIG: 11:21:37 :  Invalid Param: DDR3_tZQCS ==> 64
MIG: 11:21:37 :  Invalid Param: DDR3_SIM_BYPASS_INIT_CAL ==> "OFF"
MIG: 11:21:37 :  Invalid Param: DDR3_SIMULATION ==> "FALSE"
MIG: 11:21:37 :  Invalid Param: DDR3_BYTE_LANES_B0 ==> 4'b0111
MIG: 11:21:37 :  Invalid Param: DDR3_BYTE_LANES_B1 ==> 4'b1100
MIG: 11:21:37 :  Invalid Param: DDR3_BYTE_LANES_B2 ==> 4'b0000
MIG: 11:21:37 :  Invalid Param: DDR3_BYTE_LANES_B3 ==> 4'b0000
MIG: 11:21:37 :  Invalid Param: DDR3_BYTE_LANES_B4 ==> 4'b0000
MIG: 11:21:37 :  Invalid Param: DDR3_DATA_CTL_B0 ==> 4'b0000
MIG: 11:21:37 :  Invalid Param: DDR3_DATA_CTL_B1 ==> 4'b1100
MIG: 11:21:37 :  Invalid Param: DDR3_DATA_CTL_B2 ==> 4'b0000
MIG: 11:21:37 :  Invalid Param: DDR3_DATA_CTL_B3 ==> 4'b0000
MIG: 11:21:37 :  Invalid Param: DDR3_DATA_CTL_B4 ==> 4'b0000
MIG: 11:21:37 :  Invalid Param: DDR3_PHY_0_BITLANES ==> 48'h000_37F_1C3_EFD
MIG: 11:21:37 :  Invalid Param: DDR3_PHY_1_BITLANES ==> 48'h3FE_3FE_000_000
MIG: 11:21:37 :  Invalid Param: DDR3_PHY_2_BITLANES ==> 48'h000_000_000_000
MIG: 11:21:37 :  Invalid Param: DDR3_CK_BYTE_MAP ==> 144'h00_00_00_00_00_00_00_00_00_00_00_00_00_00_00_00_00_02
MIG: 11:21:37 :  Invalid Param: DDR3_ADDR_MAP ==> 192'h000_017_002_026_024_023_003_021_000_025_005_028_006_009_029_007
MIG: 11:21:37 :  Invalid Param: DDR3_BANK_MAP ==> 36'h016_022_010
MIG: 11:21:37 :  Invalid Param: DDR3_CAS_MAP ==> 12'h011
MIG: 11:21:37 :  Invalid Param: DDR3_CKE_ODT_BYTE_MAP ==> 8'h00
MIG: 11:21:37 :  Invalid Param: DDR3_CKE_MAP ==> 96'h000_000_000_000_000_000_000_020
MIG: 11:21:37 :  Invalid Param: DDR3_ODT_MAP ==> 96'h000_000_000_000_000_000_000_004
MIG: 11:21:37 :  Invalid Param: DDR3_CS_MAP ==> 120'h000_000_000_000_000_000_000_000_000_00A
MIG: 11:21:37 :  Invalid Param: DDR3_PARITY_MAP ==> 12'h000
MIG: 11:21:37 :  Invalid Param: DDR3_RAS_MAP ==> 12'h018
MIG: 11:21:37 :  Invalid Param: DDR3_WE_MAP ==> 12'h00B
MIG: 11:21:37 :  Invalid Param: DDR3_DQS_BYTE_MAP ==> 144'h00_00_00_00_00_00_00_00_00_00_00_00_00_00_00_00_13_12
MIG: 11:21:37 :  Invalid Param: DDR3_DATA0_MAP ==> 96'h122_129_123_125_127_128_121_124
MIG: 11:21:37 :  Invalid Param: DDR3_DATA1_MAP ==> 96'h138_132_135_139_136_133_134_131
MIG: 11:21:37 :  Invalid Param: DDR3_DATA2_MAP ==> 96'h000_000_000_000_000_000_000_000
MIG: 11:21:37 :  Invalid Param: DDR3_DATA3_MAP ==> 96'h000_000_000_000_000_000_000_000
MIG: 11:21:37 :  Invalid Param: DDR3_DATA4_MAP ==> 96'h000_000_000_000_000_000_000_000
MIG: 11:21:37 :  Invalid Param: DDR3_DATA5_MAP ==> 96'h000_000_000_000_000_000_000_000
MIG: 11:21:37 :  Invalid Param: DDR3_DATA6_MAP ==> 96'h000_000_000_000_000_000_000_000
MIG: 11:21:37 :  Invalid Param: DDR3_DATA7_MAP ==> 96'h000_000_000_000_000_000_000_000
MIG: 11:21:37 :  Invalid Param: DDR3_DATA8_MAP ==> 96'h000_000_000_000_000_000_000_000
MIG: 11:21:37 :  Invalid Param: DDR3_DATA9_MAP ==> 96'h000_000_000_000_000_000_000_000
MIG: 11:21:37 :  Invalid Param: DDR3_DATA10_MAP ==> 96'h000_000_000_000_000_000_000_000
MIG: 11:21:37 :  Invalid Param: DDR3_DATA11_MAP ==> 96'h000_000_000_000_000_000_000_000
MIG: 11:21:37 :  Invalid Param: DDR3_DATA12_MAP ==> 96'h000_000_000_000_000_000_000_000
MIG: 11:21:37 :  Invalid Param: DDR3_DATA13_MAP ==> 96'h000_000_000_000_000_000_000_000
MIG: 11:21:37 :  Invalid Param: DDR3_DATA14_MAP ==> 96'h000_000_000_000_000_000_000_000
MIG: 11:21:37 :  Invalid Param: DDR3_DATA15_MAP ==> 96'h000_000_000_000_000_000_000_000
MIG: 11:21:37 :  Invalid Param: DDR3_DATA16_MAP ==> 96'h000_000_000_000_000_000_000_000
MIG: 11:21:37 :  Invalid Param: DDR3_DATA17_MAP ==> 96'h000_000_000_000_000_000_000_000
MIG: 11:21:37 :  Invalid Param: DDR3_MASK0_MAP ==> 108'h000_000_000_000_000_000_000_137_126
MIG: 11:21:37 :  Invalid Param: DDR3_MASK1_MAP ==> 108'h000_000_000_000_000_000_000_000_000
MIG: 11:21:37 :  Invalid Param: DDR3_SLOT_0_CONFIG ==> 8'b0000_0001
MIG: 11:21:37 :  Invalid Param: DDR3_SLOT_1_CONFIG ==> 8'b0000_0000
MIG: 11:21:37 :  Invalid Param: DDR3_IBUF_LPWR_MODE ==> "OFF"
MIG: 11:21:37 :  Invalid Param: DDR3_DATA_IO_IDLE_PWRDWN ==> "ON"
MIG: 11:21:37 :  Invalid Param: DDR3_BANK_TYPE ==> "HP_IO"
MIG: 11:21:37 :  Invalid Param: DDR3_DATA_IO_PRIM_TYPE ==> "HP_LP"
MIG: 11:21:37 :  Invalid Param: DDR3_CKE_ODT_AUX ==> "FALSE"
MIG: 11:21:37 :  Invalid Param: DDR3_USER_REFRESH ==> "OFF"
MIG: 11:21:37 :  Invalid Param: DDR3_WRLVL ==> "ON"
MIG: 11:21:37 :  Invalid Param: DDR3_ORDERING ==> "NORM"
MIG: 11:21:37 :  Invalid Param: DDR3_CALIB_ROW_ADD ==> 16'h0000
MIG: 11:21:37 :  Invalid Param: DDR3_CALIB_COL_ADD ==> 12'h000
MIG: 11:21:37 :  Invalid Param: DDR3_CALIB_BA_ADD ==> 3'h0
MIG: 11:21:37 :  Invalid Param: DDR3_TCQ ==> 100
MIG: 11:21:37 :  Invalid Param: DDR3_IDELAY_ADJ ==> "OFF"
MIG: 11:21:37 :  Invalid Param: DDR3_FINE_PER_BIT ==> "OFF"
MIG: 11:21:37 :  Invalid Param: DDR3_CENTER_COMP_MODE ==> "OFF"
MIG: 11:21:37 :  Invalid Param: DDR3_PI_VAL_ADJ ==> "OFF"
MIG: 11:21:37 :  Invalid Param: DDR3_IODELAY_GRP0 ==> "MIG_7SERIES_0_IODELAY_MIG0"
MIG: 11:21:37 :  Invalid Param: DDR3_IODELAY_GRP1 ==> "MIG_7SERIES_0_IODELAY_MIG1"
MIG: 11:21:37 :  Invalid Param: DDR3_SYSCLK_TYPE ==> "NO_BUFFER"
MIG: 11:21:37 :  Invalid Param: DDR3_REFCLK_TYPE ==> "NO_BUFFER"
MIG: 11:21:37 :  Invalid Param: DDR3_SYS_RST_PORT ==> "FALSE"
MIG: 11:21:37 :  Invalid Param: DDR3_FPGA_SPEED_GRADE ==> 2
MIG: 11:21:37 :  Invalid Param: DDR3_CMD_PIPE_PLUS1 ==> "ON"
MIG: 11:21:37 :  Invalid Param: DDR3_DRAM_TYPE ==> "DDR3"
MIG: 11:21:37 :  Invalid Param: DDR3_CAL_WIDTH ==> "HALF"
MIG: 11:21:37 :  Invalid Param: DDR3_STARVE_LIMIT ==> 2
MIG: 11:21:37 :  Invalid Param: DDR3_REF_CLK_MMCM_IODELAY_CTRL ==> "FALSE"
MIG: 11:21:37 :  Invalid Param: DDR3_REFCLK_FREQ ==> 200.0
MIG: 11:21:37 :  Invalid Param: DDR3_DIFF_TERM_REFCLK ==> "TRUE"
MIG: 11:21:37 :  Invalid Param: DDR3_tCK ==> 2500
MIG: 11:21:37 : 4
MIG: 11:21:37 :  Valid Param: DDR3_nCK_PER_CLK ==> 4
MIG: 11:21:37 :  Invalid Param: DDR3_DIFF_TERM_SYSCLK ==> "TRUE"
MIG: 11:21:37 : 
MIG: 11:21:37 :  Valid Param: DDR3_DEBUG_PORT ==> OFF
MIG: 11:21:37 : 
MIG: 11:21:37 :  Invalid Param: DDR3_TEMP_MON_CONTROL ==> "INTERNAL"
MIG: 11:21:37 :  Invalid Param: DDR3_FPGA_VOLT_TYPE ==> "N"
MIG: 11:21:37 :  Invalid Param: DDR3_RST_ACT_LOW ==> 1
MIG: 11:21:37 : NOBUF
MIG: 11:21:37 : NOBUF
MIG: 11:21:37 : 
MIG: 11:21:37 : Same Interface
MIG: 11:21:43 : ################# RUNNING MIG BATCH ###################
MIG: 11:21:44 : Writing IN file for 'mig_7series_0'...compDirPath: d:/Xilinx/Vivado/2017.4/data/ip/xilinx/mig_7series_v4_0... instDirPath: d:/PD/My/PLToPS1/PLToPS1.srcs/sources_1/ip/mig_7series_0
MIG: 11:21:44 : synp_flow:  -- synthesis_mode: Other
MIG: 11:21:44 : outputDirectory: d:/PD/My/PLToPS1/PLToPS1.srcs/sources_1/ip/mig_7series_0/_tmp/
MIG: 11:21:44 : vivado_mode: xpg_pa
MIG: 11:21:44 :  locked false  
MIG: 11:21:44 : HDL Language: Verilog
MIG: 11:21:44 : compInfo: false
MIG: 11:21:44 : Vivado Options xc7z035 ffg676 -2
MIG: 11:21:44 : 1: xc7z035 2: ffg676 3: -2
MIG: 11:21:44 : relative mig path: coregen/ip/xilinx/other/com/xilinx/ip/mig_7series_v4_0/bin/nt64/mig.exe
MIG: 11:21:44 : xilinx_path: D:/Xilinx/Vivado/2017.4/ids_lite/ISE
MIG: 11:21:44 : I am in catch area
MIG: 11:21:44 : Running D:/Xilinx/Vivado/2017.4/ids_lite/ISE/coregen/ip/xilinx/other/com/xilinx/ip/mig_7series_v4_0/bin/nt64/mig.exe -cg_exc_inp d:/PD/My/PLToPS1/PLToPS1.srcs/sources_1/ip/mig_7series_0/xil_txt.in -cg_exc_out d:/PD/My/PLToPS1/PLToPS1.srcs/sources_1/ip/mig_7series_0/xil_txt.out ... 
MIG: 11:21:53 : XML_INPUT_FILE: d:/PD/My/PLToPS1/PLToPS1.srcs/sources_1/ip/mig_7series_0/mig_a.prj
MIG: 11:21:53 : Component_Name: mig_7series_0
MIG: 11:21:53 : Moving mig_7series_0 ...
MIG: 11:21:53 : Moving mig_7series_0.veo ...
MIG: 11:21:53 : Moving mig_7series_0_xmdf.tcl ...
MIG: 11:21:53 : Running synthesis.xit
MIG: 11:21:53 : IGN:     <ModuleName>mig_7series_0</ModuleName> <==>     <ModuleName>mig_7series_0</ModuleName> 
MIG: 11:21:53 : IGN:         <InputClkFreq>100</InputClkFreq> <==>         <InputClkFreq>100</InputClkFreq> 
MIG: 11:21:53 : Running vlog_synth_rpr.xit
MIG: 11:21:54 : IGN:     <ModuleName>mig_7series_0</ModuleName> <==>     <ModuleName>mig_7series_0</ModuleName> 
MIG: 11:21:54 : IGN:         <InputClkFreq>100</InputClkFreq> <==>         <InputClkFreq>100</InputClkFreq> 
MIG: 11:21:54 : Running simulation.xit
MIG: 11:21:54 : IGN:     <ModuleName>mig_7series_0</ModuleName> <==>     <ModuleName>mig_7series_0</ModuleName> 
MIG: 11:21:54 : IGN:         <InputClkFreq>100</InputClkFreq> <==>         <InputClkFreq>100</InputClkFreq> 
MIG: 11:21:54 : Running vlog_sim_rpr.xit .. PRASAD DBG1
MIG: 11:21:54 : IGN:     <ModuleName>mig_7series_0</ModuleName> <==>     <ModuleName>mig_7series_0</ModuleName> 
MIG: 11:21:54 : IGN:         <InputClkFreq>100</InputClkFreq> <==>         <InputClkFreq>100</InputClkFreq> 
MIG: 11:21:55 : Running implementation.xit
MIG: 11:21:55 : IGN:     <ModuleName>mig_7series_0</ModuleName> <==>     <ModuleName>mig_7series_0</ModuleName> 
MIG: 11:21:55 : IGN:         <InputClkFreq>100</InputClkFreq> <==>         <InputClkFreq>100</InputClkFreq> 
MIG: 22:02:23 : xml_input_file: mig_a.prj
MIG: 22:02:24 : Absolute path of xml_input_file: e:/1PD/FPGA/My/SendToComputer1/PLToPS1.srcs/sources_1/ip/mig_7series_0/mig_a.prj
MIG: 22:02:24 : xml_input_file: mig_a.prj
MIG: 22:02:24 : Absolute path of xml_input_file: e:/1PD/FPGA/My/SendToComputer1/PLToPS1.srcs/sources_1/ip/mig_7series_0/mig_a.prj
MIG: 15:56:56 : ################# RUNNING MIG BATCH ###################
MIG: 15:56:56 : Writing IN file for 'mig_7series_0'...compDirPath: d:/Software/Xilinx17.4/Vivado/2017.4/data/ip/xilinx/mig_7series_v4_0... instDirPath: e:/1PD/FPGA/My/SramOfSendCirclePhase2/PLToPS1.srcs/sources_1/ip/mig_7series_0
MIG: 15:56:56 : synp_flow:  -- synthesis_mode: Other
MIG: 15:56:56 : outputDirectory: e:/1PD/FPGA/My/SramOfSendCirclePhase2/PLToPS1.srcs/sources_1/ip/mig_7series_0/_tmp/
MIG: 15:56:56 : vivado_mode: xpg_pa
MIG: 15:56:56 :  locked false  
MIG: 15:56:56 : HDL Language: Verilog
MIG: 15:56:56 : compInfo: false
MIG: 15:56:56 : Vivado Options xc7z035 ffg676 -2
MIG: 15:56:56 : 1: xc7z035 2: ffg676 3: -2
MIG: 15:56:56 : relative mig path: coregen/ip/xilinx/other/com/xilinx/ip/mig_7series_v4_0/bin/nt64/mig.exe
MIG: 15:56:56 : xilinx_path: D:/Software/Xilinx17.4/Vivado/2017.4/ids_lite/ISE
MIG: 15:56:56 : I am in catch area
MIG: 15:56:56 : Running D:/Software/Xilinx17.4/Vivado/2017.4/ids_lite/ISE/coregen/ip/xilinx/other/com/xilinx/ip/mig_7series_v4_0/bin/nt64/mig.exe -cg_exc_inp e:/1PD/FPGA/My/SramOfSendCirclePhase2/PLToPS1.srcs/sources_1/ip/mig_7series_0/xil_txt.in -cg_exc_out e:/1PD/FPGA/My/SramOfSendCirclePhase2/PLToPS1.srcs/sources_1/ip/mig_7series_0/xil_txt.out ... 
MIG: 15:57:05 : XML_INPUT_FILE: e:/1PD/FPGA/My/SramOfSendCirclePhase2/PLToPS1.srcs/sources_1/ip/mig_7series_0/mig_a.prj
MIG: 15:57:05 : Component_Name: mig_7series_0
MIG: 15:57:05 : Moving mig_7series_0 ...
MIG: 15:57:05 : Moving mig_7series_0.veo ...
MIG: 15:57:05 : Moving mig_7series_0_xmdf.tcl ...
MIG: 15:57:05 : Running synthesis.xit
MIG: 15:57:05 : ################# RUNNING MIG BATCH ###################
MIG: 15:57:05 : Writing IN file for 'mig_7series_0'...compDirPath: d:/Software/Xilinx17.4/Vivado/2017.4/data/ip/xilinx/mig_7series_v4_0... instDirPath: e:/1PD/FPGA/My/SramOfSendCirclePhase2/PLToPS1.srcs/sources_1/ip/mig_7series_0
MIG: 15:57:05 : synp_flow:  -- synthesis_mode: Other
MIG: 15:57:05 : outputDirectory: e:/1PD/FPGA/My/SramOfSendCirclePhase2/PLToPS1.srcs/sources_1/ip/mig_7series_0/_tmp/
MIG: 15:57:05 : vivado_mode: xpg_pa
MIG: 15:57:05 :  locked false  
MIG: 15:57:05 : HDL Language: Verilog
MIG: 15:57:05 : compInfo: false
MIG: 15:57:05 : Vivado Options xc7z035 ffg676 -2
MIG: 15:57:05 : 1: xc7z035 2: ffg676 3: -2
MIG: 15:57:05 : relative mig path: coregen/ip/xilinx/other/com/xilinx/ip/mig_7series_v4_0/bin/nt64/mig.exe
MIG: 15:57:05 : xilinx_path: D:/Software/Xilinx17.4/Vivado/2017.4/ids_lite/ISE
MIG: 15:57:05 : I am in catch area
MIG: 15:57:05 : Running D:/Software/Xilinx17.4/Vivado/2017.4/ids_lite/ISE/coregen/ip/xilinx/other/com/xilinx/ip/mig_7series_v4_0/bin/nt64/mig.exe -cg_exc_inp e:/1PD/FPGA/My/SramOfSendCirclePhase2/PLToPS1.srcs/sources_1/ip/mig_7series_0/xil_txt.in -cg_exc_out e:/1PD/FPGA/My/SramOfSendCirclePhase2/PLToPS1.srcs/sources_1/ip/mig_7series_0/xil_txt.out ... 
MIG: 15:57:14 : XML_INPUT_FILE: e:/1PD/FPGA/My/SramOfSendCirclePhase2/PLToPS1.srcs/sources_1/ip/mig_7series_0/mig_a.prj
MIG: 15:57:14 : Component_Name: mig_7series_0
MIG: 15:57:14 : Moving mig_7series_0 ...
MIG: 15:57:14 : Moving mig_7series_0.veo ...
MIG: 15:57:14 : Moving mig_7series_0_xmdf.tcl ...
MIG: 15:57:15 : Running vlog_synth_rpr.xit
MIG: 15:57:15 : IGN:     <ModuleName>mig_7series_0</ModuleName> <==>     <ModuleName>mig_7series_0</ModuleName> 
MIG: 15:57:15 : IGN:         <InputClkFreq>100</InputClkFreq> <==>         <InputClkFreq>100</InputClkFreq> 
MIG: 15:57:15 : Running simulation.xit
MIG: 15:57:15 : ################# RUNNING MIG BATCH ###################
MIG: 15:57:15 : Writing IN file for 'mig_7series_0'...compDirPath: d:/Software/Xilinx17.4/Vivado/2017.4/data/ip/xilinx/mig_7series_v4_0... instDirPath: e:/1PD/FPGA/My/SramOfSendCirclePhase2/PLToPS1.srcs/sources_1/ip/mig_7series_0
MIG: 15:57:15 : synp_flow:  -- synthesis_mode: Other
MIG: 15:57:15 : outputDirectory: e:/1PD/FPGA/My/SramOfSendCirclePhase2/PLToPS1.srcs/sources_1/ip/mig_7series_0/_tmp/
MIG: 15:57:15 : vivado_mode: xpg_pa
MIG: 15:57:15 :  locked false  
MIG: 15:57:15 : HDL Language: Verilog
MIG: 15:57:15 : compInfo: false
MIG: 15:57:15 : Vivado Options xc7z035 ffg676 -2
MIG: 15:57:15 : 1: xc7z035 2: ffg676 3: -2
MIG: 15:57:15 : relative mig path: coregen/ip/xilinx/other/com/xilinx/ip/mig_7series_v4_0/bin/nt64/mig.exe
MIG: 15:57:15 : xilinx_path: D:/Software/Xilinx17.4/Vivado/2017.4/ids_lite/ISE
MIG: 15:57:15 : I am in catch area
MIG: 15:57:15 : Running D:/Software/Xilinx17.4/Vivado/2017.4/ids_lite/ISE/coregen/ip/xilinx/other/com/xilinx/ip/mig_7series_v4_0/bin/nt64/mig.exe -cg_exc_inp e:/1PD/FPGA/My/SramOfSendCirclePhase2/PLToPS1.srcs/sources_1/ip/mig_7series_0/xil_txt.in -cg_exc_out e:/1PD/FPGA/My/SramOfSendCirclePhase2/PLToPS1.srcs/sources_1/ip/mig_7series_0/xil_txt.out ... 
MIG: 15:57:24 : XML_INPUT_FILE: e:/1PD/FPGA/My/SramOfSendCirclePhase2/PLToPS1.srcs/sources_1/ip/mig_7series_0/mig_a.prj
MIG: 15:57:24 : Component_Name: mig_7series_0
MIG: 15:57:24 : Moving mig_7series_0 ...
MIG: 15:57:24 : Moving mig_7series_0.veo ...
MIG: 15:57:24 : Moving mig_7series_0_xmdf.tcl ...
MIG: 15:57:24 : Running vlog_sim_rpr.xit .. PRASAD DBG1
MIG: 15:57:24 : IGN:     <ModuleName>mig_7series_0</ModuleName> <==>     <ModuleName>mig_7series_0</ModuleName> 
MIG: 15:57:24 : IGN:         <InputClkFreq>100</InputClkFreq> <==>         <InputClkFreq>100</InputClkFreq> 
MIG: 15:57:24 : Running implementation.xit
MIG: 15:57:24 : IGN:     <ModuleName>mig_7series_0</ModuleName> <==>     <ModuleName>mig_7series_0</ModuleName> 
MIG: 15:57:24 : IGN:         <InputClkFreq>100</InputClkFreq> <==>         <InputClkFreq>100</InputClkFreq> 
